2023-03-29 14:45:43,773 : [WARNING]  ####################################### New Training Session: Client 0 #######################################
2023-03-29 14:45:43,773 : [INFO]  Client started, graph name wikipedia, graph ID 1, partition ID 0, training epochs 3, epochs 3
2023-03-29 14:45:48,367 : [INFO]  Model initialized for training
2023-03-29 14:45:53,325 : [INFO]  Number of training examples - 1842, Number of testing examples - 2046
2023-03-29 14:45:53,326 : [INFO]  Connected to the server
2023-03-29 14:45:53,431 : [INFO]  Distributed training for streaming graphs started!
2023-03-29 14:45:53,432 : [INFO]  ------------------------- Received aggregated global model from the server -------------------------
2023-03-29 14:45:53,441 : [INFO]  ################################## Initial model training started ##################################
2023-03-29 14:45:53,441 : [INFO]  ------------------------- Initial model training: round 1 -------------------------
2023-03-29 14:46:02,428 : [WARNING]  Early stopping conditioned on metric `val_acc` which is not available. Available metrics are: loss,binary_accuracy,recall,auc,precision,val_loss,val_binary_accuracy,val_recall,val_auc,val_precision
2023-03-29 14:46:09,673 : [WARNING]  Early stopping conditioned on metric `val_acc` which is not available. Available metrics are: loss,binary_accuracy,recall,auc,precision,val_loss,val_binary_accuracy,val_recall,val_auc,val_precision
2023-03-29 14:46:14,592 : [WARNING]  Early stopping conditioned on metric `val_acc` which is not available. Available metrics are: loss,binary_accuracy,recall,auc,precision,val_loss,val_binary_accuracy,val_recall,val_auc,val_precision
2023-03-29 14:46:23,236 : [WARNING]  Early stopping conditioned on metric `val_acc` which is not available. Available metrics are: loss,binary_accuracy,recall,auc,precision,val_loss,val_binary_accuracy,val_recall,val_auc,val_precision
2023-03-29 14:46:28,772 : [WARNING]  Early stopping conditioned on metric `val_acc` which is not available. Available metrics are: loss,binary_accuracy,recall,auc,precision,val_loss,val_binary_accuracy,val_recall,val_auc,val_precision
2023-03-29 14:46:34,193 : [WARNING]  Early stopping conditioned on metric `val_acc` which is not available. Available metrics are: loss,binary_accuracy,recall,auc,precision,val_loss,val_binary_accuracy,val_recall,val_auc,val_precision
2023-03-29 14:46:34,202 : [INFO]  ------------------------- Training round 1, loss: 0.5665 -------------------------
2023-03-29 14:46:34,202 : [INFO]  ------------------------- Training, round 1: Sent local model to the server -------------------------
2023-03-29 14:46:39,820 : [INFO]  ------------------------- Received aggregated global model from the server -------------------------
2023-03-29 14:46:39,824 : [INFO]  ------------------------- Initial model training: round 2 -------------------------
2023-03-29 14:46:46,723 : [WARNING]  Early stopping conditioned on metric `val_acc` which is not available. Available metrics are: loss,binary_accuracy,recall,auc,precision,val_loss,val_binary_accuracy,val_recall,val_auc,val_precision
2023-03-29 14:46:52,683 : [WARNING]  Early stopping conditioned on metric `val_acc` which is not available. Available metrics are: loss,binary_accuracy,recall,auc,precision,val_loss,val_binary_accuracy,val_recall,val_auc,val_precision
2023-03-29 14:46:58,598 : [WARNING]  Early stopping conditioned on metric `val_acc` which is not available. Available metrics are: loss,binary_accuracy,recall,auc,precision,val_loss,val_binary_accuracy,val_recall,val_auc,val_precision
2023-03-29 14:47:05,371 : [WARNING]  Early stopping conditioned on metric `val_acc` which is not available. Available metrics are: loss,binary_accuracy,recall,auc,precision,val_loss,val_binary_accuracy,val_recall,val_auc,val_precision
2023-03-29 14:47:11,487 : [WARNING]  Early stopping conditioned on metric `val_acc` which is not available. Available metrics are: loss,binary_accuracy,recall,auc,precision,val_loss,val_binary_accuracy,val_recall,val_auc,val_precision
2023-03-29 14:47:17,308 : [WARNING]  Early stopping conditioned on metric `val_acc` which is not available. Available metrics are: loss,binary_accuracy,recall,auc,precision,val_loss,val_binary_accuracy,val_recall,val_auc,val_precision
2023-03-29 14:47:17,314 : [INFO]  ------------------------- Training round 2, loss: 0.3967 -------------------------
2023-03-29 14:47:17,314 : [INFO]  ------------------------- Training, round 2: Sent local model to the server -------------------------
2023-03-29 14:47:17,415 : [INFO]  ------------------------- Received aggregated global model from the server -------------------------
2023-03-29 14:47:17,420 : [INFO]  ------------------------- Initial model training: round 3 -------------------------
2023-03-29 14:47:23,900 : [WARNING]  Early stopping conditioned on metric `val_acc` which is not available. Available metrics are: loss,binary_accuracy,recall,auc,precision,val_loss,val_binary_accuracy,val_recall,val_auc,val_precision
2023-03-29 14:47:29,746 : [WARNING]  Early stopping conditioned on metric `val_acc` which is not available. Available metrics are: loss,binary_accuracy,recall,auc,precision,val_loss,val_binary_accuracy,val_recall,val_auc,val_precision
2023-03-29 14:47:35,577 : [WARNING]  Early stopping conditioned on metric `val_acc` which is not available. Available metrics are: loss,binary_accuracy,recall,auc,precision,val_loss,val_binary_accuracy,val_recall,val_auc,val_precision
2023-03-29 14:47:42,568 : [WARNING]  Early stopping conditioned on metric `val_acc` which is not available. Available metrics are: loss,binary_accuracy,recall,auc,precision,val_loss,val_binary_accuracy,val_recall,val_auc,val_precision
2023-03-29 14:47:48,631 : [WARNING]  Early stopping conditioned on metric `val_acc` which is not available. Available metrics are: loss,binary_accuracy,recall,auc,precision,val_loss,val_binary_accuracy,val_recall,val_auc,val_precision
2023-03-29 14:47:54,018 : [WARNING]  Early stopping conditioned on metric `val_acc` which is not available. Available metrics are: loss,binary_accuracy,recall,auc,precision,val_loss,val_binary_accuracy,val_recall,val_auc,val_precision
2023-03-29 14:47:54,022 : [INFO]  ------------------------- Training round 3, loss: 0.3975 -------------------------
2023-03-29 14:47:54,022 : [INFO]  ------------------------- Training, round 3: Sent local model to the server -------------------------
2023-03-29 14:47:56,207 : [INFO]  ------------------------- Received aggregated global model from the server -------------------------
2023-03-29 14:47:56,210 : [INFO]  ------------------------- Initial model training: round 4 -------------------------
2023-03-29 14:48:02,799 : [WARNING]  Early stopping conditioned on metric `val_acc` which is not available. Available metrics are: loss,binary_accuracy,recall,auc,precision,val_loss,val_binary_accuracy,val_recall,val_auc,val_precision
2023-03-29 14:48:08,005 : [WARNING]  Early stopping conditioned on metric `val_acc` which is not available. Available metrics are: loss,binary_accuracy,recall,auc,precision,val_loss,val_binary_accuracy,val_recall,val_auc,val_precision
2023-03-29 14:48:13,902 : [WARNING]  Early stopping conditioned on metric `val_acc` which is not available. Available metrics are: loss,binary_accuracy,recall,auc,precision,val_loss,val_binary_accuracy,val_recall,val_auc,val_precision
2023-03-29 14:48:20,565 : [WARNING]  Early stopping conditioned on metric `val_acc` which is not available. Available metrics are: loss,binary_accuracy,recall,auc,precision,val_loss,val_binary_accuracy,val_recall,val_auc,val_precision
2023-03-29 14:48:26,358 : [WARNING]  Early stopping conditioned on metric `val_acc` which is not available. Available metrics are: loss,binary_accuracy,recall,auc,precision,val_loss,val_binary_accuracy,val_recall,val_auc,val_precision
2023-03-29 14:48:31,848 : [WARNING]  Early stopping conditioned on metric `val_acc` which is not available. Available metrics are: loss,binary_accuracy,recall,auc,precision,val_loss,val_binary_accuracy,val_recall,val_auc,val_precision
2023-03-29 14:48:31,851 : [INFO]  ------------------------- Training round 4, loss: 0.4059 -------------------------
2023-03-29 14:48:31,851 : [INFO]  ------------------------- Training, round 4: Sent local model to the server -------------------------
2023-03-29 14:48:39,079 : [INFO]  ------------------------- Received aggregated global model from the server -------------------------
2023-03-29 14:48:39,087 : [INFO]  ------------------------- Initial model training: round 5 -------------------------
2023-03-29 14:48:45,444 : [WARNING]  Early stopping conditioned on metric `val_acc` which is not available. Available metrics are: loss,binary_accuracy,recall,auc,precision,val_loss,val_binary_accuracy,val_recall,val_auc,val_precision
2023-03-29 14:48:50,729 : [WARNING]  Early stopping conditioned on metric `val_acc` which is not available. Available metrics are: loss,binary_accuracy,recall,auc,precision,val_loss,val_binary_accuracy,val_recall,val_auc,val_precision
2023-03-29 14:48:56,774 : [WARNING]  Early stopping conditioned on metric `val_acc` which is not available. Available metrics are: loss,binary_accuracy,recall,auc,precision,val_loss,val_binary_accuracy,val_recall,val_auc,val_precision
2023-03-29 14:49:10,127 : [WARNING]  Early stopping conditioned on metric `val_acc` which is not available. Available metrics are: loss,binary_accuracy,recall,auc,precision,val_loss,val_binary_accuracy,val_recall,val_auc,val_precision
2023-03-29 14:49:18,415 : [WARNING]  Early stopping conditioned on metric `val_acc` which is not available. Available metrics are: loss,binary_accuracy,recall,auc,precision,val_loss,val_binary_accuracy,val_recall,val_auc,val_precision
2023-03-29 14:49:26,940 : [WARNING]  Early stopping conditioned on metric `val_acc` which is not available. Available metrics are: loss,binary_accuracy,recall,auc,precision,val_loss,val_binary_accuracy,val_recall,val_auc,val_precision
2023-03-29 14:49:26,946 : [INFO]  ------------------------- Training round 5, loss: 0.3715 -------------------------
2023-03-29 14:49:26,946 : [INFO]  ------------------------- Training, round 5: Sent local model to the server -------------------------
2023-03-29 14:49:26,951 : [INFO]  ------------------------- Received aggregated global model from the server -------------------------
2023-03-29 14:49:26,954 : [INFO]  ------------------------- Initial model training: round 6 -------------------------
2023-03-29 14:49:34,506 : [WARNING]  Early stopping conditioned on metric `val_acc` which is not available. Available metrics are: loss,binary_accuracy,recall,auc,precision,val_loss,val_binary_accuracy,val_recall,val_auc,val_precision
2023-03-29 14:49:42,550 : [WARNING]  Early stopping conditioned on metric `val_acc` which is not available. Available metrics are: loss,binary_accuracy,recall,auc,precision,val_loss,val_binary_accuracy,val_recall,val_auc,val_precision
2023-03-29 14:49:48,348 : [WARNING]  Early stopping conditioned on metric `val_acc` which is not available. Available metrics are: loss,binary_accuracy,recall,auc,precision,val_loss,val_binary_accuracy,val_recall,val_auc,val_precision
2023-03-29 14:49:54,905 : [WARNING]  Early stopping conditioned on metric `val_acc` which is not available. Available metrics are: loss,binary_accuracy,recall,auc,precision,val_loss,val_binary_accuracy,val_recall,val_auc,val_precision
2023-03-29 14:50:00,653 : [WARNING]  Early stopping conditioned on metric `val_acc` which is not available. Available metrics are: loss,binary_accuracy,recall,auc,precision,val_loss,val_binary_accuracy,val_recall,val_auc,val_precision
2023-03-29 14:50:06,848 : [WARNING]  Early stopping conditioned on metric `val_acc` which is not available. Available metrics are: loss,binary_accuracy,recall,auc,precision,val_loss,val_binary_accuracy,val_recall,val_auc,val_precision
2023-03-29 14:50:06,856 : [INFO]  ------------------------- Training round 6, loss: 0.3381 -------------------------
2023-03-29 14:50:06,856 : [INFO]  ------------------------- Training, round 6: Sent local model to the server -------------------------
2023-03-29 14:50:09,241 : [INFO]  ------------------------- Received aggregated global model from the server -------------------------
2023-03-29 14:50:09,256 : [INFO]  ################ Initial trained model: Final global model evalution after 6 rounds ################
2023-03-29 14:52:46,050 : [INFO]  Initially trained model: Training set : loss - 0.36, accuracy - 0.85, recall - 0.91, AUC - 0.94, F1 - 0.86, precision - 0.81, training time - -256.0 seconds
2023-03-29 14:52:46,050 : [INFO]  Initially trained model: Testing set : loss - 0.41, accuracy - 0.84, recall - 0.91, AUC - 0.92, F1 - 0.85, precision - 0.79
2023-03-29 14:52:46,082 : [INFO]  Batch 1 initialized 
2023-03-29 14:52:47,340 : [INFO]  ################################## Next batch processing started: transfer learning is ON ##################################
2023-03-29 14:52:47,340 : [INFO]  ------------------------- Batch 1 training: round 1 -------------------------
2023-03-29 14:52:51,154 : [WARNING]  Early stopping conditioned on metric `val_acc` which is not available. Available metrics are: loss,binary_accuracy,recall_1,auc_1,precision_1,val_loss,val_binary_accuracy,val_recall_1,val_auc_1,val_precision_1
2023-03-29 14:52:51,731 : [WARNING]  Early stopping conditioned on metric `val_acc` which is not available. Available metrics are: loss,binary_accuracy,recall_1,auc_1,precision_1,val_loss,val_binary_accuracy,val_recall_1,val_auc_1,val_precision_1
2023-03-29 14:52:52,340 : [WARNING]  Early stopping conditioned on metric `val_acc` which is not available. Available metrics are: loss,binary_accuracy,recall_1,auc_1,precision_1,val_loss,val_binary_accuracy,val_recall_1,val_auc_1,val_precision_1
2023-03-29 14:52:55,915 : [WARNING]  Early stopping conditioned on metric `val_acc` which is not available. Available metrics are: loss,binary_accuracy,recall_1,auc_1,precision_1,val_loss,val_binary_accuracy,val_recall_1,val_auc_1,val_precision_1
2023-03-29 14:52:56,714 : [WARNING]  Early stopping conditioned on metric `val_acc` which is not available. Available metrics are: loss,binary_accuracy,recall_1,auc_1,precision_1,val_loss,val_binary_accuracy,val_recall_1,val_auc_1,val_precision_1
2023-03-29 14:52:57,468 : [WARNING]  Early stopping conditioned on metric `val_acc` which is not available. Available metrics are: loss,binary_accuracy,recall_1,auc_1,precision_1,val_loss,val_binary_accuracy,val_recall_1,val_auc_1,val_precision_1
2023-03-29 14:52:57,472 : [INFO]  ------------------------- Batch round 1, loss: 0.3335 -------------------------
2023-03-29 14:52:57,472 : [INFO]  ------------------------- Batch 1, round 1: Sent local model to the server -------------------------
2023-03-29 14:53:01,353 : [INFO]  ------------------------- Received aggregated global model from the server -------------------------
2023-03-29 14:53:01,357 : [INFO]  ------------------------- Batch 1 training: round 2 -------------------------
2023-03-29 14:53:02,299 : [WARNING]  Early stopping conditioned on metric `val_acc` which is not available. Available metrics are: loss,binary_accuracy,recall_1,auc_1,precision_1,val_loss,val_binary_accuracy,val_recall_1,val_auc_1,val_precision_1
2023-03-29 14:53:03,024 : [WARNING]  Early stopping conditioned on metric `val_acc` which is not available. Available metrics are: loss,binary_accuracy,recall_1,auc_1,precision_1,val_loss,val_binary_accuracy,val_recall_1,val_auc_1,val_precision_1
2023-03-29 14:53:03,673 : [WARNING]  Early stopping conditioned on metric `val_acc` which is not available. Available metrics are: loss,binary_accuracy,recall_1,auc_1,precision_1,val_loss,val_binary_accuracy,val_recall_1,val_auc_1,val_precision_1
2023-03-29 14:53:04,576 : [WARNING]  Early stopping conditioned on metric `val_acc` which is not available. Available metrics are: loss,binary_accuracy,recall_1,auc_1,precision_1,val_loss,val_binary_accuracy,val_recall_1,val_auc_1,val_precision_1
2023-03-29 14:53:05,324 : [WARNING]  Early stopping conditioned on metric `val_acc` which is not available. Available metrics are: loss,binary_accuracy,recall_1,auc_1,precision_1,val_loss,val_binary_accuracy,val_recall_1,val_auc_1,val_precision_1
2023-03-29 14:53:06,103 : [WARNING]  Early stopping conditioned on metric `val_acc` which is not available. Available metrics are: loss,binary_accuracy,recall_1,auc_1,precision_1,val_loss,val_binary_accuracy,val_recall_1,val_auc_1,val_precision_1
2023-03-29 14:53:06,107 : [INFO]  ------------------------- Batch round 2, loss: 0.2482 -------------------------
2023-03-29 14:53:06,107 : [INFO]  ------------------------- Batch 1, round 2: Sent local model to the server -------------------------
2023-03-29 14:53:06,113 : [INFO]  ------------------------- Received aggregated global model from the server -------------------------
2023-03-29 14:53:06,117 : [INFO]  ------------------------- Batch 1 training: round 3 -------------------------
2023-03-29 14:53:07,075 : [WARNING]  Early stopping conditioned on metric `val_acc` which is not available. Available metrics are: loss,binary_accuracy,recall_1,auc_1,precision_1,val_loss,val_binary_accuracy,val_recall_1,val_auc_1,val_precision_1
2023-03-29 14:53:07,863 : [WARNING]  Early stopping conditioned on metric `val_acc` which is not available. Available metrics are: loss,binary_accuracy,recall_1,auc_1,precision_1,val_loss,val_binary_accuracy,val_recall_1,val_auc_1,val_precision_1
2023-03-29 14:53:08,447 : [WARNING]  Early stopping conditioned on metric `val_acc` which is not available. Available metrics are: loss,binary_accuracy,recall_1,auc_1,precision_1,val_loss,val_binary_accuracy,val_recall_1,val_auc_1,val_precision_1
2023-03-29 14:53:09,601 : [WARNING]  Early stopping conditioned on metric `val_acc` which is not available. Available metrics are: loss,binary_accuracy,recall_1,auc_1,precision_1,val_loss,val_binary_accuracy,val_recall_1,val_auc_1,val_precision_1
2023-03-29 14:53:10,196 : [WARNING]  Early stopping conditioned on metric `val_acc` which is not available. Available metrics are: loss,binary_accuracy,recall_1,auc_1,precision_1,val_loss,val_binary_accuracy,val_recall_1,val_auc_1,val_precision_1
2023-03-29 14:53:10,793 : [WARNING]  Early stopping conditioned on metric `val_acc` which is not available. Available metrics are: loss,binary_accuracy,recall_1,auc_1,precision_1,val_loss,val_binary_accuracy,val_recall_1,val_auc_1,val_precision_1
2023-03-29 14:53:10,796 : [INFO]  ------------------------- Batch round 3, loss: 0.4501 -------------------------
2023-03-29 14:53:10,796 : [INFO]  ------------------------- Batch 1, round 3: Sent local model to the server -------------------------
2023-03-29 14:53:10,803 : [INFO]  ------------------------- Received aggregated global model from the server -------------------------
2023-03-29 14:53:10,807 : [INFO]  Batch number 1 model fetched from the server
2023-03-29 14:53:10,807 : [INFO]  ################ Batch 1: final global model evalution after 3 rounds ################
