2023-03-29 01:22:39,502 : [WARNING]  ####################################### New Training Session: Client 1 #######################################
2023-03-29 01:22:39,502 : [INFO]  Client started, graph name wikipedia, graph ID 1, partition ID 1, training epochs 3, epochs 3
2023-03-29 01:22:42,439 : [INFO]  Model initialized for training
2023-03-29 01:22:46,347 : [INFO]  Number of training examples - 1842, Number of testing examples - 2046
2023-03-29 01:22:46,348 : [INFO]  Connected to the server
2023-03-29 01:22:46,430 : [INFO]  Distributed training for streaming graphs started!
2023-03-29 01:22:46,431 : [INFO]  ------------------------- Received aggregated global model from the server -------------------------
2023-03-29 01:22:46,440 : [INFO]  ################################## Initial model training started ##################################
2023-03-29 01:22:46,440 : [INFO]  ------------------------- Initial model training: round 1 -------------------------
2023-03-29 01:22:57,888 : [WARNING]  Early stopping conditioned on metric `val_acc` which is not available. Available metrics are: loss,binary_accuracy,recall,auc,precision,val_loss,val_binary_accuracy,val_recall,val_auc,val_precision
2023-03-29 01:23:05,497 : [WARNING]  Early stopping conditioned on metric `val_acc` which is not available. Available metrics are: loss,binary_accuracy,recall,auc,precision,val_loss,val_binary_accuracy,val_recall,val_auc,val_precision
2023-03-29 01:23:13,130 : [WARNING]  Early stopping conditioned on metric `val_acc` which is not available. Available metrics are: loss,binary_accuracy,recall,auc,precision,val_loss,val_binary_accuracy,val_recall,val_auc,val_precision
2023-03-29 01:23:25,231 : [WARNING]  Early stopping conditioned on metric `val_acc` which is not available. Available metrics are: loss,binary_accuracy,recall,auc,precision,val_loss,val_binary_accuracy,val_recall,val_auc,val_precision
2023-03-29 01:23:31,811 : [WARNING]  Early stopping conditioned on metric `val_acc` which is not available. Available metrics are: loss,binary_accuracy,recall,auc,precision,val_loss,val_binary_accuracy,val_recall,val_auc,val_precision
2023-03-29 01:23:37,917 : [WARNING]  Early stopping conditioned on metric `val_acc` which is not available. Available metrics are: loss,binary_accuracy,recall,auc,precision,val_loss,val_binary_accuracy,val_recall,val_auc,val_precision
2023-03-29 01:23:37,927 : [INFO]  ------------------------- Training round 1, loss: 0.6065 -------------------------
2023-03-29 01:23:37,927 : [INFO]  ------------------------- Training, round 1: Sent local model to the server -------------------------
2023-03-29 01:23:44,921 : [INFO]  ------------------------- Received aggregated global model from the server -------------------------
2023-03-29 01:23:44,925 : [INFO]  ------------------------- Initial model training: round 2 -------------------------
2023-03-29 01:23:53,860 : [WARNING]  Early stopping conditioned on metric `val_acc` which is not available. Available metrics are: loss,binary_accuracy,recall,auc,precision,val_loss,val_binary_accuracy,val_recall,val_auc,val_precision
2023-03-29 01:24:03,296 : [WARNING]  Early stopping conditioned on metric `val_acc` which is not available. Available metrics are: loss,binary_accuracy,recall,auc,precision,val_loss,val_binary_accuracy,val_recall,val_auc,val_precision
2023-03-29 01:24:11,188 : [WARNING]  Early stopping conditioned on metric `val_acc` which is not available. Available metrics are: loss,binary_accuracy,recall,auc,precision,val_loss,val_binary_accuracy,val_recall,val_auc,val_precision
2023-03-29 01:24:19,717 : [WARNING]  Early stopping conditioned on metric `val_acc` which is not available. Available metrics are: loss,binary_accuracy,recall,auc,precision,val_loss,val_binary_accuracy,val_recall,val_auc,val_precision
2023-03-29 01:24:27,067 : [WARNING]  Early stopping conditioned on metric `val_acc` which is not available. Available metrics are: loss,binary_accuracy,recall,auc,precision,val_loss,val_binary_accuracy,val_recall,val_auc,val_precision
2023-03-29 01:24:32,959 : [WARNING]  Early stopping conditioned on metric `val_acc` which is not available. Available metrics are: loss,binary_accuracy,recall,auc,precision,val_loss,val_binary_accuracy,val_recall,val_auc,val_precision
2023-03-29 01:24:32,962 : [INFO]  ------------------------- Training round 2, loss: 0.4957 -------------------------
2023-03-29 01:24:32,962 : [INFO]  ------------------------- Training, round 2: Sent local model to the server -------------------------
2023-03-29 01:24:32,966 : [INFO]  ------------------------- Received aggregated global model from the server -------------------------
2023-03-29 01:24:32,970 : [INFO]  ------------------------- Initial model training: round 3 -------------------------
2023-03-29 01:24:43,667 : [WARNING]  Early stopping conditioned on metric `val_acc` which is not available. Available metrics are: loss,binary_accuracy,recall,auc,precision,val_loss,val_binary_accuracy,val_recall,val_auc,val_precision
2023-03-29 01:24:53,361 : [WARNING]  Early stopping conditioned on metric `val_acc` which is not available. Available metrics are: loss,binary_accuracy,recall,auc,precision,val_loss,val_binary_accuracy,val_recall,val_auc,val_precision
2023-03-29 01:25:02,071 : [WARNING]  Early stopping conditioned on metric `val_acc` which is not available. Available metrics are: loss,binary_accuracy,recall,auc,precision,val_loss,val_binary_accuracy,val_recall,val_auc,val_precision
2023-03-29 01:25:11,104 : [WARNING]  Early stopping conditioned on metric `val_acc` which is not available. Available metrics are: loss,binary_accuracy,recall,auc,precision,val_loss,val_binary_accuracy,val_recall,val_auc,val_precision
2023-03-29 01:25:19,254 : [WARNING]  Early stopping conditioned on metric `val_acc` which is not available. Available metrics are: loss,binary_accuracy,recall,auc,precision,val_loss,val_binary_accuracy,val_recall,val_auc,val_precision
2023-03-29 01:25:26,691 : [WARNING]  Early stopping conditioned on metric `val_acc` which is not available. Available metrics are: loss,binary_accuracy,recall,auc,precision,val_loss,val_binary_accuracy,val_recall,val_auc,val_precision
2023-03-29 01:25:26,696 : [INFO]  ------------------------- Training round 3, loss: 0.4795 -------------------------
2023-03-29 01:25:26,696 : [INFO]  ------------------------- Training, round 3: Sent local model to the server -------------------------
2023-03-29 01:25:27,867 : [INFO]  ------------------------- Received aggregated global model from the server -------------------------
2023-03-29 01:25:27,870 : [INFO]  ------------------------- Initial model training: round 4 -------------------------
2023-03-29 01:25:36,979 : [WARNING]  Early stopping conditioned on metric `val_acc` which is not available. Available metrics are: loss,binary_accuracy,recall,auc,precision,val_loss,val_binary_accuracy,val_recall,val_auc,val_precision
2023-03-29 01:25:44,718 : [WARNING]  Early stopping conditioned on metric `val_acc` which is not available. Available metrics are: loss,binary_accuracy,recall,auc,precision,val_loss,val_binary_accuracy,val_recall,val_auc,val_precision
2023-03-29 01:25:52,501 : [WARNING]  Early stopping conditioned on metric `val_acc` which is not available. Available metrics are: loss,binary_accuracy,recall,auc,precision,val_loss,val_binary_accuracy,val_recall,val_auc,val_precision
2023-03-29 01:26:01,086 : [WARNING]  Early stopping conditioned on metric `val_acc` which is not available. Available metrics are: loss,binary_accuracy,recall,auc,precision,val_loss,val_binary_accuracy,val_recall,val_auc,val_precision
2023-03-29 01:26:08,913 : [WARNING]  Early stopping conditioned on metric `val_acc` which is not available. Available metrics are: loss,binary_accuracy,recall,auc,precision,val_loss,val_binary_accuracy,val_recall,val_auc,val_precision
2023-03-29 01:26:16,288 : [WARNING]  Early stopping conditioned on metric `val_acc` which is not available. Available metrics are: loss,binary_accuracy,recall,auc,precision,val_loss,val_binary_accuracy,val_recall,val_auc,val_precision
2023-03-29 01:26:16,293 : [INFO]  ------------------------- Training round 4, loss: 0.4213 -------------------------
2023-03-29 01:26:16,294 : [INFO]  ------------------------- Training, round 4: Sent local model to the server -------------------------
2023-03-29 01:26:16,777 : [INFO]  ------------------------- Received aggregated global model from the server -------------------------
2023-03-29 01:26:16,781 : [INFO]  ------------------------- Initial model training: round 5 -------------------------
2023-03-29 01:26:30,965 : [WARNING]  Early stopping conditioned on metric `val_acc` which is not available. Available metrics are: loss,binary_accuracy,recall,auc,precision,val_loss,val_binary_accuracy,val_recall,val_auc,val_precision
2023-03-29 01:26:48,677 : [WARNING]  Early stopping conditioned on metric `val_acc` which is not available. Available metrics are: loss,binary_accuracy,recall,auc,precision,val_loss,val_binary_accuracy,val_recall,val_auc,val_precision
2023-03-29 01:26:57,623 : [WARNING]  Early stopping conditioned on metric `val_acc` which is not available. Available metrics are: loss,binary_accuracy,recall,auc,precision,val_loss,val_binary_accuracy,val_recall,val_auc,val_precision
2023-03-29 01:27:06,752 : [WARNING]  Early stopping conditioned on metric `val_acc` which is not available. Available metrics are: loss,binary_accuracy,recall,auc,precision,val_loss,val_binary_accuracy,val_recall,val_auc,val_precision
2023-03-29 01:27:15,280 : [WARNING]  Early stopping conditioned on metric `val_acc` which is not available. Available metrics are: loss,binary_accuracy,recall,auc,precision,val_loss,val_binary_accuracy,val_recall,val_auc,val_precision
2023-03-29 01:27:21,389 : [WARNING]  Early stopping conditioned on metric `val_acc` which is not available. Available metrics are: loss,binary_accuracy,recall,auc,precision,val_loss,val_binary_accuracy,val_recall,val_auc,val_precision
2023-03-29 01:27:21,393 : [INFO]  ------------------------- Training round 5, loss: 0.414 -------------------------
2023-03-29 01:27:21,393 : [INFO]  ------------------------- Training, round 5: Sent local model to the server -------------------------
2023-03-29 01:27:21,399 : [INFO]  ------------------------- Received aggregated global model from the server -------------------------
2023-03-29 01:27:21,405 : [INFO]  ------------------------- Initial model training: round 6 -------------------------
2023-03-29 01:27:30,547 : [WARNING]  Early stopping conditioned on metric `val_acc` which is not available. Available metrics are: loss,binary_accuracy,recall,auc,precision,val_loss,val_binary_accuracy,val_recall,val_auc,val_precision
2023-03-29 01:27:39,675 : [WARNING]  Early stopping conditioned on metric `val_acc` which is not available. Available metrics are: loss,binary_accuracy,recall,auc,precision,val_loss,val_binary_accuracy,val_recall,val_auc,val_precision
2023-03-29 01:27:47,636 : [WARNING]  Early stopping conditioned on metric `val_acc` which is not available. Available metrics are: loss,binary_accuracy,recall,auc,precision,val_loss,val_binary_accuracy,val_recall,val_auc,val_precision
2023-03-29 01:27:57,606 : [WARNING]  Early stopping conditioned on metric `val_acc` which is not available. Available metrics are: loss,binary_accuracy,recall,auc,precision,val_loss,val_binary_accuracy,val_recall,val_auc,val_precision
2023-03-29 01:28:05,361 : [WARNING]  Early stopping conditioned on metric `val_acc` which is not available. Available metrics are: loss,binary_accuracy,recall,auc,precision,val_loss,val_binary_accuracy,val_recall,val_auc,val_precision
2023-03-29 01:28:11,060 : [WARNING]  Early stopping conditioned on metric `val_acc` which is not available. Available metrics are: loss,binary_accuracy,recall,auc,precision,val_loss,val_binary_accuracy,val_recall,val_auc,val_precision
2023-03-29 01:28:11,063 : [INFO]  ------------------------- Training round 6, loss: 0.4222 -------------------------
2023-03-29 01:28:11,064 : [INFO]  ------------------------- Training, round 6: Sent local model to the server -------------------------
2023-03-29 01:28:11,068 : [INFO]  ------------------------- Received aggregated global model from the server -------------------------
2023-03-29 01:28:11,072 : [INFO]  ################ Initial trained model: Final global model evalution after 6 rounds ################
2023-03-29 01:29:17,599 : [INFO]  Initially trained model: Training set : loss - 0.44, accuracy - 0.82, recall - 0.94, AUC - 0.91, F1 - 0.84, precision - 0.76, training time - -325.0 seconds
2023-03-29 01:29:17,599 : [INFO]  Initially trained model: Testing set : loss - 0.42, accuracy - 0.83, recall - 0.94, AUC - 0.92, F1 - 0.85, precision - 0.77
2023-03-29 01:29:17,608 : [INFO]  Batch 1 initialized 
2023-03-29 01:29:18,914 : [INFO]  ################################## Next batch processing started: transfer learning is ON ##################################
2023-03-29 01:29:18,914 : [INFO]  ------------------------- Batch 1 training: round 1 -------------------------
2023-03-29 01:29:23,204 : [WARNING]  Early stopping conditioned on metric `val_acc` which is not available. Available metrics are: loss,binary_accuracy,recall_1,auc_1,precision_1,val_loss,val_binary_accuracy,val_recall_1,val_auc_1,val_precision_1
2023-03-29 01:29:24,084 : [WARNING]  Early stopping conditioned on metric `val_acc` which is not available. Available metrics are: loss,binary_accuracy,recall_1,auc_1,precision_1,val_loss,val_binary_accuracy,val_recall_1,val_auc_1,val_precision_1
2023-03-29 01:29:24,856 : [WARNING]  Early stopping conditioned on metric `val_acc` which is not available. Available metrics are: loss,binary_accuracy,recall_1,auc_1,precision_1,val_loss,val_binary_accuracy,val_recall_1,val_auc_1,val_precision_1
2023-03-29 01:29:29,046 : [WARNING]  Early stopping conditioned on metric `val_acc` which is not available. Available metrics are: loss,binary_accuracy,recall_1,auc_1,precision_1,val_loss,val_binary_accuracy,val_recall_1,val_auc_1,val_precision_1
2023-03-29 01:29:29,663 : [WARNING]  Early stopping conditioned on metric `val_acc` which is not available. Available metrics are: loss,binary_accuracy,recall_1,auc_1,precision_1,val_loss,val_binary_accuracy,val_recall_1,val_auc_1,val_precision_1
2023-03-29 01:29:30,322 : [WARNING]  Early stopping conditioned on metric `val_acc` which is not available. Available metrics are: loss,binary_accuracy,recall_1,auc_1,precision_1,val_loss,val_binary_accuracy,val_recall_1,val_auc_1,val_precision_1
2023-03-29 01:29:30,328 : [INFO]  ------------------------- Batch round 1, loss: 0.3305 -------------------------
2023-03-29 01:29:30,328 : [INFO]  ------------------------- Batch 1, round 1: Sent local model to the server -------------------------
2023-03-29 01:29:30,824 : [INFO]  ------------------------- Received aggregated global model from the server -------------------------
2023-03-29 01:29:30,832 : [INFO]  ------------------------- Batch 1 training: round 2 -------------------------
2023-03-29 01:29:31,976 : [WARNING]  Early stopping conditioned on metric `val_acc` which is not available. Available metrics are: loss,binary_accuracy,recall_1,auc_1,precision_1,val_loss,val_binary_accuracy,val_recall_1,val_auc_1,val_precision_1
2023-03-29 01:29:32,792 : [WARNING]  Early stopping conditioned on metric `val_acc` which is not available. Available metrics are: loss,binary_accuracy,recall_1,auc_1,precision_1,val_loss,val_binary_accuracy,val_recall_1,val_auc_1,val_precision_1
2023-03-29 01:29:33,663 : [WARNING]  Early stopping conditioned on metric `val_acc` which is not available. Available metrics are: loss,binary_accuracy,recall_1,auc_1,precision_1,val_loss,val_binary_accuracy,val_recall_1,val_auc_1,val_precision_1
2023-03-29 01:29:34,975 : [WARNING]  Early stopping conditioned on metric `val_acc` which is not available. Available metrics are: loss,binary_accuracy,recall_1,auc_1,precision_1,val_loss,val_binary_accuracy,val_recall_1,val_auc_1,val_precision_1
2023-03-29 01:29:35,829 : [WARNING]  Early stopping conditioned on metric `val_acc` which is not available. Available metrics are: loss,binary_accuracy,recall_1,auc_1,precision_1,val_loss,val_binary_accuracy,val_recall_1,val_auc_1,val_precision_1
2023-03-29 01:29:36,687 : [WARNING]  Early stopping conditioned on metric `val_acc` which is not available. Available metrics are: loss,binary_accuracy,recall_1,auc_1,precision_1,val_loss,val_binary_accuracy,val_recall_1,val_auc_1,val_precision_1
2023-03-29 01:29:36,691 : [INFO]  ------------------------- Batch round 2, loss: 0.4558 -------------------------
2023-03-29 01:29:36,691 : [INFO]  ------------------------- Batch 1, round 2: Sent local model to the server -------------------------
2023-03-29 01:29:36,969 : [INFO]  ------------------------- Received aggregated global model from the server -------------------------
2023-03-29 01:29:36,976 : [INFO]  ------------------------- Batch 1 training: round 3 -------------------------
2023-03-29 01:29:38,259 : [WARNING]  Early stopping conditioned on metric `val_acc` which is not available. Available metrics are: loss,binary_accuracy,recall_1,auc_1,precision_1,val_loss,val_binary_accuracy,val_recall_1,val_auc_1,val_precision_1
2023-03-29 01:29:39,253 : [WARNING]  Early stopping conditioned on metric `val_acc` which is not available. Available metrics are: loss,binary_accuracy,recall_1,auc_1,precision_1,val_loss,val_binary_accuracy,val_recall_1,val_auc_1,val_precision_1
2023-03-29 01:29:40,136 : [WARNING]  Early stopping conditioned on metric `val_acc` which is not available. Available metrics are: loss,binary_accuracy,recall_1,auc_1,precision_1,val_loss,val_binary_accuracy,val_recall_1,val_auc_1,val_precision_1
2023-03-29 01:29:41,256 : [WARNING]  Early stopping conditioned on metric `val_acc` which is not available. Available metrics are: loss,binary_accuracy,recall_1,auc_1,precision_1,val_loss,val_binary_accuracy,val_recall_1,val_auc_1,val_precision_1
2023-03-29 01:29:42,298 : [WARNING]  Early stopping conditioned on metric `val_acc` which is not available. Available metrics are: loss,binary_accuracy,recall_1,auc_1,precision_1,val_loss,val_binary_accuracy,val_recall_1,val_auc_1,val_precision_1
2023-03-29 01:29:43,017 : [WARNING]  Early stopping conditioned on metric `val_acc` which is not available. Available metrics are: loss,binary_accuracy,recall_1,auc_1,precision_1,val_loss,val_binary_accuracy,val_recall_1,val_auc_1,val_precision_1
2023-03-29 01:29:43,023 : [INFO]  ------------------------- Batch round 3, loss: 0.411 -------------------------
2023-03-29 01:29:43,024 : [INFO]  ------------------------- Batch 1, round 3: Sent local model to the server -------------------------
2023-03-29 01:29:43,390 : [INFO]  ------------------------- Received aggregated global model from the server -------------------------
2023-03-29 01:29:43,401 : [INFO]  Batch number 1 model fetched from the server
2023-03-29 01:29:43,401 : [INFO]  ################ Batch 1: final global model evalution after 3 rounds ################
2023-03-29 01:29:52,488 : [INFO]  Batch 1: Training set : loss - 0.4649, accuracy - 0.8465, recall - 0.9239, AUC - 0.9033, F1 - 0.8576, precision - 0.8001, training time - -24.0 seconds
2023-03-29 01:29:52,489 : [INFO]  Batch 1: Testing set : loss - 0.4498, accuracy - 0.8266, recall - 0.9167, AUC - 0.9136, F1 - 0.841, precision - 0.7768
2023-03-29 01:29:52,496 : [INFO]  Batch 2 initialized 
2023-03-29 01:29:53,855 : [INFO]  ------------------------- Batch 2 training: round 1 -------------------------
2023-03-29 01:29:58,063 : [WARNING]  Early stopping conditioned on metric `val_acc` which is not available. Available metrics are: loss,binary_accuracy,recall_2,auc_2,precision_2,val_loss,val_binary_accuracy,val_recall_2,val_auc_2,val_precision_2
2023-03-29 01:29:58,870 : [WARNING]  Early stopping conditioned on metric `val_acc` which is not available. Available metrics are: loss,binary_accuracy,recall_2,auc_2,precision_2,val_loss,val_binary_accuracy,val_recall_2,val_auc_2,val_precision_2
2023-03-29 01:29:59,727 : [WARNING]  Early stopping conditioned on metric `val_acc` which is not available. Available metrics are: loss,binary_accuracy,recall_2,auc_2,precision_2,val_loss,val_binary_accuracy,val_recall_2,val_auc_2,val_precision_2
2023-03-29 01:30:04,395 : [WARNING]  Early stopping conditioned on metric `val_acc` which is not available. Available metrics are: loss,binary_accuracy,recall_2,auc_2,precision_2,val_loss,val_binary_accuracy,val_recall_2,val_auc_2,val_precision_2
2023-03-29 01:30:05,304 : [WARNING]  Early stopping conditioned on metric `val_acc` which is not available. Available metrics are: loss,binary_accuracy,recall_2,auc_2,precision_2,val_loss,val_binary_accuracy,val_recall_2,val_auc_2,val_precision_2
2023-03-29 01:30:06,083 : [WARNING]  Early stopping conditioned on metric `val_acc` which is not available. Available metrics are: loss,binary_accuracy,recall_2,auc_2,precision_2,val_loss,val_binary_accuracy,val_recall_2,val_auc_2,val_precision_2
2023-03-29 01:30:06,087 : [INFO]  ------------------------- Batch round 1, loss: 0.2228 -------------------------
2023-03-29 01:30:06,087 : [INFO]  ------------------------- Batch 2, round 1: Sent local model to the server -------------------------
2023-03-29 01:30:06,332 : [INFO]  ------------------------- Received aggregated global model from the server -------------------------
2023-03-29 01:30:06,335 : [INFO]  ------------------------- Batch 2 training: round 2 -------------------------
2023-03-29 01:30:07,461 : [WARNING]  Early stopping conditioned on metric `val_acc` which is not available. Available metrics are: loss,binary_accuracy,recall_2,auc_2,precision_2,val_loss,val_binary_accuracy,val_recall_2,val_auc_2,val_precision_2
2023-03-29 01:30:08,398 : [WARNING]  Early stopping conditioned on metric `val_acc` which is not available. Available metrics are: loss,binary_accuracy,recall_2,auc_2,precision_2,val_loss,val_binary_accuracy,val_recall_2,val_auc_2,val_precision_2
2023-03-29 01:30:09,220 : [WARNING]  Early stopping conditioned on metric `val_acc` which is not available. Available metrics are: loss,binary_accuracy,recall_2,auc_2,precision_2,val_loss,val_binary_accuracy,val_recall_2,val_auc_2,val_precision_2
2023-03-29 01:30:10,274 : [WARNING]  Early stopping conditioned on metric `val_acc` which is not available. Available metrics are: loss,binary_accuracy,recall_2,auc_2,precision_2,val_loss,val_binary_accuracy,val_recall_2,val_auc_2,val_precision_2
2023-03-29 01:30:11,443 : [WARNING]  Early stopping conditioned on metric `val_acc` which is not available. Available metrics are: loss,binary_accuracy,recall_2,auc_2,precision_2,val_loss,val_binary_accuracy,val_recall_2,val_auc_2,val_precision_2
2023-03-29 01:30:12,093 : [WARNING]  Early stopping conditioned on metric `val_acc` which is not available. Available metrics are: loss,binary_accuracy,recall_2,auc_2,precision_2,val_loss,val_binary_accuracy,val_recall_2,val_auc_2,val_precision_2
2023-03-29 01:30:12,097 : [INFO]  ------------------------- Batch round 2, loss: 0.5994 -------------------------
2023-03-29 01:30:12,097 : [INFO]  ------------------------- Batch 2, round 2: Sent local model to the server -------------------------
2023-03-29 01:30:12,102 : [INFO]  ------------------------- Received aggregated global model from the server -------------------------
2023-03-29 01:30:12,106 : [INFO]  ------------------------- Batch 2 training: round 3 -------------------------
2023-03-29 01:30:13,157 : [WARNING]  Early stopping conditioned on metric `val_acc` which is not available. Available metrics are: loss,binary_accuracy,recall_2,auc_2,precision_2,val_loss,val_binary_accuracy,val_recall_2,val_auc_2,val_precision_2
2023-03-29 01:30:13,959 : [WARNING]  Early stopping conditioned on metric `val_acc` which is not available. Available metrics are: loss,binary_accuracy,recall_2,auc_2,precision_2,val_loss,val_binary_accuracy,val_recall_2,val_auc_2,val_precision_2
2023-03-29 01:30:14,804 : [WARNING]  Early stopping conditioned on metric `val_acc` which is not available. Available metrics are: loss,binary_accuracy,recall_2,auc_2,precision_2,val_loss,val_binary_accuracy,val_recall_2,val_auc_2,val_precision_2
2023-03-29 01:30:15,943 : [WARNING]  Early stopping conditioned on metric `val_acc` which is not available. Available metrics are: loss,binary_accuracy,recall_2,auc_2,precision_2,val_loss,val_binary_accuracy,val_recall_2,val_auc_2,val_precision_2
2023-03-29 01:30:16,886 : [WARNING]  Early stopping conditioned on metric `val_acc` which is not available. Available metrics are: loss,binary_accuracy,recall_2,auc_2,precision_2,val_loss,val_binary_accuracy,val_recall_2,val_auc_2,val_precision_2
2023-03-29 01:30:17,855 : [WARNING]  Early stopping conditioned on metric `val_acc` which is not available. Available metrics are: loss,binary_accuracy,recall_2,auc_2,precision_2,val_loss,val_binary_accuracy,val_recall_2,val_auc_2,val_precision_2
2023-03-29 01:30:17,862 : [INFO]  ------------------------- Batch round 3, loss: 0.319 -------------------------
2023-03-29 01:30:17,862 : [INFO]  ------------------------- Batch 2, round 3: Sent local model to the server -------------------------
2023-03-29 01:30:17,998 : [INFO]  ------------------------- Received aggregated global model from the server -------------------------
2023-03-29 01:30:18,005 : [INFO]  Batch number 2 model fetched from the server
2023-03-29 01:30:18,005 : [INFO]  ################ Batch 2: final global model evalution after 3 rounds ################
2023-03-29 01:30:27,218 : [INFO]  Batch 2: Training set : loss - 0.3551, accuracy - 0.8553, recall - 0.8872, AUC - 0.9369, F1 - 0.8601, precision - 0.8347, training time - -24.0 seconds
2023-03-29 01:30:27,218 : [INFO]  Batch 2: Testing set : loss - 0.377, accuracy - 0.8542, recall - 0.9044, AUC - 0.926, F1 - 0.8612, precision - 0.8219
2023-03-29 01:30:27,227 : [INFO]  Batch 3 initialized 
2023-03-29 01:30:28,654 : [INFO]  ------------------------- Batch 3 training: round 1 -------------------------
2023-03-29 01:30:32,672 : [WARNING]  Early stopping conditioned on metric `val_acc` which is not available. Available metrics are: loss,binary_accuracy,recall_3,auc_3,precision_3,val_loss,val_binary_accuracy,val_recall_3,val_auc_3,val_precision_3
2023-03-29 01:30:33,541 : [WARNING]  Early stopping conditioned on metric `val_acc` which is not available. Available metrics are: loss,binary_accuracy,recall_3,auc_3,precision_3,val_loss,val_binary_accuracy,val_recall_3,val_auc_3,val_precision_3
2023-03-29 01:30:34,419 : [WARNING]  Early stopping conditioned on metric `val_acc` which is not available. Available metrics are: loss,binary_accuracy,recall_3,auc_3,precision_3,val_loss,val_binary_accuracy,val_recall_3,val_auc_3,val_precision_3
2023-03-29 01:30:38,635 : [WARNING]  Early stopping conditioned on metric `val_acc` which is not available. Available metrics are: loss,binary_accuracy,recall_3,auc_3,precision_3,val_loss,val_binary_accuracy,val_recall_3,val_auc_3,val_precision_3
2023-03-29 01:30:39,477 : [WARNING]  Early stopping conditioned on metric `val_acc` which is not available. Available metrics are: loss,binary_accuracy,recall_3,auc_3,precision_3,val_loss,val_binary_accuracy,val_recall_3,val_auc_3,val_precision_3
2023-03-29 01:30:40,076 : [WARNING]  Early stopping conditioned on metric `val_acc` which is not available. Available metrics are: loss,binary_accuracy,recall_3,auc_3,precision_3,val_loss,val_binary_accuracy,val_recall_3,val_auc_3,val_precision_3
2023-03-29 01:30:40,080 : [INFO]  ------------------------- Batch round 1, loss: 0.5062 -------------------------
2023-03-29 01:30:40,080 : [INFO]  ------------------------- Batch 3, round 1: Sent local model to the server -------------------------
2023-03-29 01:30:40,085 : [INFO]  ------------------------- Received aggregated global model from the server -------------------------
2023-03-29 01:30:40,088 : [INFO]  ------------------------- Batch 3 training: round 2 -------------------------
2023-03-29 01:30:41,066 : [WARNING]  Early stopping conditioned on metric `val_acc` which is not available. Available metrics are: loss,binary_accuracy,recall_3,auc_3,precision_3,val_loss,val_binary_accuracy,val_recall_3,val_auc_3,val_precision_3
2023-03-29 01:30:42,092 : [WARNING]  Early stopping conditioned on metric `val_acc` which is not available. Available metrics are: loss,binary_accuracy,recall_3,auc_3,precision_3,val_loss,val_binary_accuracy,val_recall_3,val_auc_3,val_precision_3
2023-03-29 01:30:43,000 : [WARNING]  Early stopping conditioned on metric `val_acc` which is not available. Available metrics are: loss,binary_accuracy,recall_3,auc_3,precision_3,val_loss,val_binary_accuracy,val_recall_3,val_auc_3,val_precision_3
2023-03-29 01:30:44,134 : [WARNING]  Early stopping conditioned on metric `val_acc` which is not available. Available metrics are: loss,binary_accuracy,recall_3,auc_3,precision_3,val_loss,val_binary_accuracy,val_recall_3,val_auc_3,val_precision_3
2023-03-29 01:30:44,946 : [WARNING]  Early stopping conditioned on metric `val_acc` which is not available. Available metrics are: loss,binary_accuracy,recall_3,auc_3,precision_3,val_loss,val_binary_accuracy,val_recall_3,val_auc_3,val_precision_3
2023-03-29 01:30:45,795 : [WARNING]  Early stopping conditioned on metric `val_acc` which is not available. Available metrics are: loss,binary_accuracy,recall_3,auc_3,precision_3,val_loss,val_binary_accuracy,val_recall_3,val_auc_3,val_precision_3
2023-03-29 01:30:45,801 : [INFO]  ------------------------- Batch round 2, loss: 0.4024 -------------------------
2023-03-29 01:30:45,801 : [INFO]  ------------------------- Batch 3, round 2: Sent local model to the server -------------------------
2023-03-29 01:30:46,064 : [INFO]  ------------------------- Received aggregated global model from the server -------------------------
2023-03-29 01:30:46,080 : [INFO]  ------------------------- Batch 3 training: round 3 -------------------------
2023-03-29 01:30:47,215 : [WARNING]  Early stopping conditioned on metric `val_acc` which is not available. Available metrics are: loss,binary_accuracy,recall_3,auc_3,precision_3,val_loss,val_binary_accuracy,val_recall_3,val_auc_3,val_precision_3
2023-03-29 01:30:48,107 : [WARNING]  Early stopping conditioned on metric `val_acc` which is not available. Available metrics are: loss,binary_accuracy,recall_3,auc_3,precision_3,val_loss,val_binary_accuracy,val_recall_3,val_auc_3,val_precision_3
2023-03-29 01:30:48,940 : [WARNING]  Early stopping conditioned on metric `val_acc` which is not available. Available metrics are: loss,binary_accuracy,recall_3,auc_3,precision_3,val_loss,val_binary_accuracy,val_recall_3,val_auc_3,val_precision_3
2023-03-29 01:30:50,136 : [WARNING]  Early stopping conditioned on metric `val_acc` which is not available. Available metrics are: loss,binary_accuracy,recall_3,auc_3,precision_3,val_loss,val_binary_accuracy,val_recall_3,val_auc_3,val_precision_3
2023-03-29 01:30:50,955 : [WARNING]  Early stopping conditioned on metric `val_acc` which is not available. Available metrics are: loss,binary_accuracy,recall_3,auc_3,precision_3,val_loss,val_binary_accuracy,val_recall_3,val_auc_3,val_precision_3
2023-03-29 01:30:51,666 : [WARNING]  Early stopping conditioned on metric `val_acc` which is not available. Available metrics are: loss,binary_accuracy,recall_3,auc_3,precision_3,val_loss,val_binary_accuracy,val_recall_3,val_auc_3,val_precision_3
2023-03-29 01:30:51,670 : [INFO]  ------------------------- Batch round 3, loss: 0.4047 -------------------------
2023-03-29 01:30:51,670 : [INFO]  ------------------------- Batch 3, round 3: Sent local model to the server -------------------------
2023-03-29 01:30:51,931 : [INFO]  ------------------------- Received aggregated global model from the server -------------------------
2023-03-29 01:30:51,935 : [INFO]  Batch number 3 model fetched from the server
2023-03-29 01:30:51,935 : [INFO]  ################ Batch 3: final global model evalution after 3 rounds ################
2023-03-29 01:31:01,120 : [INFO]  Batch 3: Training set : loss - 0.4195, accuracy - 0.8213, recall - 0.9266, AUC - 0.9026, F1 - 0.8386, precision - 0.7659, training time - -23.0 seconds
2023-03-29 01:31:01,120 : [INFO]  Batch 3: Testing set : loss - 0.583, accuracy - 0.8168, recall - 0.8811, AUC - 0.9081, F1 - 0.8279, precision - 0.7808
2023-03-29 01:31:01,132 : [INFO]  Batch 4 initialized 
2023-03-29 01:31:02,577 : [INFO]  ------------------------- Batch 4 training: round 1 -------------------------
2023-03-29 01:31:06,698 : [WARNING]  Early stopping conditioned on metric `val_acc` which is not available. Available metrics are: loss,binary_accuracy,recall_4,auc_4,precision_4,val_loss,val_binary_accuracy,val_recall_4,val_auc_4,val_precision_4
2023-03-29 01:31:07,608 : [WARNING]  Early stopping conditioned on metric `val_acc` which is not available. Available metrics are: loss,binary_accuracy,recall_4,auc_4,precision_4,val_loss,val_binary_accuracy,val_recall_4,val_auc_4,val_precision_4
2023-03-29 01:31:08,475 : [WARNING]  Early stopping conditioned on metric `val_acc` which is not available. Available metrics are: loss,binary_accuracy,recall_4,auc_4,precision_4,val_loss,val_binary_accuracy,val_recall_4,val_auc_4,val_precision_4
2023-03-29 01:31:12,918 : [WARNING]  Early stopping conditioned on metric `val_acc` which is not available. Available metrics are: loss,binary_accuracy,recall_4,auc_4,precision_4,val_loss,val_binary_accuracy,val_recall_4,val_auc_4,val_precision_4
2023-03-29 01:31:13,996 : [WARNING]  Early stopping conditioned on metric `val_acc` which is not available. Available metrics are: loss,binary_accuracy,recall_4,auc_4,precision_4,val_loss,val_binary_accuracy,val_recall_4,val_auc_4,val_precision_4
2023-03-29 01:31:14,682 : [WARNING]  Early stopping conditioned on metric `val_acc` which is not available. Available metrics are: loss,binary_accuracy,recall_4,auc_4,precision_4,val_loss,val_binary_accuracy,val_recall_4,val_auc_4,val_precision_4
2023-03-29 01:31:14,686 : [INFO]  ------------------------- Batch round 1, loss: 0.5192 -------------------------
2023-03-29 01:31:14,686 : [INFO]  ------------------------- Batch 4, round 1: Sent local model to the server -------------------------
2023-03-29 01:31:14,691 : [INFO]  ------------------------- Received aggregated global model from the server -------------------------
2023-03-29 01:31:14,696 : [INFO]  ------------------------- Batch 4 training: round 2 -------------------------
2023-03-29 01:31:15,930 : [WARNING]  Early stopping conditioned on metric `val_acc` which is not available. Available metrics are: loss,binary_accuracy,recall_4,auc_4,precision_4,val_loss,val_binary_accuracy,val_recall_4,val_auc_4,val_precision_4
2023-03-29 01:31:16,720 : [WARNING]  Early stopping conditioned on metric `val_acc` which is not available. Available metrics are: loss,binary_accuracy,recall_4,auc_4,precision_4,val_loss,val_binary_accuracy,val_recall_4,val_auc_4,val_precision_4
2023-03-29 01:31:17,543 : [WARNING]  Early stopping conditioned on metric `val_acc` which is not available. Available metrics are: loss,binary_accuracy,recall_4,auc_4,precision_4,val_loss,val_binary_accuracy,val_recall_4,val_auc_4,val_precision_4
2023-03-29 01:31:18,975 : [WARNING]  Early stopping conditioned on metric `val_acc` which is not available. Available metrics are: loss,binary_accuracy,recall_4,auc_4,precision_4,val_loss,val_binary_accuracy,val_recall_4,val_auc_4,val_precision_4
2023-03-29 01:31:19,833 : [WARNING]  Early stopping conditioned on metric `val_acc` which is not available. Available metrics are: loss,binary_accuracy,recall_4,auc_4,precision_4,val_loss,val_binary_accuracy,val_recall_4,val_auc_4,val_precision_4
2023-03-29 01:31:20,490 : [WARNING]  Early stopping conditioned on metric `val_acc` which is not available. Available metrics are: loss,binary_accuracy,recall_4,auc_4,precision_4,val_loss,val_binary_accuracy,val_recall_4,val_auc_4,val_precision_4
2023-03-29 01:31:20,494 : [INFO]  ------------------------- Batch round 2, loss: 0.6287 -------------------------
2023-03-29 01:31:20,494 : [INFO]  ------------------------- Batch 4, round 2: Sent local model to the server -------------------------
2023-03-29 01:31:20,499 : [INFO]  ------------------------- Received aggregated global model from the server -------------------------
2023-03-29 01:31:20,503 : [INFO]  ------------------------- Batch 4 training: round 3 -------------------------
2023-03-29 01:31:21,534 : [WARNING]  Early stopping conditioned on metric `val_acc` which is not available. Available metrics are: loss,binary_accuracy,recall_4,auc_4,precision_4,val_loss,val_binary_accuracy,val_recall_4,val_auc_4,val_precision_4
2023-03-29 01:31:22,376 : [WARNING]  Early stopping conditioned on metric `val_acc` which is not available. Available metrics are: loss,binary_accuracy,recall_4,auc_4,precision_4,val_loss,val_binary_accuracy,val_recall_4,val_auc_4,val_precision_4
2023-03-29 01:31:23,132 : [WARNING]  Early stopping conditioned on metric `val_acc` which is not available. Available metrics are: loss,binary_accuracy,recall_4,auc_4,precision_4,val_loss,val_binary_accuracy,val_recall_4,val_auc_4,val_precision_4
2023-03-29 01:31:24,475 : [WARNING]  Early stopping conditioned on metric `val_acc` which is not available. Available metrics are: loss,binary_accuracy,recall_4,auc_4,precision_4,val_loss,val_binary_accuracy,val_recall_4,val_auc_4,val_precision_4
2023-03-29 01:31:25,369 : [WARNING]  Early stopping conditioned on metric `val_acc` which is not available. Available metrics are: loss,binary_accuracy,recall_4,auc_4,precision_4,val_loss,val_binary_accuracy,val_recall_4,val_auc_4,val_precision_4
2023-03-29 01:31:26,418 : [WARNING]  Early stopping conditioned on metric `val_acc` which is not available. Available metrics are: loss,binary_accuracy,recall_4,auc_4,precision_4,val_loss,val_binary_accuracy,val_recall_4,val_auc_4,val_precision_4
2023-03-29 01:31:26,423 : [INFO]  ------------------------- Batch round 3, loss: 0.4752 -------------------------
2023-03-29 01:31:26,423 : [INFO]  ------------------------- Batch 4, round 3: Sent local model to the server -------------------------
2023-03-29 01:31:26,684 : [INFO]  ------------------------- Received aggregated global model from the server -------------------------
2023-03-29 01:31:26,690 : [INFO]  Batch number 4 model fetched from the server
2023-03-29 01:31:26,690 : [INFO]  ################ Batch 4: final global model evalution after 3 rounds ################
2023-03-29 01:31:37,031 : [INFO]  Batch 4: Training set : loss - 0.5379, accuracy - 0.8003, recall - 0.8709, AUC - 0.8745, F1 - 0.8135, precision - 0.7631, training time - -24.0 seconds
2023-03-29 01:31:37,031 : [INFO]  Batch 4: Testing set : loss - 0.3795, accuracy - 0.8732, recall - 0.94, AUC - 0.944, F1 - 0.8811, precision - 0.8292
2023-03-29 01:31:37,045 : [INFO]  Batch 5 initialized 
2023-03-29 01:31:38,706 : [INFO]  ------------------------- Batch 5 training: round 1 -------------------------
2023-03-29 01:31:43,265 : [WARNING]  Early stopping conditioned on metric `val_acc` which is not available. Available metrics are: loss,binary_accuracy,recall_5,auc_5,precision_5,val_loss,val_binary_accuracy,val_recall_5,val_auc_5,val_precision_5
2023-03-29 01:31:44,079 : [WARNING]  Early stopping conditioned on metric `val_acc` which is not available. Available metrics are: loss,binary_accuracy,recall_5,auc_5,precision_5,val_loss,val_binary_accuracy,val_recall_5,val_auc_5,val_precision_5
2023-03-29 01:31:45,507 : [WARNING]  Early stopping conditioned on metric `val_acc` which is not available. Available metrics are: loss,binary_accuracy,recall_5,auc_5,precision_5,val_loss,val_binary_accuracy,val_recall_5,val_auc_5,val_precision_5
2023-03-29 01:31:50,690 : [WARNING]  Early stopping conditioned on metric `val_acc` which is not available. Available metrics are: loss,binary_accuracy,recall_5,auc_5,precision_5,val_loss,val_binary_accuracy,val_recall_5,val_auc_5,val_precision_5
2023-03-29 01:31:51,503 : [WARNING]  Early stopping conditioned on metric `val_acc` which is not available. Available metrics are: loss,binary_accuracy,recall_5,auc_5,precision_5,val_loss,val_binary_accuracy,val_recall_5,val_auc_5,val_precision_5
2023-03-29 01:31:52,023 : [WARNING]  Early stopping conditioned on metric `val_acc` which is not available. Available metrics are: loss,binary_accuracy,recall_5,auc_5,precision_5,val_loss,val_binary_accuracy,val_recall_5,val_auc_5,val_precision_5
2023-03-29 01:31:52,026 : [INFO]  ------------------------- Batch round 1, loss: 0.3735 -------------------------
2023-03-29 01:31:52,026 : [INFO]  ------------------------- Batch 5, round 1: Sent local model to the server -------------------------
2023-03-29 01:31:52,031 : [INFO]  ------------------------- Received aggregated global model from the server -------------------------
2023-03-29 01:31:52,036 : [INFO]  ------------------------- Batch 5 training: round 2 -------------------------
2023-03-29 01:31:53,208 : [WARNING]  Early stopping conditioned on metric `val_acc` which is not available. Available metrics are: loss,binary_accuracy,recall_5,auc_5,precision_5,val_loss,val_binary_accuracy,val_recall_5,val_auc_5,val_precision_5
2023-03-29 01:31:54,027 : [WARNING]  Early stopping conditioned on metric `val_acc` which is not available. Available metrics are: loss,binary_accuracy,recall_5,auc_5,precision_5,val_loss,val_binary_accuracy,val_recall_5,val_auc_5,val_precision_5
2023-03-29 01:31:54,894 : [WARNING]  Early stopping conditioned on metric `val_acc` which is not available. Available metrics are: loss,binary_accuracy,recall_5,auc_5,precision_5,val_loss,val_binary_accuracy,val_recall_5,val_auc_5,val_precision_5
2023-03-29 01:31:56,356 : [WARNING]  Early stopping conditioned on metric `val_acc` which is not available. Available metrics are: loss,binary_accuracy,recall_5,auc_5,precision_5,val_loss,val_binary_accuracy,val_recall_5,val_auc_5,val_precision_5
2023-03-29 01:31:57,193 : [WARNING]  Early stopping conditioned on metric `val_acc` which is not available. Available metrics are: loss,binary_accuracy,recall_5,auc_5,precision_5,val_loss,val_binary_accuracy,val_recall_5,val_auc_5,val_precision_5
2023-03-29 01:31:58,040 : [WARNING]  Early stopping conditioned on metric `val_acc` which is not available. Available metrics are: loss,binary_accuracy,recall_5,auc_5,precision_5,val_loss,val_binary_accuracy,val_recall_5,val_auc_5,val_precision_5
2023-03-29 01:31:58,044 : [INFO]  ------------------------- Batch round 2, loss: 0.4115 -------------------------
2023-03-29 01:31:58,044 : [INFO]  ------------------------- Batch 5, round 2: Sent local model to the server -------------------------
2023-03-29 01:31:58,131 : [INFO]  ------------------------- Received aggregated global model from the server -------------------------
2023-03-29 01:31:58,137 : [INFO]  ------------------------- Batch 5 training: round 3 -------------------------
2023-03-29 01:31:59,254 : [WARNING]  Early stopping conditioned on metric `val_acc` which is not available. Available metrics are: loss,binary_accuracy,recall_5,auc_5,precision_5,val_loss,val_binary_accuracy,val_recall_5,val_auc_5,val_precision_5
2023-03-29 01:32:00,107 : [WARNING]  Early stopping conditioned on metric `val_acc` which is not available. Available metrics are: loss,binary_accuracy,recall_5,auc_5,precision_5,val_loss,val_binary_accuracy,val_recall_5,val_auc_5,val_precision_5
2023-03-29 01:32:01,006 : [WARNING]  Early stopping conditioned on metric `val_acc` which is not available. Available metrics are: loss,binary_accuracy,recall_5,auc_5,precision_5,val_loss,val_binary_accuracy,val_recall_5,val_auc_5,val_precision_5
2023-03-29 01:32:02,218 : [WARNING]  Early stopping conditioned on metric `val_acc` which is not available. Available metrics are: loss,binary_accuracy,recall_5,auc_5,precision_5,val_loss,val_binary_accuracy,val_recall_5,val_auc_5,val_precision_5
2023-03-29 01:32:02,997 : [WARNING]  Early stopping conditioned on metric `val_acc` which is not available. Available metrics are: loss,binary_accuracy,recall_5,auc_5,precision_5,val_loss,val_binary_accuracy,val_recall_5,val_auc_5,val_precision_5
2023-03-29 01:32:03,861 : [WARNING]  Early stopping conditioned on metric `val_acc` which is not available. Available metrics are: loss,binary_accuracy,recall_5,auc_5,precision_5,val_loss,val_binary_accuracy,val_recall_5,val_auc_5,val_precision_5
2023-03-29 01:32:03,865 : [INFO]  ------------------------- Batch round 3, loss: 0.4383 -------------------------
2023-03-29 01:32:03,865 : [INFO]  ------------------------- Batch 5, round 3: Sent local model to the server -------------------------
2023-03-29 01:32:03,947 : [INFO]  ------------------------- Received aggregated global model from the server -------------------------
2023-03-29 01:32:03,966 : [INFO]  Batch number 5 model fetched from the server
2023-03-29 01:32:03,966 : [INFO]  ################ Batch 5: final global model evalution after 3 rounds ################
2023-03-29 01:32:13,546 : [INFO]  Batch 5: Training set : loss - 0.3861, accuracy - 0.837, recall - 0.8954, AUC - 0.9295, F1 - 0.8461, precision - 0.802, training time - -25.0 seconds
2023-03-29 01:32:13,546 : [INFO]  Batch 5: Testing set : loss - 0.5183, accuracy - 0.8205, recall - 0.8934, AUC - 0.8875, F1 - 0.8335, precision - 0.7812
2023-03-29 01:32:13,558 : [INFO]  Batch 6 initialized 
2023-03-29 01:32:15,296 : [INFO]  ------------------------- Batch 6 training: round 1 -------------------------
2023-03-29 01:32:19,681 : [WARNING]  Early stopping conditioned on metric `val_acc` which is not available. Available metrics are: loss,binary_accuracy,recall_6,auc_6,precision_6,val_loss,val_binary_accuracy,val_recall_6,val_auc_6,val_precision_6
2023-03-29 01:32:20,519 : [WARNING]  Early stopping conditioned on metric `val_acc` which is not available. Available metrics are: loss,binary_accuracy,recall_6,auc_6,precision_6,val_loss,val_binary_accuracy,val_recall_6,val_auc_6,val_precision_6
2023-03-29 01:32:21,444 : [WARNING]  Early stopping conditioned on metric `val_acc` which is not available. Available metrics are: loss,binary_accuracy,recall_6,auc_6,precision_6,val_loss,val_binary_accuracy,val_recall_6,val_auc_6,val_precision_6
2023-03-29 01:32:26,531 : [WARNING]  Early stopping conditioned on metric `val_acc` which is not available. Available metrics are: loss,binary_accuracy,recall_6,auc_6,precision_6,val_loss,val_binary_accuracy,val_recall_6,val_auc_6,val_precision_6
2023-03-29 01:32:27,509 : [WARNING]  Early stopping conditioned on metric `val_acc` which is not available. Available metrics are: loss,binary_accuracy,recall_6,auc_6,precision_6,val_loss,val_binary_accuracy,val_recall_6,val_auc_6,val_precision_6
2023-03-29 01:32:28,210 : [WARNING]  Early stopping conditioned on metric `val_acc` which is not available. Available metrics are: loss,binary_accuracy,recall_6,auc_6,precision_6,val_loss,val_binary_accuracy,val_recall_6,val_auc_6,val_precision_6
2023-03-29 01:32:28,214 : [INFO]  ------------------------- Batch round 1, loss: 0.4303 -------------------------
2023-03-29 01:32:28,214 : [INFO]  ------------------------- Batch 6, round 1: Sent local model to the server -------------------------
2023-03-29 01:32:28,219 : [INFO]  ------------------------- Received aggregated global model from the server -------------------------
2023-03-29 01:32:28,225 : [INFO]  ------------------------- Batch 6 training: round 2 -------------------------
2023-03-29 01:32:29,387 : [WARNING]  Early stopping conditioned on metric `val_acc` which is not available. Available metrics are: loss,binary_accuracy,recall_6,auc_6,precision_6,val_loss,val_binary_accuracy,val_recall_6,val_auc_6,val_precision_6
2023-03-29 01:32:30,342 : [WARNING]  Early stopping conditioned on metric `val_acc` which is not available. Available metrics are: loss,binary_accuracy,recall_6,auc_6,precision_6,val_loss,val_binary_accuracy,val_recall_6,val_auc_6,val_precision_6
2023-03-29 01:32:31,117 : [WARNING]  Early stopping conditioned on metric `val_acc` which is not available. Available metrics are: loss,binary_accuracy,recall_6,auc_6,precision_6,val_loss,val_binary_accuracy,val_recall_6,val_auc_6,val_precision_6
2023-03-29 01:32:32,314 : [WARNING]  Early stopping conditioned on metric `val_acc` which is not available. Available metrics are: loss,binary_accuracy,recall_6,auc_6,precision_6,val_loss,val_binary_accuracy,val_recall_6,val_auc_6,val_precision_6
2023-03-29 01:32:32,990 : [WARNING]  Early stopping conditioned on metric `val_acc` which is not available. Available metrics are: loss,binary_accuracy,recall_6,auc_6,precision_6,val_loss,val_binary_accuracy,val_recall_6,val_auc_6,val_precision_6
2023-03-29 01:32:33,635 : [WARNING]  Early stopping conditioned on metric `val_acc` which is not available. Available metrics are: loss,binary_accuracy,recall_6,auc_6,precision_6,val_loss,val_binary_accuracy,val_recall_6,val_auc_6,val_precision_6
2023-03-29 01:32:33,639 : [INFO]  ------------------------- Batch round 2, loss: 0.3946 -------------------------
2023-03-29 01:32:33,639 : [INFO]  ------------------------- Batch 6, round 2: Sent local model to the server -------------------------
2023-03-29 01:32:36,610 : [INFO]  ------------------------- Received aggregated global model from the server -------------------------
