2023-03-29 14:45:51,852 : [WARNING]  ####################################### New Training Session: Client 1 #######################################
2023-03-29 14:45:51,852 : [INFO]  Client started, graph name wikipedia, graph ID 1, partition ID 1, training epochs 3, epochs 3
2023-03-29 14:45:55,100 : [INFO]  Model initialized for training
2023-03-29 14:45:58,913 : [INFO]  Number of training examples - 1842, Number of testing examples - 2046
2023-03-29 14:45:58,914 : [INFO]  Connected to the server
2023-03-29 14:45:59,018 : [INFO]  Distributed training for streaming graphs started!
2023-03-29 14:45:59,019 : [INFO]  ------------------------- Received aggregated global model from the server -------------------------
2023-03-29 14:45:59,028 : [INFO]  ################################## Initial model training started ##################################
2023-03-29 14:45:59,028 : [INFO]  ------------------------- Initial model training: round 1 -------------------------
2023-03-29 14:46:09,897 : [WARNING]  Early stopping conditioned on metric `val_acc` which is not available. Available metrics are: loss,binary_accuracy,recall,auc,precision,val_loss,val_binary_accuracy,val_recall,val_auc,val_precision
2023-03-29 14:46:14,778 : [WARNING]  Early stopping conditioned on metric `val_acc` which is not available. Available metrics are: loss,binary_accuracy,recall,auc,precision,val_loss,val_binary_accuracy,val_recall,val_auc,val_precision
2023-03-29 14:46:20,307 : [WARNING]  Early stopping conditioned on metric `val_acc` which is not available. Available metrics are: loss,binary_accuracy,recall,auc,precision,val_loss,val_binary_accuracy,val_recall,val_auc,val_precision
2023-03-29 14:46:28,862 : [WARNING]  Early stopping conditioned on metric `val_acc` which is not available. Available metrics are: loss,binary_accuracy,recall,auc,precision,val_loss,val_binary_accuracy,val_recall,val_auc,val_precision
2023-03-29 14:46:34,337 : [WARNING]  Early stopping conditioned on metric `val_acc` which is not available. Available metrics are: loss,binary_accuracy,recall,auc,precision,val_loss,val_binary_accuracy,val_recall,val_auc,val_precision
2023-03-29 14:46:39,805 : [WARNING]  Early stopping conditioned on metric `val_acc` which is not available. Available metrics are: loss,binary_accuracy,recall,auc,precision,val_loss,val_binary_accuracy,val_recall,val_auc,val_precision
2023-03-29 14:46:39,814 : [INFO]  ------------------------- Training round 1, loss: 0.5724 -------------------------
2023-03-29 14:46:39,814 : [INFO]  ------------------------- Training, round 1: Sent local model to the server -------------------------
2023-03-29 14:46:39,820 : [INFO]  ------------------------- Received aggregated global model from the server -------------------------
2023-03-29 14:46:39,824 : [INFO]  ------------------------- Initial model training: round 2 -------------------------
2023-03-29 14:46:46,687 : [WARNING]  Early stopping conditioned on metric `val_acc` which is not available. Available metrics are: loss,binary_accuracy,recall,auc,precision,val_loss,val_binary_accuracy,val_recall,val_auc,val_precision
2023-03-29 14:46:52,742 : [WARNING]  Early stopping conditioned on metric `val_acc` which is not available. Available metrics are: loss,binary_accuracy,recall,auc,precision,val_loss,val_binary_accuracy,val_recall,val_auc,val_precision
2023-03-29 14:46:58,633 : [WARNING]  Early stopping conditioned on metric `val_acc` which is not available. Available metrics are: loss,binary_accuracy,recall,auc,precision,val_loss,val_binary_accuracy,val_recall,val_auc,val_precision
2023-03-29 14:47:05,375 : [WARNING]  Early stopping conditioned on metric `val_acc` which is not available. Available metrics are: loss,binary_accuracy,recall,auc,precision,val_loss,val_binary_accuracy,val_recall,val_auc,val_precision
2023-03-29 14:47:11,584 : [WARNING]  Early stopping conditioned on metric `val_acc` which is not available. Available metrics are: loss,binary_accuracy,recall,auc,precision,val_loss,val_binary_accuracy,val_recall,val_auc,val_precision
2023-03-29 14:47:17,405 : [WARNING]  Early stopping conditioned on metric `val_acc` which is not available. Available metrics are: loss,binary_accuracy,recall,auc,precision,val_loss,val_binary_accuracy,val_recall,val_auc,val_precision
2023-03-29 14:47:17,409 : [INFO]  ------------------------- Training round 2, loss: 0.4797 -------------------------
2023-03-29 14:47:17,409 : [INFO]  ------------------------- Training, round 2: Sent local model to the server -------------------------
2023-03-29 14:47:17,416 : [INFO]  ------------------------- Received aggregated global model from the server -------------------------
2023-03-29 14:47:17,420 : [INFO]  ------------------------- Initial model training: round 3 -------------------------
2023-03-29 14:47:23,852 : [WARNING]  Early stopping conditioned on metric `val_acc` which is not available. Available metrics are: loss,binary_accuracy,recall,auc,precision,val_loss,val_binary_accuracy,val_recall,val_auc,val_precision
2023-03-29 14:47:29,692 : [WARNING]  Early stopping conditioned on metric `val_acc` which is not available. Available metrics are: loss,binary_accuracy,recall,auc,precision,val_loss,val_binary_accuracy,val_recall,val_auc,val_precision
2023-03-29 14:47:35,560 : [WARNING]  Early stopping conditioned on metric `val_acc` which is not available. Available metrics are: loss,binary_accuracy,recall,auc,precision,val_loss,val_binary_accuracy,val_recall,val_auc,val_precision
2023-03-29 14:47:42,589 : [WARNING]  Early stopping conditioned on metric `val_acc` which is not available. Available metrics are: loss,binary_accuracy,recall,auc,precision,val_loss,val_binary_accuracy,val_recall,val_auc,val_precision
2023-03-29 14:47:50,788 : [WARNING]  Early stopping conditioned on metric `val_acc` which is not available. Available metrics are: loss,binary_accuracy,recall,auc,precision,val_loss,val_binary_accuracy,val_recall,val_auc,val_precision
2023-03-29 14:47:56,198 : [WARNING]  Early stopping conditioned on metric `val_acc` which is not available. Available metrics are: loss,binary_accuracy,recall,auc,precision,val_loss,val_binary_accuracy,val_recall,val_auc,val_precision
2023-03-29 14:47:56,202 : [INFO]  ------------------------- Training round 3, loss: 0.4087 -------------------------
2023-03-29 14:47:56,202 : [INFO]  ------------------------- Training, round 3: Sent local model to the server -------------------------
2023-03-29 14:47:56,207 : [INFO]  ------------------------- Received aggregated global model from the server -------------------------
2023-03-29 14:47:56,210 : [INFO]  ------------------------- Initial model training: round 4 -------------------------
2023-03-29 14:48:05,222 : [WARNING]  Early stopping conditioned on metric `val_acc` which is not available. Available metrics are: loss,binary_accuracy,recall,auc,precision,val_loss,val_binary_accuracy,val_recall,val_auc,val_precision
2023-03-29 14:48:11,010 : [WARNING]  Early stopping conditioned on metric `val_acc` which is not available. Available metrics are: loss,binary_accuracy,recall,auc,precision,val_loss,val_binary_accuracy,val_recall,val_auc,val_precision
2023-03-29 14:48:16,808 : [WARNING]  Early stopping conditioned on metric `val_acc` which is not available. Available metrics are: loss,binary_accuracy,recall,auc,precision,val_loss,val_binary_accuracy,val_recall,val_auc,val_precision
2023-03-29 14:48:23,649 : [WARNING]  Early stopping conditioned on metric `val_acc` which is not available. Available metrics are: loss,binary_accuracy,recall,auc,precision,val_loss,val_binary_accuracy,val_recall,val_auc,val_precision
2023-03-29 14:48:29,568 : [WARNING]  Early stopping conditioned on metric `val_acc` which is not available. Available metrics are: loss,binary_accuracy,recall,auc,precision,val_loss,val_binary_accuracy,val_recall,val_auc,val_precision
2023-03-29 14:48:39,069 : [WARNING]  Early stopping conditioned on metric `val_acc` which is not available. Available metrics are: loss,binary_accuracy,recall,auc,precision,val_loss,val_binary_accuracy,val_recall,val_auc,val_precision
2023-03-29 14:48:39,073 : [INFO]  ------------------------- Training round 4, loss: 0.4464 -------------------------
2023-03-29 14:48:39,073 : [INFO]  ------------------------- Training, round 4: Sent local model to the server -------------------------
2023-03-29 14:48:39,080 : [INFO]  ------------------------- Received aggregated global model from the server -------------------------
2023-03-29 14:48:39,087 : [INFO]  ------------------------- Initial model training: round 5 -------------------------
2023-03-29 14:48:46,939 : [WARNING]  Early stopping conditioned on metric `val_acc` which is not available. Available metrics are: loss,binary_accuracy,recall,auc,precision,val_loss,val_binary_accuracy,val_recall,val_auc,val_precision
2023-03-29 14:48:52,229 : [WARNING]  Early stopping conditioned on metric `val_acc` which is not available. Available metrics are: loss,binary_accuracy,recall,auc,precision,val_loss,val_binary_accuracy,val_recall,val_auc,val_precision
2023-03-29 14:48:58,790 : [WARNING]  Early stopping conditioned on metric `val_acc` which is not available. Available metrics are: loss,binary_accuracy,recall,auc,precision,val_loss,val_binary_accuracy,val_recall,val_auc,val_precision
2023-03-29 14:49:07,395 : [WARNING]  Early stopping conditioned on metric `val_acc` which is not available. Available metrics are: loss,binary_accuracy,recall,auc,precision,val_loss,val_binary_accuracy,val_recall,val_auc,val_precision
2023-03-29 14:49:15,247 : [WARNING]  Early stopping conditioned on metric `val_acc` which is not available. Available metrics are: loss,binary_accuracy,recall,auc,precision,val_loss,val_binary_accuracy,val_recall,val_auc,val_precision
2023-03-29 14:49:23,334 : [WARNING]  Early stopping conditioned on metric `val_acc` which is not available. Available metrics are: loss,binary_accuracy,recall,auc,precision,val_loss,val_binary_accuracy,val_recall,val_auc,val_precision
2023-03-29 14:49:23,339 : [INFO]  ------------------------- Training round 5, loss: 0.4237 -------------------------
2023-03-29 14:49:23,339 : [INFO]  ------------------------- Training, round 5: Sent local model to the server -------------------------
2023-03-29 14:49:26,951 : [INFO]  ------------------------- Received aggregated global model from the server -------------------------
2023-03-29 14:49:26,955 : [INFO]  ------------------------- Initial model training: round 6 -------------------------
2023-03-29 14:49:34,487 : [WARNING]  Early stopping conditioned on metric `val_acc` which is not available. Available metrics are: loss,binary_accuracy,recall,auc,precision,val_loss,val_binary_accuracy,val_recall,val_auc,val_precision
2023-03-29 14:49:42,550 : [WARNING]  Early stopping conditioned on metric `val_acc` which is not available. Available metrics are: loss,binary_accuracy,recall,auc,precision,val_loss,val_binary_accuracy,val_recall,val_auc,val_precision
2023-03-29 14:49:48,348 : [WARNING]  Early stopping conditioned on metric `val_acc` which is not available. Available metrics are: loss,binary_accuracy,recall,auc,precision,val_loss,val_binary_accuracy,val_recall,val_auc,val_precision
2023-03-29 14:49:54,936 : [WARNING]  Early stopping conditioned on metric `val_acc` which is not available. Available metrics are: loss,binary_accuracy,recall,auc,precision,val_loss,val_binary_accuracy,val_recall,val_auc,val_precision
2023-03-29 14:50:00,695 : [WARNING]  Early stopping conditioned on metric `val_acc` which is not available. Available metrics are: loss,binary_accuracy,recall,auc,precision,val_loss,val_binary_accuracy,val_recall,val_auc,val_precision
2023-03-29 14:50:09,196 : [WARNING]  Early stopping conditioned on metric `val_acc` which is not available. Available metrics are: loss,binary_accuracy,recall,auc,precision,val_loss,val_binary_accuracy,val_recall,val_auc,val_precision
2023-03-29 14:50:09,210 : [INFO]  ------------------------- Training round 6, loss: 0.4076 -------------------------
2023-03-29 14:50:09,210 : [INFO]  ------------------------- Training, round 6: Sent local model to the server -------------------------
2023-03-29 14:50:09,242 : [INFO]  ------------------------- Received aggregated global model from the server -------------------------
2023-03-29 14:50:09,256 : [INFO]  ################ Initial trained model: Final global model evalution after 6 rounds ################
2023-03-29 14:52:49,299 : [INFO]  Initially trained model: Training set : loss - 0.42, accuracy - 0.82, recall - 0.89, AUC - 0.91, F1 - 0.84, precision - 0.79, training time - -250.0 seconds
2023-03-29 14:52:49,299 : [INFO]  Initially trained model: Testing set : loss - 0.43, accuracy - 0.83, recall - 0.9, AUC - 0.92, F1 - 0.84, precision - 0.79
2023-03-29 14:52:49,319 : [INFO]  Batch 1 initialized 
2023-03-29 14:52:50,532 : [INFO]  ################################## Next batch processing started: transfer learning is ON ##################################
2023-03-29 14:52:50,532 : [INFO]  ------------------------- Batch 1 training: round 1 -------------------------
2023-03-29 14:52:54,059 : [WARNING]  Early stopping conditioned on metric `val_acc` which is not available. Available metrics are: loss,binary_accuracy,recall_1,auc_1,precision_1,val_loss,val_binary_accuracy,val_recall_1,val_auc_1,val_precision_1
2023-03-29 14:52:54,661 : [WARNING]  Early stopping conditioned on metric `val_acc` which is not available. Available metrics are: loss,binary_accuracy,recall_1,auc_1,precision_1,val_loss,val_binary_accuracy,val_recall_1,val_auc_1,val_precision_1
2023-03-29 14:52:55,340 : [WARNING]  Early stopping conditioned on metric `val_acc` which is not available. Available metrics are: loss,binary_accuracy,recall_1,auc_1,precision_1,val_loss,val_binary_accuracy,val_recall_1,val_auc_1,val_precision_1
2023-03-29 14:53:00,195 : [WARNING]  Early stopping conditioned on metric `val_acc` which is not available. Available metrics are: loss,binary_accuracy,recall_1,auc_1,precision_1,val_loss,val_binary_accuracy,val_recall_1,val_auc_1,val_precision_1
2023-03-29 14:53:00,804 : [WARNING]  Early stopping conditioned on metric `val_acc` which is not available. Available metrics are: loss,binary_accuracy,recall_1,auc_1,precision_1,val_loss,val_binary_accuracy,val_recall_1,val_auc_1,val_precision_1
2023-03-29 14:53:01,343 : [WARNING]  Early stopping conditioned on metric `val_acc` which is not available. Available metrics are: loss,binary_accuracy,recall_1,auc_1,precision_1,val_loss,val_binary_accuracy,val_recall_1,val_auc_1,val_precision_1
2023-03-29 14:53:01,347 : [INFO]  ------------------------- Batch round 1, loss: 0.4862 -------------------------
2023-03-29 14:53:01,347 : [INFO]  ------------------------- Batch 1, round 1: Sent local model to the server -------------------------
2023-03-29 14:53:01,354 : [INFO]  ------------------------- Received aggregated global model from the server -------------------------
2023-03-29 14:53:01,358 : [INFO]  ------------------------- Batch 1 training: round 2 -------------------------
2023-03-29 14:53:02,286 : [WARNING]  Early stopping conditioned on metric `val_acc` which is not available. Available metrics are: loss,binary_accuracy,recall_1,auc_1,precision_1,val_loss,val_binary_accuracy,val_recall_1,val_auc_1,val_precision_1
2023-03-29 14:53:03,019 : [WARNING]  Early stopping conditioned on metric `val_acc` which is not available. Available metrics are: loss,binary_accuracy,recall_1,auc_1,precision_1,val_loss,val_binary_accuracy,val_recall_1,val_auc_1,val_precision_1
2023-03-29 14:53:03,656 : [WARNING]  Early stopping conditioned on metric `val_acc` which is not available. Available metrics are: loss,binary_accuracy,recall_1,auc_1,precision_1,val_loss,val_binary_accuracy,val_recall_1,val_auc_1,val_precision_1
2023-03-29 14:53:04,542 : [WARNING]  Early stopping conditioned on metric `val_acc` which is not available. Available metrics are: loss,binary_accuracy,recall_1,auc_1,precision_1,val_loss,val_binary_accuracy,val_recall_1,val_auc_1,val_precision_1
2023-03-29 14:53:05,257 : [WARNING]  Early stopping conditioned on metric `val_acc` which is not available. Available metrics are: loss,binary_accuracy,recall_1,auc_1,precision_1,val_loss,val_binary_accuracy,val_recall_1,val_auc_1,val_precision_1
2023-03-29 14:53:06,044 : [WARNING]  Early stopping conditioned on metric `val_acc` which is not available. Available metrics are: loss,binary_accuracy,recall_1,auc_1,precision_1,val_loss,val_binary_accuracy,val_recall_1,val_auc_1,val_precision_1
2023-03-29 14:53:06,048 : [INFO]  ------------------------- Batch round 2, loss: 0.3212 -------------------------
2023-03-29 14:53:06,048 : [INFO]  ------------------------- Batch 1, round 2: Sent local model to the server -------------------------
2023-03-29 14:53:06,114 : [INFO]  ------------------------- Received aggregated global model from the server -------------------------
2023-03-29 14:53:06,117 : [INFO]  ------------------------- Batch 1 training: round 3 -------------------------
2023-03-29 14:53:07,054 : [WARNING]  Early stopping conditioned on metric `val_acc` which is not available. Available metrics are: loss,binary_accuracy,recall_1,auc_1,precision_1,val_loss,val_binary_accuracy,val_recall_1,val_auc_1,val_precision_1
2023-03-29 14:53:07,746 : [WARNING]  Early stopping conditioned on metric `val_acc` which is not available. Available metrics are: loss,binary_accuracy,recall_1,auc_1,precision_1,val_loss,val_binary_accuracy,val_recall_1,val_auc_1,val_precision_1
2023-03-29 14:53:08,362 : [WARNING]  Early stopping conditioned on metric `val_acc` which is not available. Available metrics are: loss,binary_accuracy,recall_1,auc_1,precision_1,val_loss,val_binary_accuracy,val_recall_1,val_auc_1,val_precision_1
2023-03-29 14:53:09,497 : [WARNING]  Early stopping conditioned on metric `val_acc` which is not available. Available metrics are: loss,binary_accuracy,recall_1,auc_1,precision_1,val_loss,val_binary_accuracy,val_recall_1,val_auc_1,val_precision_1
2023-03-29 14:53:10,071 : [WARNING]  Early stopping conditioned on metric `val_acc` which is not available. Available metrics are: loss,binary_accuracy,recall_1,auc_1,precision_1,val_loss,val_binary_accuracy,val_recall_1,val_auc_1,val_precision_1
2023-03-29 14:53:10,685 : [WARNING]  Early stopping conditioned on metric `val_acc` which is not available. Available metrics are: loss,binary_accuracy,recall_1,auc_1,precision_1,val_loss,val_binary_accuracy,val_recall_1,val_auc_1,val_precision_1
2023-03-29 14:53:10,688 : [INFO]  ------------------------- Batch round 3, loss: 0.3783 -------------------------
2023-03-29 14:53:10,689 : [INFO]  ------------------------- Batch 1, round 3: Sent local model to the server -------------------------
2023-03-29 14:53:10,803 : [INFO]  ------------------------- Received aggregated global model from the server -------------------------
2023-03-29 14:53:10,808 : [INFO]  Batch number 1 model fetched from the server
2023-03-29 14:53:10,809 : [INFO]  ################ Batch 1: final global model evalution after 3 rounds ################
2023-03-29 14:53:32,295 : [INFO]  Batch 1: Training set : loss - 0.4063, accuracy - 0.8764, recall - 0.9239, AUC - 0.9383, F1 - 0.882, precision - 0.8438, training time - -20.0 seconds
2023-03-29 14:53:32,295 : [INFO]  Batch 1: Testing set : loss - 0.4541, accuracy - 0.8695, recall - 0.9261, AUC - 0.9269, F1 - 0.8768, precision - 0.8325
2023-03-29 14:53:32,379 : [INFO]  Batch 2 initialized 
2023-03-29 14:53:33,489 : [INFO]  ------------------------- Batch 2 training: round 1 -------------------------
