2023-03-29 18:17:18,381 : [WARNING]  ####################################### New Training Session: Client 1 #######################################
2023-03-29 18:17:18,381 : [INFO]  Client started, graph name wikipedia, graph ID 1, partition ID 1, training epochs 1, epochs 3
2023-03-29 18:17:22,984 : [INFO]  Model initialized for training
2023-03-29 18:17:27,843 : [INFO]  Number of training examples - 1842, Number of testing examples - 2046
2023-03-29 18:17:27,843 : [INFO]  Connected to the server
2023-03-29 18:17:27,939 : [INFO]  Distributed training for streaming graphs started!
2023-03-29 18:17:27,940 : [INFO]  ------------------------- Received aggregated global model from the server -------------------------
2023-03-29 18:17:27,949 : [INFO]  ################################## Initial model training started ##################################
2023-03-29 18:17:27,949 : [INFO]  ------------------------- Initial model training: round 1 -------------------------
2023-03-29 18:17:36,145 : [WARNING]  Early stopping conditioned on metric `val_acc` which is not available. Available metrics are: loss,binary_accuracy,recall,auc,precision,val_loss,val_binary_accuracy,val_recall,val_auc,val_precision
2023-03-29 18:17:43,748 : [WARNING]  Early stopping conditioned on metric `val_acc` which is not available. Available metrics are: loss,binary_accuracy,recall,auc,precision,val_loss,val_binary_accuracy,val_recall,val_auc,val_precision
2023-03-29 18:17:43,755 : [INFO]  ------------------------- Training round 1, loss: 0.7352 -------------------------
2023-03-29 18:17:43,755 : [INFO]  ------------------------- Training, round 1: Sent local model to the server -------------------------
2023-03-29 18:17:43,759 : [INFO]  ------------------------- Received aggregated global model from the server -------------------------
2023-03-29 18:17:43,762 : [INFO]  ################ Initial trained model: Final global model evalution after 1 rounds ################
2023-03-29 18:18:59,746 : [INFO]  Initially trained model: Training set : loss - 0.61, accuracy - 0.75, recall - 0.87, AUC - 0.81, F1 - 0.77, precision - 0.7, training time - -16.0 seconds
2023-03-29 18:18:59,746 : [INFO]  Initially trained model: Testing set : loss - 0.6, accuracy - 0.74, recall - 0.86, AUC - 0.81, F1 - 0.77, precision - 0.69
2023-03-29 18:18:59,753 : [INFO]  Batch 1 initialized 
2023-03-29 18:19:00,755 : [INFO]  ################################## Next batch processing started: transfer learning is ON ##################################
2023-03-29 18:19:00,755 : [INFO]  ------------------------- Batch 1 training: round 1 -------------------------
2023-03-29 18:19:03,869 : [WARNING]  Early stopping conditioned on metric `val_acc` which is not available. Available metrics are: loss,binary_accuracy,recall_1,auc_1,precision_1,val_loss,val_binary_accuracy,val_recall_1,val_auc_1,val_precision_1
2023-03-29 18:19:04,514 : [WARNING]  Early stopping conditioned on metric `val_acc` which is not available. Available metrics are: loss,binary_accuracy,recall_1,auc_1,precision_1,val_loss,val_binary_accuracy,val_recall_1,val_auc_1,val_precision_1
2023-03-29 18:19:05,132 : [WARNING]  Early stopping conditioned on metric `val_acc` which is not available. Available metrics are: loss,binary_accuracy,recall_1,auc_1,precision_1,val_loss,val_binary_accuracy,val_recall_1,val_auc_1,val_precision_1
2023-03-29 18:19:08,916 : [WARNING]  Early stopping conditioned on metric `val_acc` which is not available. Available metrics are: loss,binary_accuracy,recall_1,auc_1,precision_1,val_loss,val_binary_accuracy,val_recall_1,val_auc_1,val_precision_1
2023-03-29 18:19:10,123 : [WARNING]  Early stopping conditioned on metric `val_acc` which is not available. Available metrics are: loss,binary_accuracy,recall_1,auc_1,precision_1,val_loss,val_binary_accuracy,val_recall_1,val_auc_1,val_precision_1
2023-03-29 18:19:10,906 : [WARNING]  Early stopping conditioned on metric `val_acc` which is not available. Available metrics are: loss,binary_accuracy,recall_1,auc_1,precision_1,val_loss,val_binary_accuracy,val_recall_1,val_auc_1,val_precision_1
2023-03-29 18:19:10,912 : [INFO]  ------------------------- Batch round 1, loss: 0.5409 -------------------------
2023-03-29 18:19:10,912 : [INFO]  ------------------------- Batch 1, round 1: Sent local model to the server -------------------------
2023-03-29 18:19:11,020 : [INFO]  ------------------------- Received aggregated global model from the server -------------------------
2023-03-29 18:19:11,024 : [INFO]  ------------------------- Batch 1 training: round 2 -------------------------
2023-03-29 18:19:12,060 : [WARNING]  Early stopping conditioned on metric `val_acc` which is not available. Available metrics are: loss,binary_accuracy,recall_1,auc_1,precision_1,val_loss,val_binary_accuracy,val_recall_1,val_auc_1,val_precision_1
2023-03-29 18:19:12,736 : [WARNING]  Early stopping conditioned on metric `val_acc` which is not available. Available metrics are: loss,binary_accuracy,recall_1,auc_1,precision_1,val_loss,val_binary_accuracy,val_recall_1,val_auc_1,val_precision_1
2023-03-29 18:19:13,281 : [WARNING]  Early stopping conditioned on metric `val_acc` which is not available. Available metrics are: loss,binary_accuracy,recall_1,auc_1,precision_1,val_loss,val_binary_accuracy,val_recall_1,val_auc_1,val_precision_1
2023-03-29 18:19:14,091 : [WARNING]  Early stopping conditioned on metric `val_acc` which is not available. Available metrics are: loss,binary_accuracy,recall_1,auc_1,precision_1,val_loss,val_binary_accuracy,val_recall_1,val_auc_1,val_precision_1
2023-03-29 18:19:14,783 : [WARNING]  Early stopping conditioned on metric `val_acc` which is not available. Available metrics are: loss,binary_accuracy,recall_1,auc_1,precision_1,val_loss,val_binary_accuracy,val_recall_1,val_auc_1,val_precision_1
2023-03-29 18:19:15,380 : [WARNING]  Early stopping conditioned on metric `val_acc` which is not available. Available metrics are: loss,binary_accuracy,recall_1,auc_1,precision_1,val_loss,val_binary_accuracy,val_recall_1,val_auc_1,val_precision_1
2023-03-29 18:19:15,385 : [INFO]  ------------------------- Batch round 2, loss: 0.5131 -------------------------
2023-03-29 18:19:15,385 : [INFO]  ------------------------- Batch 1, round 2: Sent local model to the server -------------------------
2023-03-29 18:19:15,437 : [INFO]  ------------------------- Received aggregated global model from the server -------------------------
2023-03-29 18:19:15,440 : [INFO]  ------------------------- Batch 1 training: round 3 -------------------------
2023-03-29 18:19:16,230 : [WARNING]  Early stopping conditioned on metric `val_acc` which is not available. Available metrics are: loss,binary_accuracy,recall_1,auc_1,precision_1,val_loss,val_binary_accuracy,val_recall_1,val_auc_1,val_precision_1
2023-03-29 18:19:16,787 : [WARNING]  Early stopping conditioned on metric `val_acc` which is not available. Available metrics are: loss,binary_accuracy,recall_1,auc_1,precision_1,val_loss,val_binary_accuracy,val_recall_1,val_auc_1,val_precision_1
2023-03-29 18:19:17,329 : [WARNING]  Early stopping conditioned on metric `val_acc` which is not available. Available metrics are: loss,binary_accuracy,recall_1,auc_1,precision_1,val_loss,val_binary_accuracy,val_recall_1,val_auc_1,val_precision_1
2023-03-29 18:19:18,092 : [WARNING]  Early stopping conditioned on metric `val_acc` which is not available. Available metrics are: loss,binary_accuracy,recall_1,auc_1,precision_1,val_loss,val_binary_accuracy,val_recall_1,val_auc_1,val_precision_1
2023-03-29 18:19:18,649 : [WARNING]  Early stopping conditioned on metric `val_acc` which is not available. Available metrics are: loss,binary_accuracy,recall_1,auc_1,precision_1,val_loss,val_binary_accuracy,val_recall_1,val_auc_1,val_precision_1
2023-03-29 18:19:19,295 : [WARNING]  Early stopping conditioned on metric `val_acc` which is not available. Available metrics are: loss,binary_accuracy,recall_1,auc_1,precision_1,val_loss,val_binary_accuracy,val_recall_1,val_auc_1,val_precision_1
2023-03-29 18:19:19,299 : [INFO]  ------------------------- Batch round 3, loss: 0.4938 -------------------------
2023-03-29 18:19:19,300 : [INFO]  ------------------------- Batch 1, round 3: Sent local model to the server -------------------------
2023-03-29 18:19:19,394 : [INFO]  ------------------------- Received aggregated global model from the server -------------------------
2023-03-29 18:19:19,398 : [INFO]  Batch number 1 model fetched from the server
2023-03-29 18:19:19,398 : [INFO]  ################ Batch 1: final global model evalution after 3 rounds ################
2023-03-29 18:19:29,712 : [INFO]  Batch 1: Training set : loss - 0.4297, accuracy - 0.8528, recall - 0.9393, AUC - 0.8936, F1 - 0.8645, precision - 0.8008, training time - -19.0 seconds
2023-03-29 18:19:29,712 : [INFO]  Batch 1: Testing set : loss - 0.5605, accuracy - 0.8174, recall - 0.9363, AUC - 0.8816, F1 - 0.8371, precision - 0.7569
2023-03-29 18:19:29,716 : [INFO]  Batch 2 initialized 
2023-03-29 18:19:30,638 : [INFO]  ------------------------- Batch 2 training: round 1 -------------------------
2023-03-29 18:19:33,590 : [WARNING]  Early stopping conditioned on metric `val_acc` which is not available. Available metrics are: loss,binary_accuracy,recall_2,auc_2,precision_2,val_loss,val_binary_accuracy,val_recall_2,val_auc_2,val_precision_2
2023-03-29 18:19:34,120 : [WARNING]  Early stopping conditioned on metric `val_acc` which is not available. Available metrics are: loss,binary_accuracy,recall_2,auc_2,precision_2,val_loss,val_binary_accuracy,val_recall_2,val_auc_2,val_precision_2
2023-03-29 18:19:34,788 : [WARNING]  Early stopping conditioned on metric `val_acc` which is not available. Available metrics are: loss,binary_accuracy,recall_2,auc_2,precision_2,val_loss,val_binary_accuracy,val_recall_2,val_auc_2,val_precision_2
2023-03-29 18:19:37,746 : [WARNING]  Early stopping conditioned on metric `val_acc` which is not available. Available metrics are: loss,binary_accuracy,recall_2,auc_2,precision_2,val_loss,val_binary_accuracy,val_recall_2,val_auc_2,val_precision_2
2023-03-29 18:19:38,297 : [WARNING]  Early stopping conditioned on metric `val_acc` which is not available. Available metrics are: loss,binary_accuracy,recall_2,auc_2,precision_2,val_loss,val_binary_accuracy,val_recall_2,val_auc_2,val_precision_2
2023-03-29 18:19:38,880 : [WARNING]  Early stopping conditioned on metric `val_acc` which is not available. Available metrics are: loss,binary_accuracy,recall_2,auc_2,precision_2,val_loss,val_binary_accuracy,val_recall_2,val_auc_2,val_precision_2
2023-03-29 18:19:38,884 : [INFO]  ------------------------- Batch round 1, loss: 0.5783 -------------------------
2023-03-29 18:19:38,884 : [INFO]  ------------------------- Batch 2, round 1: Sent local model to the server -------------------------
2023-03-29 18:19:38,958 : [INFO]  ------------------------- Received aggregated global model from the server -------------------------
2023-03-29 18:19:38,961 : [INFO]  ------------------------- Batch 2 training: round 2 -------------------------
2023-03-29 18:19:39,766 : [WARNING]  Early stopping conditioned on metric `val_acc` which is not available. Available metrics are: loss,binary_accuracy,recall_2,auc_2,precision_2,val_loss,val_binary_accuracy,val_recall_2,val_auc_2,val_precision_2
2023-03-29 18:19:40,336 : [WARNING]  Early stopping conditioned on metric `val_acc` which is not available. Available metrics are: loss,binary_accuracy,recall_2,auc_2,precision_2,val_loss,val_binary_accuracy,val_recall_2,val_auc_2,val_precision_2
2023-03-29 18:19:40,868 : [WARNING]  Early stopping conditioned on metric `val_acc` which is not available. Available metrics are: loss,binary_accuracy,recall_2,auc_2,precision_2,val_loss,val_binary_accuracy,val_recall_2,val_auc_2,val_precision_2
2023-03-29 18:19:41,650 : [WARNING]  Early stopping conditioned on metric `val_acc` which is not available. Available metrics are: loss,binary_accuracy,recall_2,auc_2,precision_2,val_loss,val_binary_accuracy,val_recall_2,val_auc_2,val_precision_2
2023-03-29 18:19:42,207 : [WARNING]  Early stopping conditioned on metric `val_acc` which is not available. Available metrics are: loss,binary_accuracy,recall_2,auc_2,precision_2,val_loss,val_binary_accuracy,val_recall_2,val_auc_2,val_precision_2
2023-03-29 18:19:42,761 : [WARNING]  Early stopping conditioned on metric `val_acc` which is not available. Available metrics are: loss,binary_accuracy,recall_2,auc_2,precision_2,val_loss,val_binary_accuracy,val_recall_2,val_auc_2,val_precision_2
2023-03-29 18:19:42,764 : [INFO]  ------------------------- Batch round 2, loss: 0.5993 -------------------------
2023-03-29 18:19:42,764 : [INFO]  ------------------------- Batch 2, round 2: Sent local model to the server -------------------------
2023-03-29 18:19:42,770 : [INFO]  ------------------------- Received aggregated global model from the server -------------------------
2023-03-29 18:19:42,773 : [INFO]  ------------------------- Batch 2 training: round 3 -------------------------
2023-03-29 18:19:43,555 : [WARNING]  Early stopping conditioned on metric `val_acc` which is not available. Available metrics are: loss,binary_accuracy,recall_2,auc_2,precision_2,val_loss,val_binary_accuracy,val_recall_2,val_auc_2,val_precision_2
2023-03-29 18:19:44,142 : [WARNING]  Early stopping conditioned on metric `val_acc` which is not available. Available metrics are: loss,binary_accuracy,recall_2,auc_2,precision_2,val_loss,val_binary_accuracy,val_recall_2,val_auc_2,val_precision_2
2023-03-29 18:19:44,693 : [WARNING]  Early stopping conditioned on metric `val_acc` which is not available. Available metrics are: loss,binary_accuracy,recall_2,auc_2,precision_2,val_loss,val_binary_accuracy,val_recall_2,val_auc_2,val_precision_2
2023-03-29 18:19:45,471 : [WARNING]  Early stopping conditioned on metric `val_acc` which is not available. Available metrics are: loss,binary_accuracy,recall_2,auc_2,precision_2,val_loss,val_binary_accuracy,val_recall_2,val_auc_2,val_precision_2
2023-03-29 18:19:46,026 : [WARNING]  Early stopping conditioned on metric `val_acc` which is not available. Available metrics are: loss,binary_accuracy,recall_2,auc_2,precision_2,val_loss,val_binary_accuracy,val_recall_2,val_auc_2,val_precision_2
2023-03-29 18:19:46,567 : [WARNING]  Early stopping conditioned on metric `val_acc` which is not available. Available metrics are: loss,binary_accuracy,recall_2,auc_2,precision_2,val_loss,val_binary_accuracy,val_recall_2,val_auc_2,val_precision_2
2023-03-29 18:19:46,570 : [INFO]  ------------------------- Batch round 3, loss: 0.5927 -------------------------
2023-03-29 18:19:46,570 : [INFO]  ------------------------- Batch 2, round 3: Sent local model to the server -------------------------
2023-03-29 18:19:46,575 : [INFO]  ------------------------- Received aggregated global model from the server -------------------------
2023-03-29 18:19:46,579 : [INFO]  Batch number 2 model fetched from the server
2023-03-29 18:19:46,579 : [INFO]  ################ Batch 2: final global model evalution after 3 rounds ################
2023-03-29 18:19:55,717 : [INFO]  Batch 2: Training set : loss - 0.6298, accuracy - 0.7545, recall - 0.9085, AUC - 0.8077, F1 - 0.7893, precision - 0.6977, training time - -16.0 seconds
2023-03-29 18:19:55,717 : [INFO]  Batch 2: Testing set : loss - 0.6107, accuracy - 0.7537, recall - 0.8791, AUC - 0.819, F1 - 0.7851, precision - 0.7093
2023-03-29 18:19:55,725 : [INFO]  Batch 3 initialized 
2023-03-29 18:19:57,016 : [INFO]  ------------------------- Batch 3 training: round 1 -------------------------
2023-03-29 18:19:59,964 : [WARNING]  Early stopping conditioned on metric `val_acc` which is not available. Available metrics are: loss,binary_accuracy,recall_3,auc_3,precision_3,val_loss,val_binary_accuracy,val_recall_3,val_auc_3,val_precision_3
2023-03-29 18:20:00,396 : [WARNING]  Early stopping conditioned on metric `val_acc` which is not available. Available metrics are: loss,binary_accuracy,recall_3,auc_3,precision_3,val_loss,val_binary_accuracy,val_recall_3,val_auc_3,val_precision_3
2023-03-29 18:20:00,988 : [WARNING]  Early stopping conditioned on metric `val_acc` which is not available. Available metrics are: loss,binary_accuracy,recall_3,auc_3,precision_3,val_loss,val_binary_accuracy,val_recall_3,val_auc_3,val_precision_3
2023-03-29 18:20:04,016 : [WARNING]  Early stopping conditioned on metric `val_acc` which is not available. Available metrics are: loss,binary_accuracy,recall_3,auc_3,precision_3,val_loss,val_binary_accuracy,val_recall_3,val_auc_3,val_precision_3
2023-03-29 18:20:04,467 : [WARNING]  Early stopping conditioned on metric `val_acc` which is not available. Available metrics are: loss,binary_accuracy,recall_3,auc_3,precision_3,val_loss,val_binary_accuracy,val_recall_3,val_auc_3,val_precision_3
2023-03-29 18:20:04,904 : [WARNING]  Early stopping conditioned on metric `val_acc` which is not available. Available metrics are: loss,binary_accuracy,recall_3,auc_3,precision_3,val_loss,val_binary_accuracy,val_recall_3,val_auc_3,val_precision_3
2023-03-29 18:20:04,907 : [INFO]  ------------------------- Batch round 1, loss: 0.5128 -------------------------
2023-03-29 18:20:04,907 : [INFO]  ------------------------- Batch 3, round 1: Sent local model to the server -------------------------
2023-03-29 18:20:08,064 : [INFO]  ------------------------- Received aggregated global model from the server -------------------------
