2023-03-29 18:12:04,070 : [WARNING]  ####################################### New Training Session: Client 1 #######################################
2023-03-29 18:12:04,070 : [INFO]  Client started, graph name wikipedia, graph ID 1, partition ID 1, training epochs 1, epochs 4
2023-03-29 18:12:06,959 : [INFO]  Model initialized for training
2023-03-29 18:12:10,380 : [INFO]  Number of training examples - 1842, Number of testing examples - 2046
2023-03-29 18:12:10,381 : [INFO]  Connected to the server
2023-03-29 18:12:10,463 : [INFO]  Distributed training for streaming graphs started!
2023-03-29 18:12:10,464 : [INFO]  ------------------------- Received aggregated global model from the server -------------------------
2023-03-29 18:12:10,473 : [INFO]  ################################## Initial model training started ##################################
2023-03-29 18:12:10,473 : [INFO]  ------------------------- Initial model training: round 1 -------------------------
2023-03-29 18:12:18,222 : [WARNING]  Early stopping conditioned on metric `val_acc` which is not available. Available metrics are: loss,binary_accuracy,recall,auc,precision,val_loss,val_binary_accuracy,val_recall,val_auc,val_precision
2023-03-29 18:12:25,134 : [WARNING]  Early stopping conditioned on metric `val_acc` which is not available. Available metrics are: loss,binary_accuracy,recall,auc,precision,val_loss,val_binary_accuracy,val_recall,val_auc,val_precision
2023-03-29 18:12:25,140 : [INFO]  ------------------------- Training round 1, loss: 0.7352 -------------------------
2023-03-29 18:12:25,140 : [INFO]  ------------------------- Training, round 1: Sent local model to the server -------------------------
2023-03-29 18:12:25,145 : [INFO]  ------------------------- Received aggregated global model from the server -------------------------
2023-03-29 18:12:25,148 : [INFO]  ################ Initial trained model: Final global model evalution after 1 rounds ################
2023-03-29 18:13:29,833 : [INFO]  Initially trained model: Training set : loss - 0.61, accuracy - 0.75, recall - 0.87, AUC - 0.81, F1 - 0.77, precision - 0.7, training time - -15.0 seconds
2023-03-29 18:13:29,833 : [INFO]  Initially trained model: Testing set : loss - 0.6, accuracy - 0.74, recall - 0.86, AUC - 0.81, F1 - 0.77, precision - 0.69
2023-03-29 18:13:29,844 : [INFO]  Batch 1 initialized 
2023-03-29 18:13:30,723 : [INFO]  ################################## Next batch processing started: transfer learning is ON ##################################
2023-03-29 18:13:30,723 : [INFO]  ------------------------- Batch 1 training: round 1 -------------------------
2023-03-29 18:13:33,611 : [WARNING]  Early stopping conditioned on metric `val_acc` which is not available. Available metrics are: loss,binary_accuracy,recall_1,auc_1,precision_1,val_loss,val_binary_accuracy,val_recall_1,val_auc_1,val_precision_1
2023-03-29 18:13:34,140 : [WARNING]  Early stopping conditioned on metric `val_acc` which is not available. Available metrics are: loss,binary_accuracy,recall_1,auc_1,precision_1,val_loss,val_binary_accuracy,val_recall_1,val_auc_1,val_precision_1
2023-03-29 18:13:34,665 : [WARNING]  Early stopping conditioned on metric `val_acc` which is not available. Available metrics are: loss,binary_accuracy,recall_1,auc_1,precision_1,val_loss,val_binary_accuracy,val_recall_1,val_auc_1,val_precision_1
2023-03-29 18:13:35,210 : [WARNING]  Early stopping conditioned on metric `val_acc` which is not available. Available metrics are: loss,binary_accuracy,recall_1,auc_1,precision_1,val_loss,val_binary_accuracy,val_recall_1,val_auc_1,val_precision_1
2023-03-29 18:13:38,268 : [WARNING]  Early stopping conditioned on metric `val_acc` which is not available. Available metrics are: loss,binary_accuracy,recall_1,auc_1,precision_1,val_loss,val_binary_accuracy,val_recall_1,val_auc_1,val_precision_1
2023-03-29 18:13:38,837 : [WARNING]  Early stopping conditioned on metric `val_acc` which is not available. Available metrics are: loss,binary_accuracy,recall_1,auc_1,precision_1,val_loss,val_binary_accuracy,val_recall_1,val_auc_1,val_precision_1
2023-03-29 18:13:39,356 : [WARNING]  Early stopping conditioned on metric `val_acc` which is not available. Available metrics are: loss,binary_accuracy,recall_1,auc_1,precision_1,val_loss,val_binary_accuracy,val_recall_1,val_auc_1,val_precision_1
2023-03-29 18:13:39,892 : [WARNING]  Early stopping conditioned on metric `val_acc` which is not available. Available metrics are: loss,binary_accuracy,recall_1,auc_1,precision_1,val_loss,val_binary_accuracy,val_recall_1,val_auc_1,val_precision_1
2023-03-29 18:13:39,895 : [INFO]  ------------------------- Batch round 1, loss: 0.5686 -------------------------
2023-03-29 18:13:39,896 : [INFO]  ------------------------- Batch 1, round 1: Sent local model to the server -------------------------
2023-03-29 18:13:41,137 : [INFO]  ------------------------- Received aggregated global model from the server -------------------------
2023-03-29 18:13:41,139 : [INFO]  ------------------------- Batch 1 training: round 2 -------------------------
2023-03-29 18:13:41,867 : [WARNING]  Early stopping conditioned on metric `val_acc` which is not available. Available metrics are: loss,binary_accuracy,recall_1,auc_1,precision_1,val_loss,val_binary_accuracy,val_recall_1,val_auc_1,val_precision_1
2023-03-29 18:13:42,422 : [WARNING]  Early stopping conditioned on metric `val_acc` which is not available. Available metrics are: loss,binary_accuracy,recall_1,auc_1,precision_1,val_loss,val_binary_accuracy,val_recall_1,val_auc_1,val_precision_1
2023-03-29 18:13:42,988 : [WARNING]  Early stopping conditioned on metric `val_acc` which is not available. Available metrics are: loss,binary_accuracy,recall_1,auc_1,precision_1,val_loss,val_binary_accuracy,val_recall_1,val_auc_1,val_precision_1
2023-03-29 18:13:43,535 : [WARNING]  Early stopping conditioned on metric `val_acc` which is not available. Available metrics are: loss,binary_accuracy,recall_1,auc_1,precision_1,val_loss,val_binary_accuracy,val_recall_1,val_auc_1,val_precision_1
2023-03-29 18:13:44,300 : [WARNING]  Early stopping conditioned on metric `val_acc` which is not available. Available metrics are: loss,binary_accuracy,recall_1,auc_1,precision_1,val_loss,val_binary_accuracy,val_recall_1,val_auc_1,val_precision_1
2023-03-29 18:13:44,844 : [WARNING]  Early stopping conditioned on metric `val_acc` which is not available. Available metrics are: loss,binary_accuracy,recall_1,auc_1,precision_1,val_loss,val_binary_accuracy,val_recall_1,val_auc_1,val_precision_1
2023-03-29 18:13:45,397 : [WARNING]  Early stopping conditioned on metric `val_acc` which is not available. Available metrics are: loss,binary_accuracy,recall_1,auc_1,precision_1,val_loss,val_binary_accuracy,val_recall_1,val_auc_1,val_precision_1
2023-03-29 18:13:45,934 : [WARNING]  Early stopping conditioned on metric `val_acc` which is not available. Available metrics are: loss,binary_accuracy,recall_1,auc_1,precision_1,val_loss,val_binary_accuracy,val_recall_1,val_auc_1,val_precision_1
2023-03-29 18:13:45,938 : [INFO]  ------------------------- Batch round 2, loss: 0.4981 -------------------------
2023-03-29 18:13:45,938 : [INFO]  ------------------------- Batch 1, round 2: Sent local model to the server -------------------------
2023-03-29 18:13:46,130 : [INFO]  ------------------------- Received aggregated global model from the server -------------------------
2023-03-29 18:13:46,143 : [INFO]  ------------------------- Batch 1 training: round 3 -------------------------
2023-03-29 18:13:46,874 : [WARNING]  Early stopping conditioned on metric `val_acc` which is not available. Available metrics are: loss,binary_accuracy,recall_1,auc_1,precision_1,val_loss,val_binary_accuracy,val_recall_1,val_auc_1,val_precision_1
2023-03-29 18:13:47,409 : [WARNING]  Early stopping conditioned on metric `val_acc` which is not available. Available metrics are: loss,binary_accuracy,recall_1,auc_1,precision_1,val_loss,val_binary_accuracy,val_recall_1,val_auc_1,val_precision_1
2023-03-29 18:13:47,955 : [WARNING]  Early stopping conditioned on metric `val_acc` which is not available. Available metrics are: loss,binary_accuracy,recall_1,auc_1,precision_1,val_loss,val_binary_accuracy,val_recall_1,val_auc_1,val_precision_1
2023-03-29 18:13:48,500 : [WARNING]  Early stopping conditioned on metric `val_acc` which is not available. Available metrics are: loss,binary_accuracy,recall_1,auc_1,precision_1,val_loss,val_binary_accuracy,val_recall_1,val_auc_1,val_precision_1
2023-03-29 18:13:49,247 : [WARNING]  Early stopping conditioned on metric `val_acc` which is not available. Available metrics are: loss,binary_accuracy,recall_1,auc_1,precision_1,val_loss,val_binary_accuracy,val_recall_1,val_auc_1,val_precision_1
2023-03-29 18:13:49,783 : [WARNING]  Early stopping conditioned on metric `val_acc` which is not available. Available metrics are: loss,binary_accuracy,recall_1,auc_1,precision_1,val_loss,val_binary_accuracy,val_recall_1,val_auc_1,val_precision_1
2023-03-29 18:13:50,327 : [WARNING]  Early stopping conditioned on metric `val_acc` which is not available. Available metrics are: loss,binary_accuracy,recall_1,auc_1,precision_1,val_loss,val_binary_accuracy,val_recall_1,val_auc_1,val_precision_1
2023-03-29 18:13:50,858 : [WARNING]  Early stopping conditioned on metric `val_acc` which is not available. Available metrics are: loss,binary_accuracy,recall_1,auc_1,precision_1,val_loss,val_binary_accuracy,val_recall_1,val_auc_1,val_precision_1
2023-03-29 18:13:50,861 : [INFO]  ------------------------- Batch round 3, loss: 0.4357 -------------------------
2023-03-29 18:13:50,861 : [INFO]  ------------------------- Batch 1, round 3: Sent local model to the server -------------------------
2023-03-29 18:13:51,020 : [INFO]  ------------------------- Received aggregated global model from the server -------------------------
2023-03-29 18:13:51,023 : [INFO]  Batch number 1 model fetched from the server
2023-03-29 18:13:51,024 : [INFO]  ################ Batch 1: final global model evalution after 3 rounds ################
2023-03-29 18:14:00,038 : [INFO]  Batch 1: Training set : loss - 0.4274, accuracy - 0.851, recall - 0.9411, AUC - 0.8986, F1 - 0.8634, precision - 0.7975, training time - -20.0 seconds
2023-03-29 18:14:00,038 : [INFO]  Batch 1: Testing set : loss - 0.512, accuracy - 0.8284, recall - 0.9379, AUC - 0.885, F1 - 0.8462, precision - 0.7708
2023-03-29 18:14:00,044 : [INFO]  Batch 2 initialized 
2023-03-29 18:14:00,985 : [INFO]  ------------------------- Batch 2 training: round 1 -------------------------
2023-03-29 18:14:03,864 : [WARNING]  Early stopping conditioned on metric `val_acc` which is not available. Available metrics are: loss,binary_accuracy,recall_2,auc_2,precision_2,val_loss,val_binary_accuracy,val_recall_2,val_auc_2,val_precision_2
2023-03-29 18:14:04,418 : [WARNING]  Early stopping conditioned on metric `val_acc` which is not available. Available metrics are: loss,binary_accuracy,recall_2,auc_2,precision_2,val_loss,val_binary_accuracy,val_recall_2,val_auc_2,val_precision_2
2023-03-29 18:14:04,980 : [WARNING]  Early stopping conditioned on metric `val_acc` which is not available. Available metrics are: loss,binary_accuracy,recall_2,auc_2,precision_2,val_loss,val_binary_accuracy,val_recall_2,val_auc_2,val_precision_2
2023-03-29 18:14:05,526 : [WARNING]  Early stopping conditioned on metric `val_acc` which is not available. Available metrics are: loss,binary_accuracy,recall_2,auc_2,precision_2,val_loss,val_binary_accuracy,val_recall_2,val_auc_2,val_precision_2
2023-03-29 18:14:08,439 : [WARNING]  Early stopping conditioned on metric `val_acc` which is not available. Available metrics are: loss,binary_accuracy,recall_2,auc_2,precision_2,val_loss,val_binary_accuracy,val_recall_2,val_auc_2,val_precision_2
2023-03-29 18:14:08,977 : [WARNING]  Early stopping conditioned on metric `val_acc` which is not available. Available metrics are: loss,binary_accuracy,recall_2,auc_2,precision_2,val_loss,val_binary_accuracy,val_recall_2,val_auc_2,val_precision_2
2023-03-29 18:14:09,526 : [WARNING]  Early stopping conditioned on metric `val_acc` which is not available. Available metrics are: loss,binary_accuracy,recall_2,auc_2,precision_2,val_loss,val_binary_accuracy,val_recall_2,val_auc_2,val_precision_2
2023-03-29 18:14:10,073 : [WARNING]  Early stopping conditioned on metric `val_acc` which is not available. Available metrics are: loss,binary_accuracy,recall_2,auc_2,precision_2,val_loss,val_binary_accuracy,val_recall_2,val_auc_2,val_precision_2
2023-03-29 18:14:10,076 : [INFO]  ------------------------- Batch round 1, loss: 0.537 -------------------------
2023-03-29 18:14:10,076 : [INFO]  ------------------------- Batch 2, round 1: Sent local model to the server -------------------------
2023-03-29 18:14:10,181 : [INFO]  ------------------------- Received aggregated global model from the server -------------------------
2023-03-29 18:14:10,184 : [INFO]  ------------------------- Batch 2 training: round 2 -------------------------
2023-03-29 18:14:10,949 : [WARNING]  Early stopping conditioned on metric `val_acc` which is not available. Available metrics are: loss,binary_accuracy,recall_2,auc_2,precision_2,val_loss,val_binary_accuracy,val_recall_2,val_auc_2,val_precision_2
2023-03-29 18:14:11,501 : [WARNING]  Early stopping conditioned on metric `val_acc` which is not available. Available metrics are: loss,binary_accuracy,recall_2,auc_2,precision_2,val_loss,val_binary_accuracy,val_recall_2,val_auc_2,val_precision_2
2023-03-29 18:14:12,060 : [WARNING]  Early stopping conditioned on metric `val_acc` which is not available. Available metrics are: loss,binary_accuracy,recall_2,auc_2,precision_2,val_loss,val_binary_accuracy,val_recall_2,val_auc_2,val_precision_2
2023-03-29 18:14:12,606 : [WARNING]  Early stopping conditioned on metric `val_acc` which is not available. Available metrics are: loss,binary_accuracy,recall_2,auc_2,precision_2,val_loss,val_binary_accuracy,val_recall_2,val_auc_2,val_precision_2
2023-03-29 18:14:13,364 : [WARNING]  Early stopping conditioned on metric `val_acc` which is not available. Available metrics are: loss,binary_accuracy,recall_2,auc_2,precision_2,val_loss,val_binary_accuracy,val_recall_2,val_auc_2,val_precision_2
2023-03-29 18:14:13,935 : [WARNING]  Early stopping conditioned on metric `val_acc` which is not available. Available metrics are: loss,binary_accuracy,recall_2,auc_2,precision_2,val_loss,val_binary_accuracy,val_recall_2,val_auc_2,val_precision_2
2023-03-29 18:14:14,498 : [WARNING]  Early stopping conditioned on metric `val_acc` which is not available. Available metrics are: loss,binary_accuracy,recall_2,auc_2,precision_2,val_loss,val_binary_accuracy,val_recall_2,val_auc_2,val_precision_2
2023-03-29 18:14:15,056 : [WARNING]  Early stopping conditioned on metric `val_acc` which is not available. Available metrics are: loss,binary_accuracy,recall_2,auc_2,precision_2,val_loss,val_binary_accuracy,val_recall_2,val_auc_2,val_precision_2
2023-03-29 18:14:15,060 : [INFO]  ------------------------- Batch round 2, loss: 0.475 -------------------------
2023-03-29 18:14:15,061 : [INFO]  ------------------------- Batch 2, round 2: Sent local model to the server -------------------------
2023-03-29 18:14:15,066 : [INFO]  ------------------------- Received aggregated global model from the server -------------------------
2023-03-29 18:14:15,070 : [INFO]  ------------------------- Batch 2 training: round 3 -------------------------
2023-03-29 18:14:15,959 : [WARNING]  Early stopping conditioned on metric `val_acc` which is not available. Available metrics are: loss,binary_accuracy,recall_2,auc_2,precision_2,val_loss,val_binary_accuracy,val_recall_2,val_auc_2,val_precision_2
2023-03-29 18:14:16,514 : [WARNING]  Early stopping conditioned on metric `val_acc` which is not available. Available metrics are: loss,binary_accuracy,recall_2,auc_2,precision_2,val_loss,val_binary_accuracy,val_recall_2,val_auc_2,val_precision_2
2023-03-29 18:14:17,068 : [WARNING]  Early stopping conditioned on metric `val_acc` which is not available. Available metrics are: loss,binary_accuracy,recall_2,auc_2,precision_2,val_loss,val_binary_accuracy,val_recall_2,val_auc_2,val_precision_2
2023-03-29 18:14:17,624 : [WARNING]  Early stopping conditioned on metric `val_acc` which is not available. Available metrics are: loss,binary_accuracy,recall_2,auc_2,precision_2,val_loss,val_binary_accuracy,val_recall_2,val_auc_2,val_precision_2
2023-03-29 18:14:18,412 : [WARNING]  Early stopping conditioned on metric `val_acc` which is not available. Available metrics are: loss,binary_accuracy,recall_2,auc_2,precision_2,val_loss,val_binary_accuracy,val_recall_2,val_auc_2,val_precision_2
2023-03-29 18:14:18,962 : [WARNING]  Early stopping conditioned on metric `val_acc` which is not available. Available metrics are: loss,binary_accuracy,recall_2,auc_2,precision_2,val_loss,val_binary_accuracy,val_recall_2,val_auc_2,val_precision_2
2023-03-29 18:14:19,541 : [WARNING]  Early stopping conditioned on metric `val_acc` which is not available. Available metrics are: loss,binary_accuracy,recall_2,auc_2,precision_2,val_loss,val_binary_accuracy,val_recall_2,val_auc_2,val_precision_2
2023-03-29 18:14:20,108 : [WARNING]  Early stopping conditioned on metric `val_acc` which is not available. Available metrics are: loss,binary_accuracy,recall_2,auc_2,precision_2,val_loss,val_binary_accuracy,val_recall_2,val_auc_2,val_precision_2
2023-03-29 18:14:20,111 : [INFO]  ------------------------- Batch round 3, loss: 0.5284 -------------------------
2023-03-29 18:14:20,111 : [INFO]  ------------------------- Batch 2, round 3: Sent local model to the server -------------------------
2023-03-29 18:14:20,116 : [INFO]  ------------------------- Received aggregated global model from the server -------------------------
2023-03-29 18:14:20,119 : [INFO]  Batch number 2 model fetched from the server
2023-03-29 18:14:20,120 : [INFO]  ################ Batch 2: final global model evalution after 3 rounds ################
2023-03-29 18:14:29,076 : [INFO]  Batch 2: Training set : loss - 0.5421, accuracy - 0.8062, recall - 0.8868, AUC - 0.8368, F1 - 0.8206, precision - 0.7636, training time - -19.0 seconds
2023-03-29 18:14:29,077 : [INFO]  Batch 2: Testing set : loss - 0.7317, accuracy - 0.7904, recall - 0.8317, AUC - 0.8237, F1 - 0.7994, precision - 0.7695
2023-03-29 18:14:29,081 : [INFO]  Batch 3 initialized 
2023-03-29 18:14:30,199 : [INFO]  ------------------------- Batch 3 training: round 1 -------------------------
2023-03-29 18:14:32,963 : [WARNING]  Early stopping conditioned on metric `val_acc` which is not available. Available metrics are: loss,binary_accuracy,recall_3,auc_3,precision_3,val_loss,val_binary_accuracy,val_recall_3,val_auc_3,val_precision_3
2023-03-29 18:14:33,490 : [WARNING]  Early stopping conditioned on metric `val_acc` which is not available. Available metrics are: loss,binary_accuracy,recall_3,auc_3,precision_3,val_loss,val_binary_accuracy,val_recall_3,val_auc_3,val_precision_3
2023-03-29 18:14:34,047 : [WARNING]  Early stopping conditioned on metric `val_acc` which is not available. Available metrics are: loss,binary_accuracy,recall_3,auc_3,precision_3,val_loss,val_binary_accuracy,val_recall_3,val_auc_3,val_precision_3
2023-03-29 18:14:34,600 : [WARNING]  Early stopping conditioned on metric `val_acc` which is not available. Available metrics are: loss,binary_accuracy,recall_3,auc_3,precision_3,val_loss,val_binary_accuracy,val_recall_3,val_auc_3,val_precision_3
2023-03-29 18:14:37,416 : [WARNING]  Early stopping conditioned on metric `val_acc` which is not available. Available metrics are: loss,binary_accuracy,recall_3,auc_3,precision_3,val_loss,val_binary_accuracy,val_recall_3,val_auc_3,val_precision_3
2023-03-29 18:14:37,984 : [WARNING]  Early stopping conditioned on metric `val_acc` which is not available. Available metrics are: loss,binary_accuracy,recall_3,auc_3,precision_3,val_loss,val_binary_accuracy,val_recall_3,val_auc_3,val_precision_3
2023-03-29 18:14:38,550 : [WARNING]  Early stopping conditioned on metric `val_acc` which is not available. Available metrics are: loss,binary_accuracy,recall_3,auc_3,precision_3,val_loss,val_binary_accuracy,val_recall_3,val_auc_3,val_precision_3
2023-03-29 18:14:39,091 : [WARNING]  Early stopping conditioned on metric `val_acc` which is not available. Available metrics are: loss,binary_accuracy,recall_3,auc_3,precision_3,val_loss,val_binary_accuracy,val_recall_3,val_auc_3,val_precision_3
2023-03-29 18:14:39,095 : [INFO]  ------------------------- Batch round 1, loss: 0.4999 -------------------------
2023-03-29 18:14:39,095 : [INFO]  ------------------------- Batch 3, round 1: Sent local model to the server -------------------------
2023-03-29 18:14:39,301 : [INFO]  ------------------------- Received aggregated global model from the server -------------------------
2023-03-29 18:14:39,305 : [INFO]  ------------------------- Batch 3 training: round 2 -------------------------
2023-03-29 18:14:40,067 : [WARNING]  Early stopping conditioned on metric `val_acc` which is not available. Available metrics are: loss,binary_accuracy,recall_3,auc_3,precision_3,val_loss,val_binary_accuracy,val_recall_3,val_auc_3,val_precision_3
2023-03-29 18:14:40,627 : [WARNING]  Early stopping conditioned on metric `val_acc` which is not available. Available metrics are: loss,binary_accuracy,recall_3,auc_3,precision_3,val_loss,val_binary_accuracy,val_recall_3,val_auc_3,val_precision_3
2023-03-29 18:14:41,171 : [WARNING]  Early stopping conditioned on metric `val_acc` which is not available. Available metrics are: loss,binary_accuracy,recall_3,auc_3,precision_3,val_loss,val_binary_accuracy,val_recall_3,val_auc_3,val_precision_3
2023-03-29 18:14:41,757 : [WARNING]  Early stopping conditioned on metric `val_acc` which is not available. Available metrics are: loss,binary_accuracy,recall_3,auc_3,precision_3,val_loss,val_binary_accuracy,val_recall_3,val_auc_3,val_precision_3
2023-03-29 18:14:42,502 : [WARNING]  Early stopping conditioned on metric `val_acc` which is not available. Available metrics are: loss,binary_accuracy,recall_3,auc_3,precision_3,val_loss,val_binary_accuracy,val_recall_3,val_auc_3,val_precision_3
2023-03-29 18:14:43,050 : [WARNING]  Early stopping conditioned on metric `val_acc` which is not available. Available metrics are: loss,binary_accuracy,recall_3,auc_3,precision_3,val_loss,val_binary_accuracy,val_recall_3,val_auc_3,val_precision_3
2023-03-29 18:14:43,626 : [WARNING]  Early stopping conditioned on metric `val_acc` which is not available. Available metrics are: loss,binary_accuracy,recall_3,auc_3,precision_3,val_loss,val_binary_accuracy,val_recall_3,val_auc_3,val_precision_3
2023-03-29 18:14:44,170 : [WARNING]  Early stopping conditioned on metric `val_acc` which is not available. Available metrics are: loss,binary_accuracy,recall_3,auc_3,precision_3,val_loss,val_binary_accuracy,val_recall_3,val_auc_3,val_precision_3
2023-03-29 18:14:44,174 : [INFO]  ------------------------- Batch round 2, loss: 0.5667 -------------------------
2023-03-29 18:14:44,174 : [INFO]  ------------------------- Batch 3, round 2: Sent local model to the server -------------------------
2023-03-29 18:14:44,333 : [INFO]  ------------------------- Received aggregated global model from the server -------------------------
2023-03-29 18:14:44,337 : [INFO]  ------------------------- Batch 3 training: round 3 -------------------------
2023-03-29 18:14:45,076 : [WARNING]  Early stopping conditioned on metric `val_acc` which is not available. Available metrics are: loss,binary_accuracy,recall_3,auc_3,precision_3,val_loss,val_binary_accuracy,val_recall_3,val_auc_3,val_precision_3
2023-03-29 18:14:45,650 : [WARNING]  Early stopping conditioned on metric `val_acc` which is not available. Available metrics are: loss,binary_accuracy,recall_3,auc_3,precision_3,val_loss,val_binary_accuracy,val_recall_3,val_auc_3,val_precision_3
2023-03-29 18:14:46,197 : [WARNING]  Early stopping conditioned on metric `val_acc` which is not available. Available metrics are: loss,binary_accuracy,recall_3,auc_3,precision_3,val_loss,val_binary_accuracy,val_recall_3,val_auc_3,val_precision_3
2023-03-29 18:14:46,766 : [WARNING]  Early stopping conditioned on metric `val_acc` which is not available. Available metrics are: loss,binary_accuracy,recall_3,auc_3,precision_3,val_loss,val_binary_accuracy,val_recall_3,val_auc_3,val_precision_3
2023-03-29 18:14:47,509 : [WARNING]  Early stopping conditioned on metric `val_acc` which is not available. Available metrics are: loss,binary_accuracy,recall_3,auc_3,precision_3,val_loss,val_binary_accuracy,val_recall_3,val_auc_3,val_precision_3
2023-03-29 18:14:48,039 : [WARNING]  Early stopping conditioned on metric `val_acc` which is not available. Available metrics are: loss,binary_accuracy,recall_3,auc_3,precision_3,val_loss,val_binary_accuracy,val_recall_3,val_auc_3,val_precision_3
2023-03-29 18:14:48,685 : [WARNING]  Early stopping conditioned on metric `val_acc` which is not available. Available metrics are: loss,binary_accuracy,recall_3,auc_3,precision_3,val_loss,val_binary_accuracy,val_recall_3,val_auc_3,val_precision_3
2023-03-29 18:14:49,235 : [WARNING]  Early stopping conditioned on metric `val_acc` which is not available. Available metrics are: loss,binary_accuracy,recall_3,auc_3,precision_3,val_loss,val_binary_accuracy,val_recall_3,val_auc_3,val_precision_3
2023-03-29 18:14:49,239 : [INFO]  ------------------------- Batch round 3, loss: 0.3658 -------------------------
2023-03-29 18:14:49,239 : [INFO]  ------------------------- Batch 3, round 3: Sent local model to the server -------------------------
2023-03-29 18:14:49,392 : [INFO]  ------------------------- Received aggregated global model from the server -------------------------
2023-03-29 18:14:49,395 : [INFO]  Batch number 3 model fetched from the server
2023-03-29 18:14:49,395 : [INFO]  ################ Batch 3: final global model evalution after 3 rounds ################
2023-03-29 18:14:58,244 : [INFO]  Batch 3: Training set : loss - 0.5303, accuracy - 0.8143, recall - 0.8714, AUC - 0.8882, F1 - 0.8243, precision - 0.7821, training time - -19.0 seconds
2023-03-29 18:14:58,244 : [INFO]  Batch 3: Testing set : loss - 0.7786, accuracy - 0.759, recall - 0.8129, AUC - 0.845, F1 - 0.7713, precision - 0.7337
2023-03-29 18:14:58,250 : [INFO]  Batch 4 initialized 
2023-03-29 18:14:59,342 : [INFO]  ------------------------- Batch 4 training: round 1 -------------------------
2023-03-29 18:15:02,169 : [WARNING]  Early stopping conditioned on metric `val_acc` which is not available. Available metrics are: loss,binary_accuracy,recall_4,auc_4,precision_4,val_loss,val_binary_accuracy,val_recall_4,val_auc_4,val_precision_4
2023-03-29 18:15:02,697 : [WARNING]  Early stopping conditioned on metric `val_acc` which is not available. Available metrics are: loss,binary_accuracy,recall_4,auc_4,precision_4,val_loss,val_binary_accuracy,val_recall_4,val_auc_4,val_precision_4
2023-03-29 18:15:03,257 : [WARNING]  Early stopping conditioned on metric `val_acc` which is not available. Available metrics are: loss,binary_accuracy,recall_4,auc_4,precision_4,val_loss,val_binary_accuracy,val_recall_4,val_auc_4,val_precision_4
2023-03-29 18:15:03,799 : [WARNING]  Early stopping conditioned on metric `val_acc` which is not available. Available metrics are: loss,binary_accuracy,recall_4,auc_4,precision_4,val_loss,val_binary_accuracy,val_recall_4,val_auc_4,val_precision_4
2023-03-29 18:15:06,704 : [WARNING]  Early stopping conditioned on metric `val_acc` which is not available. Available metrics are: loss,binary_accuracy,recall_4,auc_4,precision_4,val_loss,val_binary_accuracy,val_recall_4,val_auc_4,val_precision_4
2023-03-29 18:15:07,249 : [WARNING]  Early stopping conditioned on metric `val_acc` which is not available. Available metrics are: loss,binary_accuracy,recall_4,auc_4,precision_4,val_loss,val_binary_accuracy,val_recall_4,val_auc_4,val_precision_4
2023-03-29 18:15:07,846 : [WARNING]  Early stopping conditioned on metric `val_acc` which is not available. Available metrics are: loss,binary_accuracy,recall_4,auc_4,precision_4,val_loss,val_binary_accuracy,val_recall_4,val_auc_4,val_precision_4
2023-03-29 18:15:08,441 : [WARNING]  Early stopping conditioned on metric `val_acc` which is not available. Available metrics are: loss,binary_accuracy,recall_4,auc_4,precision_4,val_loss,val_binary_accuracy,val_recall_4,val_auc_4,val_precision_4
2023-03-29 18:15:08,445 : [INFO]  ------------------------- Batch round 1, loss: 0.3598 -------------------------
2023-03-29 18:15:08,445 : [INFO]  ------------------------- Batch 4, round 1: Sent local model to the server -------------------------
2023-03-29 18:15:08,746 : [INFO]  ------------------------- Received aggregated global model from the server -------------------------
2023-03-29 18:15:08,749 : [INFO]  ------------------------- Batch 4 training: round 2 -------------------------
2023-03-29 18:15:09,493 : [WARNING]  Early stopping conditioned on metric `val_acc` which is not available. Available metrics are: loss,binary_accuracy,recall_4,auc_4,precision_4,val_loss,val_binary_accuracy,val_recall_4,val_auc_4,val_precision_4
2023-03-29 18:15:10,054 : [WARNING]  Early stopping conditioned on metric `val_acc` which is not available. Available metrics are: loss,binary_accuracy,recall_4,auc_4,precision_4,val_loss,val_binary_accuracy,val_recall_4,val_auc_4,val_precision_4
2023-03-29 18:15:10,607 : [WARNING]  Early stopping conditioned on metric `val_acc` which is not available. Available metrics are: loss,binary_accuracy,recall_4,auc_4,precision_4,val_loss,val_binary_accuracy,val_recall_4,val_auc_4,val_precision_4
2023-03-29 18:15:11,161 : [WARNING]  Early stopping conditioned on metric `val_acc` which is not available. Available metrics are: loss,binary_accuracy,recall_4,auc_4,precision_4,val_loss,val_binary_accuracy,val_recall_4,val_auc_4,val_precision_4
2023-03-29 18:15:11,946 : [WARNING]  Early stopping conditioned on metric `val_acc` which is not available. Available metrics are: loss,binary_accuracy,recall_4,auc_4,precision_4,val_loss,val_binary_accuracy,val_recall_4,val_auc_4,val_precision_4
2023-03-29 18:15:12,492 : [WARNING]  Early stopping conditioned on metric `val_acc` which is not available. Available metrics are: loss,binary_accuracy,recall_4,auc_4,precision_4,val_loss,val_binary_accuracy,val_recall_4,val_auc_4,val_precision_4
2023-03-29 18:15:13,034 : [WARNING]  Early stopping conditioned on metric `val_acc` which is not available. Available metrics are: loss,binary_accuracy,recall_4,auc_4,precision_4,val_loss,val_binary_accuracy,val_recall_4,val_auc_4,val_precision_4
2023-03-29 18:15:13,594 : [WARNING]  Early stopping conditioned on metric `val_acc` which is not available. Available metrics are: loss,binary_accuracy,recall_4,auc_4,precision_4,val_loss,val_binary_accuracy,val_recall_4,val_auc_4,val_precision_4
2023-03-29 18:15:13,598 : [INFO]  ------------------------- Batch round 2, loss: 0.3619 -------------------------
2023-03-29 18:15:13,598 : [INFO]  ------------------------- Batch 4, round 2: Sent local model to the server -------------------------
2023-03-29 18:15:13,603 : [INFO]  ------------------------- Received aggregated global model from the server -------------------------
2023-03-29 18:15:13,607 : [INFO]  ------------------------- Batch 4 training: round 3 -------------------------
2023-03-29 18:15:14,386 : [WARNING]  Early stopping conditioned on metric `val_acc` which is not available. Available metrics are: loss,binary_accuracy,recall_4,auc_4,precision_4,val_loss,val_binary_accuracy,val_recall_4,val_auc_4,val_precision_4
2023-03-29 18:15:14,930 : [WARNING]  Early stopping conditioned on metric `val_acc` which is not available. Available metrics are: loss,binary_accuracy,recall_4,auc_4,precision_4,val_loss,val_binary_accuracy,val_recall_4,val_auc_4,val_precision_4
2023-03-29 18:15:15,473 : [WARNING]  Early stopping conditioned on metric `val_acc` which is not available. Available metrics are: loss,binary_accuracy,recall_4,auc_4,precision_4,val_loss,val_binary_accuracy,val_recall_4,val_auc_4,val_precision_4
2023-03-29 18:15:16,031 : [WARNING]  Early stopping conditioned on metric `val_acc` which is not available. Available metrics are: loss,binary_accuracy,recall_4,auc_4,precision_4,val_loss,val_binary_accuracy,val_recall_4,val_auc_4,val_precision_4
2023-03-29 18:15:16,821 : [WARNING]  Early stopping conditioned on metric `val_acc` which is not available. Available metrics are: loss,binary_accuracy,recall_4,auc_4,precision_4,val_loss,val_binary_accuracy,val_recall_4,val_auc_4,val_precision_4
2023-03-29 18:15:17,354 : [WARNING]  Early stopping conditioned on metric `val_acc` which is not available. Available metrics are: loss,binary_accuracy,recall_4,auc_4,precision_4,val_loss,val_binary_accuracy,val_recall_4,val_auc_4,val_precision_4
2023-03-29 18:15:17,959 : [WARNING]  Early stopping conditioned on metric `val_acc` which is not available. Available metrics are: loss,binary_accuracy,recall_4,auc_4,precision_4,val_loss,val_binary_accuracy,val_recall_4,val_auc_4,val_precision_4
2023-03-29 18:15:18,540 : [WARNING]  Early stopping conditioned on metric `val_acc` which is not available. Available metrics are: loss,binary_accuracy,recall_4,auc_4,precision_4,val_loss,val_binary_accuracy,val_recall_4,val_auc_4,val_precision_4
2023-03-29 18:15:18,543 : [INFO]  ------------------------- Batch round 3, loss: 0.3735 -------------------------
2023-03-29 18:15:18,543 : [INFO]  ------------------------- Batch 4, round 3: Sent local model to the server -------------------------
2023-03-29 18:15:18,602 : [INFO]  ------------------------- Received aggregated global model from the server -------------------------
2023-03-29 18:15:18,606 : [INFO]  Batch number 4 model fetched from the server
2023-03-29 18:15:18,606 : [INFO]  ################ Batch 4: final global model evalution after 3 rounds ################
2023-03-29 18:15:27,528 : [INFO]  Batch 4: Training set : loss - 0.4136, accuracy - 0.8822, recall - 0.9121, AUC - 0.9354, F1 - 0.8858, precision - 0.8609, training time - -19.0 seconds
2023-03-29 18:15:27,528 : [INFO]  Batch 4: Testing set : loss - 0.5507, accuracy - 0.8374, recall - 0.8922, AUC - 0.9007, F1 - 0.846, precision - 0.8044
2023-03-29 18:15:27,539 : [INFO]  Batch 5 initialized 
2023-03-29 18:15:28,695 : [INFO]  ------------------------- Batch 5 training: round 1 -------------------------
2023-03-29 18:15:31,633 : [WARNING]  Early stopping conditioned on metric `val_acc` which is not available. Available metrics are: loss,binary_accuracy,recall_5,auc_5,precision_5,val_loss,val_binary_accuracy,val_recall_5,val_auc_5,val_precision_5
2023-03-29 18:15:32,184 : [WARNING]  Early stopping conditioned on metric `val_acc` which is not available. Available metrics are: loss,binary_accuracy,recall_5,auc_5,precision_5,val_loss,val_binary_accuracy,val_recall_5,val_auc_5,val_precision_5
2023-03-29 18:15:32,737 : [WARNING]  Early stopping conditioned on metric `val_acc` which is not available. Available metrics are: loss,binary_accuracy,recall_5,auc_5,precision_5,val_loss,val_binary_accuracy,val_recall_5,val_auc_5,val_precision_5
2023-03-29 18:15:33,312 : [WARNING]  Early stopping conditioned on metric `val_acc` which is not available. Available metrics are: loss,binary_accuracy,recall_5,auc_5,precision_5,val_loss,val_binary_accuracy,val_recall_5,val_auc_5,val_precision_5
2023-03-29 18:15:36,203 : [WARNING]  Early stopping conditioned on metric `val_acc` which is not available. Available metrics are: loss,binary_accuracy,recall_5,auc_5,precision_5,val_loss,val_binary_accuracy,val_recall_5,val_auc_5,val_precision_5
2023-03-29 18:15:36,737 : [WARNING]  Early stopping conditioned on metric `val_acc` which is not available. Available metrics are: loss,binary_accuracy,recall_5,auc_5,precision_5,val_loss,val_binary_accuracy,val_recall_5,val_auc_5,val_precision_5
2023-03-29 18:15:37,328 : [WARNING]  Early stopping conditioned on metric `val_acc` which is not available. Available metrics are: loss,binary_accuracy,recall_5,auc_5,precision_5,val_loss,val_binary_accuracy,val_recall_5,val_auc_5,val_precision_5
2023-03-29 18:15:37,873 : [WARNING]  Early stopping conditioned on metric `val_acc` which is not available. Available metrics are: loss,binary_accuracy,recall_5,auc_5,precision_5,val_loss,val_binary_accuracy,val_recall_5,val_auc_5,val_precision_5
2023-03-29 18:15:37,877 : [INFO]  ------------------------- Batch round 1, loss: 0.3941 -------------------------
2023-03-29 18:15:37,878 : [INFO]  ------------------------- Batch 5, round 1: Sent local model to the server -------------------------
2023-03-29 18:15:37,885 : [INFO]  ------------------------- Received aggregated global model from the server -------------------------
2023-03-29 18:15:37,889 : [INFO]  ------------------------- Batch 5 training: round 2 -------------------------
2023-03-29 18:15:38,656 : [WARNING]  Early stopping conditioned on metric `val_acc` which is not available. Available metrics are: loss,binary_accuracy,recall_5,auc_5,precision_5,val_loss,val_binary_accuracy,val_recall_5,val_auc_5,val_precision_5
2023-03-29 18:15:39,203 : [WARNING]  Early stopping conditioned on metric `val_acc` which is not available. Available metrics are: loss,binary_accuracy,recall_5,auc_5,precision_5,val_loss,val_binary_accuracy,val_recall_5,val_auc_5,val_precision_5
2023-03-29 18:15:39,770 : [WARNING]  Early stopping conditioned on metric `val_acc` which is not available. Available metrics are: loss,binary_accuracy,recall_5,auc_5,precision_5,val_loss,val_binary_accuracy,val_recall_5,val_auc_5,val_precision_5
2023-03-29 18:15:40,334 : [WARNING]  Early stopping conditioned on metric `val_acc` which is not available. Available metrics are: loss,binary_accuracy,recall_5,auc_5,precision_5,val_loss,val_binary_accuracy,val_recall_5,val_auc_5,val_precision_5
2023-03-29 18:15:41,117 : [WARNING]  Early stopping conditioned on metric `val_acc` which is not available. Available metrics are: loss,binary_accuracy,recall_5,auc_5,precision_5,val_loss,val_binary_accuracy,val_recall_5,val_auc_5,val_precision_5
2023-03-29 18:15:41,699 : [WARNING]  Early stopping conditioned on metric `val_acc` which is not available. Available metrics are: loss,binary_accuracy,recall_5,auc_5,precision_5,val_loss,val_binary_accuracy,val_recall_5,val_auc_5,val_precision_5
2023-03-29 18:15:42,282 : [WARNING]  Early stopping conditioned on metric `val_acc` which is not available. Available metrics are: loss,binary_accuracy,recall_5,auc_5,precision_5,val_loss,val_binary_accuracy,val_recall_5,val_auc_5,val_precision_5
2023-03-29 18:15:42,870 : [WARNING]  Early stopping conditioned on metric `val_acc` which is not available. Available metrics are: loss,binary_accuracy,recall_5,auc_5,precision_5,val_loss,val_binary_accuracy,val_recall_5,val_auc_5,val_precision_5
2023-03-29 18:15:42,874 : [INFO]  ------------------------- Batch round 2, loss: 0.3332 -------------------------
2023-03-29 18:15:42,874 : [INFO]  ------------------------- Batch 5, round 2: Sent local model to the server -------------------------
2023-03-29 18:15:42,881 : [INFO]  ------------------------- Received aggregated global model from the server -------------------------
2023-03-29 18:15:42,887 : [INFO]  ------------------------- Batch 5 training: round 3 -------------------------
2023-03-29 18:15:43,774 : [WARNING]  Early stopping conditioned on metric `val_acc` which is not available. Available metrics are: loss,binary_accuracy,recall_5,auc_5,precision_5,val_loss,val_binary_accuracy,val_recall_5,val_auc_5,val_precision_5
2023-03-29 18:15:44,429 : [WARNING]  Early stopping conditioned on metric `val_acc` which is not available. Available metrics are: loss,binary_accuracy,recall_5,auc_5,precision_5,val_loss,val_binary_accuracy,val_recall_5,val_auc_5,val_precision_5
2023-03-29 18:15:45,017 : [WARNING]  Early stopping conditioned on metric `val_acc` which is not available. Available metrics are: loss,binary_accuracy,recall_5,auc_5,precision_5,val_loss,val_binary_accuracy,val_recall_5,val_auc_5,val_precision_5
2023-03-29 18:15:45,811 : [WARNING]  Early stopping conditioned on metric `val_acc` which is not available. Available metrics are: loss,binary_accuracy,recall_5,auc_5,precision_5,val_loss,val_binary_accuracy,val_recall_5,val_auc_5,val_precision_5
2023-03-29 18:15:47,656 : [WARNING]  Early stopping conditioned on metric `val_acc` which is not available. Available metrics are: loss,binary_accuracy,recall_5,auc_5,precision_5,val_loss,val_binary_accuracy,val_recall_5,val_auc_5,val_precision_5
2023-03-29 18:15:48,383 : [WARNING]  Early stopping conditioned on metric `val_acc` which is not available. Available metrics are: loss,binary_accuracy,recall_5,auc_5,precision_5,val_loss,val_binary_accuracy,val_recall_5,val_auc_5,val_precision_5
2023-03-29 18:15:50,122 : [WARNING]  Early stopping conditioned on metric `val_acc` which is not available. Available metrics are: loss,binary_accuracy,recall_5,auc_5,precision_5,val_loss,val_binary_accuracy,val_recall_5,val_auc_5,val_precision_5
2023-03-29 18:15:50,857 : [WARNING]  Early stopping conditioned on metric `val_acc` which is not available. Available metrics are: loss,binary_accuracy,recall_5,auc_5,precision_5,val_loss,val_binary_accuracy,val_recall_5,val_auc_5,val_precision_5
2023-03-29 18:15:50,861 : [INFO]  ------------------------- Batch round 3, loss: 0.321 -------------------------
2023-03-29 18:15:50,861 : [INFO]  ------------------------- Batch 5, round 3: Sent local model to the server -------------------------
2023-03-29 18:15:50,866 : [INFO]  ------------------------- Received aggregated global model from the server -------------------------
2023-03-29 18:15:50,870 : [INFO]  Batch number 5 model fetched from the server
2023-03-29 18:15:50,870 : [INFO]  ################ Batch 5: final global model evalution after 3 rounds ################
2023-03-29 18:16:01,676 : [INFO]  Batch 5: Training set : loss - 0.4377, accuracy - 0.8637, recall - 0.9203, AUC - 0.9291, F1 - 0.8714, precision - 0.8275, training time - -22.0 seconds
2023-03-29 18:16:01,677 : [INFO]  Batch 5: Testing set : loss - 0.8268, accuracy - 0.797, recall - 0.8538, AUC - 0.8761, F1 - 0.808, precision - 0.7669
2023-03-29 18:16:01,689 : [INFO]  Batch 6 initialized 
2023-03-29 18:16:03,229 : [INFO]  ------------------------- Batch 6 training: round 1 -------------------------
2023-03-29 18:16:06,631 : [WARNING]  Early stopping conditioned on metric `val_acc` which is not available. Available metrics are: loss,binary_accuracy,recall_6,auc_6,precision_6,val_loss,val_binary_accuracy,val_recall_6,val_auc_6,val_precision_6
2023-03-29 18:16:07,195 : [WARNING]  Early stopping conditioned on metric `val_acc` which is not available. Available metrics are: loss,binary_accuracy,recall_6,auc_6,precision_6,val_loss,val_binary_accuracy,val_recall_6,val_auc_6,val_precision_6
2023-03-29 18:16:07,780 : [WARNING]  Early stopping conditioned on metric `val_acc` which is not available. Available metrics are: loss,binary_accuracy,recall_6,auc_6,precision_6,val_loss,val_binary_accuracy,val_recall_6,val_auc_6,val_precision_6
2023-03-29 18:16:08,338 : [WARNING]  Early stopping conditioned on metric `val_acc` which is not available. Available metrics are: loss,binary_accuracy,recall_6,auc_6,precision_6,val_loss,val_binary_accuracy,val_recall_6,val_auc_6,val_precision_6
2023-03-29 18:16:12,641 : [WARNING]  Early stopping conditioned on metric `val_acc` which is not available. Available metrics are: loss,binary_accuracy,recall_6,auc_6,precision_6,val_loss,val_binary_accuracy,val_recall_6,val_auc_6,val_precision_6
2023-03-29 18:16:13,281 : [WARNING]  Early stopping conditioned on metric `val_acc` which is not available. Available metrics are: loss,binary_accuracy,recall_6,auc_6,precision_6,val_loss,val_binary_accuracy,val_recall_6,val_auc_6,val_precision_6
2023-03-29 18:16:13,998 : [WARNING]  Early stopping conditioned on metric `val_acc` which is not available. Available metrics are: loss,binary_accuracy,recall_6,auc_6,precision_6,val_loss,val_binary_accuracy,val_recall_6,val_auc_6,val_precision_6
2023-03-29 18:16:14,700 : [WARNING]  Early stopping conditioned on metric `val_acc` which is not available. Available metrics are: loss,binary_accuracy,recall_6,auc_6,precision_6,val_loss,val_binary_accuracy,val_recall_6,val_auc_6,val_precision_6
2023-03-29 18:16:14,703 : [INFO]  ------------------------- Batch round 1, loss: 0.5061 -------------------------
2023-03-29 18:16:14,704 : [INFO]  ------------------------- Batch 6, round 1: Sent local model to the server -------------------------
2023-03-29 18:16:14,710 : [INFO]  ------------------------- Received aggregated global model from the server -------------------------
2023-03-29 18:16:14,714 : [INFO]  ------------------------- Batch 6 training: round 2 -------------------------
2023-03-29 18:16:15,624 : [WARNING]  Early stopping conditioned on metric `val_acc` which is not available. Available metrics are: loss,binary_accuracy,recall_6,auc_6,precision_6,val_loss,val_binary_accuracy,val_recall_6,val_auc_6,val_precision_6
2023-03-29 18:16:16,319 : [WARNING]  Early stopping conditioned on metric `val_acc` which is not available. Available metrics are: loss,binary_accuracy,recall_6,auc_6,precision_6,val_loss,val_binary_accuracy,val_recall_6,val_auc_6,val_precision_6
2023-03-29 18:16:17,007 : [WARNING]  Early stopping conditioned on metric `val_acc` which is not available. Available metrics are: loss,binary_accuracy,recall_6,auc_6,precision_6,val_loss,val_binary_accuracy,val_recall_6,val_auc_6,val_precision_6
2023-03-29 18:16:17,580 : [WARNING]  Early stopping conditioned on metric `val_acc` which is not available. Available metrics are: loss,binary_accuracy,recall_6,auc_6,precision_6,val_loss,val_binary_accuracy,val_recall_6,val_auc_6,val_precision_6
2023-03-29 18:16:18,620 : [WARNING]  Early stopping conditioned on metric `val_acc` which is not available. Available metrics are: loss,binary_accuracy,recall_6,auc_6,precision_6,val_loss,val_binary_accuracy,val_recall_6,val_auc_6,val_precision_6
2023-03-29 18:16:19,334 : [WARNING]  Early stopping conditioned on metric `val_acc` which is not available. Available metrics are: loss,binary_accuracy,recall_6,auc_6,precision_6,val_loss,val_binary_accuracy,val_recall_6,val_auc_6,val_precision_6
2023-03-29 18:16:20,017 : [WARNING]  Early stopping conditioned on metric `val_acc` which is not available. Available metrics are: loss,binary_accuracy,recall_6,auc_6,precision_6,val_loss,val_binary_accuracy,val_recall_6,val_auc_6,val_precision_6
2023-03-29 18:16:20,708 : [WARNING]  Early stopping conditioned on metric `val_acc` which is not available. Available metrics are: loss,binary_accuracy,recall_6,auc_6,precision_6,val_loss,val_binary_accuracy,val_recall_6,val_auc_6,val_precision_6
2023-03-29 18:16:20,713 : [INFO]  ------------------------- Batch round 2, loss: 0.4338 -------------------------
2023-03-29 18:16:20,713 : [INFO]  ------------------------- Batch 6, round 2: Sent local model to the server -------------------------
2023-03-29 18:16:20,895 : [INFO]  ------------------------- Received aggregated global model from the server -------------------------
2023-03-29 18:16:20,899 : [INFO]  ------------------------- Batch 6 training: round 3 -------------------------
2023-03-29 18:16:21,735 : [WARNING]  Early stopping conditioned on metric `val_acc` which is not available. Available metrics are: loss,binary_accuracy,recall_6,auc_6,precision_6,val_loss,val_binary_accuracy,val_recall_6,val_auc_6,val_precision_6
2023-03-29 18:16:22,286 : [WARNING]  Early stopping conditioned on metric `val_acc` which is not available. Available metrics are: loss,binary_accuracy,recall_6,auc_6,precision_6,val_loss,val_binary_accuracy,val_recall_6,val_auc_6,val_precision_6
2023-03-29 18:16:22,843 : [WARNING]  Early stopping conditioned on metric `val_acc` which is not available. Available metrics are: loss,binary_accuracy,recall_6,auc_6,precision_6,val_loss,val_binary_accuracy,val_recall_6,val_auc_6,val_precision_6
2023-03-29 18:16:23,399 : [WARNING]  Early stopping conditioned on metric `val_acc` which is not available. Available metrics are: loss,binary_accuracy,recall_6,auc_6,precision_6,val_loss,val_binary_accuracy,val_recall_6,val_auc_6,val_precision_6
2023-03-29 18:16:24,290 : [WARNING]  Early stopping conditioned on metric `val_acc` which is not available. Available metrics are: loss,binary_accuracy,recall_6,auc_6,precision_6,val_loss,val_binary_accuracy,val_recall_6,val_auc_6,val_precision_6
2023-03-29 18:16:24,993 : [WARNING]  Early stopping conditioned on metric `val_acc` which is not available. Available metrics are: loss,binary_accuracy,recall_6,auc_6,precision_6,val_loss,val_binary_accuracy,val_recall_6,val_auc_6,val_precision_6
2023-03-29 18:16:25,655 : [WARNING]  Early stopping conditioned on metric `val_acc` which is not available. Available metrics are: loss,binary_accuracy,recall_6,auc_6,precision_6,val_loss,val_binary_accuracy,val_recall_6,val_auc_6,val_precision_6
2023-03-29 18:16:26,282 : [WARNING]  Early stopping conditioned on metric `val_acc` which is not available. Available metrics are: loss,binary_accuracy,recall_6,auc_6,precision_6,val_loss,val_binary_accuracy,val_recall_6,val_auc_6,val_precision_6
2023-03-29 18:16:26,285 : [INFO]  ------------------------- Batch round 3, loss: 0.4522 -------------------------
2023-03-29 18:16:26,285 : [INFO]  ------------------------- Batch 6, round 3: Sent local model to the server -------------------------
2023-03-29 18:16:26,815 : [INFO]  ------------------------- Received aggregated global model from the server -------------------------
2023-03-29 18:16:26,819 : [INFO]  Batch number 6 model fetched from the server
2023-03-29 18:16:26,819 : [INFO]  ################ Batch 6: final global model evalution after 3 rounds ################
2023-03-29 18:16:37,898 : [INFO]  Batch 6: Training set : loss - 0.4517, accuracy - 0.8125, recall - 0.9167, AUC - 0.8897, F1 - 0.834, precision - 0.765, training time - -24.0 seconds
2023-03-29 18:16:37,899 : [INFO]  Batch 6: Testing set : loss - 0.5287, accuracy - 0.8268, recall - 0.9314, AUC - 0.9009, F1 - 0.8454, precision - 0.774
2023-03-29 18:16:37,904 : [INFO]  Batch 7 initialized 
2023-03-29 18:16:39,425 : [INFO]  ------------------------- Batch 7 training: round 1 -------------------------
2023-03-29 18:16:42,734 : [WARNING]  Early stopping conditioned on metric `val_acc` which is not available. Available metrics are: loss,binary_accuracy,recall_7,auc_7,precision_7,val_loss,val_binary_accuracy,val_recall_7,val_auc_7,val_precision_7
2023-03-29 18:16:43,304 : [WARNING]  Early stopping conditioned on metric `val_acc` which is not available. Available metrics are: loss,binary_accuracy,recall_7,auc_7,precision_7,val_loss,val_binary_accuracy,val_recall_7,val_auc_7,val_precision_7
2023-03-29 18:16:44,124 : [WARNING]  Early stopping conditioned on metric `val_acc` which is not available. Available metrics are: loss,binary_accuracy,recall_7,auc_7,precision_7,val_loss,val_binary_accuracy,val_recall_7,val_auc_7,val_precision_7
2023-03-29 18:16:44,810 : [WARNING]  Early stopping conditioned on metric `val_acc` which is not available. Available metrics are: loss,binary_accuracy,recall_7,auc_7,precision_7,val_loss,val_binary_accuracy,val_recall_7,val_auc_7,val_precision_7
2023-03-29 18:16:48,537 : [WARNING]  Early stopping conditioned on metric `val_acc` which is not available. Available metrics are: loss,binary_accuracy,recall_7,auc_7,precision_7,val_loss,val_binary_accuracy,val_recall_7,val_auc_7,val_precision_7
2023-03-29 18:16:49,213 : [WARNING]  Early stopping conditioned on metric `val_acc` which is not available. Available metrics are: loss,binary_accuracy,recall_7,auc_7,precision_7,val_loss,val_binary_accuracy,val_recall_7,val_auc_7,val_precision_7
2023-03-29 18:16:49,762 : [WARNING]  Early stopping conditioned on metric `val_acc` which is not available. Available metrics are: loss,binary_accuracy,recall_7,auc_7,precision_7,val_loss,val_binary_accuracy,val_recall_7,val_auc_7,val_precision_7
2023-03-29 18:16:50,438 : [WARNING]  Early stopping conditioned on metric `val_acc` which is not available. Available metrics are: loss,binary_accuracy,recall_7,auc_7,precision_7,val_loss,val_binary_accuracy,val_recall_7,val_auc_7,val_precision_7
2023-03-29 18:16:50,442 : [INFO]  ------------------------- Batch round 1, loss: 0.4542 -------------------------
2023-03-29 18:16:50,442 : [INFO]  ------------------------- Batch 7, round 1: Sent local model to the server -------------------------
2023-03-29 18:16:50,882 : [INFO]  ------------------------- Received aggregated global model from the server -------------------------
2023-03-29 18:16:50,885 : [INFO]  ------------------------- Batch 7 training: round 2 -------------------------
2023-03-29 18:16:51,860 : [WARNING]  Early stopping conditioned on metric `val_acc` which is not available. Available metrics are: loss,binary_accuracy,recall_7,auc_7,precision_7,val_loss,val_binary_accuracy,val_recall_7,val_auc_7,val_precision_7
2023-03-29 18:16:52,456 : [WARNING]  Early stopping conditioned on metric `val_acc` which is not available. Available metrics are: loss,binary_accuracy,recall_7,auc_7,precision_7,val_loss,val_binary_accuracy,val_recall_7,val_auc_7,val_precision_7
2023-03-29 18:16:53,213 : [WARNING]  Early stopping conditioned on metric `val_acc` which is not available. Available metrics are: loss,binary_accuracy,recall_7,auc_7,precision_7,val_loss,val_binary_accuracy,val_recall_7,val_auc_7,val_precision_7
2023-03-29 18:16:53,885 : [WARNING]  Early stopping conditioned on metric `val_acc` which is not available. Available metrics are: loss,binary_accuracy,recall_7,auc_7,precision_7,val_loss,val_binary_accuracy,val_recall_7,val_auc_7,val_precision_7
2023-03-29 18:16:54,734 : [WARNING]  Early stopping conditioned on metric `val_acc` which is not available. Available metrics are: loss,binary_accuracy,recall_7,auc_7,precision_7,val_loss,val_binary_accuracy,val_recall_7,val_auc_7,val_precision_7
2023-03-29 18:16:55,396 : [WARNING]  Early stopping conditioned on metric `val_acc` which is not available. Available metrics are: loss,binary_accuracy,recall_7,auc_7,precision_7,val_loss,val_binary_accuracy,val_recall_7,val_auc_7,val_precision_7
2023-03-29 18:16:55,974 : [WARNING]  Early stopping conditioned on metric `val_acc` which is not available. Available metrics are: loss,binary_accuracy,recall_7,auc_7,precision_7,val_loss,val_binary_accuracy,val_recall_7,val_auc_7,val_precision_7
2023-03-29 18:16:56,553 : [WARNING]  Early stopping conditioned on metric `val_acc` which is not available. Available metrics are: loss,binary_accuracy,recall_7,auc_7,precision_7,val_loss,val_binary_accuracy,val_recall_7,val_auc_7,val_precision_7
2023-03-29 18:16:56,557 : [INFO]  ------------------------- Batch round 2, loss: 0.2599 -------------------------
2023-03-29 18:16:56,557 : [INFO]  ------------------------- Batch 7, round 2: Sent local model to the server -------------------------
2023-03-29 18:16:56,630 : [INFO]  ------------------------- Received aggregated global model from the server -------------------------
2023-03-29 18:16:56,635 : [INFO]  ------------------------- Batch 7 training: round 3 -------------------------
2023-03-29 18:16:57,396 : [WARNING]  Early stopping conditioned on metric `val_acc` which is not available. Available metrics are: loss,binary_accuracy,recall_7,auc_7,precision_7,val_loss,val_binary_accuracy,val_recall_7,val_auc_7,val_precision_7
2023-03-29 18:16:57,942 : [WARNING]  Early stopping conditioned on metric `val_acc` which is not available. Available metrics are: loss,binary_accuracy,recall_7,auc_7,precision_7,val_loss,val_binary_accuracy,val_recall_7,val_auc_7,val_precision_7
2023-03-29 18:16:58,488 : [WARNING]  Early stopping conditioned on metric `val_acc` which is not available. Available metrics are: loss,binary_accuracy,recall_7,auc_7,precision_7,val_loss,val_binary_accuracy,val_recall_7,val_auc_7,val_precision_7
2023-03-29 18:16:59,067 : [WARNING]  Early stopping conditioned on metric `val_acc` which is not available. Available metrics are: loss,binary_accuracy,recall_7,auc_7,precision_7,val_loss,val_binary_accuracy,val_recall_7,val_auc_7,val_precision_7
2023-03-29 18:16:59,840 : [WARNING]  Early stopping conditioned on metric `val_acc` which is not available. Available metrics are: loss,binary_accuracy,recall_7,auc_7,precision_7,val_loss,val_binary_accuracy,val_recall_7,val_auc_7,val_precision_7
2023-03-29 18:17:00,413 : [WARNING]  Early stopping conditioned on metric `val_acc` which is not available. Available metrics are: loss,binary_accuracy,recall_7,auc_7,precision_7,val_loss,val_binary_accuracy,val_recall_7,val_auc_7,val_precision_7
2023-03-29 18:17:00,987 : [WARNING]  Early stopping conditioned on metric `val_acc` which is not available. Available metrics are: loss,binary_accuracy,recall_7,auc_7,precision_7,val_loss,val_binary_accuracy,val_recall_7,val_auc_7,val_precision_7
2023-03-29 18:17:02,714 : [WARNING]  Early stopping conditioned on metric `val_acc` which is not available. Available metrics are: loss,binary_accuracy,recall_7,auc_7,precision_7,val_loss,val_binary_accuracy,val_recall_7,val_auc_7,val_precision_7
2023-03-29 18:17:02,727 : [INFO]  ------------------------- Batch round 3, loss: 0.259 -------------------------
2023-03-29 18:17:02,727 : [INFO]  ------------------------- Batch 7, round 3: Sent local model to the server -------------------------
2023-03-29 18:17:02,751 : [INFO]  ------------------------- Received aggregated global model from the server -------------------------
2023-03-29 18:17:02,773 : [INFO]  Batch number 7 model fetched from the server
2023-03-29 18:17:02,774 : [INFO]  ################ Batch 7: final global model evalution after 3 rounds ################
2023-03-29 18:17:15,179 : [INFO]  Batch 7: Training set : loss - 0.3392, accuracy - 0.8773, recall - 0.9303, AUC - 0.9452, F1 - 0.8834, precision - 0.8411, training time - -23.0 seconds
2023-03-29 18:17:15,179 : [INFO]  Batch 7: Testing set : loss - 0.5619, accuracy - 0.828, recall - 0.9346, AUC - 0.8793, F1 - 0.8446, precision - 0.7704
2023-03-29 18:17:15,183 : [INFO]  Batch 8 initialized 
2023-03-29 18:17:16,513 : [INFO]  ------------------------- Batch 8 training: round 1 -------------------------
