2023-03-29 15:07:45,858 : [WARNING]  ####################################### New Training Session: Client 1 #######################################
2023-03-29 15:07:45,858 : [INFO]  Client started, graph name wikipedia, graph ID 1, partition ID 1, training epochs 3, epochs 3
2023-03-29 15:07:49,406 : [INFO]  Model initialized for training
2023-03-29 15:07:53,310 : [INFO]  Number of training examples - 1842, Number of testing examples - 2046
2023-03-29 15:07:53,311 : [INFO]  Connected to the server
2023-03-29 15:07:53,405 : [INFO]  Distributed training for streaming graphs started!
2023-03-29 15:07:53,406 : [INFO]  ------------------------- Received aggregated global model from the server -------------------------
2023-03-29 15:07:53,417 : [INFO]  ################################## Initial model training started ##################################
2023-03-29 15:07:53,417 : [INFO]  ------------------------- Initial model training: round 1 -------------------------
2023-03-29 15:08:01,602 : [WARNING]  Early stopping conditioned on metric `val_acc` which is not available. Available metrics are: loss,binary_accuracy,recall,auc,precision,val_loss,val_binary_accuracy,val_recall,val_auc,val_precision
2023-03-29 15:08:06,356 : [WARNING]  Early stopping conditioned on metric `val_acc` which is not available. Available metrics are: loss,binary_accuracy,recall,auc,precision,val_loss,val_binary_accuracy,val_recall,val_auc,val_precision
2023-03-29 15:08:10,971 : [WARNING]  Early stopping conditioned on metric `val_acc` which is not available. Available metrics are: loss,binary_accuracy,recall,auc,precision,val_loss,val_binary_accuracy,val_recall,val_auc,val_precision
2023-03-29 15:08:19,157 : [WARNING]  Early stopping conditioned on metric `val_acc` which is not available. Available metrics are: loss,binary_accuracy,recall,auc,precision,val_loss,val_binary_accuracy,val_recall,val_auc,val_precision
2023-03-29 15:08:23,999 : [WARNING]  Early stopping conditioned on metric `val_acc` which is not available. Available metrics are: loss,binary_accuracy,recall,auc,precision,val_loss,val_binary_accuracy,val_recall,val_auc,val_precision
2023-03-29 15:08:28,468 : [WARNING]  Early stopping conditioned on metric `val_acc` which is not available. Available metrics are: loss,binary_accuracy,recall,auc,precision,val_loss,val_binary_accuracy,val_recall,val_auc,val_precision
2023-03-29 15:08:28,476 : [INFO]  ------------------------- Training round 1, loss: 0.6215 -------------------------
2023-03-29 15:08:28,476 : [INFO]  ------------------------- Training, round 1: Sent local model to the server -------------------------
2023-03-29 15:08:28,482 : [INFO]  ------------------------- Received aggregated global model from the server -------------------------
2023-03-29 15:08:28,485 : [INFO]  ------------------------- Initial model training: round 2 -------------------------
2023-03-29 15:08:33,933 : [WARNING]  Early stopping conditioned on metric `val_acc` which is not available. Available metrics are: loss,binary_accuracy,recall,auc,precision,val_loss,val_binary_accuracy,val_recall,val_auc,val_precision
2023-03-29 15:08:39,031 : [WARNING]  Early stopping conditioned on metric `val_acc` which is not available. Available metrics are: loss,binary_accuracy,recall,auc,precision,val_loss,val_binary_accuracy,val_recall,val_auc,val_precision
2023-03-29 15:08:43,715 : [WARNING]  Early stopping conditioned on metric `val_acc` which is not available. Available metrics are: loss,binary_accuracy,recall,auc,precision,val_loss,val_binary_accuracy,val_recall,val_auc,val_precision
2023-03-29 15:08:50,083 : [WARNING]  Early stopping conditioned on metric `val_acc` which is not available. Available metrics are: loss,binary_accuracy,recall,auc,precision,val_loss,val_binary_accuracy,val_recall,val_auc,val_precision
2023-03-29 15:08:54,955 : [WARNING]  Early stopping conditioned on metric `val_acc` which is not available. Available metrics are: loss,binary_accuracy,recall,auc,precision,val_loss,val_binary_accuracy,val_recall,val_auc,val_precision
2023-03-29 15:08:59,770 : [WARNING]  Early stopping conditioned on metric `val_acc` which is not available. Available metrics are: loss,binary_accuracy,recall,auc,precision,val_loss,val_binary_accuracy,val_recall,val_auc,val_precision
2023-03-29 15:08:59,774 : [INFO]  ------------------------- Training round 2, loss: 0.5057 -------------------------
2023-03-29 15:08:59,775 : [INFO]  ------------------------- Training, round 2: Sent local model to the server -------------------------
2023-03-29 15:08:59,780 : [INFO]  ------------------------- Received aggregated global model from the server -------------------------
2023-03-29 15:08:59,783 : [INFO]  ------------------------- Initial model training: round 3 -------------------------
2023-03-29 15:09:05,523 : [WARNING]  Early stopping conditioned on metric `val_acc` which is not available. Available metrics are: loss,binary_accuracy,recall,auc,precision,val_loss,val_binary_accuracy,val_recall,val_auc,val_precision
2023-03-29 15:09:10,325 : [WARNING]  Early stopping conditioned on metric `val_acc` which is not available. Available metrics are: loss,binary_accuracy,recall,auc,precision,val_loss,val_binary_accuracy,val_recall,val_auc,val_precision
2023-03-29 15:09:17,736 : [WARNING]  Early stopping conditioned on metric `val_acc` which is not available. Available metrics are: loss,binary_accuracy,recall,auc,precision,val_loss,val_binary_accuracy,val_recall,val_auc,val_precision
2023-03-29 15:09:24,858 : [WARNING]  Early stopping conditioned on metric `val_acc` which is not available. Available metrics are: loss,binary_accuracy,recall,auc,precision,val_loss,val_binary_accuracy,val_recall,val_auc,val_precision
2023-03-29 15:09:30,916 : [WARNING]  Early stopping conditioned on metric `val_acc` which is not available. Available metrics are: loss,binary_accuracy,recall,auc,precision,val_loss,val_binary_accuracy,val_recall,val_auc,val_precision
2023-03-29 15:09:35,326 : [WARNING]  Early stopping conditioned on metric `val_acc` which is not available. Available metrics are: loss,binary_accuracy,recall,auc,precision,val_loss,val_binary_accuracy,val_recall,val_auc,val_precision
2023-03-29 15:09:35,330 : [INFO]  ------------------------- Training round 3, loss: 0.5395 -------------------------
2023-03-29 15:09:35,330 : [INFO]  ------------------------- Training, round 3: Sent local model to the server -------------------------
2023-03-29 15:09:35,335 : [INFO]  ------------------------- Received aggregated global model from the server -------------------------
2023-03-29 15:09:35,339 : [INFO]  ------------------------- Initial model training: round 4 -------------------------
2023-03-29 15:09:40,272 : [WARNING]  Early stopping conditioned on metric `val_acc` which is not available. Available metrics are: loss,binary_accuracy,recall,auc,precision,val_loss,val_binary_accuracy,val_recall,val_auc,val_precision
2023-03-29 15:09:47,013 : [WARNING]  Early stopping conditioned on metric `val_acc` which is not available. Available metrics are: loss,binary_accuracy,recall,auc,precision,val_loss,val_binary_accuracy,val_recall,val_auc,val_precision
2023-03-29 15:09:53,255 : [WARNING]  Early stopping conditioned on metric `val_acc` which is not available. Available metrics are: loss,binary_accuracy,recall,auc,precision,val_loss,val_binary_accuracy,val_recall,val_auc,val_precision
2023-03-29 15:09:59,655 : [WARNING]  Early stopping conditioned on metric `val_acc` which is not available. Available metrics are: loss,binary_accuracy,recall,auc,precision,val_loss,val_binary_accuracy,val_recall,val_auc,val_precision
2023-03-29 15:10:07,414 : [WARNING]  Early stopping conditioned on metric `val_acc` which is not available. Available metrics are: loss,binary_accuracy,recall,auc,precision,val_loss,val_binary_accuracy,val_recall,val_auc,val_precision
2023-03-29 15:10:12,097 : [WARNING]  Early stopping conditioned on metric `val_acc` which is not available. Available metrics are: loss,binary_accuracy,recall,auc,precision,val_loss,val_binary_accuracy,val_recall,val_auc,val_precision
2023-03-29 15:10:12,116 : [INFO]  ------------------------- Training round 4, loss: 0.4826 -------------------------
2023-03-29 15:10:12,116 : [INFO]  ------------------------- Training, round 4: Sent local model to the server -------------------------
2023-03-29 15:10:12,127 : [INFO]  ------------------------- Received aggregated global model from the server -------------------------
2023-03-29 15:10:12,135 : [INFO]  ------------------------- Initial model training: round 5 -------------------------
2023-03-29 15:10:19,818 : [WARNING]  Early stopping conditioned on metric `val_acc` which is not available. Available metrics are: loss,binary_accuracy,recall,auc,precision,val_loss,val_binary_accuracy,val_recall,val_auc,val_precision
2023-03-29 15:10:25,921 : [WARNING]  Early stopping conditioned on metric `val_acc` which is not available. Available metrics are: loss,binary_accuracy,recall,auc,precision,val_loss,val_binary_accuracy,val_recall,val_auc,val_precision
2023-03-29 15:10:32,450 : [WARNING]  Early stopping conditioned on metric `val_acc` which is not available. Available metrics are: loss,binary_accuracy,recall,auc,precision,val_loss,val_binary_accuracy,val_recall,val_auc,val_precision
2023-03-29 15:10:39,197 : [WARNING]  Early stopping conditioned on metric `val_acc` which is not available. Available metrics are: loss,binary_accuracy,recall,auc,precision,val_loss,val_binary_accuracy,val_recall,val_auc,val_precision
2023-03-29 15:10:45,100 : [WARNING]  Early stopping conditioned on metric `val_acc` which is not available. Available metrics are: loss,binary_accuracy,recall,auc,precision,val_loss,val_binary_accuracy,val_recall,val_auc,val_precision
2023-03-29 15:10:53,796 : [WARNING]  Early stopping conditioned on metric `val_acc` which is not available. Available metrics are: loss,binary_accuracy,recall,auc,precision,val_loss,val_binary_accuracy,val_recall,val_auc,val_precision
2023-03-29 15:10:53,800 : [INFO]  ------------------------- Training round 5, loss: 0.4289 -------------------------
2023-03-29 15:10:53,800 : [INFO]  ------------------------- Training, round 5: Sent local model to the server -------------------------
2023-03-29 15:10:53,805 : [INFO]  ------------------------- Received aggregated global model from the server -------------------------
2023-03-29 15:10:53,809 : [INFO]  ------------------------- Initial model training: round 6 -------------------------
2023-03-29 15:11:00,816 : [WARNING]  Early stopping conditioned on metric `val_acc` which is not available. Available metrics are: loss,binary_accuracy,recall,auc,precision,val_loss,val_binary_accuracy,val_recall,val_auc,val_precision
2023-03-29 15:11:05,865 : [WARNING]  Early stopping conditioned on metric `val_acc` which is not available. Available metrics are: loss,binary_accuracy,recall,auc,precision,val_loss,val_binary_accuracy,val_recall,val_auc,val_precision
2023-03-29 15:11:10,900 : [WARNING]  Early stopping conditioned on metric `val_acc` which is not available. Available metrics are: loss,binary_accuracy,recall,auc,precision,val_loss,val_binary_accuracy,val_recall,val_auc,val_precision
2023-03-29 15:11:16,752 : [WARNING]  Early stopping conditioned on metric `val_acc` which is not available. Available metrics are: loss,binary_accuracy,recall,auc,precision,val_loss,val_binary_accuracy,val_recall,val_auc,val_precision
2023-03-29 15:11:21,693 : [WARNING]  Early stopping conditioned on metric `val_acc` which is not available. Available metrics are: loss,binary_accuracy,recall,auc,precision,val_loss,val_binary_accuracy,val_recall,val_auc,val_precision
2023-03-29 15:11:26,518 : [WARNING]  Early stopping conditioned on metric `val_acc` which is not available. Available metrics are: loss,binary_accuracy,recall,auc,precision,val_loss,val_binary_accuracy,val_recall,val_auc,val_precision
2023-03-29 15:11:26,523 : [INFO]  ------------------------- Training round 6, loss: 0.4866 -------------------------
2023-03-29 15:11:26,523 : [INFO]  ------------------------- Training, round 6: Sent local model to the server -------------------------
2023-03-29 15:11:26,528 : [INFO]  ------------------------- Received aggregated global model from the server -------------------------
2023-03-29 15:11:26,531 : [INFO]  ################ Initial trained model: Final global model evalution after 6 rounds ################
2023-03-29 15:13:53,275 : [INFO]  Initially trained model: Training set : loss - 0.45, accuracy - 0.81, recall - 0.92, AUC - 0.9, F1 - 0.83, precision - 0.75, training time - -213.0 seconds
2023-03-29 15:13:53,275 : [INFO]  Initially trained model: Testing set : loss - 0.43, accuracy - 0.81, recall - 0.92, AUC - 0.9, F1 - 0.83, precision - 0.76
2023-03-29 15:13:53,286 : [INFO]  Batch 1 initialized 
2023-03-29 15:13:54,411 : [INFO]  ################################## Next batch processing started: transfer learning is ON ##################################
2023-03-29 15:13:54,411 : [INFO]  ------------------------- Batch 1 training: round 1 -------------------------
2023-03-29 15:13:58,259 : [WARNING]  Early stopping conditioned on metric `val_acc` which is not available. Available metrics are: loss,binary_accuracy,recall_1,auc_1,precision_1,val_loss,val_binary_accuracy,val_recall_1,val_auc_1,val_precision_1
2023-03-29 15:13:58,827 : [WARNING]  Early stopping conditioned on metric `val_acc` which is not available. Available metrics are: loss,binary_accuracy,recall_1,auc_1,precision_1,val_loss,val_binary_accuracy,val_recall_1,val_auc_1,val_precision_1
2023-03-29 15:13:59,488 : [WARNING]  Early stopping conditioned on metric `val_acc` which is not available. Available metrics are: loss,binary_accuracy,recall_1,auc_1,precision_1,val_loss,val_binary_accuracy,val_recall_1,val_auc_1,val_precision_1
2023-03-29 15:14:02,318 : [WARNING]  Early stopping conditioned on metric `val_acc` which is not available. Available metrics are: loss,binary_accuracy,recall_1,auc_1,precision_1,val_loss,val_binary_accuracy,val_recall_1,val_auc_1,val_precision_1
2023-03-29 15:14:02,715 : [WARNING]  Early stopping conditioned on metric `val_acc` which is not available. Available metrics are: loss,binary_accuracy,recall_1,auc_1,precision_1,val_loss,val_binary_accuracy,val_recall_1,val_auc_1,val_precision_1
2023-03-29 15:14:03,117 : [WARNING]  Early stopping conditioned on metric `val_acc` which is not available. Available metrics are: loss,binary_accuracy,recall_1,auc_1,precision_1,val_loss,val_binary_accuracy,val_recall_1,val_auc_1,val_precision_1
2023-03-29 15:14:03,120 : [INFO]  ------------------------- Batch round 1, loss: 0.389 -------------------------
2023-03-29 15:14:03,121 : [INFO]  ------------------------- Batch 1, round 1: Sent local model to the server -------------------------
2023-03-29 15:14:03,126 : [INFO]  ------------------------- Received aggregated global model from the server -------------------------
2023-03-29 15:14:03,129 : [INFO]  ------------------------- Batch 1 training: round 2 -------------------------
2023-03-29 15:14:03,971 : [WARNING]  Early stopping conditioned on metric `val_acc` which is not available. Available metrics are: loss,binary_accuracy,recall_1,auc_1,precision_1,val_loss,val_binary_accuracy,val_recall_1,val_auc_1,val_precision_1
2023-03-29 15:14:04,638 : [WARNING]  Early stopping conditioned on metric `val_acc` which is not available. Available metrics are: loss,binary_accuracy,recall_1,auc_1,precision_1,val_loss,val_binary_accuracy,val_recall_1,val_auc_1,val_precision_1
2023-03-29 15:14:05,288 : [WARNING]  Early stopping conditioned on metric `val_acc` which is not available. Available metrics are: loss,binary_accuracy,recall_1,auc_1,precision_1,val_loss,val_binary_accuracy,val_recall_1,val_auc_1,val_precision_1
2023-03-29 15:14:06,988 : [WARNING]  Early stopping conditioned on metric `val_acc` which is not available. Available metrics are: loss,binary_accuracy,recall_1,auc_1,precision_1,val_loss,val_binary_accuracy,val_recall_1,val_auc_1,val_precision_1
2023-03-29 15:14:07,609 : [WARNING]  Early stopping conditioned on metric `val_acc` which is not available. Available metrics are: loss,binary_accuracy,recall_1,auc_1,precision_1,val_loss,val_binary_accuracy,val_recall_1,val_auc_1,val_precision_1
2023-03-29 15:14:08,126 : [WARNING]  Early stopping conditioned on metric `val_acc` which is not available. Available metrics are: loss,binary_accuracy,recall_1,auc_1,precision_1,val_loss,val_binary_accuracy,val_recall_1,val_auc_1,val_precision_1
2023-03-29 15:14:08,129 : [INFO]  ------------------------- Batch round 2, loss: 0.3634 -------------------------
2023-03-29 15:14:08,130 : [INFO]  ------------------------- Batch 1, round 2: Sent local model to the server -------------------------
2023-03-29 15:14:08,183 : [INFO]  ------------------------- Received aggregated global model from the server -------------------------
2023-03-29 15:14:08,193 : [INFO]  ------------------------- Batch 1 training: round 3 -------------------------
2023-03-29 15:14:09,010 : [WARNING]  Early stopping conditioned on metric `val_acc` which is not available. Available metrics are: loss,binary_accuracy,recall_1,auc_1,precision_1,val_loss,val_binary_accuracy,val_recall_1,val_auc_1,val_precision_1
2023-03-29 15:14:09,615 : [WARNING]  Early stopping conditioned on metric `val_acc` which is not available. Available metrics are: loss,binary_accuracy,recall_1,auc_1,precision_1,val_loss,val_binary_accuracy,val_recall_1,val_auc_1,val_precision_1
2023-03-29 15:14:10,313 : [WARNING]  Early stopping conditioned on metric `val_acc` which is not available. Available metrics are: loss,binary_accuracy,recall_1,auc_1,precision_1,val_loss,val_binary_accuracy,val_recall_1,val_auc_1,val_precision_1
2023-03-29 15:14:11,397 : [WARNING]  Early stopping conditioned on metric `val_acc` which is not available. Available metrics are: loss,binary_accuracy,recall_1,auc_1,precision_1,val_loss,val_binary_accuracy,val_recall_1,val_auc_1,val_precision_1
2023-03-29 15:14:12,351 : [WARNING]  Early stopping conditioned on metric `val_acc` which is not available. Available metrics are: loss,binary_accuracy,recall_1,auc_1,precision_1,val_loss,val_binary_accuracy,val_recall_1,val_auc_1,val_precision_1
2023-03-29 15:14:13,015 : [WARNING]  Early stopping conditioned on metric `val_acc` which is not available. Available metrics are: loss,binary_accuracy,recall_1,auc_1,precision_1,val_loss,val_binary_accuracy,val_recall_1,val_auc_1,val_precision_1
2023-03-29 15:14:13,019 : [INFO]  ------------------------- Batch round 3, loss: 0.4296 -------------------------
2023-03-29 15:14:13,019 : [INFO]  ------------------------- Batch 1, round 3: Sent local model to the server -------------------------
2023-03-29 15:14:13,080 : [INFO]  ------------------------- Received aggregated global model from the server -------------------------
2023-03-29 15:14:13,091 : [INFO]  Batch number 1 model fetched from the server
2023-03-29 15:14:13,092 : [INFO]  ################ Batch 1: final global model evalution after 3 rounds ################
2023-03-29 15:14:31,401 : [INFO]  Batch 1: Training set : loss - 0.3717, accuracy - 0.8521, recall - 0.9244, AUC - 0.9223, F1 - 0.8622, precision - 0.8078, training time - -19.0 seconds
2023-03-29 15:14:31,401 : [INFO]  Batch 1: Testing set : loss - 0.5392, accuracy - 0.847, recall - 0.933, AUC - 0.9061, F1 - 0.8592, precision - 0.7962
2023-03-29 15:14:31,409 : [INFO]  Batch 2 initialized 
2023-03-29 15:14:33,981 : [INFO]  ------------------------- Batch 2 training: round 1 -------------------------
2023-03-29 15:14:36,855 : [WARNING]  Early stopping conditioned on metric `val_acc` which is not available. Available metrics are: loss,binary_accuracy,recall_2,auc_2,precision_2,val_loss,val_binary_accuracy,val_recall_2,val_auc_2,val_precision_2
2023-03-29 15:14:37,335 : [WARNING]  Early stopping conditioned on metric `val_acc` which is not available. Available metrics are: loss,binary_accuracy,recall_2,auc_2,precision_2,val_loss,val_binary_accuracy,val_recall_2,val_auc_2,val_precision_2
2023-03-29 15:14:37,830 : [WARNING]  Early stopping conditioned on metric `val_acc` which is not available. Available metrics are: loss,binary_accuracy,recall_2,auc_2,precision_2,val_loss,val_binary_accuracy,val_recall_2,val_auc_2,val_precision_2
2023-03-29 15:14:40,971 : [WARNING]  Early stopping conditioned on metric `val_acc` which is not available. Available metrics are: loss,binary_accuracy,recall_2,auc_2,precision_2,val_loss,val_binary_accuracy,val_recall_2,val_auc_2,val_precision_2
2023-03-29 15:14:41,371 : [WARNING]  Early stopping conditioned on metric `val_acc` which is not available. Available metrics are: loss,binary_accuracy,recall_2,auc_2,precision_2,val_loss,val_binary_accuracy,val_recall_2,val_auc_2,val_precision_2
2023-03-29 15:14:41,754 : [WARNING]  Early stopping conditioned on metric `val_acc` which is not available. Available metrics are: loss,binary_accuracy,recall_2,auc_2,precision_2,val_loss,val_binary_accuracy,val_recall_2,val_auc_2,val_precision_2
2023-03-29 15:14:41,758 : [INFO]  ------------------------- Batch round 1, loss: 0.4897 -------------------------
2023-03-29 15:14:41,758 : [INFO]  ------------------------- Batch 2, round 1: Sent local model to the server -------------------------
2023-03-29 15:14:41,766 : [INFO]  ------------------------- Received aggregated global model from the server -------------------------
2023-03-29 15:14:41,769 : [INFO]  ------------------------- Batch 2 training: round 2 -------------------------
2023-03-29 15:14:42,411 : [WARNING]  Early stopping conditioned on metric `val_acc` which is not available. Available metrics are: loss,binary_accuracy,recall_2,auc_2,precision_2,val_loss,val_binary_accuracy,val_recall_2,val_auc_2,val_precision_2
2023-03-29 15:14:42,887 : [WARNING]  Early stopping conditioned on metric `val_acc` which is not available. Available metrics are: loss,binary_accuracy,recall_2,auc_2,precision_2,val_loss,val_binary_accuracy,val_recall_2,val_auc_2,val_precision_2
2023-03-29 15:14:43,357 : [WARNING]  Early stopping conditioned on metric `val_acc` which is not available. Available metrics are: loss,binary_accuracy,recall_2,auc_2,precision_2,val_loss,val_binary_accuracy,val_recall_2,val_auc_2,val_precision_2
2023-03-29 15:14:44,078 : [WARNING]  Early stopping conditioned on metric `val_acc` which is not available. Available metrics are: loss,binary_accuracy,recall_2,auc_2,precision_2,val_loss,val_binary_accuracy,val_recall_2,val_auc_2,val_precision_2
2023-03-29 15:14:44,547 : [WARNING]  Early stopping conditioned on metric `val_acc` which is not available. Available metrics are: loss,binary_accuracy,recall_2,auc_2,precision_2,val_loss,val_binary_accuracy,val_recall_2,val_auc_2,val_precision_2
2023-03-29 15:14:45,015 : [WARNING]  Early stopping conditioned on metric `val_acc` which is not available. Available metrics are: loss,binary_accuracy,recall_2,auc_2,precision_2,val_loss,val_binary_accuracy,val_recall_2,val_auc_2,val_precision_2
2023-03-29 15:14:45,018 : [INFO]  ------------------------- Batch round 2, loss: 0.4643 -------------------------
2023-03-29 15:14:45,018 : [INFO]  ------------------------- Batch 2, round 2: Sent local model to the server -------------------------
2023-03-29 15:14:45,024 : [INFO]  ------------------------- Received aggregated global model from the server -------------------------
2023-03-29 15:14:45,028 : [INFO]  ------------------------- Batch 2 training: round 3 -------------------------
2023-03-29 15:14:45,710 : [WARNING]  Early stopping conditioned on metric `val_acc` which is not available. Available metrics are: loss,binary_accuracy,recall_2,auc_2,precision_2,val_loss,val_binary_accuracy,val_recall_2,val_auc_2,val_precision_2
2023-03-29 15:14:46,186 : [WARNING]  Early stopping conditioned on metric `val_acc` which is not available. Available metrics are: loss,binary_accuracy,recall_2,auc_2,precision_2,val_loss,val_binary_accuracy,val_recall_2,val_auc_2,val_precision_2
2023-03-29 15:14:46,747 : [WARNING]  Early stopping conditioned on metric `val_acc` which is not available. Available metrics are: loss,binary_accuracy,recall_2,auc_2,precision_2,val_loss,val_binary_accuracy,val_recall_2,val_auc_2,val_precision_2
2023-03-29 15:14:47,503 : [WARNING]  Early stopping conditioned on metric `val_acc` which is not available. Available metrics are: loss,binary_accuracy,recall_2,auc_2,precision_2,val_loss,val_binary_accuracy,val_recall_2,val_auc_2,val_precision_2
2023-03-29 15:14:48,032 : [WARNING]  Early stopping conditioned on metric `val_acc` which is not available. Available metrics are: loss,binary_accuracy,recall_2,auc_2,precision_2,val_loss,val_binary_accuracy,val_recall_2,val_auc_2,val_precision_2
2023-03-29 15:14:48,554 : [WARNING]  Early stopping conditioned on metric `val_acc` which is not available. Available metrics are: loss,binary_accuracy,recall_2,auc_2,precision_2,val_loss,val_binary_accuracy,val_recall_2,val_auc_2,val_precision_2
2023-03-29 15:14:48,558 : [INFO]  ------------------------- Batch round 3, loss: 0.4561 -------------------------
2023-03-29 15:14:48,558 : [INFO]  ------------------------- Batch 2, round 3: Sent local model to the server -------------------------
2023-03-29 15:14:48,564 : [INFO]  ------------------------- Received aggregated global model from the server -------------------------
2023-03-29 15:14:48,568 : [INFO]  Batch number 2 model fetched from the server
2023-03-29 15:14:48,568 : [INFO]  ################ Batch 2: final global model evalution after 3 rounds ################
2023-03-29 15:15:10,063 : [INFO]  Batch 2: Training set : loss - 0.4951, accuracy - 0.8048, recall - 0.9244, AUC - 0.862, F1 - 0.8257, precision - 0.7461, training time - -15.0 seconds
2023-03-29 15:15:10,064 : [INFO]  Batch 2: Testing set : loss - 0.6097, accuracy - 0.7982, recall - 0.8464, AUC - 0.8615, F1 - 0.8076, precision - 0.7722
2023-03-29 15:15:10,074 : [INFO]  Batch 3 initialized 
2023-03-29 15:15:11,968 : [INFO]  ------------------------- Batch 3 training: round 1 -------------------------
2023-03-29 15:15:14,958 : [WARNING]  Early stopping conditioned on metric `val_acc` which is not available. Available metrics are: loss,binary_accuracy,recall_3,auc_3,precision_3,val_loss,val_binary_accuracy,val_recall_3,val_auc_3,val_precision_3
2023-03-29 15:15:15,502 : [WARNING]  Early stopping conditioned on metric `val_acc` which is not available. Available metrics are: loss,binary_accuracy,recall_3,auc_3,precision_3,val_loss,val_binary_accuracy,val_recall_3,val_auc_3,val_precision_3
2023-03-29 15:15:16,025 : [WARNING]  Early stopping conditioned on metric `val_acc` which is not available. Available metrics are: loss,binary_accuracy,recall_3,auc_3,precision_3,val_loss,val_binary_accuracy,val_recall_3,val_auc_3,val_precision_3
2023-03-29 15:15:19,892 : [WARNING]  Early stopping conditioned on metric `val_acc` which is not available. Available metrics are: loss,binary_accuracy,recall_3,auc_3,precision_3,val_loss,val_binary_accuracy,val_recall_3,val_auc_3,val_precision_3
2023-03-29 15:15:20,318 : [WARNING]  Early stopping conditioned on metric `val_acc` which is not available. Available metrics are: loss,binary_accuracy,recall_3,auc_3,precision_3,val_loss,val_binary_accuracy,val_recall_3,val_auc_3,val_precision_3
2023-03-29 15:15:20,726 : [WARNING]  Early stopping conditioned on metric `val_acc` which is not available. Available metrics are: loss,binary_accuracy,recall_3,auc_3,precision_3,val_loss,val_binary_accuracy,val_recall_3,val_auc_3,val_precision_3
2023-03-29 15:15:20,730 : [INFO]  ------------------------- Batch round 1, loss: 0.4857 -------------------------
2023-03-29 15:15:20,730 : [INFO]  ------------------------- Batch 3, round 1: Sent local model to the server -------------------------
2023-03-29 15:15:20,735 : [INFO]  ------------------------- Received aggregated global model from the server -------------------------
2023-03-29 15:15:20,738 : [INFO]  ------------------------- Batch 3 training: round 2 -------------------------
2023-03-29 15:15:21,415 : [WARNING]  Early stopping conditioned on metric `val_acc` which is not available. Available metrics are: loss,binary_accuracy,recall_3,auc_3,precision_3,val_loss,val_binary_accuracy,val_recall_3,val_auc_3,val_precision_3
2023-03-29 15:15:21,910 : [WARNING]  Early stopping conditioned on metric `val_acc` which is not available. Available metrics are: loss,binary_accuracy,recall_3,auc_3,precision_3,val_loss,val_binary_accuracy,val_recall_3,val_auc_3,val_precision_3
2023-03-29 15:15:22,390 : [WARNING]  Early stopping conditioned on metric `val_acc` which is not available. Available metrics are: loss,binary_accuracy,recall_3,auc_3,precision_3,val_loss,val_binary_accuracy,val_recall_3,val_auc_3,val_precision_3
2023-03-29 15:15:23,474 : [WARNING]  Early stopping conditioned on metric `val_acc` which is not available. Available metrics are: loss,binary_accuracy,recall_3,auc_3,precision_3,val_loss,val_binary_accuracy,val_recall_3,val_auc_3,val_precision_3
2023-03-29 15:15:23,988 : [WARNING]  Early stopping conditioned on metric `val_acc` which is not available. Available metrics are: loss,binary_accuracy,recall_3,auc_3,precision_3,val_loss,val_binary_accuracy,val_recall_3,val_auc_3,val_precision_3
2023-03-29 15:15:24,761 : [WARNING]  Early stopping conditioned on metric `val_acc` which is not available. Available metrics are: loss,binary_accuracy,recall_3,auc_3,precision_3,val_loss,val_binary_accuracy,val_recall_3,val_auc_3,val_precision_3
2023-03-29 15:15:24,765 : [INFO]  ------------------------- Batch round 2, loss: 0.5055 -------------------------
2023-03-29 15:15:24,765 : [INFO]  ------------------------- Batch 3, round 2: Sent local model to the server -------------------------
2023-03-29 15:15:24,772 : [INFO]  ------------------------- Received aggregated global model from the server -------------------------
2023-03-29 15:15:24,776 : [INFO]  ------------------------- Batch 3 training: round 3 -------------------------
2023-03-29 15:15:25,534 : [WARNING]  Early stopping conditioned on metric `val_acc` which is not available. Available metrics are: loss,binary_accuracy,recall_3,auc_3,precision_3,val_loss,val_binary_accuracy,val_recall_3,val_auc_3,val_precision_3
2023-03-29 15:15:26,048 : [WARNING]  Early stopping conditioned on metric `val_acc` which is not available. Available metrics are: loss,binary_accuracy,recall_3,auc_3,precision_3,val_loss,val_binary_accuracy,val_recall_3,val_auc_3,val_precision_3
2023-03-29 15:15:26,515 : [WARNING]  Early stopping conditioned on metric `val_acc` which is not available. Available metrics are: loss,binary_accuracy,recall_3,auc_3,precision_3,val_loss,val_binary_accuracy,val_recall_3,val_auc_3,val_precision_3
2023-03-29 15:15:27,196 : [WARNING]  Early stopping conditioned on metric `val_acc` which is not available. Available metrics are: loss,binary_accuracy,recall_3,auc_3,precision_3,val_loss,val_binary_accuracy,val_recall_3,val_auc_3,val_precision_3
2023-03-29 15:15:27,691 : [WARNING]  Early stopping conditioned on metric `val_acc` which is not available. Available metrics are: loss,binary_accuracy,recall_3,auc_3,precision_3,val_loss,val_binary_accuracy,val_recall_3,val_auc_3,val_precision_3
2023-03-29 15:15:28,195 : [WARNING]  Early stopping conditioned on metric `val_acc` which is not available. Available metrics are: loss,binary_accuracy,recall_3,auc_3,precision_3,val_loss,val_binary_accuracy,val_recall_3,val_auc_3,val_precision_3
2023-03-29 15:15:28,199 : [INFO]  ------------------------- Batch round 3, loss: 0.5403 -------------------------
2023-03-29 15:15:28,199 : [INFO]  ------------------------- Batch 3, round 3: Sent local model to the server -------------------------
2023-03-29 15:15:28,215 : [INFO]  ------------------------- Received aggregated global model from the server -------------------------
2023-03-29 15:15:28,218 : [INFO]  Batch number 3 model fetched from the server
2023-03-29 15:15:28,219 : [INFO]  ################ Batch 3: final global model evalution after 3 rounds ################
2023-03-29 15:15:44,527 : [INFO]  Batch 3: Training set : loss - 0.5075, accuracy - 0.8573, recall - 0.9262, AUC - 0.9019, F1 - 0.8671, precision - 0.8151, training time - -16.0 seconds
2023-03-29 15:15:44,527 : [INFO]  Batch 3: Testing set : loss - 0.6505, accuracy - 0.7962, recall - 0.8574, AUC - 0.8697, F1 - 0.8092, precision - 0.7662
2023-03-29 15:15:44,531 : [INFO]  Batch 4 initialized 
2023-03-29 15:15:45,710 : [INFO]  ------------------------- Batch 4 training: round 1 -------------------------
2023-03-29 15:15:48,940 : [WARNING]  Early stopping conditioned on metric `val_acc` which is not available. Available metrics are: loss,binary_accuracy,recall_4,auc_4,precision_4,val_loss,val_binary_accuracy,val_recall_4,val_auc_4,val_precision_4
2023-03-29 15:15:49,475 : [WARNING]  Early stopping conditioned on metric `val_acc` which is not available. Available metrics are: loss,binary_accuracy,recall_4,auc_4,precision_4,val_loss,val_binary_accuracy,val_recall_4,val_auc_4,val_precision_4
2023-03-29 15:15:49,976 : [WARNING]  Early stopping conditioned on metric `val_acc` which is not available. Available metrics are: loss,binary_accuracy,recall_4,auc_4,precision_4,val_loss,val_binary_accuracy,val_recall_4,val_auc_4,val_precision_4
2023-03-29 15:15:53,833 : [WARNING]  Early stopping conditioned on metric `val_acc` which is not available. Available metrics are: loss,binary_accuracy,recall_4,auc_4,precision_4,val_loss,val_binary_accuracy,val_recall_4,val_auc_4,val_precision_4
2023-03-29 15:15:54,507 : [WARNING]  Early stopping conditioned on metric `val_acc` which is not available. Available metrics are: loss,binary_accuracy,recall_4,auc_4,precision_4,val_loss,val_binary_accuracy,val_recall_4,val_auc_4,val_precision_4
2023-03-29 15:15:55,106 : [WARNING]  Early stopping conditioned on metric `val_acc` which is not available. Available metrics are: loss,binary_accuracy,recall_4,auc_4,precision_4,val_loss,val_binary_accuracy,val_recall_4,val_auc_4,val_precision_4
2023-03-29 15:15:55,110 : [INFO]  ------------------------- Batch round 1, loss: 0.475 -------------------------
2023-03-29 15:15:55,110 : [INFO]  ------------------------- Batch 4, round 1: Sent local model to the server -------------------------
2023-03-29 15:15:55,196 : [INFO]  ------------------------- Received aggregated global model from the server -------------------------
2023-03-29 15:15:55,200 : [INFO]  ------------------------- Batch 4 training: round 2 -------------------------
2023-03-29 15:15:55,995 : [WARNING]  Early stopping conditioned on metric `val_acc` which is not available. Available metrics are: loss,binary_accuracy,recall_4,auc_4,precision_4,val_loss,val_binary_accuracy,val_recall_4,val_auc_4,val_precision_4
2023-03-29 15:15:56,494 : [WARNING]  Early stopping conditioned on metric `val_acc` which is not available. Available metrics are: loss,binary_accuracy,recall_4,auc_4,precision_4,val_loss,val_binary_accuracy,val_recall_4,val_auc_4,val_precision_4
2023-03-29 15:15:57,019 : [WARNING]  Early stopping conditioned on metric `val_acc` which is not available. Available metrics are: loss,binary_accuracy,recall_4,auc_4,precision_4,val_loss,val_binary_accuracy,val_recall_4,val_auc_4,val_precision_4
2023-03-29 15:15:58,210 : [WARNING]  Early stopping conditioned on metric `val_acc` which is not available. Available metrics are: loss,binary_accuracy,recall_4,auc_4,precision_4,val_loss,val_binary_accuracy,val_recall_4,val_auc_4,val_precision_4
2023-03-29 15:15:58,981 : [WARNING]  Early stopping conditioned on metric `val_acc` which is not available. Available metrics are: loss,binary_accuracy,recall_4,auc_4,precision_4,val_loss,val_binary_accuracy,val_recall_4,val_auc_4,val_precision_4
2023-03-29 15:15:59,591 : [WARNING]  Early stopping conditioned on metric `val_acc` which is not available. Available metrics are: loss,binary_accuracy,recall_4,auc_4,precision_4,val_loss,val_binary_accuracy,val_recall_4,val_auc_4,val_precision_4
2023-03-29 15:15:59,595 : [INFO]  ------------------------- Batch round 2, loss: 0.4975 -------------------------
2023-03-29 15:15:59,595 : [INFO]  ------------------------- Batch 4, round 2: Sent local model to the server -------------------------
2023-03-29 15:15:59,602 : [INFO]  ------------------------- Received aggregated global model from the server -------------------------
2023-03-29 15:15:59,605 : [INFO]  ------------------------- Batch 4 training: round 3 -------------------------
2023-03-29 15:16:00,375 : [WARNING]  Early stopping conditioned on metric `val_acc` which is not available. Available metrics are: loss,binary_accuracy,recall_4,auc_4,precision_4,val_loss,val_binary_accuracy,val_recall_4,val_auc_4,val_precision_4
2023-03-29 15:16:00,915 : [WARNING]  Early stopping conditioned on metric `val_acc` which is not available. Available metrics are: loss,binary_accuracy,recall_4,auc_4,precision_4,val_loss,val_binary_accuracy,val_recall_4,val_auc_4,val_precision_4
2023-03-29 15:16:01,439 : [WARNING]  Early stopping conditioned on metric `val_acc` which is not available. Available metrics are: loss,binary_accuracy,recall_4,auc_4,precision_4,val_loss,val_binary_accuracy,val_recall_4,val_auc_4,val_precision_4
2023-03-29 15:16:02,118 : [WARNING]  Early stopping conditioned on metric `val_acc` which is not available. Available metrics are: loss,binary_accuracy,recall_4,auc_4,precision_4,val_loss,val_binary_accuracy,val_recall_4,val_auc_4,val_precision_4
2023-03-29 15:16:02,660 : [WARNING]  Early stopping conditioned on metric `val_acc` which is not available. Available metrics are: loss,binary_accuracy,recall_4,auc_4,precision_4,val_loss,val_binary_accuracy,val_recall_4,val_auc_4,val_precision_4
2023-03-29 15:16:03,175 : [WARNING]  Early stopping conditioned on metric `val_acc` which is not available. Available metrics are: loss,binary_accuracy,recall_4,auc_4,precision_4,val_loss,val_binary_accuracy,val_recall_4,val_auc_4,val_precision_4
2023-03-29 15:16:03,178 : [INFO]  ------------------------- Batch round 3, loss: 0.2947 -------------------------
2023-03-29 15:16:03,178 : [INFO]  ------------------------- Batch 4, round 3: Sent local model to the server -------------------------
2023-03-29 15:16:03,183 : [INFO]  ------------------------- Received aggregated global model from the server -------------------------
2023-03-29 15:16:03,187 : [INFO]  Batch number 4 model fetched from the server
2023-03-29 15:16:03,187 : [INFO]  ################ Batch 4: final global model evalution after 3 rounds ################
2023-03-29 15:16:19,971 : [INFO]  Batch 4: Training set : loss - 0.4623, accuracy - 0.8691, recall - 0.9167, AUC - 0.9202, F1 - 0.875, precision - 0.837, training time - -17.0 seconds
2023-03-29 15:16:19,971 : [INFO]  Batch 4: Testing set : loss - 0.5948, accuracy - 0.8395, recall - 0.9003, AUC - 0.9017, F1 - 0.8487, precision - 0.8027
2023-03-29 15:16:19,977 : [INFO]  Batch 5 initialized 
2023-03-29 15:16:21,108 : [INFO]  ------------------------- Batch 5 training: round 1 -------------------------
2023-03-29 15:16:23,863 : [WARNING]  Early stopping conditioned on metric `val_acc` which is not available. Available metrics are: loss,binary_accuracy,recall_5,auc_5,precision_5,val_loss,val_binary_accuracy,val_recall_5,val_auc_5,val_precision_5
2023-03-29 15:16:24,333 : [WARNING]  Early stopping conditioned on metric `val_acc` which is not available. Available metrics are: loss,binary_accuracy,recall_5,auc_5,precision_5,val_loss,val_binary_accuracy,val_recall_5,val_auc_5,val_precision_5
2023-03-29 15:16:24,930 : [WARNING]  Early stopping conditioned on metric `val_acc` which is not available. Available metrics are: loss,binary_accuracy,recall_5,auc_5,precision_5,val_loss,val_binary_accuracy,val_recall_5,val_auc_5,val_precision_5
2023-03-29 15:16:27,787 : [WARNING]  Early stopping conditioned on metric `val_acc` which is not available. Available metrics are: loss,binary_accuracy,recall_5,auc_5,precision_5,val_loss,val_binary_accuracy,val_recall_5,val_auc_5,val_precision_5
2023-03-29 15:16:28,246 : [WARNING]  Early stopping conditioned on metric `val_acc` which is not available. Available metrics are: loss,binary_accuracy,recall_5,auc_5,precision_5,val_loss,val_binary_accuracy,val_recall_5,val_auc_5,val_precision_5
2023-03-29 15:16:28,649 : [WARNING]  Early stopping conditioned on metric `val_acc` which is not available. Available metrics are: loss,binary_accuracy,recall_5,auc_5,precision_5,val_loss,val_binary_accuracy,val_recall_5,val_auc_5,val_precision_5
2023-03-29 15:16:28,652 : [INFO]  ------------------------- Batch round 1, loss: 0.6478 -------------------------
2023-03-29 15:16:28,652 : [INFO]  ------------------------- Batch 5, round 1: Sent local model to the server -------------------------
2023-03-29 15:16:28,657 : [INFO]  ------------------------- Received aggregated global model from the server -------------------------
2023-03-29 15:16:28,660 : [INFO]  ------------------------- Batch 5 training: round 2 -------------------------
2023-03-29 15:16:29,482 : [WARNING]  Early stopping conditioned on metric `val_acc` which is not available. Available metrics are: loss,binary_accuracy,recall_5,auc_5,precision_5,val_loss,val_binary_accuracy,val_recall_5,val_auc_5,val_precision_5
2023-03-29 15:16:30,018 : [WARNING]  Early stopping conditioned on metric `val_acc` which is not available. Available metrics are: loss,binary_accuracy,recall_5,auc_5,precision_5,val_loss,val_binary_accuracy,val_recall_5,val_auc_5,val_precision_5
2023-03-29 15:16:30,507 : [WARNING]  Early stopping conditioned on metric `val_acc` which is not available. Available metrics are: loss,binary_accuracy,recall_5,auc_5,precision_5,val_loss,val_binary_accuracy,val_recall_5,val_auc_5,val_precision_5
2023-03-29 15:16:31,178 : [WARNING]  Early stopping conditioned on metric `val_acc` which is not available. Available metrics are: loss,binary_accuracy,recall_5,auc_5,precision_5,val_loss,val_binary_accuracy,val_recall_5,val_auc_5,val_precision_5
2023-03-29 15:16:31,641 : [WARNING]  Early stopping conditioned on metric `val_acc` which is not available. Available metrics are: loss,binary_accuracy,recall_5,auc_5,precision_5,val_loss,val_binary_accuracy,val_recall_5,val_auc_5,val_precision_5
2023-03-29 15:16:32,107 : [WARNING]  Early stopping conditioned on metric `val_acc` which is not available. Available metrics are: loss,binary_accuracy,recall_5,auc_5,precision_5,val_loss,val_binary_accuracy,val_recall_5,val_auc_5,val_precision_5
2023-03-29 15:16:32,111 : [INFO]  ------------------------- Batch round 2, loss: 0.3922 -------------------------
2023-03-29 15:16:32,111 : [INFO]  ------------------------- Batch 5, round 2: Sent local model to the server -------------------------
2023-03-29 15:16:32,116 : [INFO]  ------------------------- Received aggregated global model from the server -------------------------
2023-03-29 15:16:32,119 : [INFO]  ------------------------- Batch 5 training: round 3 -------------------------
2023-03-29 15:16:32,808 : [WARNING]  Early stopping conditioned on metric `val_acc` which is not available. Available metrics are: loss,binary_accuracy,recall_5,auc_5,precision_5,val_loss,val_binary_accuracy,val_recall_5,val_auc_5,val_precision_5
2023-03-29 15:16:33,435 : [WARNING]  Early stopping conditioned on metric `val_acc` which is not available. Available metrics are: loss,binary_accuracy,recall_5,auc_5,precision_5,val_loss,val_binary_accuracy,val_recall_5,val_auc_5,val_precision_5
2023-03-29 15:16:33,955 : [WARNING]  Early stopping conditioned on metric `val_acc` which is not available. Available metrics are: loss,binary_accuracy,recall_5,auc_5,precision_5,val_loss,val_binary_accuracy,val_recall_5,val_auc_5,val_precision_5
2023-03-29 15:16:34,691 : [WARNING]  Early stopping conditioned on metric `val_acc` which is not available. Available metrics are: loss,binary_accuracy,recall_5,auc_5,precision_5,val_loss,val_binary_accuracy,val_recall_5,val_auc_5,val_precision_5
2023-03-29 15:16:35,166 : [WARNING]  Early stopping conditioned on metric `val_acc` which is not available. Available metrics are: loss,binary_accuracy,recall_5,auc_5,precision_5,val_loss,val_binary_accuracy,val_recall_5,val_auc_5,val_precision_5
2023-03-29 15:16:35,650 : [WARNING]  Early stopping conditioned on metric `val_acc` which is not available. Available metrics are: loss,binary_accuracy,recall_5,auc_5,precision_5,val_loss,val_binary_accuracy,val_recall_5,val_auc_5,val_precision_5
2023-03-29 15:16:35,654 : [INFO]  ------------------------- Batch round 3, loss: 0.3042 -------------------------
2023-03-29 15:16:35,654 : [INFO]  ------------------------- Batch 5, round 3: Sent local model to the server -------------------------
2023-03-29 15:16:35,660 : [INFO]  ------------------------- Received aggregated global model from the server -------------------------
2023-03-29 15:16:35,663 : [INFO]  Batch number 5 model fetched from the server
2023-03-29 15:16:35,663 : [INFO]  ################ Batch 5: final global model evalution after 3 rounds ################
2023-03-29 15:16:55,492 : [INFO]  Batch 5: Training set : loss - 0.5345, accuracy - 0.8526, recall - 0.918, AUC - 0.917, F1 - 0.8617, precision - 0.8119, training time - -15.0 seconds
2023-03-29 15:16:55,492 : [INFO]  Batch 5: Testing set : loss - 0.7485, accuracy - 0.8219, recall - 0.8554, AUC - 0.8838, F1 - 0.8277, precision - 0.8017
2023-03-29 15:16:55,497 : [INFO]  Batch 6 initialized 
2023-03-29 15:16:56,667 : [INFO]  ------------------------- Batch 6 training: round 1 -------------------------
2023-03-29 15:16:59,379 : [WARNING]  Early stopping conditioned on metric `val_acc` which is not available. Available metrics are: loss,binary_accuracy,recall_6,auc_6,precision_6,val_loss,val_binary_accuracy,val_recall_6,val_auc_6,val_precision_6
2023-03-29 15:16:59,970 : [WARNING]  Early stopping conditioned on metric `val_acc` which is not available. Available metrics are: loss,binary_accuracy,recall_6,auc_6,precision_6,val_loss,val_binary_accuracy,val_recall_6,val_auc_6,val_precision_6
2023-03-29 15:17:00,479 : [WARNING]  Early stopping conditioned on metric `val_acc` which is not available. Available metrics are: loss,binary_accuracy,recall_6,auc_6,precision_6,val_loss,val_binary_accuracy,val_recall_6,val_auc_6,val_precision_6
2023-03-29 15:17:03,410 : [WARNING]  Early stopping conditioned on metric `val_acc` which is not available. Available metrics are: loss,binary_accuracy,recall_6,auc_6,precision_6,val_loss,val_binary_accuracy,val_recall_6,val_auc_6,val_precision_6
2023-03-29 15:17:03,931 : [WARNING]  Early stopping conditioned on metric `val_acc` which is not available. Available metrics are: loss,binary_accuracy,recall_6,auc_6,precision_6,val_loss,val_binary_accuracy,val_recall_6,val_auc_6,val_precision_6
2023-03-29 15:17:04,381 : [WARNING]  Early stopping conditioned on metric `val_acc` which is not available. Available metrics are: loss,binary_accuracy,recall_6,auc_6,precision_6,val_loss,val_binary_accuracy,val_recall_6,val_auc_6,val_precision_6
2023-03-29 15:17:04,384 : [INFO]  ------------------------- Batch round 1, loss: 0.545 -------------------------
2023-03-29 15:17:04,385 : [INFO]  ------------------------- Batch 6, round 1: Sent local model to the server -------------------------
2023-03-29 15:17:04,390 : [INFO]  ------------------------- Received aggregated global model from the server -------------------------
2023-03-29 15:17:04,394 : [INFO]  ------------------------- Batch 6 training: round 2 -------------------------
2023-03-29 15:17:05,221 : [WARNING]  Early stopping conditioned on metric `val_acc` which is not available. Available metrics are: loss,binary_accuracy,recall_6,auc_6,precision_6,val_loss,val_binary_accuracy,val_recall_6,val_auc_6,val_precision_6
2023-03-29 15:17:05,776 : [WARNING]  Early stopping conditioned on metric `val_acc` which is not available. Available metrics are: loss,binary_accuracy,recall_6,auc_6,precision_6,val_loss,val_binary_accuracy,val_recall_6,val_auc_6,val_precision_6
2023-03-29 15:17:06,458 : [WARNING]  Early stopping conditioned on metric `val_acc` which is not available. Available metrics are: loss,binary_accuracy,recall_6,auc_6,precision_6,val_loss,val_binary_accuracy,val_recall_6,val_auc_6,val_precision_6
2023-03-29 15:17:07,415 : [WARNING]  Early stopping conditioned on metric `val_acc` which is not available. Available metrics are: loss,binary_accuracy,recall_6,auc_6,precision_6,val_loss,val_binary_accuracy,val_recall_6,val_auc_6,val_precision_6
2023-03-29 15:17:08,063 : [WARNING]  Early stopping conditioned on metric `val_acc` which is not available. Available metrics are: loss,binary_accuracy,recall_6,auc_6,precision_6,val_loss,val_binary_accuracy,val_recall_6,val_auc_6,val_precision_6
2023-03-29 15:17:08,814 : [WARNING]  Early stopping conditioned on metric `val_acc` which is not available. Available metrics are: loss,binary_accuracy,recall_6,auc_6,precision_6,val_loss,val_binary_accuracy,val_recall_6,val_auc_6,val_precision_6
2023-03-29 15:17:08,820 : [INFO]  ------------------------- Batch round 2, loss: 0.3628 -------------------------
2023-03-29 15:17:08,821 : [INFO]  ------------------------- Batch 6, round 2: Sent local model to the server -------------------------
2023-03-29 15:17:08,831 : [INFO]  ------------------------- Received aggregated global model from the server -------------------------
2023-03-29 15:17:08,841 : [INFO]  ------------------------- Batch 6 training: round 3 -------------------------
2023-03-29 15:17:10,306 : [WARNING]  Early stopping conditioned on metric `val_acc` which is not available. Available metrics are: loss,binary_accuracy,recall_6,auc_6,precision_6,val_loss,val_binary_accuracy,val_recall_6,val_auc_6,val_precision_6
2023-03-29 15:17:11,057 : [WARNING]  Early stopping conditioned on metric `val_acc` which is not available. Available metrics are: loss,binary_accuracy,recall_6,auc_6,precision_6,val_loss,val_binary_accuracy,val_recall_6,val_auc_6,val_precision_6
2023-03-29 15:17:12,385 : [WARNING]  Early stopping conditioned on metric `val_acc` which is not available. Available metrics are: loss,binary_accuracy,recall_6,auc_6,precision_6,val_loss,val_binary_accuracy,val_recall_6,val_auc_6,val_precision_6
2023-03-29 15:17:16,113 : [WARNING]  Early stopping conditioned on metric `val_acc` which is not available. Available metrics are: loss,binary_accuracy,recall_6,auc_6,precision_6,val_loss,val_binary_accuracy,val_recall_6,val_auc_6,val_precision_6
2023-03-29 15:17:16,829 : [WARNING]  Early stopping conditioned on metric `val_acc` which is not available. Available metrics are: loss,binary_accuracy,recall_6,auc_6,precision_6,val_loss,val_binary_accuracy,val_recall_6,val_auc_6,val_precision_6
2023-03-29 15:17:17,696 : [WARNING]  Early stopping conditioned on metric `val_acc` which is not available. Available metrics are: loss,binary_accuracy,recall_6,auc_6,precision_6,val_loss,val_binary_accuracy,val_recall_6,val_auc_6,val_precision_6
2023-03-29 15:17:17,702 : [INFO]  ------------------------- Batch round 3, loss: 0.4567 -------------------------
2023-03-29 15:17:17,703 : [INFO]  ------------------------- Batch 6, round 3: Sent local model to the server -------------------------
2023-03-29 15:17:17,748 : [INFO]  ------------------------- Received aggregated global model from the server -------------------------
2023-03-29 15:17:17,754 : [INFO]  Batch number 6 model fetched from the server
2023-03-29 15:17:17,754 : [INFO]  ################ Batch 6: final global model evalution after 3 rounds ################
2023-03-29 15:17:40,638 : [INFO]  Batch 6: Training set : loss - 0.4317, accuracy - 0.8148, recall - 0.8714, AUC - 0.9019, F1 - 0.8248, precision - 0.7829, training time - -21.0 seconds
2023-03-29 15:17:40,640 : [INFO]  Batch 6: Testing set : loss - 0.4673, accuracy - 0.8397, recall - 0.9052, AUC - 0.9034, F1 - 0.8496, precision - 0.8003
2023-03-29 15:17:40,664 : [INFO]  Batch 7 initialized 
2023-03-29 15:17:42,909 : [INFO]  ------------------------- Batch 7 training: round 1 -------------------------
2023-03-29 15:17:45,775 : [WARNING]  Early stopping conditioned on metric `val_acc` which is not available. Available metrics are: loss,binary_accuracy,recall_7,auc_7,precision_7,val_loss,val_binary_accuracy,val_recall_7,val_auc_7,val_precision_7
2023-03-29 15:17:46,210 : [WARNING]  Early stopping conditioned on metric `val_acc` which is not available. Available metrics are: loss,binary_accuracy,recall_7,auc_7,precision_7,val_loss,val_binary_accuracy,val_recall_7,val_auc_7,val_precision_7
2023-03-29 15:17:46,657 : [WARNING]  Early stopping conditioned on metric `val_acc` which is not available. Available metrics are: loss,binary_accuracy,recall_7,auc_7,precision_7,val_loss,val_binary_accuracy,val_recall_7,val_auc_7,val_precision_7
2023-03-29 15:17:50,811 : [WARNING]  Early stopping conditioned on metric `val_acc` which is not available. Available metrics are: loss,binary_accuracy,recall_7,auc_7,precision_7,val_loss,val_binary_accuracy,val_recall_7,val_auc_7,val_precision_7
2023-03-29 15:17:51,381 : [WARNING]  Early stopping conditioned on metric `val_acc` which is not available. Available metrics are: loss,binary_accuracy,recall_7,auc_7,precision_7,val_loss,val_binary_accuracy,val_recall_7,val_auc_7,val_precision_7
2023-03-29 15:17:52,054 : [WARNING]  Early stopping conditioned on metric `val_acc` which is not available. Available metrics are: loss,binary_accuracy,recall_7,auc_7,precision_7,val_loss,val_binary_accuracy,val_recall_7,val_auc_7,val_precision_7
2023-03-29 15:17:52,058 : [INFO]  ------------------------- Batch round 1, loss: 0.5298 -------------------------
2023-03-29 15:17:52,058 : [INFO]  ------------------------- Batch 7, round 1: Sent local model to the server -------------------------
2023-03-29 15:17:52,065 : [INFO]  ------------------------- Received aggregated global model from the server -------------------------
