2023-03-29 15:26:24,765 : [WARNING]  ####################################### New Training Session: Client 1 #######################################
2023-03-29 15:26:24,765 : [INFO]  Client started, graph name wikipedia, graph ID 1, partition ID 1, training epochs 3, epochs 3
2023-03-29 15:26:27,886 : [INFO]  Model initialized for training
2023-03-29 15:26:33,212 : [INFO]  Number of training examples - 1842, Number of testing examples - 2046
2023-03-29 15:26:33,213 : [INFO]  Connected to the server
2023-03-29 15:26:33,345 : [INFO]  Distributed training for streaming graphs started!
2023-03-29 15:26:33,346 : [INFO]  ------------------------- Received aggregated global model from the server -------------------------
2023-03-29 15:26:33,363 : [INFO]  ################################## Initial model training started ##################################
2023-03-29 15:26:33,363 : [INFO]  ------------------------- Initial model training: round 1 -------------------------
2023-03-29 15:26:41,049 : [WARNING]  Early stopping conditioned on metric `val_acc` which is not available. Available metrics are: loss,binary_accuracy,recall,auc,precision,val_loss,val_binary_accuracy,val_recall,val_auc,val_precision
2023-03-29 15:26:45,575 : [WARNING]  Early stopping conditioned on metric `val_acc` which is not available. Available metrics are: loss,binary_accuracy,recall,auc,precision,val_loss,val_binary_accuracy,val_recall,val_auc,val_precision
2023-03-29 15:26:50,038 : [WARNING]  Early stopping conditioned on metric `val_acc` which is not available. Available metrics are: loss,binary_accuracy,recall,auc,precision,val_loss,val_binary_accuracy,val_recall,val_auc,val_precision
2023-03-29 15:26:58,512 : [WARNING]  Early stopping conditioned on metric `val_acc` which is not available. Available metrics are: loss,binary_accuracy,recall,auc,precision,val_loss,val_binary_accuracy,val_recall,val_auc,val_precision
2023-03-29 15:27:03,151 : [WARNING]  Early stopping conditioned on metric `val_acc` which is not available. Available metrics are: loss,binary_accuracy,recall,auc,precision,val_loss,val_binary_accuracy,val_recall,val_auc,val_precision
2023-03-29 15:27:07,835 : [WARNING]  Early stopping conditioned on metric `val_acc` which is not available. Available metrics are: loss,binary_accuracy,recall,auc,precision,val_loss,val_binary_accuracy,val_recall,val_auc,val_precision
2023-03-29 15:27:07,842 : [INFO]  ------------------------- Training round 1, loss: 0.6589 -------------------------
2023-03-29 15:27:07,843 : [INFO]  ------------------------- Training, round 1: Sent local model to the server -------------------------
2023-03-29 15:27:07,848 : [INFO]  ------------------------- Received aggregated global model from the server -------------------------
2023-03-29 15:27:07,852 : [INFO]  ------------------------- Initial model training: round 2 -------------------------
2023-03-29 15:27:13,614 : [WARNING]  Early stopping conditioned on metric `val_acc` which is not available. Available metrics are: loss,binary_accuracy,recall,auc,precision,val_loss,val_binary_accuracy,val_recall,val_auc,val_precision
2023-03-29 15:27:18,214 : [WARNING]  Early stopping conditioned on metric `val_acc` which is not available. Available metrics are: loss,binary_accuracy,recall,auc,precision,val_loss,val_binary_accuracy,val_recall,val_auc,val_precision
2023-03-29 15:27:22,783 : [WARNING]  Early stopping conditioned on metric `val_acc` which is not available. Available metrics are: loss,binary_accuracy,recall,auc,precision,val_loss,val_binary_accuracy,val_recall,val_auc,val_precision
2023-03-29 15:27:28,082 : [WARNING]  Early stopping conditioned on metric `val_acc` which is not available. Available metrics are: loss,binary_accuracy,recall,auc,precision,val_loss,val_binary_accuracy,val_recall,val_auc,val_precision
2023-03-29 15:27:32,918 : [WARNING]  Early stopping conditioned on metric `val_acc` which is not available. Available metrics are: loss,binary_accuracy,recall,auc,precision,val_loss,val_binary_accuracy,val_recall,val_auc,val_precision
2023-03-29 15:27:39,146 : [WARNING]  Early stopping conditioned on metric `val_acc` which is not available. Available metrics are: loss,binary_accuracy,recall,auc,precision,val_loss,val_binary_accuracy,val_recall,val_auc,val_precision
2023-03-29 15:27:39,151 : [INFO]  ------------------------- Training round 2, loss: 0.5086 -------------------------
2023-03-29 15:27:39,151 : [INFO]  ------------------------- Training, round 2: Sent local model to the server -------------------------
2023-03-29 15:27:39,165 : [INFO]  ------------------------- Received aggregated global model from the server -------------------------
2023-03-29 15:27:39,171 : [INFO]  ------------------------- Initial model training: round 3 -------------------------
2023-03-29 15:27:44,517 : [WARNING]  Early stopping conditioned on metric `val_acc` which is not available. Available metrics are: loss,binary_accuracy,recall,auc,precision,val_loss,val_binary_accuracy,val_recall,val_auc,val_precision
2023-03-29 15:27:49,204 : [WARNING]  Early stopping conditioned on metric `val_acc` which is not available. Available metrics are: loss,binary_accuracy,recall,auc,precision,val_loss,val_binary_accuracy,val_recall,val_auc,val_precision
2023-03-29 15:27:53,852 : [WARNING]  Early stopping conditioned on metric `val_acc` which is not available. Available metrics are: loss,binary_accuracy,recall,auc,precision,val_loss,val_binary_accuracy,val_recall,val_auc,val_precision
2023-03-29 15:27:59,256 : [WARNING]  Early stopping conditioned on metric `val_acc` which is not available. Available metrics are: loss,binary_accuracy,recall,auc,precision,val_loss,val_binary_accuracy,val_recall,val_auc,val_precision
2023-03-29 15:28:03,897 : [WARNING]  Early stopping conditioned on metric `val_acc` which is not available. Available metrics are: loss,binary_accuracy,recall,auc,precision,val_loss,val_binary_accuracy,val_recall,val_auc,val_precision
2023-03-29 15:28:08,426 : [WARNING]  Early stopping conditioned on metric `val_acc` which is not available. Available metrics are: loss,binary_accuracy,recall,auc,precision,val_loss,val_binary_accuracy,val_recall,val_auc,val_precision
2023-03-29 15:28:08,430 : [INFO]  ------------------------- Training round 3, loss: 0.5158 -------------------------
2023-03-29 15:28:08,430 : [INFO]  ------------------------- Training, round 3: Sent local model to the server -------------------------
2023-03-29 15:28:08,436 : [INFO]  ------------------------- Received aggregated global model from the server -------------------------
2023-03-29 15:28:08,440 : [INFO]  ------------------------- Initial model training: round 4 -------------------------
2023-03-29 15:28:13,696 : [WARNING]  Early stopping conditioned on metric `val_acc` which is not available. Available metrics are: loss,binary_accuracy,recall,auc,precision,val_loss,val_binary_accuracy,val_recall,val_auc,val_precision
2023-03-29 15:28:18,392 : [WARNING]  Early stopping conditioned on metric `val_acc` which is not available. Available metrics are: loss,binary_accuracy,recall,auc,precision,val_loss,val_binary_accuracy,val_recall,val_auc,val_precision
2023-03-29 15:28:23,558 : [WARNING]  Early stopping conditioned on metric `val_acc` which is not available. Available metrics are: loss,binary_accuracy,recall,auc,precision,val_loss,val_binary_accuracy,val_recall,val_auc,val_precision
2023-03-29 15:28:29,367 : [WARNING]  Early stopping conditioned on metric `val_acc` which is not available. Available metrics are: loss,binary_accuracy,recall,auc,precision,val_loss,val_binary_accuracy,val_recall,val_auc,val_precision
2023-03-29 15:28:34,207 : [WARNING]  Early stopping conditioned on metric `val_acc` which is not available. Available metrics are: loss,binary_accuracy,recall,auc,precision,val_loss,val_binary_accuracy,val_recall,val_auc,val_precision
2023-03-29 15:28:39,440 : [WARNING]  Early stopping conditioned on metric `val_acc` which is not available. Available metrics are: loss,binary_accuracy,recall,auc,precision,val_loss,val_binary_accuracy,val_recall,val_auc,val_precision
2023-03-29 15:28:39,445 : [INFO]  ------------------------- Training round 4, loss: 0.4652 -------------------------
2023-03-29 15:28:39,445 : [INFO]  ------------------------- Training, round 4: Sent local model to the server -------------------------
2023-03-29 15:28:39,451 : [INFO]  ------------------------- Received aggregated global model from the server -------------------------
2023-03-29 15:28:39,454 : [INFO]  ------------------------- Initial model training: round 5 -------------------------
2023-03-29 15:28:44,762 : [WARNING]  Early stopping conditioned on metric `val_acc` which is not available. Available metrics are: loss,binary_accuracy,recall,auc,precision,val_loss,val_binary_accuracy,val_recall,val_auc,val_precision
2023-03-29 15:28:50,673 : [WARNING]  Early stopping conditioned on metric `val_acc` which is not available. Available metrics are: loss,binary_accuracy,recall,auc,precision,val_loss,val_binary_accuracy,val_recall,val_auc,val_precision
2023-03-29 15:29:01,852 : [WARNING]  Early stopping conditioned on metric `val_acc` which is not available. Available metrics are: loss,binary_accuracy,recall,auc,precision,val_loss,val_binary_accuracy,val_recall,val_auc,val_precision
2023-03-29 15:29:08,884 : [WARNING]  Early stopping conditioned on metric `val_acc` which is not available. Available metrics are: loss,binary_accuracy,recall,auc,precision,val_loss,val_binary_accuracy,val_recall,val_auc,val_precision
2023-03-29 15:29:14,198 : [WARNING]  Early stopping conditioned on metric `val_acc` which is not available. Available metrics are: loss,binary_accuracy,recall,auc,precision,val_loss,val_binary_accuracy,val_recall,val_auc,val_precision
2023-03-29 15:29:17,797 : [WARNING]  Early stopping conditioned on metric `val_acc` which is not available. Available metrics are: loss,binary_accuracy,recall,auc,precision,val_loss,val_binary_accuracy,val_recall,val_auc,val_precision
2023-03-29 15:29:17,801 : [INFO]  ------------------------- Training round 5, loss: 0.4472 -------------------------
2023-03-29 15:29:17,801 : [INFO]  ------------------------- Training, round 5: Sent local model to the server -------------------------
2023-03-29 15:29:17,817 : [INFO]  ------------------------- Received aggregated global model from the server -------------------------
2023-03-29 15:29:17,820 : [INFO]  ------------------------- Initial model training: round 6 -------------------------
2023-03-29 15:29:26,415 : [WARNING]  Early stopping conditioned on metric `val_acc` which is not available. Available metrics are: loss,binary_accuracy,recall,auc,precision,val_loss,val_binary_accuracy,val_recall,val_auc,val_precision
2023-03-29 15:29:31,270 : [WARNING]  Early stopping conditioned on metric `val_acc` which is not available. Available metrics are: loss,binary_accuracy,recall,auc,precision,val_loss,val_binary_accuracy,val_recall,val_auc,val_precision
2023-03-29 15:29:35,868 : [WARNING]  Early stopping conditioned on metric `val_acc` which is not available. Available metrics are: loss,binary_accuracy,recall,auc,precision,val_loss,val_binary_accuracy,val_recall,val_auc,val_precision
2023-03-29 15:29:41,205 : [WARNING]  Early stopping conditioned on metric `val_acc` which is not available. Available metrics are: loss,binary_accuracy,recall,auc,precision,val_loss,val_binary_accuracy,val_recall,val_auc,val_precision
2023-03-29 15:29:45,759 : [WARNING]  Early stopping conditioned on metric `val_acc` which is not available. Available metrics are: loss,binary_accuracy,recall,auc,precision,val_loss,val_binary_accuracy,val_recall,val_auc,val_precision
2023-03-29 15:29:50,320 : [WARNING]  Early stopping conditioned on metric `val_acc` which is not available. Available metrics are: loss,binary_accuracy,recall,auc,precision,val_loss,val_binary_accuracy,val_recall,val_auc,val_precision
2023-03-29 15:29:50,325 : [INFO]  ------------------------- Training round 6, loss: 0.4693 -------------------------
2023-03-29 15:29:50,325 : [INFO]  ------------------------- Training, round 6: Sent local model to the server -------------------------
2023-03-29 15:29:50,337 : [INFO]  ------------------------- Received aggregated global model from the server -------------------------
2023-03-29 15:29:50,341 : [INFO]  ################ Initial trained model: Final global model evalution after 6 rounds ################
2023-03-29 15:34:04,147 : [INFO]  Initially trained model: Training set : loss - 0.5, accuracy - 0.77, recall - 0.93, AUC - 0.9, F1 - 0.81, precision - 0.72, training time - -197.0 seconds
2023-03-29 15:34:04,149 : [INFO]  Initially trained model: Testing set : loss - 0.51, accuracy - 0.78, recall - 0.93, AUC - 0.9, F1 - 0.82, precision - 0.73
2023-03-29 15:34:04,188 : [INFO]  Batch 1 initialized 
2023-03-29 15:34:07,876 : [INFO]  ################################## Next batch processing started: transfer learning is ON ##################################
2023-03-29 15:34:07,877 : [INFO]  ------------------------- Batch 1 training: round 1 -------------------------
2023-03-29 15:34:10,729 : [WARNING]  Early stopping conditioned on metric `val_acc` which is not available. Available metrics are: loss,binary_accuracy,recall_1,auc_1,precision_1,val_loss,val_binary_accuracy,val_recall_1,val_auc_1,val_precision_1
2023-03-29 15:34:11,287 : [WARNING]  Early stopping conditioned on metric `val_acc` which is not available. Available metrics are: loss,binary_accuracy,recall_1,auc_1,precision_1,val_loss,val_binary_accuracy,val_recall_1,val_auc_1,val_precision_1
2023-03-29 15:34:11,810 : [WARNING]  Early stopping conditioned on metric `val_acc` which is not available. Available metrics are: loss,binary_accuracy,recall_1,auc_1,precision_1,val_loss,val_binary_accuracy,val_recall_1,val_auc_1,val_precision_1
2023-03-29 15:34:14,915 : [WARNING]  Early stopping conditioned on metric `val_acc` which is not available. Available metrics are: loss,binary_accuracy,recall_1,auc_1,precision_1,val_loss,val_binary_accuracy,val_recall_1,val_auc_1,val_precision_1
2023-03-29 15:34:15,446 : [WARNING]  Early stopping conditioned on metric `val_acc` which is not available. Available metrics are: loss,binary_accuracy,recall_1,auc_1,precision_1,val_loss,val_binary_accuracy,val_recall_1,val_auc_1,val_precision_1
2023-03-29 15:34:15,996 : [WARNING]  Early stopping conditioned on metric `val_acc` which is not available. Available metrics are: loss,binary_accuracy,recall_1,auc_1,precision_1,val_loss,val_binary_accuracy,val_recall_1,val_auc_1,val_precision_1
2023-03-29 15:34:15,999 : [INFO]  ------------------------- Batch round 1, loss: 0.6212 -------------------------
2023-03-29 15:34:15,999 : [INFO]  ------------------------- Batch 1, round 1: Sent local model to the server -------------------------
2023-03-29 15:34:16,077 : [INFO]  ------------------------- Received aggregated global model from the server -------------------------
2023-03-29 15:34:16,085 : [INFO]  ------------------------- Batch 1 training: round 2 -------------------------
2023-03-29 15:34:16,836 : [WARNING]  Early stopping conditioned on metric `val_acc` which is not available. Available metrics are: loss,binary_accuracy,recall_1,auc_1,precision_1,val_loss,val_binary_accuracy,val_recall_1,val_auc_1,val_precision_1
2023-03-29 15:34:17,377 : [WARNING]  Early stopping conditioned on metric `val_acc` which is not available. Available metrics are: loss,binary_accuracy,recall_1,auc_1,precision_1,val_loss,val_binary_accuracy,val_recall_1,val_auc_1,val_precision_1
2023-03-29 15:34:17,901 : [WARNING]  Early stopping conditioned on metric `val_acc` which is not available. Available metrics are: loss,binary_accuracy,recall_1,auc_1,precision_1,val_loss,val_binary_accuracy,val_recall_1,val_auc_1,val_precision_1
2023-03-29 15:34:18,696 : [WARNING]  Early stopping conditioned on metric `val_acc` which is not available. Available metrics are: loss,binary_accuracy,recall_1,auc_1,precision_1,val_loss,val_binary_accuracy,val_recall_1,val_auc_1,val_precision_1
2023-03-29 15:34:19,252 : [WARNING]  Early stopping conditioned on metric `val_acc` which is not available. Available metrics are: loss,binary_accuracy,recall_1,auc_1,precision_1,val_loss,val_binary_accuracy,val_recall_1,val_auc_1,val_precision_1
2023-03-29 15:34:19,799 : [WARNING]  Early stopping conditioned on metric `val_acc` which is not available. Available metrics are: loss,binary_accuracy,recall_1,auc_1,precision_1,val_loss,val_binary_accuracy,val_recall_1,val_auc_1,val_precision_1
2023-03-29 15:34:19,803 : [INFO]  ------------------------- Batch round 2, loss: 0.411 -------------------------
2023-03-29 15:34:19,803 : [INFO]  ------------------------- Batch 1, round 2: Sent local model to the server -------------------------
2023-03-29 15:34:19,910 : [INFO]  ------------------------- Received aggregated global model from the server -------------------------
2023-03-29 15:34:19,918 : [INFO]  ------------------------- Batch 1 training: round 3 -------------------------
2023-03-29 15:34:20,721 : [WARNING]  Early stopping conditioned on metric `val_acc` which is not available. Available metrics are: loss,binary_accuracy,recall_1,auc_1,precision_1,val_loss,val_binary_accuracy,val_recall_1,val_auc_1,val_precision_1
2023-03-29 15:34:21,236 : [WARNING]  Early stopping conditioned on metric `val_acc` which is not available. Available metrics are: loss,binary_accuracy,recall_1,auc_1,precision_1,val_loss,val_binary_accuracy,val_recall_1,val_auc_1,val_precision_1
2023-03-29 15:34:21,762 : [WARNING]  Early stopping conditioned on metric `val_acc` which is not available. Available metrics are: loss,binary_accuracy,recall_1,auc_1,precision_1,val_loss,val_binary_accuracy,val_recall_1,val_auc_1,val_precision_1
2023-03-29 15:34:22,567 : [WARNING]  Early stopping conditioned on metric `val_acc` which is not available. Available metrics are: loss,binary_accuracy,recall_1,auc_1,precision_1,val_loss,val_binary_accuracy,val_recall_1,val_auc_1,val_precision_1
2023-03-29 15:34:23,095 : [WARNING]  Early stopping conditioned on metric `val_acc` which is not available. Available metrics are: loss,binary_accuracy,recall_1,auc_1,precision_1,val_loss,val_binary_accuracy,val_recall_1,val_auc_1,val_precision_1
2023-03-29 15:34:23,633 : [WARNING]  Early stopping conditioned on metric `val_acc` which is not available. Available metrics are: loss,binary_accuracy,recall_1,auc_1,precision_1,val_loss,val_binary_accuracy,val_recall_1,val_auc_1,val_precision_1
2023-03-29 15:34:23,637 : [INFO]  ------------------------- Batch round 3, loss: 0.4901 -------------------------
2023-03-29 15:34:23,637 : [INFO]  ------------------------- Batch 1, round 3: Sent local model to the server -------------------------
2023-03-29 15:34:23,647 : [INFO]  ------------------------- Received aggregated global model from the server -------------------------
2023-03-29 15:34:23,650 : [INFO]  Batch number 1 model fetched from the server
2023-03-29 15:34:23,650 : [INFO]  ################ Batch 1: final global model evalution after 3 rounds ################
2023-03-29 15:34:57,638 : [INFO]  Batch 1: Training set : loss - 0.4206, accuracy - 0.8611, recall - 0.9207, AUC - 0.912, F1 - 0.869, precision - 0.8227, training time - -16.0 seconds
2023-03-29 15:34:57,639 : [INFO]  Batch 1: Testing set : loss - 0.5442, accuracy - 0.8607, recall - 0.9365, AUC - 0.8989, F1 - 0.8705, precision - 0.8133
2023-03-29 15:34:57,643 : [INFO]  Batch 2 initialized 
2023-03-29 15:34:58,614 : [INFO]  ------------------------- Batch 2 training: round 1 -------------------------
2023-03-29 15:35:01,974 : [WARNING]  Early stopping conditioned on metric `val_acc` which is not available. Available metrics are: loss,binary_accuracy,recall_2,auc_2,precision_2,val_loss,val_binary_accuracy,val_recall_2,val_auc_2,val_precision_2
2023-03-29 15:35:02,614 : [WARNING]  Early stopping conditioned on metric `val_acc` which is not available. Available metrics are: loss,binary_accuracy,recall_2,auc_2,precision_2,val_loss,val_binary_accuracy,val_recall_2,val_auc_2,val_precision_2
2023-03-29 15:35:03,321 : [WARNING]  Early stopping conditioned on metric `val_acc` which is not available. Available metrics are: loss,binary_accuracy,recall_2,auc_2,precision_2,val_loss,val_binary_accuracy,val_recall_2,val_auc_2,val_precision_2
2023-03-29 15:35:06,779 : [WARNING]  Early stopping conditioned on metric `val_acc` which is not available. Available metrics are: loss,binary_accuracy,recall_2,auc_2,precision_2,val_loss,val_binary_accuracy,val_recall_2,val_auc_2,val_precision_2
2023-03-29 15:35:07,381 : [WARNING]  Early stopping conditioned on metric `val_acc` which is not available. Available metrics are: loss,binary_accuracy,recall_2,auc_2,precision_2,val_loss,val_binary_accuracy,val_recall_2,val_auc_2,val_precision_2
2023-03-29 15:35:07,911 : [WARNING]  Early stopping conditioned on metric `val_acc` which is not available. Available metrics are: loss,binary_accuracy,recall_2,auc_2,precision_2,val_loss,val_binary_accuracy,val_recall_2,val_auc_2,val_precision_2
2023-03-29 15:35:07,916 : [INFO]  ------------------------- Batch round 1, loss: 0.4792 -------------------------
2023-03-29 15:35:07,916 : [INFO]  ------------------------- Batch 2, round 1: Sent local model to the server -------------------------
2023-03-29 15:35:07,930 : [INFO]  ------------------------- Received aggregated global model from the server -------------------------
2023-03-29 15:35:07,936 : [INFO]  ------------------------- Batch 2 training: round 2 -------------------------
2023-03-29 15:35:08,792 : [WARNING]  Early stopping conditioned on metric `val_acc` which is not available. Available metrics are: loss,binary_accuracy,recall_2,auc_2,precision_2,val_loss,val_binary_accuracy,val_recall_2,val_auc_2,val_precision_2
2023-03-29 15:35:09,355 : [WARNING]  Early stopping conditioned on metric `val_acc` which is not available. Available metrics are: loss,binary_accuracy,recall_2,auc_2,precision_2,val_loss,val_binary_accuracy,val_recall_2,val_auc_2,val_precision_2
2023-03-29 15:35:09,838 : [WARNING]  Early stopping conditioned on metric `val_acc` which is not available. Available metrics are: loss,binary_accuracy,recall_2,auc_2,precision_2,val_loss,val_binary_accuracy,val_recall_2,val_auc_2,val_precision_2
2023-03-29 15:35:10,509 : [WARNING]  Early stopping conditioned on metric `val_acc` which is not available. Available metrics are: loss,binary_accuracy,recall_2,auc_2,precision_2,val_loss,val_binary_accuracy,val_recall_2,val_auc_2,val_precision_2
2023-03-29 15:35:10,973 : [WARNING]  Early stopping conditioned on metric `val_acc` which is not available. Available metrics are: loss,binary_accuracy,recall_2,auc_2,precision_2,val_loss,val_binary_accuracy,val_recall_2,val_auc_2,val_precision_2
2023-03-29 15:35:11,472 : [WARNING]  Early stopping conditioned on metric `val_acc` which is not available. Available metrics are: loss,binary_accuracy,recall_2,auc_2,precision_2,val_loss,val_binary_accuracy,val_recall_2,val_auc_2,val_precision_2
2023-03-29 15:35:11,476 : [INFO]  ------------------------- Batch round 2, loss: 0.5115 -------------------------
2023-03-29 15:35:11,476 : [INFO]  ------------------------- Batch 2, round 2: Sent local model to the server -------------------------
2023-03-29 15:35:11,484 : [INFO]  ------------------------- Received aggregated global model from the server -------------------------
2023-03-29 15:35:11,488 : [INFO]  ------------------------- Batch 2 training: round 3 -------------------------
2023-03-29 15:35:12,202 : [WARNING]  Early stopping conditioned on metric `val_acc` which is not available. Available metrics are: loss,binary_accuracy,recall_2,auc_2,precision_2,val_loss,val_binary_accuracy,val_recall_2,val_auc_2,val_precision_2
2023-03-29 15:35:12,768 : [WARNING]  Early stopping conditioned on metric `val_acc` which is not available. Available metrics are: loss,binary_accuracy,recall_2,auc_2,precision_2,val_loss,val_binary_accuracy,val_recall_2,val_auc_2,val_precision_2
2023-03-29 15:35:13,362 : [WARNING]  Early stopping conditioned on metric `val_acc` which is not available. Available metrics are: loss,binary_accuracy,recall_2,auc_2,precision_2,val_loss,val_binary_accuracy,val_recall_2,val_auc_2,val_precision_2
2023-03-29 15:35:14,197 : [WARNING]  Early stopping conditioned on metric `val_acc` which is not available. Available metrics are: loss,binary_accuracy,recall_2,auc_2,precision_2,val_loss,val_binary_accuracy,val_recall_2,val_auc_2,val_precision_2
2023-03-29 15:35:14,771 : [WARNING]  Early stopping conditioned on metric `val_acc` which is not available. Available metrics are: loss,binary_accuracy,recall_2,auc_2,precision_2,val_loss,val_binary_accuracy,val_recall_2,val_auc_2,val_precision_2
2023-03-29 15:35:15,378 : [WARNING]  Early stopping conditioned on metric `val_acc` which is not available. Available metrics are: loss,binary_accuracy,recall_2,auc_2,precision_2,val_loss,val_binary_accuracy,val_recall_2,val_auc_2,val_precision_2
2023-03-29 15:35:15,383 : [INFO]  ------------------------- Batch round 3, loss: 0.5861 -------------------------
2023-03-29 15:35:15,383 : [INFO]  ------------------------- Batch 2, round 3: Sent local model to the server -------------------------
2023-03-29 15:35:15,392 : [INFO]  ------------------------- Received aggregated global model from the server -------------------------
2023-03-29 15:35:15,397 : [INFO]  Batch number 2 model fetched from the server
2023-03-29 15:35:15,397 : [INFO]  ################ Batch 2: final global model evalution after 3 rounds ################
2023-03-29 15:35:48,385 : [INFO]  Batch 2: Training set : loss - 0.5895, accuracy - 0.7983, recall - 0.9149, AUC - 0.8478, F1 - 0.8194, precision - 0.742, training time - -17.0 seconds
2023-03-29 15:35:48,385 : [INFO]  Batch 2: Testing set : loss - 0.655, accuracy - 0.7949, recall - 0.8399, AUC - 0.8552, F1 - 0.8038, precision - 0.7707
2023-03-29 15:35:48,396 : [INFO]  Batch 3 initialized 
2023-03-29 15:35:49,450 : [INFO]  ------------------------- Batch 3 training: round 1 -------------------------
2023-03-29 15:35:52,193 : [WARNING]  Early stopping conditioned on metric `val_acc` which is not available. Available metrics are: loss,binary_accuracy,recall_3,auc_3,precision_3,val_loss,val_binary_accuracy,val_recall_3,val_auc_3,val_precision_3
2023-03-29 15:35:52,725 : [WARNING]  Early stopping conditioned on metric `val_acc` which is not available. Available metrics are: loss,binary_accuracy,recall_3,auc_3,precision_3,val_loss,val_binary_accuracy,val_recall_3,val_auc_3,val_precision_3
2023-03-29 15:35:53,291 : [WARNING]  Early stopping conditioned on metric `val_acc` which is not available. Available metrics are: loss,binary_accuracy,recall_3,auc_3,precision_3,val_loss,val_binary_accuracy,val_recall_3,val_auc_3,val_precision_3
2023-03-29 15:35:56,308 : [WARNING]  Early stopping conditioned on metric `val_acc` which is not available. Available metrics are: loss,binary_accuracy,recall_3,auc_3,precision_3,val_loss,val_binary_accuracy,val_recall_3,val_auc_3,val_precision_3
2023-03-29 15:35:56,808 : [WARNING]  Early stopping conditioned on metric `val_acc` which is not available. Available metrics are: loss,binary_accuracy,recall_3,auc_3,precision_3,val_loss,val_binary_accuracy,val_recall_3,val_auc_3,val_precision_3
2023-03-29 15:35:57,295 : [WARNING]  Early stopping conditioned on metric `val_acc` which is not available. Available metrics are: loss,binary_accuracy,recall_3,auc_3,precision_3,val_loss,val_binary_accuracy,val_recall_3,val_auc_3,val_precision_3
2023-03-29 15:35:57,298 : [INFO]  ------------------------- Batch round 1, loss: 0.4663 -------------------------
2023-03-29 15:35:57,298 : [INFO]  ------------------------- Batch 3, round 1: Sent local model to the server -------------------------
2023-03-29 15:35:57,391 : [INFO]  ------------------------- Received aggregated global model from the server -------------------------
