2023-03-29 16:49:32,550 : [WARNING]  ####################################### New Training Session: Client 1 #######################################
2023-03-29 16:49:32,550 : [INFO]  Client started, graph name facebook, graph ID 1, partition ID 1, training epochs 3, epochs 3
2023-03-29 16:49:36,059 : [INFO]  Model initialized for training
2023-03-29 16:49:56,355 : [INFO]  Number of training examples - 11796, Number of testing examples - 13106
2023-03-29 16:49:56,355 : [INFO]  Connected to the server
2023-03-29 16:49:56,443 : [INFO]  Distributed training for streaming graphs started!
2023-03-29 16:49:56,443 : [INFO]  ------------------------- Received aggregated global model from the server -------------------------
2023-03-29 16:49:56,454 : [INFO]  ################################## Initial model training started ##################################
2023-03-29 16:49:56,455 : [INFO]  ------------------------- Initial model training: round 1 -------------------------
2023-03-29 16:50:35,227 : [WARNING]  Early stopping conditioned on metric `val_acc` which is not available. Available metrics are: loss,binary_accuracy,recall,auc,precision,val_loss,val_binary_accuracy,val_recall,val_auc,val_precision
2023-03-29 16:51:02,035 : [WARNING]  Early stopping conditioned on metric `val_acc` which is not available. Available metrics are: loss,binary_accuracy,recall,auc,precision,val_loss,val_binary_accuracy,val_recall,val_auc,val_precision
2023-03-29 16:51:45,370 : [WARNING]  Early stopping conditioned on metric `val_acc` which is not available. Available metrics are: loss,binary_accuracy,recall,auc,precision,val_loss,val_binary_accuracy,val_recall,val_auc,val_precision
2023-03-29 16:52:23,431 : [WARNING]  Early stopping conditioned on metric `val_acc` which is not available. Available metrics are: loss,binary_accuracy,recall,auc,precision,val_loss,val_binary_accuracy,val_recall,val_auc,val_precision
2023-03-29 16:52:50,273 : [WARNING]  Early stopping conditioned on metric `val_acc` which is not available. Available metrics are: loss,binary_accuracy,recall,auc,precision,val_loss,val_binary_accuracy,val_recall,val_auc,val_precision
2023-03-29 16:53:16,568 : [WARNING]  Early stopping conditioned on metric `val_acc` which is not available. Available metrics are: loss,binary_accuracy,recall,auc,precision,val_loss,val_binary_accuracy,val_recall,val_auc,val_precision
2023-03-29 16:53:47,359 : [WARNING]  Early stopping conditioned on metric `val_acc` which is not available. Available metrics are: loss,binary_accuracy,recall,auc,precision,val_loss,val_binary_accuracy,val_recall,val_auc,val_precision
2023-03-29 16:54:14,100 : [WARNING]  Early stopping conditioned on metric `val_acc` which is not available. Available metrics are: loss,binary_accuracy,recall,auc,precision,val_loss,val_binary_accuracy,val_recall,val_auc,val_precision
2023-03-29 16:54:40,663 : [WARNING]  Early stopping conditioned on metric `val_acc` which is not available. Available metrics are: loss,binary_accuracy,recall,auc,precision,val_loss,val_binary_accuracy,val_recall,val_auc,val_precision
2023-03-29 16:54:40,675 : [INFO]  ------------------------- Training round 1, loss: 0.5378 -------------------------
2023-03-29 16:54:40,675 : [INFO]  ------------------------- Training, round 1: Sent local model to the server -------------------------
2023-03-29 16:54:40,689 : [INFO]  ------------------------- Received aggregated global model from the server -------------------------
