2023-03-29 14:27:01,433 : [WARNING]  ####################################### New Training Session: Client 0 #######################################
2023-03-29 14:27:01,434 : [INFO]  Client started, graph name wikipedia, graph ID 1, partition ID 0, training epochs 3, epochs 3
2023-03-29 14:27:04,136 : [INFO]  Model initialized for training
2023-03-29 14:27:07,990 : [INFO]  Number of training examples - 1842, Number of testing examples - 2046
2023-03-29 14:27:07,990 : [INFO]  Connected to the server
2023-03-29 14:27:08,063 : [INFO]  Distributed training for streaming graphs started!
2023-03-29 14:27:08,063 : [INFO]  ------------------------- Received aggregated global model from the server -------------------------
2023-03-29 14:27:08,072 : [INFO]  ################################## Initial model training started ##################################
2023-03-29 14:27:08,072 : [INFO]  ------------------------- Initial model training: round 1 -------------------------
2023-03-29 14:27:26,444 : [INFO]  ------------------------- Training round 1, loss: 0.5523 -------------------------
2023-03-29 14:27:26,445 : [INFO]  ------------------------- Training, round 1: Sent local model to the server -------------------------
2023-03-29 14:27:31,776 : [INFO]  ------------------------- Received aggregated global model from the server -------------------------
2023-03-29 14:27:31,779 : [INFO]  ------------------------- Initial model training: round 2 -------------------------
2023-03-29 14:27:48,821 : [INFO]  ------------------------- Training round 2, loss: 0.4406 -------------------------
2023-03-29 14:27:48,821 : [INFO]  ------------------------- Training, round 2: Sent local model to the server -------------------------
2023-03-29 14:27:49,129 : [INFO]  ------------------------- Received aggregated global model from the server -------------------------
2023-03-29 14:27:49,132 : [INFO]  ------------------------- Initial model training: round 3 -------------------------
2023-03-29 14:28:05,938 : [INFO]  ------------------------- Training round 3, loss: 0.5189 -------------------------
2023-03-29 14:28:05,939 : [INFO]  ------------------------- Training, round 3: Sent local model to the server -------------------------
2023-03-29 14:28:06,009 : [INFO]  ------------------------- Received aggregated global model from the server -------------------------
2023-03-29 14:28:06,013 : [INFO]  ------------------------- Initial model training: round 4 -------------------------
2023-03-29 14:28:22,576 : [INFO]  ------------------------- Training round 4, loss: 0.5553 -------------------------
2023-03-29 14:28:22,576 : [INFO]  ------------------------- Training, round 4: Sent local model to the server -------------------------
2023-03-29 14:28:22,807 : [INFO]  ------------------------- Received aggregated global model from the server -------------------------
2023-03-29 14:28:22,812 : [INFO]  ------------------------- Initial model training: round 5 -------------------------
2023-03-29 14:28:39,497 : [INFO]  ------------------------- Training round 5, loss: 0.4387 -------------------------
2023-03-29 14:28:39,497 : [INFO]  ------------------------- Training, round 5: Sent local model to the server -------------------------
2023-03-29 14:28:39,658 : [INFO]  ------------------------- Received aggregated global model from the server -------------------------
2023-03-29 14:28:39,661 : [INFO]  ------------------------- Initial model training: round 6 -------------------------
2023-03-29 14:28:56,069 : [INFO]  ------------------------- Training round 6, loss: 0.5182 -------------------------
2023-03-29 14:28:56,070 : [INFO]  ------------------------- Training, round 6: Sent local model to the server -------------------------
2023-03-29 14:28:56,288 : [INFO]  ------------------------- Received aggregated global model from the server -------------------------
2023-03-29 14:28:56,291 : [INFO]  ################ Initial trained model: Final global model evalution after 6 rounds ################
2023-03-29 14:31:24,795 : [INFO]  Initially trained model: Training set : loss - 0.54, accuracy - 0.74, recall - 0.95, AUC - 0.86, F1 - 0.8, precision - 0.68, training time - -108.0 seconds
2023-03-29 14:31:24,795 : [INFO]  Initially trained model: Testing set : loss - 0.59, accuracy - 0.72, recall - 0.93, AUC - 0.83, F1 - 0.78, precision - 0.66
2023-03-29 14:31:24,848 : [INFO]  Batch 1 initialized 
2023-03-29 14:31:25,893 : [INFO]  ################################## Next batch processing started: transfer learning is ON ##################################
2023-03-29 14:31:25,893 : [INFO]  ------------------------- Batch 1 training: round 1 -------------------------
2023-03-29 14:31:32,995 : [INFO]  ------------------------- Batch round 1, loss: 0.4622 -------------------------
2023-03-29 14:31:32,995 : [INFO]  ------------------------- Batch 1, round 1: Sent local model to the server -------------------------
2023-03-29 14:31:33,001 : [INFO]  ------------------------- Received aggregated global model from the server -------------------------
2023-03-29 14:31:33,005 : [INFO]  ------------------------- Batch 1 training: round 2 -------------------------
2023-03-29 14:31:35,652 : [INFO]  ------------------------- Batch round 2, loss: 0.3782 -------------------------
2023-03-29 14:31:35,652 : [INFO]  ------------------------- Batch 1, round 2: Sent local model to the server -------------------------
2023-03-29 14:31:35,659 : [INFO]  ------------------------- Received aggregated global model from the server -------------------------
2023-03-29 14:31:35,668 : [INFO]  ------------------------- Batch 1 training: round 3 -------------------------
2023-03-29 14:31:38,216 : [INFO]  ------------------------- Batch round 3, loss: 0.5249 -------------------------
2023-03-29 14:31:38,216 : [INFO]  ------------------------- Batch 1, round 3: Sent local model to the server -------------------------
2023-03-29 14:31:38,222 : [INFO]  ------------------------- Received aggregated global model from the server -------------------------
2023-03-29 14:31:38,225 : [INFO]  Batch number 1 model fetched from the server
2023-03-29 14:31:38,226 : [INFO]  ################ Batch 1: final global model evalution after 3 rounds ################
2023-03-29 14:31:59,730 : [INFO]  Batch 1: Training set : loss - 0.4691, accuracy - 0.8465, recall - 0.8918, AUC - 0.9017, F1 - 0.8532, precision - 0.8178, training time - -12.0 seconds
2023-03-29 14:31:59,730 : [INFO]  Batch 1: Testing set : loss - 0.4627, accuracy - 0.8237, recall - 0.9404, AUC - 0.8762, F1 - 0.8422, precision - 0.7626
2023-03-29 14:31:59,738 : [INFO]  Batch 2 initialized 
2023-03-29 14:32:01,036 : [INFO]  ------------------------- Batch 2 training: round 1 -------------------------
2023-03-29 14:32:07,688 : [INFO]  ------------------------- Batch round 1, loss: 0.41 -------------------------
2023-03-29 14:32:07,688 : [INFO]  ------------------------- Batch 2, round 1: Sent local model to the server -------------------------
2023-03-29 14:32:07,997 : [INFO]  ------------------------- Received aggregated global model from the server -------------------------
2023-03-29 14:32:08,000 : [INFO]  ------------------------- Batch 2 training: round 2 -------------------------
2023-03-29 14:32:10,355 : [INFO]  ------------------------- Batch round 2, loss: 0.4045 -------------------------
2023-03-29 14:32:10,356 : [INFO]  ------------------------- Batch 2, round 2: Sent local model to the server -------------------------
2023-03-29 14:32:10,429 : [INFO]  ------------------------- Received aggregated global model from the server -------------------------
2023-03-29 14:32:10,433 : [INFO]  ------------------------- Batch 2 training: round 3 -------------------------
2023-03-29 14:32:12,949 : [INFO]  ------------------------- Batch round 3, loss: 0.3632 -------------------------
2023-03-29 14:32:12,949 : [INFO]  ------------------------- Batch 2, round 3: Sent local model to the server -------------------------
2023-03-29 14:32:13,049 : [INFO]  ------------------------- Received aggregated global model from the server -------------------------
2023-03-29 14:32:13,053 : [INFO]  Batch number 2 model fetched from the server
2023-03-29 14:32:13,053 : [INFO]  ################ Batch 2: final global model evalution after 3 rounds ################
2023-03-29 14:32:33,883 : [INFO]  Batch 2: Training set : loss - 0.5749, accuracy - 0.8229, recall - 0.8496, AUC - 0.8948, F1 - 0.8277, precision - 0.8069, training time - -12.0 seconds
2023-03-29 14:32:33,884 : [INFO]  Batch 2: Testing set : loss - 0.684, accuracy - 0.819, recall - 0.8844, AUC - 0.8517, F1 - 0.8302, precision - 0.7823
2023-03-29 14:32:33,891 : [INFO]  Batch 3 initialized 
2023-03-29 14:32:35,540 : [INFO]  ------------------------- Batch 3 training: round 1 -------------------------
2023-03-29 14:32:43,018 : [INFO]  ------------------------- Batch round 1, loss: 0.4079 -------------------------
2023-03-29 14:32:43,018 : [INFO]  ------------------------- Batch 3, round 1: Sent local model to the server -------------------------
2023-03-29 14:32:43,930 : [INFO]  ------------------------- Received aggregated global model from the server -------------------------
2023-03-29 14:32:43,945 : [INFO]  ------------------------- Batch 3 training: round 2 -------------------------
2023-03-29 14:32:49,282 : [INFO]  ------------------------- Batch round 2, loss: 0.4836 -------------------------
2023-03-29 14:32:49,282 : [INFO]  ------------------------- Batch 3, round 2: Sent local model to the server -------------------------
2023-03-29 14:32:49,479 : [INFO]  ------------------------- Received aggregated global model from the server -------------------------
2023-03-29 14:32:49,485 : [INFO]  ------------------------- Batch 3 training: round 3 -------------------------
2023-03-29 14:32:52,361 : [INFO]  ------------------------- Batch round 3, loss: 0.3333 -------------------------
2023-03-29 14:32:52,361 : [INFO]  ------------------------- Batch 3, round 3: Sent local model to the server -------------------------
2023-03-29 14:32:52,545 : [INFO]  ------------------------- Received aggregated global model from the server -------------------------
2023-03-29 14:32:52,551 : [INFO]  Batch number 3 model fetched from the server
2023-03-29 14:32:52,551 : [INFO]  ################ Batch 3: final global model evalution after 3 rounds ################
2023-03-29 14:33:15,850 : [INFO]  Batch 3: Training set : loss - 0.5361, accuracy - 0.8043, recall - 0.8678, AUC - 0.8778, F1 - 0.816, precision - 0.7701, training time - -17.0 seconds
2023-03-29 14:33:15,850 : [INFO]  Batch 3: Testing set : loss - 0.6318, accuracy - 0.8344, recall - 0.9065, AUC - 0.8807, F1 - 0.8455, precision - 0.7923
2023-03-29 14:33:15,856 : [INFO]  Batch 4 initialized 
2023-03-29 14:33:17,004 : [INFO]  ------------------------- Batch 4 training: round 1 -------------------------
2023-03-29 14:33:22,494 : [INFO]  ------------------------- Batch round 1, loss: 0.3054 -------------------------
2023-03-29 14:33:22,494 : [INFO]  ------------------------- Batch 4, round 1: Sent local model to the server -------------------------
2023-03-29 14:33:22,526 : [INFO]  ------------------------- Received aggregated global model from the server -------------------------
2023-03-29 14:33:22,530 : [INFO]  ------------------------- Batch 4 training: round 2 -------------------------
2023-03-29 14:33:24,584 : [INFO]  ------------------------- Batch round 2, loss: 0.2459 -------------------------
2023-03-29 14:33:24,584 : [INFO]  ------------------------- Batch 4, round 2: Sent local model to the server -------------------------
2023-03-29 14:33:24,647 : [INFO]  ------------------------- Received aggregated global model from the server -------------------------
2023-03-29 14:33:24,651 : [INFO]  ------------------------- Batch 4 training: round 3 -------------------------
2023-03-29 14:33:26,777 : [INFO]  ------------------------- Batch round 3, loss: 0.2869 -------------------------
2023-03-29 14:33:26,777 : [INFO]  ------------------------- Batch 4, round 3: Sent local model to the server -------------------------
2023-03-29 14:33:26,783 : [INFO]  ------------------------- Received aggregated global model from the server -------------------------
2023-03-29 14:33:26,786 : [INFO]  Batch number 4 model fetched from the server
2023-03-29 14:33:26,786 : [INFO]  ################ Batch 4: final global model evalution after 3 rounds ################
2023-03-29 14:33:50,052 : [INFO]  Batch 4: Training set : loss - 0.322, accuracy - 0.8705, recall - 0.9425, AUC - 0.9436, F1 - 0.8795, precision - 0.8244, training time - -10.0 seconds
2023-03-29 14:33:50,053 : [INFO]  Batch 4: Testing set : loss - 0.6562, accuracy - 0.819, recall - 0.8533, AUC - 0.8895, F1 - 0.8253, precision - 0.799
2023-03-29 14:33:50,062 : [INFO]  Batch 5 initialized 
2023-03-29 14:33:51,792 : [INFO]  ------------------------- Batch 5 training: round 1 -------------------------
2023-03-29 14:33:59,198 : [INFO]  ------------------------- Batch round 1, loss: 0.3742 -------------------------
2023-03-29 14:33:59,198 : [INFO]  ------------------------- Batch 5, round 1: Sent local model to the server -------------------------
2023-03-29 14:33:59,904 : [INFO]  ------------------------- Received aggregated global model from the server -------------------------
2023-03-29 14:33:59,908 : [INFO]  ------------------------- Batch 5 training: round 2 -------------------------
2023-03-29 14:34:02,424 : [INFO]  ------------------------- Batch round 2, loss: 0.2767 -------------------------
2023-03-29 14:34:02,425 : [INFO]  ------------------------- Batch 5, round 2: Sent local model to the server -------------------------
2023-03-29 14:34:02,521 : [INFO]  ------------------------- Received aggregated global model from the server -------------------------
2023-03-29 14:34:02,526 : [INFO]  ------------------------- Batch 5 training: round 3 -------------------------
2023-03-29 14:34:05,268 : [INFO]  ------------------------- Batch round 3, loss: 0.3949 -------------------------
2023-03-29 14:34:05,268 : [INFO]  ------------------------- Batch 5, round 3: Sent local model to the server -------------------------
2023-03-29 14:34:05,320 : [INFO]  ------------------------- Received aggregated global model from the server -------------------------
2023-03-29 14:34:05,324 : [INFO]  Batch number 5 model fetched from the server
2023-03-29 14:34:05,324 : [INFO]  ################ Batch 5: final global model evalution after 3 rounds ################
2023-03-29 14:34:29,482 : [INFO]  Batch 5: Training set : loss - 0.4102, accuracy - 0.8533, recall - 0.9067, AUC - 0.9244, F1 - 0.8614, precision - 0.8204, training time - -14.0 seconds
2023-03-29 14:34:29,483 : [INFO]  Batch 5: Testing set : loss - 0.3484, accuracy - 0.8391, recall - 0.9073, AUC - 0.9173, F1 - 0.8494, precision - 0.7984
2023-03-29 14:34:29,493 : [INFO]  Batch 6 initialized 
2023-03-29 14:34:30,834 : [INFO]  ------------------------- Batch 6 training: round 1 -------------------------
2023-03-29 14:34:36,408 : [INFO]  ------------------------- Batch round 1, loss: 0.5775 -------------------------
2023-03-29 14:34:36,408 : [INFO]  ------------------------- Batch 6, round 1: Sent local model to the server -------------------------
2023-03-29 14:34:36,862 : [INFO]  ------------------------- Received aggregated global model from the server -------------------------
2023-03-29 14:34:36,865 : [INFO]  ------------------------- Batch 6 training: round 2 -------------------------
2023-03-29 14:34:38,943 : [INFO]  ------------------------- Batch round 2, loss: 0.5386 -------------------------
2023-03-29 14:34:38,943 : [INFO]  ------------------------- Batch 6, round 2: Sent local model to the server -------------------------
2023-03-29 14:34:38,967 : [INFO]  ------------------------- Received aggregated global model from the server -------------------------
2023-03-29 14:34:38,974 : [INFO]  ------------------------- Batch 6 training: round 3 -------------------------
2023-03-29 14:34:41,666 : [INFO]  ------------------------- Batch round 3, loss: 0.569 -------------------------
2023-03-29 14:34:41,666 : [INFO]  ------------------------- Batch 6, round 3: Sent local model to the server -------------------------
2023-03-29 14:34:41,705 : [INFO]  ------------------------- Received aggregated global model from the server -------------------------
2023-03-29 14:34:41,709 : [INFO]  Batch number 6 model fetched from the server
2023-03-29 14:34:41,709 : [INFO]  ################ Batch 6: final global model evalution after 3 rounds ################
2023-03-29 14:35:05,901 : [INFO]  Batch 6: Training set : loss - 0.5852, accuracy - 0.8306, recall - 0.9149, AUC - 0.8967, F1 - 0.8438, precision - 0.783, training time - -11.0 seconds
2023-03-29 14:35:05,902 : [INFO]  Batch 6: Testing set : loss - 0.7809, accuracy - 0.7915, recall - 0.8913, AUC - 0.84, F1 - 0.8106, precision - 0.7433
2023-03-29 14:35:05,908 : [INFO]  Batch 7 initialized 
2023-03-29 14:35:07,593 : [INFO]  ------------------------- Batch 7 training: round 1 -------------------------
2023-03-29 14:35:15,733 : [INFO]  ------------------------- Batch round 1, loss: 0.529 -------------------------
2023-03-29 14:35:15,733 : [INFO]  ------------------------- Batch 7, round 1: Sent local model to the server -------------------------
2023-03-29 14:35:15,738 : [INFO]  ------------------------- Received aggregated global model from the server -------------------------
2023-03-29 14:35:15,742 : [INFO]  ------------------------- Batch 7 training: round 2 -------------------------
2023-03-29 14:35:17,925 : [INFO]  ------------------------- Batch round 2, loss: 0.3755 -------------------------
2023-03-29 14:35:17,925 : [INFO]  ------------------------- Batch 7, round 2: Sent local model to the server -------------------------
2023-03-29 14:35:17,942 : [INFO]  ------------------------- Received aggregated global model from the server -------------------------
2023-03-29 14:35:17,947 : [INFO]  ------------------------- Batch 7 training: round 3 -------------------------
2023-03-29 14:35:20,473 : [INFO]  ------------------------- Batch round 3, loss: 0.3756 -------------------------
2023-03-29 14:35:20,473 : [INFO]  ------------------------- Batch 7, round 3: Sent local model to the server -------------------------
2023-03-29 14:35:20,482 : [INFO]  ------------------------- Received aggregated global model from the server -------------------------
2023-03-29 14:35:20,487 : [INFO]  Batch number 7 model fetched from the server
2023-03-29 14:35:20,487 : [INFO]  ################ Batch 7: final global model evalution after 3 rounds ################
2023-03-29 14:35:45,129 : [INFO]  Batch 7: Training set : loss - 0.4937, accuracy - 0.829, recall - 0.9343, AUC - 0.8816, F1 - 0.8464, precision - 0.7736, training time - -13.0 seconds
2023-03-29 14:35:45,134 : [INFO]  Batch 7: Testing set : loss - 0.5697, accuracy - 0.8229, recall - 0.9073, AUC - 0.8931, F1 - 0.8367, precision - 0.7764
2023-03-29 14:35:45,140 : [INFO]  Batch 8 initialized 
2023-03-29 14:35:46,706 : [INFO]  ------------------------- Batch 8 training: round 1 -------------------------
2023-03-29 14:35:52,545 : [INFO]  ------------------------- Batch round 1, loss: 0.2926 -------------------------
2023-03-29 14:35:52,545 : [INFO]  ------------------------- Batch 8, round 1: Sent local model to the server -------------------------
2023-03-29 14:35:53,133 : [INFO]  ------------------------- Received aggregated global model from the server -------------------------
2023-03-29 14:35:53,138 : [INFO]  ------------------------- Batch 8 training: round 2 -------------------------
2023-03-29 14:35:55,048 : [INFO]  ------------------------- Batch round 2, loss: 0.4069 -------------------------
2023-03-29 14:35:55,049 : [INFO]  ------------------------- Batch 8, round 2: Sent local model to the server -------------------------
2023-03-29 14:35:55,128 : [INFO]  ------------------------- Received aggregated global model from the server -------------------------
2023-03-29 14:35:55,132 : [INFO]  ------------------------- Batch 8 training: round 3 -------------------------
2023-03-29 14:35:57,199 : [INFO]  ------------------------- Batch round 3, loss: 0.369 -------------------------
2023-03-29 14:35:57,199 : [INFO]  ------------------------- Batch 8, round 3: Sent local model to the server -------------------------
2023-03-29 14:35:57,221 : [INFO]  ------------------------- Received aggregated global model from the server -------------------------
2023-03-29 14:35:57,225 : [INFO]  Batch number 8 model fetched from the server
2023-03-29 14:35:57,225 : [INFO]  ################ Batch 8: final global model evalution after 3 rounds ################
2023-03-29 14:36:17,390 : [INFO]  Batch 8: Training set : loss - 0.4261, accuracy - 0.8641, recall - 0.9121, AUC - 0.9153, F1 - 0.8704, precision - 0.8323, training time - -11.0 seconds
2023-03-29 14:36:17,391 : [INFO]  Batch 8: Testing set : loss - 0.8046, accuracy - 0.7927, recall - 0.8211, AUC - 0.8515, F1 - 0.7984, precision - 0.777
2023-03-29 14:36:17,398 : [INFO]  Batch 9 initialized 
2023-03-29 14:36:19,006 : [INFO]  ------------------------- Batch 9 training: round 1 -------------------------
2023-03-29 14:36:27,161 : [INFO]  ------------------------- Batch round 1, loss: 0.4115 -------------------------
2023-03-29 14:36:27,161 : [INFO]  ------------------------- Batch 9, round 1: Sent local model to the server -------------------------
2023-03-29 14:36:27,695 : [INFO]  ------------------------- Received aggregated global model from the server -------------------------
2023-03-29 14:36:27,704 : [INFO]  ------------------------- Batch 9 training: round 2 -------------------------
2023-03-29 14:36:30,179 : [INFO]  ------------------------- Batch round 2, loss: 0.3822 -------------------------
2023-03-29 14:36:30,180 : [INFO]  ------------------------- Batch 9, round 2: Sent local model to the server -------------------------
2023-03-29 14:36:30,187 : [INFO]  ------------------------- Received aggregated global model from the server -------------------------
2023-03-29 14:36:30,191 : [INFO]  ------------------------- Batch 9 training: round 3 -------------------------
2023-03-29 14:36:32,815 : [INFO]  ------------------------- Batch round 3, loss: 0.2508 -------------------------
2023-03-29 14:36:32,815 : [INFO]  ------------------------- Batch 9, round 3: Sent local model to the server -------------------------
2023-03-29 14:36:32,854 : [INFO]  ------------------------- Received aggregated global model from the server -------------------------
2023-03-29 14:36:32,858 : [INFO]  Batch number 9 model fetched from the server
2023-03-29 14:36:32,858 : [INFO]  ################ Batch 9: final global model evalution after 3 rounds ################
2023-03-29 14:36:54,125 : [INFO]  Batch 9: Training set : loss - 0.4107, accuracy - 0.8555, recall - 0.9248, AUC - 0.9238, F1 - 0.8652, precision - 0.8128, training time - -14.0 seconds
2023-03-29 14:36:54,126 : [INFO]  Batch 9: Testing set : loss - 0.771, accuracy - 0.8337, recall - 0.8403, AUC - 0.8827, F1 - 0.8348, precision - 0.8295
2023-03-29 14:36:54,138 : [INFO]  Batch 10 initialized 
2023-03-29 14:36:55,648 : [INFO]  ------------------------- Batch 10 training: round 1 -------------------------
2023-03-29 14:37:02,493 : [INFO]  ------------------------- Batch round 1, loss: 0.299 -------------------------
2023-03-29 14:37:02,494 : [INFO]  ------------------------- Batch 10, round 1: Sent local model to the server -------------------------
2023-03-29 14:37:03,121 : [INFO]  ------------------------- Received aggregated global model from the server -------------------------
2023-03-29 14:37:03,124 : [INFO]  ------------------------- Batch 10 training: round 2 -------------------------
2023-03-29 14:37:05,087 : [INFO]  ------------------------- Batch round 2, loss: 0.7058 -------------------------
2023-03-29 14:37:05,087 : [INFO]  ------------------------- Batch 10, round 2: Sent local model to the server -------------------------
2023-03-29 14:37:05,113 : [INFO]  ------------------------- Received aggregated global model from the server -------------------------
2023-03-29 14:37:05,118 : [INFO]  ------------------------- Batch 10 training: round 3 -------------------------
2023-03-29 14:37:07,125 : [INFO]  ------------------------- Batch round 3, loss: 0.7799 -------------------------
2023-03-29 14:37:07,125 : [INFO]  ------------------------- Batch 10, round 3: Sent local model to the server -------------------------
2023-03-29 14:37:07,132 : [INFO]  ------------------------- Received aggregated global model from the server -------------------------
2023-03-29 14:37:07,136 : [INFO]  Batch number 10 model fetched from the server
2023-03-29 14:37:07,136 : [INFO]  ################ Batch 10: final global model evalution after 3 rounds ################
2023-03-29 14:37:28,164 : [INFO]  Batch 10: Training set : loss - 0.6921, accuracy - 0.8648, recall - 0.9035, AUC - 0.9133, F1 - 0.8701, precision - 0.8391, training time - -11.0 seconds
2023-03-29 14:37:28,165 : [INFO]  Batch 10: Testing set : loss - 0.5956, accuracy - 0.8378, recall - 0.8917, AUC - 0.9151, F1 - 0.8461, precision - 0.805
2023-03-29 14:37:28,173 : [INFO]  Batch 11 initialized 
2023-03-29 14:37:29,822 : [INFO]  ------------------------- Batch 11 training: round 1 -------------------------
2023-03-29 14:37:37,031 : [INFO]  ------------------------- Batch round 1, loss: 0.2107 -------------------------
2023-03-29 14:37:37,032 : [INFO]  ------------------------- Batch 11, round 1: Sent local model to the server -------------------------
2023-03-29 14:37:37,037 : [INFO]  ------------------------- Received aggregated global model from the server -------------------------
2023-03-29 14:37:37,040 : [INFO]  ------------------------- Batch 11 training: round 2 -------------------------
2023-03-29 14:37:39,636 : [INFO]  ------------------------- Batch round 2, loss: 0.2128 -------------------------
2023-03-29 14:37:39,636 : [INFO]  ------------------------- Batch 11, round 2: Sent local model to the server -------------------------
2023-03-29 14:37:39,645 : [INFO]  ------------------------- Received aggregated global model from the server -------------------------
2023-03-29 14:37:39,649 : [INFO]  ------------------------- Batch 11 training: round 3 -------------------------
2023-03-29 14:37:42,427 : [INFO]  ------------------------- Batch round 3, loss: 0.1789 -------------------------
2023-03-29 14:37:42,427 : [INFO]  ------------------------- Batch 11, round 3: Sent local model to the server -------------------------
2023-03-29 14:37:42,457 : [INFO]  ------------------------- Received aggregated global model from the server -------------------------
2023-03-29 14:37:42,461 : [INFO]  Batch number 11 model fetched from the server
2023-03-29 14:37:42,461 : [INFO]  ################ Batch 11: final global model evalution after 3 rounds ################
