2023-03-29 18:33:34,757 : [WARNING]  ####################################### New Training Session: Client 1 #######################################
2023-03-29 18:33:34,758 : [INFO]  Client started, graph name wikipedia, graph ID 1, partition ID 1, training epochs 3, epochs 3
2023-03-29 18:33:39,588 : [INFO]  Model initialized for training
2023-03-29 18:33:42,549 : [INFO]  Number of training examples - 1842, Number of testing examples - 2046
2023-03-29 18:33:42,549 : [INFO]  Connected to the server
2023-03-29 18:33:42,638 : [INFO]  Distributed training for streaming graphs started!
2023-03-29 18:33:42,638 : [INFO]  ------------------------- Received aggregated global model from the server -------------------------
2023-03-29 18:33:42,648 : [INFO]  ################################## Initial model training started ##################################
2023-03-29 18:33:42,648 : [INFO]  ------------------------- Initial model training: round 1 -------------------------
2023-03-29 18:33:51,036 : [WARNING]  Early stopping conditioned on metric `val_acc` which is not available. Available metrics are: loss,binary_accuracy,recall,auc,precision,val_loss,val_binary_accuracy,val_recall,val_auc,val_precision
2023-03-29 18:33:56,048 : [WARNING]  Early stopping conditioned on metric `val_acc` which is not available. Available metrics are: loss,binary_accuracy,recall,auc,precision,val_loss,val_binary_accuracy,val_recall,val_auc,val_precision
2023-03-29 18:34:02,122 : [WARNING]  Early stopping conditioned on metric `val_acc` which is not available. Available metrics are: loss,binary_accuracy,recall,auc,precision,val_loss,val_binary_accuracy,val_recall,val_auc,val_precision
2023-03-29 18:34:16,394 : [WARNING]  Early stopping conditioned on metric `val_acc` which is not available. Available metrics are: loss,binary_accuracy,recall,auc,precision,val_loss,val_binary_accuracy,val_recall,val_auc,val_precision
2023-03-29 18:34:29,199 : [WARNING]  Early stopping conditioned on metric `val_acc` which is not available. Available metrics are: loss,binary_accuracy,recall,auc,precision,val_loss,val_binary_accuracy,val_recall,val_auc,val_precision
2023-03-29 18:34:35,333 : [WARNING]  Early stopping conditioned on metric `val_acc` which is not available. Available metrics are: loss,binary_accuracy,recall,auc,precision,val_loss,val_binary_accuracy,val_recall,val_auc,val_precision
2023-03-29 18:34:35,343 : [INFO]  ------------------------- Training round 1, loss: 0.6196 -------------------------
2023-03-29 18:34:35,343 : [INFO]  ------------------------- Training, round 1: Sent local model to the server -------------------------
2023-03-29 18:34:35,351 : [INFO]  ------------------------- Received aggregated global model from the server -------------------------
2023-03-29 18:34:35,357 : [INFO]  ------------------------- Initial model training: round 2 -------------------------
2023-03-29 18:34:41,659 : [WARNING]  Early stopping conditioned on metric `val_acc` which is not available. Available metrics are: loss,binary_accuracy,recall,auc,precision,val_loss,val_binary_accuracy,val_recall,val_auc,val_precision
2023-03-29 18:34:50,873 : [WARNING]  Early stopping conditioned on metric `val_acc` which is not available. Available metrics are: loss,binary_accuracy,recall,auc,precision,val_loss,val_binary_accuracy,val_recall,val_auc,val_precision
2023-03-29 18:35:00,352 : [WARNING]  Early stopping conditioned on metric `val_acc` which is not available. Available metrics are: loss,binary_accuracy,recall,auc,precision,val_loss,val_binary_accuracy,val_recall,val_auc,val_precision
2023-03-29 18:35:06,247 : [WARNING]  Early stopping conditioned on metric `val_acc` which is not available. Available metrics are: loss,binary_accuracy,recall,auc,precision,val_loss,val_binary_accuracy,val_recall,val_auc,val_precision
2023-03-29 18:35:11,553 : [WARNING]  Early stopping conditioned on metric `val_acc` which is not available. Available metrics are: loss,binary_accuracy,recall,auc,precision,val_loss,val_binary_accuracy,val_recall,val_auc,val_precision
2023-03-29 18:35:16,819 : [WARNING]  Early stopping conditioned on metric `val_acc` which is not available. Available metrics are: loss,binary_accuracy,recall,auc,precision,val_loss,val_binary_accuracy,val_recall,val_auc,val_precision
2023-03-29 18:35:16,822 : [INFO]  ------------------------- Training round 2, loss: 0.5736 -------------------------
2023-03-29 18:35:16,823 : [INFO]  ------------------------- Training, round 2: Sent local model to the server -------------------------
2023-03-29 18:35:16,828 : [INFO]  ------------------------- Received aggregated global model from the server -------------------------
2023-03-29 18:35:16,833 : [INFO]  ------------------------- Initial model training: round 3 -------------------------
2023-03-29 18:35:24,020 : [WARNING]  Early stopping conditioned on metric `val_acc` which is not available. Available metrics are: loss,binary_accuracy,recall,auc,precision,val_loss,val_binary_accuracy,val_recall,val_auc,val_precision
2023-03-29 18:35:29,205 : [WARNING]  Early stopping conditioned on metric `val_acc` which is not available. Available metrics are: loss,binary_accuracy,recall,auc,precision,val_loss,val_binary_accuracy,val_recall,val_auc,val_precision
2023-03-29 18:35:34,716 : [WARNING]  Early stopping conditioned on metric `val_acc` which is not available. Available metrics are: loss,binary_accuracy,recall,auc,precision,val_loss,val_binary_accuracy,val_recall,val_auc,val_precision
2023-03-29 18:35:42,954 : [WARNING]  Early stopping conditioned on metric `val_acc` which is not available. Available metrics are: loss,binary_accuracy,recall,auc,precision,val_loss,val_binary_accuracy,val_recall,val_auc,val_precision
2023-03-29 18:35:48,889 : [WARNING]  Early stopping conditioned on metric `val_acc` which is not available. Available metrics are: loss,binary_accuracy,recall,auc,precision,val_loss,val_binary_accuracy,val_recall,val_auc,val_precision
2023-03-29 18:35:54,619 : [WARNING]  Early stopping conditioned on metric `val_acc` which is not available. Available metrics are: loss,binary_accuracy,recall,auc,precision,val_loss,val_binary_accuracy,val_recall,val_auc,val_precision
2023-03-29 18:35:54,622 : [INFO]  ------------------------- Training round 3, loss: 0.5668 -------------------------
2023-03-29 18:35:54,623 : [INFO]  ------------------------- Training, round 3: Sent local model to the server -------------------------
2023-03-29 18:35:54,628 : [INFO]  ------------------------- Received aggregated global model from the server -------------------------
2023-03-29 18:35:54,632 : [INFO]  ------------------------- Initial model training: round 4 -------------------------
2023-03-29 18:36:01,740 : [WARNING]  Early stopping conditioned on metric `val_acc` which is not available. Available metrics are: loss,binary_accuracy,recall,auc,precision,val_loss,val_binary_accuracy,val_recall,val_auc,val_precision
2023-03-29 18:36:07,674 : [WARNING]  Early stopping conditioned on metric `val_acc` which is not available. Available metrics are: loss,binary_accuracy,recall,auc,precision,val_loss,val_binary_accuracy,val_recall,val_auc,val_precision
2023-03-29 18:36:14,239 : [WARNING]  Early stopping conditioned on metric `val_acc` which is not available. Available metrics are: loss,binary_accuracy,recall,auc,precision,val_loss,val_binary_accuracy,val_recall,val_auc,val_precision
2023-03-29 18:36:20,165 : [WARNING]  Early stopping conditioned on metric `val_acc` which is not available. Available metrics are: loss,binary_accuracy,recall,auc,precision,val_loss,val_binary_accuracy,val_recall,val_auc,val_precision
2023-03-29 18:36:25,231 : [WARNING]  Early stopping conditioned on metric `val_acc` which is not available. Available metrics are: loss,binary_accuracy,recall,auc,precision,val_loss,val_binary_accuracy,val_recall,val_auc,val_precision
2023-03-29 18:36:31,430 : [WARNING]  Early stopping conditioned on metric `val_acc` which is not available. Available metrics are: loss,binary_accuracy,recall,auc,precision,val_loss,val_binary_accuracy,val_recall,val_auc,val_precision
2023-03-29 18:36:31,433 : [INFO]  ------------------------- Training round 4, loss: 0.4796 -------------------------
2023-03-29 18:36:31,433 : [INFO]  ------------------------- Training, round 4: Sent local model to the server -------------------------
2023-03-29 18:36:31,438 : [INFO]  ------------------------- Received aggregated global model from the server -------------------------
2023-03-29 18:36:31,442 : [INFO]  ------------------------- Initial model training: round 5 -------------------------
2023-03-29 18:36:39,028 : [WARNING]  Early stopping conditioned on metric `val_acc` which is not available. Available metrics are: loss,binary_accuracy,recall,auc,precision,val_loss,val_binary_accuracy,val_recall,val_auc,val_precision
2023-03-29 18:36:44,279 : [WARNING]  Early stopping conditioned on metric `val_acc` which is not available. Available metrics are: loss,binary_accuracy,recall,auc,precision,val_loss,val_binary_accuracy,val_recall,val_auc,val_precision
2023-03-29 18:36:49,768 : [WARNING]  Early stopping conditioned on metric `val_acc` which is not available. Available metrics are: loss,binary_accuracy,recall,auc,precision,val_loss,val_binary_accuracy,val_recall,val_auc,val_precision
2023-03-29 18:36:55,660 : [WARNING]  Early stopping conditioned on metric `val_acc` which is not available. Available metrics are: loss,binary_accuracy,recall,auc,precision,val_loss,val_binary_accuracy,val_recall,val_auc,val_precision
2023-03-29 18:37:01,090 : [WARNING]  Early stopping conditioned on metric `val_acc` which is not available. Available metrics are: loss,binary_accuracy,recall,auc,precision,val_loss,val_binary_accuracy,val_recall,val_auc,val_precision
2023-03-29 18:37:07,545 : [WARNING]  Early stopping conditioned on metric `val_acc` which is not available. Available metrics are: loss,binary_accuracy,recall,auc,precision,val_loss,val_binary_accuracy,val_recall,val_auc,val_precision
2023-03-29 18:37:07,549 : [INFO]  ------------------------- Training round 5, loss: 0.4408 -------------------------
2023-03-29 18:37:07,549 : [INFO]  ------------------------- Training, round 5: Sent local model to the server -------------------------
2023-03-29 18:37:07,556 : [INFO]  ------------------------- Received aggregated global model from the server -------------------------
2023-03-29 18:37:07,563 : [INFO]  ------------------------- Initial model training: round 6 -------------------------
2023-03-29 18:37:14,252 : [WARNING]  Early stopping conditioned on metric `val_acc` which is not available. Available metrics are: loss,binary_accuracy,recall,auc,precision,val_loss,val_binary_accuracy,val_recall,val_auc,val_precision
2023-03-29 18:37:19,380 : [WARNING]  Early stopping conditioned on metric `val_acc` which is not available. Available metrics are: loss,binary_accuracy,recall,auc,precision,val_loss,val_binary_accuracy,val_recall,val_auc,val_precision
2023-03-29 18:37:24,646 : [WARNING]  Early stopping conditioned on metric `val_acc` which is not available. Available metrics are: loss,binary_accuracy,recall,auc,precision,val_loss,val_binary_accuracy,val_recall,val_auc,val_precision
2023-03-29 18:37:33,164 : [WARNING]  Early stopping conditioned on metric `val_acc` which is not available. Available metrics are: loss,binary_accuracy,recall,auc,precision,val_loss,val_binary_accuracy,val_recall,val_auc,val_precision
2023-03-29 18:37:39,149 : [WARNING]  Early stopping conditioned on metric `val_acc` which is not available. Available metrics are: loss,binary_accuracy,recall,auc,precision,val_loss,val_binary_accuracy,val_recall,val_auc,val_precision
2023-03-29 18:37:44,754 : [WARNING]  Early stopping conditioned on metric `val_acc` which is not available. Available metrics are: loss,binary_accuracy,recall,auc,precision,val_loss,val_binary_accuracy,val_recall,val_auc,val_precision
2023-03-29 18:37:44,757 : [INFO]  ------------------------- Training round 6, loss: 0.4639 -------------------------
2023-03-29 18:37:44,757 : [INFO]  ------------------------- Training, round 6: Sent local model to the server -------------------------
2023-03-29 18:37:44,762 : [INFO]  ------------------------- Received aggregated global model from the server -------------------------
2023-03-29 18:37:44,766 : [INFO]  ################ Initial trained model: Final global model evalution after 6 rounds ################
2023-03-29 18:39:01,086 : [INFO]  Initially trained model: Training set : loss - 0.45, accuracy - 0.8, recall - 0.91, AUC - 0.9, F1 - 0.82, precision - 0.75, training time - -242.0 seconds
2023-03-29 18:39:01,087 : [INFO]  Initially trained model: Testing set : loss - 0.46, accuracy - 0.81, recall - 0.9, AUC - 0.9, F1 - 0.83, precision - 0.77
2023-03-29 18:39:01,098 : [INFO]  Batch 1 initialized 
2023-03-29 18:39:02,690 : [INFO]  ################################## Next batch processing started: transfer learning is ON ##################################
2023-03-29 18:39:02,691 : [INFO]  ------------------------- Batch 1 training: round 1 -------------------------
2023-03-29 18:39:05,996 : [WARNING]  Early stopping conditioned on metric `val_acc` which is not available. Available metrics are: loss,binary_accuracy,recall_1,auc_1,precision_1,val_loss,val_binary_accuracy,val_recall_1,val_auc_1,val_precision_1
2023-03-29 18:39:06,555 : [WARNING]  Early stopping conditioned on metric `val_acc` which is not available. Available metrics are: loss,binary_accuracy,recall_1,auc_1,precision_1,val_loss,val_binary_accuracy,val_recall_1,val_auc_1,val_precision_1
2023-03-29 18:39:07,112 : [WARNING]  Early stopping conditioned on metric `val_acc` which is not available. Available metrics are: loss,binary_accuracy,recall_1,auc_1,precision_1,val_loss,val_binary_accuracy,val_recall_1,val_auc_1,val_precision_1
2023-03-29 18:39:11,096 : [WARNING]  Early stopping conditioned on metric `val_acc` which is not available. Available metrics are: loss,binary_accuracy,recall_1,auc_1,precision_1,val_loss,val_binary_accuracy,val_recall_1,val_auc_1,val_precision_1
2023-03-29 18:39:11,573 : [WARNING]  Early stopping conditioned on metric `val_acc` which is not available. Available metrics are: loss,binary_accuracy,recall_1,auc_1,precision_1,val_loss,val_binary_accuracy,val_recall_1,val_auc_1,val_precision_1
2023-03-29 18:39:12,147 : [WARNING]  Early stopping conditioned on metric `val_acc` which is not available. Available metrics are: loss,binary_accuracy,recall_1,auc_1,precision_1,val_loss,val_binary_accuracy,val_recall_1,val_auc_1,val_precision_1
2023-03-29 18:39:12,151 : [INFO]  ------------------------- Batch round 1, loss: 0.4238 -------------------------
2023-03-29 18:39:12,151 : [INFO]  ------------------------- Batch 1, round 1: Sent local model to the server -------------------------
2023-03-29 18:39:12,156 : [INFO]  ------------------------- Received aggregated global model from the server -------------------------
2023-03-29 18:39:12,159 : [INFO]  ------------------------- Batch 1 training: round 2 -------------------------
2023-03-29 18:39:12,914 : [WARNING]  Early stopping conditioned on metric `val_acc` which is not available. Available metrics are: loss,binary_accuracy,recall_1,auc_1,precision_1,val_loss,val_binary_accuracy,val_recall_1,val_auc_1,val_precision_1
2023-03-29 18:39:13,575 : [WARNING]  Early stopping conditioned on metric `val_acc` which is not available. Available metrics are: loss,binary_accuracy,recall_1,auc_1,precision_1,val_loss,val_binary_accuracy,val_recall_1,val_auc_1,val_precision_1
2023-03-29 18:39:14,246 : [WARNING]  Early stopping conditioned on metric `val_acc` which is not available. Available metrics are: loss,binary_accuracy,recall_1,auc_1,precision_1,val_loss,val_binary_accuracy,val_recall_1,val_auc_1,val_precision_1
2023-03-29 18:39:15,148 : [WARNING]  Early stopping conditioned on metric `val_acc` which is not available. Available metrics are: loss,binary_accuracy,recall_1,auc_1,precision_1,val_loss,val_binary_accuracy,val_recall_1,val_auc_1,val_precision_1
2023-03-29 18:39:15,870 : [WARNING]  Early stopping conditioned on metric `val_acc` which is not available. Available metrics are: loss,binary_accuracy,recall_1,auc_1,precision_1,val_loss,val_binary_accuracy,val_recall_1,val_auc_1,val_precision_1
2023-03-29 18:39:16,427 : [WARNING]  Early stopping conditioned on metric `val_acc` which is not available. Available metrics are: loss,binary_accuracy,recall_1,auc_1,precision_1,val_loss,val_binary_accuracy,val_recall_1,val_auc_1,val_precision_1
2023-03-29 18:39:16,431 : [INFO]  ------------------------- Batch round 2, loss: 0.3813 -------------------------
2023-03-29 18:39:16,431 : [INFO]  ------------------------- Batch 1, round 2: Sent local model to the server -------------------------
2023-03-29 18:39:16,436 : [INFO]  ------------------------- Received aggregated global model from the server -------------------------
2023-03-29 18:39:16,439 : [INFO]  ------------------------- Batch 1 training: round 3 -------------------------
2023-03-29 18:39:17,267 : [WARNING]  Early stopping conditioned on metric `val_acc` which is not available. Available metrics are: loss,binary_accuracy,recall_1,auc_1,precision_1,val_loss,val_binary_accuracy,val_recall_1,val_auc_1,val_precision_1
2023-03-29 18:39:17,949 : [WARNING]  Early stopping conditioned on metric `val_acc` which is not available. Available metrics are: loss,binary_accuracy,recall_1,auc_1,precision_1,val_loss,val_binary_accuracy,val_recall_1,val_auc_1,val_precision_1
2023-03-29 18:39:18,605 : [WARNING]  Early stopping conditioned on metric `val_acc` which is not available. Available metrics are: loss,binary_accuracy,recall_1,auc_1,precision_1,val_loss,val_binary_accuracy,val_recall_1,val_auc_1,val_precision_1
2023-03-29 18:39:19,529 : [WARNING]  Early stopping conditioned on metric `val_acc` which is not available. Available metrics are: loss,binary_accuracy,recall_1,auc_1,precision_1,val_loss,val_binary_accuracy,val_recall_1,val_auc_1,val_precision_1
2023-03-29 18:39:20,096 : [WARNING]  Early stopping conditioned on metric `val_acc` which is not available. Available metrics are: loss,binary_accuracy,recall_1,auc_1,precision_1,val_loss,val_binary_accuracy,val_recall_1,val_auc_1,val_precision_1
2023-03-29 18:39:20,743 : [WARNING]  Early stopping conditioned on metric `val_acc` which is not available. Available metrics are: loss,binary_accuracy,recall_1,auc_1,precision_1,val_loss,val_binary_accuracy,val_recall_1,val_auc_1,val_precision_1
2023-03-29 18:39:20,746 : [INFO]  ------------------------- Batch round 3, loss: 0.4645 -------------------------
2023-03-29 18:39:20,746 : [INFO]  ------------------------- Batch 1, round 3: Sent local model to the server -------------------------
2023-03-29 18:39:20,751 : [INFO]  ------------------------- Received aggregated global model from the server -------------------------
2023-03-29 18:39:20,755 : [INFO]  Batch number 1 model fetched from the server
2023-03-29 18:39:20,755 : [INFO]  ################ Batch 1: final global model evalution after 3 rounds ################
2023-03-29 18:39:31,252 : [INFO]  Batch 1: Training set : loss - 0.3902, accuracy - 0.8804, recall - 0.9402, AUC - 0.9256, F1 - 0.8872, precision - 0.8398, training time - -18.0 seconds
2023-03-29 18:39:31,252 : [INFO]  Batch 1: Testing set : loss - 0.5276, accuracy - 0.8562, recall - 0.9314, AUC - 0.9093, F1 - 0.8664, precision - 0.81
2023-03-29 18:39:31,256 : [INFO]  Batch 2 initialized 
2023-03-29 18:39:32,258 : [INFO]  ------------------------- Batch 2 training: round 1 -------------------------
2023-03-29 18:39:35,273 : [WARNING]  Early stopping conditioned on metric `val_acc` which is not available. Available metrics are: loss,binary_accuracy,recall_2,auc_2,precision_2,val_loss,val_binary_accuracy,val_recall_2,val_auc_2,val_precision_2
2023-03-29 18:39:35,854 : [WARNING]  Early stopping conditioned on metric `val_acc` which is not available. Available metrics are: loss,binary_accuracy,recall_2,auc_2,precision_2,val_loss,val_binary_accuracy,val_recall_2,val_auc_2,val_precision_2
2023-03-29 18:39:36,405 : [WARNING]  Early stopping conditioned on metric `val_acc` which is not available. Available metrics are: loss,binary_accuracy,recall_2,auc_2,precision_2,val_loss,val_binary_accuracy,val_recall_2,val_auc_2,val_precision_2
2023-03-29 18:39:40,243 : [WARNING]  Early stopping conditioned on metric `val_acc` which is not available. Available metrics are: loss,binary_accuracy,recall_2,auc_2,precision_2,val_loss,val_binary_accuracy,val_recall_2,val_auc_2,val_precision_2
2023-03-29 18:39:40,877 : [WARNING]  Early stopping conditioned on metric `val_acc` which is not available. Available metrics are: loss,binary_accuracy,recall_2,auc_2,precision_2,val_loss,val_binary_accuracy,val_recall_2,val_auc_2,val_precision_2
2023-03-29 18:39:41,496 : [WARNING]  Early stopping conditioned on metric `val_acc` which is not available. Available metrics are: loss,binary_accuracy,recall_2,auc_2,precision_2,val_loss,val_binary_accuracy,val_recall_2,val_auc_2,val_precision_2
2023-03-29 18:39:41,499 : [INFO]  ------------------------- Batch round 1, loss: 0.4509 -------------------------
2023-03-29 18:39:41,499 : [INFO]  ------------------------- Batch 2, round 1: Sent local model to the server -------------------------
2023-03-29 18:39:41,671 : [INFO]  ------------------------- Received aggregated global model from the server -------------------------
2023-03-29 18:39:41,674 : [INFO]  ------------------------- Batch 2 training: round 2 -------------------------
2023-03-29 18:39:42,470 : [WARNING]  Early stopping conditioned on metric `val_acc` which is not available. Available metrics are: loss,binary_accuracy,recall_2,auc_2,precision_2,val_loss,val_binary_accuracy,val_recall_2,val_auc_2,val_precision_2
2023-03-29 18:39:43,092 : [WARNING]  Early stopping conditioned on metric `val_acc` which is not available. Available metrics are: loss,binary_accuracy,recall_2,auc_2,precision_2,val_loss,val_binary_accuracy,val_recall_2,val_auc_2,val_precision_2
2023-03-29 18:39:43,758 : [WARNING]  Early stopping conditioned on metric `val_acc` which is not available. Available metrics are: loss,binary_accuracy,recall_2,auc_2,precision_2,val_loss,val_binary_accuracy,val_recall_2,val_auc_2,val_precision_2
2023-03-29 18:39:44,843 : [WARNING]  Early stopping conditioned on metric `val_acc` which is not available. Available metrics are: loss,binary_accuracy,recall_2,auc_2,precision_2,val_loss,val_binary_accuracy,val_recall_2,val_auc_2,val_precision_2
2023-03-29 18:39:45,513 : [WARNING]  Early stopping conditioned on metric `val_acc` which is not available. Available metrics are: loss,binary_accuracy,recall_2,auc_2,precision_2,val_loss,val_binary_accuracy,val_recall_2,val_auc_2,val_precision_2
2023-03-29 18:39:46,171 : [WARNING]  Early stopping conditioned on metric `val_acc` which is not available. Available metrics are: loss,binary_accuracy,recall_2,auc_2,precision_2,val_loss,val_binary_accuracy,val_recall_2,val_auc_2,val_precision_2
2023-03-29 18:39:46,175 : [INFO]  ------------------------- Batch round 2, loss: 0.4623 -------------------------
2023-03-29 18:39:46,175 : [INFO]  ------------------------- Batch 2, round 2: Sent local model to the server -------------------------
2023-03-29 18:39:46,180 : [INFO]  ------------------------- Received aggregated global model from the server -------------------------
2023-03-29 18:39:46,184 : [INFO]  ------------------------- Batch 2 training: round 3 -------------------------
2023-03-29 18:39:47,079 : [WARNING]  Early stopping conditioned on metric `val_acc` which is not available. Available metrics are: loss,binary_accuracy,recall_2,auc_2,precision_2,val_loss,val_binary_accuracy,val_recall_2,val_auc_2,val_precision_2
2023-03-29 18:39:47,755 : [WARNING]  Early stopping conditioned on metric `val_acc` which is not available. Available metrics are: loss,binary_accuracy,recall_2,auc_2,precision_2,val_loss,val_binary_accuracy,val_recall_2,val_auc_2,val_precision_2
2023-03-29 18:39:48,326 : [WARNING]  Early stopping conditioned on metric `val_acc` which is not available. Available metrics are: loss,binary_accuracy,recall_2,auc_2,precision_2,val_loss,val_binary_accuracy,val_recall_2,val_auc_2,val_precision_2
2023-03-29 18:39:49,244 : [WARNING]  Early stopping conditioned on metric `val_acc` which is not available. Available metrics are: loss,binary_accuracy,recall_2,auc_2,precision_2,val_loss,val_binary_accuracy,val_recall_2,val_auc_2,val_precision_2
2023-03-29 18:39:49,856 : [WARNING]  Early stopping conditioned on metric `val_acc` which is not available. Available metrics are: loss,binary_accuracy,recall_2,auc_2,precision_2,val_loss,val_binary_accuracy,val_recall_2,val_auc_2,val_precision_2
2023-03-29 18:39:50,403 : [WARNING]  Early stopping conditioned on metric `val_acc` which is not available. Available metrics are: loss,binary_accuracy,recall_2,auc_2,precision_2,val_loss,val_binary_accuracy,val_recall_2,val_auc_2,val_precision_2
2023-03-29 18:39:50,406 : [INFO]  ------------------------- Batch round 3, loss: 0.4833 -------------------------
2023-03-29 18:39:50,406 : [INFO]  ------------------------- Batch 2, round 3: Sent local model to the server -------------------------
2023-03-29 18:39:50,411 : [INFO]  ------------------------- Received aggregated global model from the server -------------------------
2023-03-29 18:39:50,415 : [INFO]  Batch number 2 model fetched from the server
2023-03-29 18:39:50,415 : [INFO]  ################ Batch 2: final global model evalution after 3 rounds ################
2023-03-29 18:40:03,063 : [INFO]  Batch 2: Training set : loss - 0.4921, accuracy - 0.8089, recall - 0.9112, AUC - 0.8594, F1 - 0.8266, precision - 0.7564, training time - -18.0 seconds
2023-03-29 18:40:03,063 : [INFO]  Batch 2: Testing set : loss - 0.7399, accuracy - 0.8064, recall - 0.8521, AUC - 0.8507, F1 - 0.8149, precision - 0.7808
2023-03-29 18:40:03,067 : [INFO]  Batch 3 initialized 
2023-03-29 18:40:04,174 : [INFO]  ------------------------- Batch 3 training: round 1 -------------------------
2023-03-29 18:40:07,241 : [WARNING]  Early stopping conditioned on metric `val_acc` which is not available. Available metrics are: loss,binary_accuracy,recall_3,auc_3,precision_3,val_loss,val_binary_accuracy,val_recall_3,val_auc_3,val_precision_3
2023-03-29 18:40:07,804 : [WARNING]  Early stopping conditioned on metric `val_acc` which is not available. Available metrics are: loss,binary_accuracy,recall_3,auc_3,precision_3,val_loss,val_binary_accuracy,val_recall_3,val_auc_3,val_precision_3
2023-03-29 18:40:08,354 : [WARNING]  Early stopping conditioned on metric `val_acc` which is not available. Available metrics are: loss,binary_accuracy,recall_3,auc_3,precision_3,val_loss,val_binary_accuracy,val_recall_3,val_auc_3,val_precision_3
2023-03-29 18:40:11,277 : [WARNING]  Early stopping conditioned on metric `val_acc` which is not available. Available metrics are: loss,binary_accuracy,recall_3,auc_3,precision_3,val_loss,val_binary_accuracy,val_recall_3,val_auc_3,val_precision_3
2023-03-29 18:40:11,852 : [WARNING]  Early stopping conditioned on metric `val_acc` which is not available. Available metrics are: loss,binary_accuracy,recall_3,auc_3,precision_3,val_loss,val_binary_accuracy,val_recall_3,val_auc_3,val_precision_3
2023-03-29 18:40:12,399 : [WARNING]  Early stopping conditioned on metric `val_acc` which is not available. Available metrics are: loss,binary_accuracy,recall_3,auc_3,precision_3,val_loss,val_binary_accuracy,val_recall_3,val_auc_3,val_precision_3
2023-03-29 18:40:12,403 : [INFO]  ------------------------- Batch round 1, loss: 0.4233 -------------------------
2023-03-29 18:40:12,404 : [INFO]  ------------------------- Batch 3, round 1: Sent local model to the server -------------------------
2023-03-29 18:40:12,411 : [INFO]  ------------------------- Received aggregated global model from the server -------------------------
2023-03-29 18:40:12,415 : [INFO]  ------------------------- Batch 3 training: round 2 -------------------------
2023-03-29 18:40:13,229 : [WARNING]  Early stopping conditioned on metric `val_acc` which is not available. Available metrics are: loss,binary_accuracy,recall_3,auc_3,precision_3,val_loss,val_binary_accuracy,val_recall_3,val_auc_3,val_precision_3
2023-03-29 18:40:13,840 : [WARNING]  Early stopping conditioned on metric `val_acc` which is not available. Available metrics are: loss,binary_accuracy,recall_3,auc_3,precision_3,val_loss,val_binary_accuracy,val_recall_3,val_auc_3,val_precision_3
2023-03-29 18:40:15,073 : [WARNING]  Early stopping conditioned on metric `val_acc` which is not available. Available metrics are: loss,binary_accuracy,recall_3,auc_3,precision_3,val_loss,val_binary_accuracy,val_recall_3,val_auc_3,val_precision_3
2023-03-29 18:40:16,012 : [WARNING]  Early stopping conditioned on metric `val_acc` which is not available. Available metrics are: loss,binary_accuracy,recall_3,auc_3,precision_3,val_loss,val_binary_accuracy,val_recall_3,val_auc_3,val_precision_3
2023-03-29 18:40:16,600 : [WARNING]  Early stopping conditioned on metric `val_acc` which is not available. Available metrics are: loss,binary_accuracy,recall_3,auc_3,precision_3,val_loss,val_binary_accuracy,val_recall_3,val_auc_3,val_precision_3
2023-03-29 18:40:17,170 : [WARNING]  Early stopping conditioned on metric `val_acc` which is not available. Available metrics are: loss,binary_accuracy,recall_3,auc_3,precision_3,val_loss,val_binary_accuracy,val_recall_3,val_auc_3,val_precision_3
2023-03-29 18:40:17,174 : [INFO]  ------------------------- Batch round 2, loss: 0.5159 -------------------------
2023-03-29 18:40:17,174 : [INFO]  ------------------------- Batch 3, round 2: Sent local model to the server -------------------------
2023-03-29 18:40:17,179 : [INFO]  ------------------------- Received aggregated global model from the server -------------------------
2023-03-29 18:40:17,183 : [INFO]  ------------------------- Batch 3 training: round 3 -------------------------
2023-03-29 18:40:19,020 : [WARNING]  Early stopping conditioned on metric `val_acc` which is not available. Available metrics are: loss,binary_accuracy,recall_3,auc_3,precision_3,val_loss,val_binary_accuracy,val_recall_3,val_auc_3,val_precision_3
2023-03-29 18:40:20,139 : [WARNING]  Early stopping conditioned on metric `val_acc` which is not available. Available metrics are: loss,binary_accuracy,recall_3,auc_3,precision_3,val_loss,val_binary_accuracy,val_recall_3,val_auc_3,val_precision_3
2023-03-29 18:40:20,780 : [WARNING]  Early stopping conditioned on metric `val_acc` which is not available. Available metrics are: loss,binary_accuracy,recall_3,auc_3,precision_3,val_loss,val_binary_accuracy,val_recall_3,val_auc_3,val_precision_3
2023-03-29 18:40:21,559 : [WARNING]  Early stopping conditioned on metric `val_acc` which is not available. Available metrics are: loss,binary_accuracy,recall_3,auc_3,precision_3,val_loss,val_binary_accuracy,val_recall_3,val_auc_3,val_precision_3
2023-03-29 18:40:22,113 : [WARNING]  Early stopping conditioned on metric `val_acc` which is not available. Available metrics are: loss,binary_accuracy,recall_3,auc_3,precision_3,val_loss,val_binary_accuracy,val_recall_3,val_auc_3,val_precision_3
2023-03-29 18:40:22,660 : [WARNING]  Early stopping conditioned on metric `val_acc` which is not available. Available metrics are: loss,binary_accuracy,recall_3,auc_3,precision_3,val_loss,val_binary_accuracy,val_recall_3,val_auc_3,val_precision_3
2023-03-29 18:40:22,663 : [INFO]  ------------------------- Batch round 3, loss: 0.4082 -------------------------
2023-03-29 18:40:22,663 : [INFO]  ------------------------- Batch 3, round 3: Sent local model to the server -------------------------
2023-03-29 18:40:22,668 : [INFO]  ------------------------- Received aggregated global model from the server -------------------------
2023-03-29 18:40:22,673 : [INFO]  Batch number 3 model fetched from the server
2023-03-29 18:40:22,673 : [INFO]  ################ Batch 3: final global model evalution after 3 rounds ################
2023-03-29 18:40:34,227 : [INFO]  Batch 3: Training set : loss - 0.4445, accuracy - 0.8727, recall - 0.9366, AUC - 0.9068, F1 - 0.8805, precision - 0.8308, training time - -18.0 seconds
2023-03-29 18:40:34,227 : [INFO]  Batch 3: Testing set : loss - 0.6941, accuracy - 0.7835, recall - 0.8407, AUC - 0.8635, F1 - 0.7954, precision - 0.7547
2023-03-29 18:40:34,228 : [INFO]  Result report : Accuracy - 0.8154 (0.0303), Recall - 0.8747 (0.0403), AUC - 0.8745 (0.0252), F1 - 0.8256 (0.03), Precision - 0.7818 (0.0226)
2023-03-29 18:40:34,229 : [INFO]  Result report : Accuracy 99th - 90th (0.8552, 0.8462), Recall 99th - 90th (0.9298, 0.9155), AUC 99th - 90th (0.9084, 0.9001), F1 99th - 90th (0.8654, 0.8561), Precision 99th - 90th (0.8094, 0.8042), Mean time for a batch - 18.27 (0.17) seconds
2023-03-29 18:40:34,230 : [INFO]  [[0.8562, 0.8064, 0.7835], [0.9314, 0.8521, 0.8407], [0.9093, 0.8507, 0.8635], [0.8664, 0.8149, 0.7954], [0.81, 0.7808, 0.7547], [18.1, 18.2, 18.5]]
2023-03-29 18:40:34,230 : [INFO]  Distributed training done!
2023-03-29 18:40:34,230 : [INFO]  Training report : Total elapsed time 411.5914324000005 seconds, graph name wikipedia, graph ID 1, partition ID 1, training epochs 3, epochs 3
