2023-03-29 18:33:30,593 : [WARNING]  ####################################### New Training Session: Client 0 #######################################
2023-03-29 18:33:30,593 : [INFO]  Client started, graph name wikipedia, graph ID 1, partition ID 0, training epochs 3, epochs 3
2023-03-29 18:33:33,355 : [INFO]  Model initialized for training
2023-03-29 18:33:39,391 : [INFO]  Number of training examples - 1842, Number of testing examples - 2046
2023-03-29 18:33:39,392 : [INFO]  Connected to the server
2023-03-29 18:33:39,494 : [INFO]  Distributed training for streaming graphs started!
2023-03-29 18:33:39,495 : [INFO]  ------------------------- Received aggregated global model from the server -------------------------
2023-03-29 18:33:39,508 : [INFO]  ################################## Initial model training started ##################################
2023-03-29 18:33:39,508 : [INFO]  ------------------------- Initial model training: round 1 -------------------------
2023-03-29 18:33:46,997 : [WARNING]  Early stopping conditioned on metric `val_acc` which is not available. Available metrics are: loss,binary_accuracy,recall,auc,precision,val_loss,val_binary_accuracy,val_recall,val_auc,val_precision
2023-03-29 18:33:52,058 : [WARNING]  Early stopping conditioned on metric `val_acc` which is not available. Available metrics are: loss,binary_accuracy,recall,auc,precision,val_loss,val_binary_accuracy,val_recall,val_auc,val_precision
2023-03-29 18:33:56,850 : [WARNING]  Early stopping conditioned on metric `val_acc` which is not available. Available metrics are: loss,binary_accuracy,recall,auc,precision,val_loss,val_binary_accuracy,val_recall,val_auc,val_precision
2023-03-29 18:34:07,366 : [WARNING]  Early stopping conditioned on metric `val_acc` which is not available. Available metrics are: loss,binary_accuracy,recall,auc,precision,val_loss,val_binary_accuracy,val_recall,val_auc,val_precision
2023-03-29 18:34:17,306 : [WARNING]  Early stopping conditioned on metric `val_acc` which is not available. Available metrics are: loss,binary_accuracy,recall,auc,precision,val_loss,val_binary_accuracy,val_recall,val_auc,val_precision
2023-03-29 18:34:23,582 : [WARNING]  Early stopping conditioned on metric `val_acc` which is not available. Available metrics are: loss,binary_accuracy,recall,auc,precision,val_loss,val_binary_accuracy,val_recall,val_auc,val_precision
2023-03-29 18:34:23,589 : [INFO]  ------------------------- Training round 1, loss: 0.6142 -------------------------
2023-03-29 18:34:23,589 : [INFO]  ------------------------- Training, round 1: Sent local model to the server -------------------------
2023-03-29 18:34:35,350 : [INFO]  ------------------------- Received aggregated global model from the server -------------------------
2023-03-29 18:34:35,356 : [INFO]  ------------------------- Initial model training: round 2 -------------------------
2023-03-29 18:34:41,505 : [WARNING]  Early stopping conditioned on metric `val_acc` which is not available. Available metrics are: loss,binary_accuracy,recall,auc,precision,val_loss,val_binary_accuracy,val_recall,val_auc,val_precision
2023-03-29 18:34:50,455 : [WARNING]  Early stopping conditioned on metric `val_acc` which is not available. Available metrics are: loss,binary_accuracy,recall,auc,precision,val_loss,val_binary_accuracy,val_recall,val_auc,val_precision
2023-03-29 18:35:00,111 : [WARNING]  Early stopping conditioned on metric `val_acc` which is not available. Available metrics are: loss,binary_accuracy,recall,auc,precision,val_loss,val_binary_accuracy,val_recall,val_auc,val_precision
2023-03-29 18:35:05,853 : [WARNING]  Early stopping conditioned on metric `val_acc` which is not available. Available metrics are: loss,binary_accuracy,recall,auc,precision,val_loss,val_binary_accuracy,val_recall,val_auc,val_precision
2023-03-29 18:35:10,974 : [WARNING]  Early stopping conditioned on metric `val_acc` which is not available. Available metrics are: loss,binary_accuracy,recall,auc,precision,val_loss,val_binary_accuracy,val_recall,val_auc,val_precision
2023-03-29 18:35:16,144 : [WARNING]  Early stopping conditioned on metric `val_acc` which is not available. Available metrics are: loss,binary_accuracy,recall,auc,precision,val_loss,val_binary_accuracy,val_recall,val_auc,val_precision
2023-03-29 18:35:16,148 : [INFO]  ------------------------- Training round 2, loss: 0.5418 -------------------------
2023-03-29 18:35:16,148 : [INFO]  ------------------------- Training, round 2: Sent local model to the server -------------------------
2023-03-29 18:35:16,828 : [INFO]  ------------------------- Received aggregated global model from the server -------------------------
2023-03-29 18:35:16,833 : [INFO]  ------------------------- Initial model training: round 3 -------------------------
2023-03-29 18:35:23,856 : [WARNING]  Early stopping conditioned on metric `val_acc` which is not available. Available metrics are: loss,binary_accuracy,recall,auc,precision,val_loss,val_binary_accuracy,val_recall,val_auc,val_precision
2023-03-29 18:35:28,850 : [WARNING]  Early stopping conditioned on metric `val_acc` which is not available. Available metrics are: loss,binary_accuracy,recall,auc,precision,val_loss,val_binary_accuracy,val_recall,val_auc,val_precision
2023-03-29 18:35:34,034 : [WARNING]  Early stopping conditioned on metric `val_acc` which is not available. Available metrics are: loss,binary_accuracy,recall,auc,precision,val_loss,val_binary_accuracy,val_recall,val_auc,val_precision
2023-03-29 18:35:42,168 : [WARNING]  Early stopping conditioned on metric `val_acc` which is not available. Available metrics are: loss,binary_accuracy,recall,auc,precision,val_loss,val_binary_accuracy,val_recall,val_auc,val_precision
2023-03-29 18:35:47,940 : [WARNING]  Early stopping conditioned on metric `val_acc` which is not available. Available metrics are: loss,binary_accuracy,recall,auc,precision,val_loss,val_binary_accuracy,val_recall,val_auc,val_precision
2023-03-29 18:35:53,378 : [WARNING]  Early stopping conditioned on metric `val_acc` which is not available. Available metrics are: loss,binary_accuracy,recall,auc,precision,val_loss,val_binary_accuracy,val_recall,val_auc,val_precision
2023-03-29 18:35:53,382 : [INFO]  ------------------------- Training round 3, loss: 0.4909 -------------------------
2023-03-29 18:35:53,382 : [INFO]  ------------------------- Training, round 3: Sent local model to the server -------------------------
2023-03-29 18:35:54,628 : [INFO]  ------------------------- Received aggregated global model from the server -------------------------
2023-03-29 18:35:54,632 : [INFO]  ------------------------- Initial model training: round 4 -------------------------
2023-03-29 18:36:01,256 : [WARNING]  Early stopping conditioned on metric `val_acc` which is not available. Available metrics are: loss,binary_accuracy,recall,auc,precision,val_loss,val_binary_accuracy,val_recall,val_auc,val_precision
2023-03-29 18:36:06,905 : [WARNING]  Early stopping conditioned on metric `val_acc` which is not available. Available metrics are: loss,binary_accuracy,recall,auc,precision,val_loss,val_binary_accuracy,val_recall,val_auc,val_precision
2023-03-29 18:36:13,494 : [WARNING]  Early stopping conditioned on metric `val_acc` which is not available. Available metrics are: loss,binary_accuracy,recall,auc,precision,val_loss,val_binary_accuracy,val_recall,val_auc,val_precision
2023-03-29 18:36:19,211 : [WARNING]  Early stopping conditioned on metric `val_acc` which is not available. Available metrics are: loss,binary_accuracy,recall,auc,precision,val_loss,val_binary_accuracy,val_recall,val_auc,val_precision
2023-03-29 18:36:24,173 : [WARNING]  Early stopping conditioned on metric `val_acc` which is not available. Available metrics are: loss,binary_accuracy,recall,auc,precision,val_loss,val_binary_accuracy,val_recall,val_auc,val_precision
2023-03-29 18:36:29,408 : [WARNING]  Early stopping conditioned on metric `val_acc` which is not available. Available metrics are: loss,binary_accuracy,recall,auc,precision,val_loss,val_binary_accuracy,val_recall,val_auc,val_precision
2023-03-29 18:36:29,413 : [INFO]  ------------------------- Training round 4, loss: 0.4487 -------------------------
2023-03-29 18:36:29,414 : [INFO]  ------------------------- Training, round 4: Sent local model to the server -------------------------
2023-03-29 18:36:31,438 : [INFO]  ------------------------- Received aggregated global model from the server -------------------------
2023-03-29 18:36:31,442 : [INFO]  ------------------------- Initial model training: round 5 -------------------------
2023-03-29 18:36:38,856 : [WARNING]  Early stopping conditioned on metric `val_acc` which is not available. Available metrics are: loss,binary_accuracy,recall,auc,precision,val_loss,val_binary_accuracy,val_recall,val_auc,val_precision
2023-03-29 18:36:43,955 : [WARNING]  Early stopping conditioned on metric `val_acc` which is not available. Available metrics are: loss,binary_accuracy,recall,auc,precision,val_loss,val_binary_accuracy,val_recall,val_auc,val_precision
2023-03-29 18:36:49,368 : [WARNING]  Early stopping conditioned on metric `val_acc` which is not available. Available metrics are: loss,binary_accuracy,recall,auc,precision,val_loss,val_binary_accuracy,val_recall,val_auc,val_precision
2023-03-29 18:36:55,086 : [WARNING]  Early stopping conditioned on metric `val_acc` which is not available. Available metrics are: loss,binary_accuracy,recall,auc,precision,val_loss,val_binary_accuracy,val_recall,val_auc,val_precision
2023-03-29 18:37:00,126 : [WARNING]  Early stopping conditioned on metric `val_acc` which is not available. Available metrics are: loss,binary_accuracy,recall,auc,precision,val_loss,val_binary_accuracy,val_recall,val_auc,val_precision
2023-03-29 18:37:06,473 : [WARNING]  Early stopping conditioned on metric `val_acc` which is not available. Available metrics are: loss,binary_accuracy,recall,auc,precision,val_loss,val_binary_accuracy,val_recall,val_auc,val_precision
2023-03-29 18:37:06,479 : [INFO]  ------------------------- Training round 5, loss: 0.4405 -------------------------
2023-03-29 18:37:06,480 : [INFO]  ------------------------- Training, round 5: Sent local model to the server -------------------------
2023-03-29 18:37:07,556 : [INFO]  ------------------------- Received aggregated global model from the server -------------------------
2023-03-29 18:37:07,561 : [INFO]  ------------------------- Initial model training: round 6 -------------------------
2023-03-29 18:37:13,972 : [WARNING]  Early stopping conditioned on metric `val_acc` which is not available. Available metrics are: loss,binary_accuracy,recall,auc,precision,val_loss,val_binary_accuracy,val_recall,val_auc,val_precision
2023-03-29 18:37:18,940 : [WARNING]  Early stopping conditioned on metric `val_acc` which is not available. Available metrics are: loss,binary_accuracy,recall,auc,precision,val_loss,val_binary_accuracy,val_recall,val_auc,val_precision
2023-03-29 18:37:24,039 : [WARNING]  Early stopping conditioned on metric `val_acc` which is not available. Available metrics are: loss,binary_accuracy,recall,auc,precision,val_loss,val_binary_accuracy,val_recall,val_auc,val_precision
2023-03-29 18:37:29,741 : [WARNING]  Early stopping conditioned on metric `val_acc` which is not available. Available metrics are: loss,binary_accuracy,recall,auc,precision,val_loss,val_binary_accuracy,val_recall,val_auc,val_precision
2023-03-29 18:37:36,239 : [WARNING]  Early stopping conditioned on metric `val_acc` which is not available. Available metrics are: loss,binary_accuracy,recall,auc,precision,val_loss,val_binary_accuracy,val_recall,val_auc,val_precision
2023-03-29 18:37:42,554 : [WARNING]  Early stopping conditioned on metric `val_acc` which is not available. Available metrics are: loss,binary_accuracy,recall,auc,precision,val_loss,val_binary_accuracy,val_recall,val_auc,val_precision
2023-03-29 18:37:42,562 : [INFO]  ------------------------- Training round 6, loss: 0.4001 -------------------------
2023-03-29 18:37:42,562 : [INFO]  ------------------------- Training, round 6: Sent local model to the server -------------------------
2023-03-29 18:37:44,762 : [INFO]  ------------------------- Received aggregated global model from the server -------------------------
2023-03-29 18:37:44,766 : [INFO]  ################ Initial trained model: Final global model evalution after 6 rounds ################
2023-03-29 18:38:58,598 : [INFO]  Initially trained model: Training set : loss - 0.4, accuracy - 0.83, recall - 0.93, AUC - 0.92, F1 - 0.85, precision - 0.78, training time - -245.0 seconds
2023-03-29 18:38:58,598 : [INFO]  Initially trained model: Testing set : loss - 0.46, accuracy - 0.8, recall - 0.91, AUC - 0.9, F1 - 0.82, precision - 0.75
2023-03-29 18:38:58,607 : [INFO]  Batch 1 initialized 
2023-03-29 18:38:59,681 : [INFO]  ################################## Next batch processing started: transfer learning is ON ##################################
2023-03-29 18:38:59,682 : [INFO]  ------------------------- Batch 1 training: round 1 -------------------------
2023-03-29 18:39:04,389 : [WARNING]  Early stopping conditioned on metric `val_acc` which is not available. Available metrics are: loss,binary_accuracy,recall_1,auc_1,precision_1,val_loss,val_binary_accuracy,val_recall_1,val_auc_1,val_precision_1
2023-03-29 18:39:04,935 : [WARNING]  Early stopping conditioned on metric `val_acc` which is not available. Available metrics are: loss,binary_accuracy,recall_1,auc_1,precision_1,val_loss,val_binary_accuracy,val_recall_1,val_auc_1,val_precision_1
2023-03-29 18:39:05,510 : [WARNING]  Early stopping conditioned on metric `val_acc` which is not available. Available metrics are: loss,binary_accuracy,recall_1,auc_1,precision_1,val_loss,val_binary_accuracy,val_recall_1,val_auc_1,val_precision_1
2023-03-29 18:39:08,753 : [WARNING]  Early stopping conditioned on metric `val_acc` which is not available. Available metrics are: loss,binary_accuracy,recall_1,auc_1,precision_1,val_loss,val_binary_accuracy,val_recall_1,val_auc_1,val_precision_1
2023-03-29 18:39:09,971 : [WARNING]  Early stopping conditioned on metric `val_acc` which is not available. Available metrics are: loss,binary_accuracy,recall_1,auc_1,precision_1,val_loss,val_binary_accuracy,val_recall_1,val_auc_1,val_precision_1
2023-03-29 18:39:10,662 : [WARNING]  Early stopping conditioned on metric `val_acc` which is not available. Available metrics are: loss,binary_accuracy,recall_1,auc_1,precision_1,val_loss,val_binary_accuracy,val_recall_1,val_auc_1,val_precision_1
2023-03-29 18:39:10,666 : [INFO]  ------------------------- Batch round 1, loss: 0.4629 -------------------------
2023-03-29 18:39:10,666 : [INFO]  ------------------------- Batch 1, round 1: Sent local model to the server -------------------------
2023-03-29 18:39:12,156 : [INFO]  ------------------------- Received aggregated global model from the server -------------------------
2023-03-29 18:39:12,159 : [INFO]  ------------------------- Batch 1 training: round 2 -------------------------
2023-03-29 18:39:12,884 : [WARNING]  Early stopping conditioned on metric `val_acc` which is not available. Available metrics are: loss,binary_accuracy,recall_1,auc_1,precision_1,val_loss,val_binary_accuracy,val_recall_1,val_auc_1,val_precision_1
2023-03-29 18:39:13,498 : [WARNING]  Early stopping conditioned on metric `val_acc` which is not available. Available metrics are: loss,binary_accuracy,recall_1,auc_1,precision_1,val_loss,val_binary_accuracy,val_recall_1,val_auc_1,val_precision_1
2023-03-29 18:39:14,148 : [WARNING]  Early stopping conditioned on metric `val_acc` which is not available. Available metrics are: loss,binary_accuracy,recall_1,auc_1,precision_1,val_loss,val_binary_accuracy,val_recall_1,val_auc_1,val_precision_1
2023-03-29 18:39:14,969 : [WARNING]  Early stopping conditioned on metric `val_acc` which is not available. Available metrics are: loss,binary_accuracy,recall_1,auc_1,precision_1,val_loss,val_binary_accuracy,val_recall_1,val_auc_1,val_precision_1
2023-03-29 18:39:15,754 : [WARNING]  Early stopping conditioned on metric `val_acc` which is not available. Available metrics are: loss,binary_accuracy,recall_1,auc_1,precision_1,val_loss,val_binary_accuracy,val_recall_1,val_auc_1,val_precision_1
2023-03-29 18:39:16,303 : [WARNING]  Early stopping conditioned on metric `val_acc` which is not available. Available metrics are: loss,binary_accuracy,recall_1,auc_1,precision_1,val_loss,val_binary_accuracy,val_recall_1,val_auc_1,val_precision_1
2023-03-29 18:39:16,307 : [INFO]  ------------------------- Batch round 2, loss: 0.3414 -------------------------
2023-03-29 18:39:16,307 : [INFO]  ------------------------- Batch 1, round 2: Sent local model to the server -------------------------
2023-03-29 18:39:16,436 : [INFO]  ------------------------- Received aggregated global model from the server -------------------------
2023-03-29 18:39:16,439 : [INFO]  ------------------------- Batch 1 training: round 3 -------------------------
2023-03-29 18:39:17,216 : [WARNING]  Early stopping conditioned on metric `val_acc` which is not available. Available metrics are: loss,binary_accuracy,recall_1,auc_1,precision_1,val_loss,val_binary_accuracy,val_recall_1,val_auc_1,val_precision_1
2023-03-29 18:39:17,861 : [WARNING]  Early stopping conditioned on metric `val_acc` which is not available. Available metrics are: loss,binary_accuracy,recall_1,auc_1,precision_1,val_loss,val_binary_accuracy,val_recall_1,val_auc_1,val_precision_1
2023-03-29 18:39:18,534 : [WARNING]  Early stopping conditioned on metric `val_acc` which is not available. Available metrics are: loss,binary_accuracy,recall_1,auc_1,precision_1,val_loss,val_binary_accuracy,val_recall_1,val_auc_1,val_precision_1
2023-03-29 18:39:19,428 : [WARNING]  Early stopping conditioned on metric `val_acc` which is not available. Available metrics are: loss,binary_accuracy,recall_1,auc_1,precision_1,val_loss,val_binary_accuracy,val_recall_1,val_auc_1,val_precision_1
2023-03-29 18:39:19,984 : [WARNING]  Early stopping conditioned on metric `val_acc` which is not available. Available metrics are: loss,binary_accuracy,recall_1,auc_1,precision_1,val_loss,val_binary_accuracy,val_recall_1,val_auc_1,val_precision_1
2023-03-29 18:39:20,628 : [WARNING]  Early stopping conditioned on metric `val_acc` which is not available. Available metrics are: loss,binary_accuracy,recall_1,auc_1,precision_1,val_loss,val_binary_accuracy,val_recall_1,val_auc_1,val_precision_1
2023-03-29 18:39:20,632 : [INFO]  ------------------------- Batch round 3, loss: 0.3716 -------------------------
2023-03-29 18:39:20,632 : [INFO]  ------------------------- Batch 1, round 3: Sent local model to the server -------------------------
2023-03-29 18:39:20,751 : [INFO]  ------------------------- Received aggregated global model from the server -------------------------
2023-03-29 18:39:20,755 : [INFO]  Batch number 1 model fetched from the server
2023-03-29 18:39:20,755 : [INFO]  ################ Batch 1: final global model evalution after 3 rounds ################
2023-03-29 18:39:30,924 : [INFO]  Batch 1: Training set : loss - 0.4989, accuracy - 0.8542, recall - 0.9031, AUC - 0.9171, F1 - 0.861, precision - 0.8227, training time - -21.0 seconds
2023-03-29 18:39:30,924 : [INFO]  Batch 1: Testing set : loss - 0.492, accuracy - 0.8239, recall - 0.9387, AUC - 0.8954, F1 - 0.842, precision - 0.7634
2023-03-29 18:39:30,935 : [INFO]  Batch 2 initialized 
2023-03-29 18:39:31,999 : [INFO]  ------------------------- Batch 2 training: round 1 -------------------------
2023-03-29 18:39:35,009 : [WARNING]  Early stopping conditioned on metric `val_acc` which is not available. Available metrics are: loss,binary_accuracy,recall_2,auc_2,precision_2,val_loss,val_binary_accuracy,val_recall_2,val_auc_2,val_precision_2
2023-03-29 18:39:35,525 : [WARNING]  Early stopping conditioned on metric `val_acc` which is not available. Available metrics are: loss,binary_accuracy,recall_2,auc_2,precision_2,val_loss,val_binary_accuracy,val_recall_2,val_auc_2,val_precision_2
2023-03-29 18:39:36,067 : [WARNING]  Early stopping conditioned on metric `val_acc` which is not available. Available metrics are: loss,binary_accuracy,recall_2,auc_2,precision_2,val_loss,val_binary_accuracy,val_recall_2,val_auc_2,val_precision_2
2023-03-29 18:39:39,796 : [WARNING]  Early stopping conditioned on metric `val_acc` which is not available. Available metrics are: loss,binary_accuracy,recall_2,auc_2,precision_2,val_loss,val_binary_accuracy,val_recall_2,val_auc_2,val_precision_2
2023-03-29 18:39:41,106 : [WARNING]  Early stopping conditioned on metric `val_acc` which is not available. Available metrics are: loss,binary_accuracy,recall_2,auc_2,precision_2,val_loss,val_binary_accuracy,val_recall_2,val_auc_2,val_precision_2
2023-03-29 18:39:41,662 : [WARNING]  Early stopping conditioned on metric `val_acc` which is not available. Available metrics are: loss,binary_accuracy,recall_2,auc_2,precision_2,val_loss,val_binary_accuracy,val_recall_2,val_auc_2,val_precision_2
2023-03-29 18:39:41,666 : [INFO]  ------------------------- Batch round 1, loss: 0.5639 -------------------------
2023-03-29 18:39:41,666 : [INFO]  ------------------------- Batch 2, round 1: Sent local model to the server -------------------------
2023-03-29 18:39:41,671 : [INFO]  ------------------------- Received aggregated global model from the server -------------------------
2023-03-29 18:39:41,674 : [INFO]  ------------------------- Batch 2 training: round 2 -------------------------
2023-03-29 18:39:42,432 : [WARNING]  Early stopping conditioned on metric `val_acc` which is not available. Available metrics are: loss,binary_accuracy,recall_2,auc_2,precision_2,val_loss,val_binary_accuracy,val_recall_2,val_auc_2,val_precision_2
2023-03-29 18:39:43,047 : [WARNING]  Early stopping conditioned on metric `val_acc` which is not available. Available metrics are: loss,binary_accuracy,recall_2,auc_2,precision_2,val_loss,val_binary_accuracy,val_recall_2,val_auc_2,val_precision_2
2023-03-29 18:39:43,705 : [WARNING]  Early stopping conditioned on metric `val_acc` which is not available. Available metrics are: loss,binary_accuracy,recall_2,auc_2,precision_2,val_loss,val_binary_accuracy,val_recall_2,val_auc_2,val_precision_2
2023-03-29 18:39:44,775 : [WARNING]  Early stopping conditioned on metric `val_acc` which is not available. Available metrics are: loss,binary_accuracy,recall_2,auc_2,precision_2,val_loss,val_binary_accuracy,val_recall_2,val_auc_2,val_precision_2
2023-03-29 18:39:45,397 : [WARNING]  Early stopping conditioned on metric `val_acc` which is not available. Available metrics are: loss,binary_accuracy,recall_2,auc_2,precision_2,val_loss,val_binary_accuracy,val_recall_2,val_auc_2,val_precision_2
2023-03-29 18:39:46,024 : [WARNING]  Early stopping conditioned on metric `val_acc` which is not available. Available metrics are: loss,binary_accuracy,recall_2,auc_2,precision_2,val_loss,val_binary_accuracy,val_recall_2,val_auc_2,val_precision_2
2023-03-29 18:39:46,030 : [INFO]  ------------------------- Batch round 2, loss: 0.4692 -------------------------
2023-03-29 18:39:46,030 : [INFO]  ------------------------- Batch 2, round 2: Sent local model to the server -------------------------
2023-03-29 18:39:46,180 : [INFO]  ------------------------- Received aggregated global model from the server -------------------------
2023-03-29 18:39:46,183 : [INFO]  ------------------------- Batch 2 training: round 3 -------------------------
2023-03-29 18:39:47,043 : [WARNING]  Early stopping conditioned on metric `val_acc` which is not available. Available metrics are: loss,binary_accuracy,recall_2,auc_2,precision_2,val_loss,val_binary_accuracy,val_recall_2,val_auc_2,val_precision_2
2023-03-29 18:39:47,681 : [WARNING]  Early stopping conditioned on metric `val_acc` which is not available. Available metrics are: loss,binary_accuracy,recall_2,auc_2,precision_2,val_loss,val_binary_accuracy,val_recall_2,val_auc_2,val_precision_2
2023-03-29 18:39:48,234 : [WARNING]  Early stopping conditioned on metric `val_acc` which is not available. Available metrics are: loss,binary_accuracy,recall_2,auc_2,precision_2,val_loss,val_binary_accuracy,val_recall_2,val_auc_2,val_precision_2
2023-03-29 18:39:49,123 : [WARNING]  Early stopping conditioned on metric `val_acc` which is not available. Available metrics are: loss,binary_accuracy,recall_2,auc_2,precision_2,val_loss,val_binary_accuracy,val_recall_2,val_auc_2,val_precision_2
2023-03-29 18:39:49,699 : [WARNING]  Early stopping conditioned on metric `val_acc` which is not available. Available metrics are: loss,binary_accuracy,recall_2,auc_2,precision_2,val_loss,val_binary_accuracy,val_recall_2,val_auc_2,val_precision_2
2023-03-29 18:39:50,260 : [WARNING]  Early stopping conditioned on metric `val_acc` which is not available. Available metrics are: loss,binary_accuracy,recall_2,auc_2,precision_2,val_loss,val_binary_accuracy,val_recall_2,val_auc_2,val_precision_2
2023-03-29 18:39:50,263 : [INFO]  ------------------------- Batch round 3, loss: 0.4119 -------------------------
2023-03-29 18:39:50,264 : [INFO]  ------------------------- Batch 2, round 3: Sent local model to the server -------------------------
2023-03-29 18:39:50,411 : [INFO]  ------------------------- Received aggregated global model from the server -------------------------
2023-03-29 18:39:50,415 : [INFO]  Batch number 2 model fetched from the server
2023-03-29 18:39:50,415 : [INFO]  ################ Batch 2: final global model evalution after 3 rounds ################
2023-03-29 18:40:02,618 : [INFO]  Batch 2: Training set : loss - 0.4051, accuracy - 0.8207, recall - 0.8614, AUC - 0.9147, F1 - 0.8282, precision - 0.7974, training time - -18.0 seconds
2023-03-29 18:40:02,619 : [INFO]  Batch 2: Testing set : loss - 0.6215, accuracy - 0.8235, recall - 0.8881, AUC - 0.8695, F1 - 0.8345, precision - 0.787
2023-03-29 18:40:02,624 : [INFO]  Batch 3 initialized 
2023-03-29 18:40:03,794 : [INFO]  ------------------------- Batch 3 training: round 1 -------------------------
2023-03-29 18:40:06,915 : [WARNING]  Early stopping conditioned on metric `val_acc` which is not available. Available metrics are: loss,binary_accuracy,recall_3,auc_3,precision_3,val_loss,val_binary_accuracy,val_recall_3,val_auc_3,val_precision_3
2023-03-29 18:40:07,485 : [WARNING]  Early stopping conditioned on metric `val_acc` which is not available. Available metrics are: loss,binary_accuracy,recall_3,auc_3,precision_3,val_loss,val_binary_accuracy,val_recall_3,val_auc_3,val_precision_3
2023-03-29 18:40:08,036 : [WARNING]  Early stopping conditioned on metric `val_acc` which is not available. Available metrics are: loss,binary_accuracy,recall_3,auc_3,precision_3,val_loss,val_binary_accuracy,val_recall_3,val_auc_3,val_precision_3
2023-03-29 18:40:11,064 : [WARNING]  Early stopping conditioned on metric `val_acc` which is not available. Available metrics are: loss,binary_accuracy,recall_3,auc_3,precision_3,val_loss,val_binary_accuracy,val_recall_3,val_auc_3,val_precision_3
2023-03-29 18:40:11,615 : [WARNING]  Early stopping conditioned on metric `val_acc` which is not available. Available metrics are: loss,binary_accuracy,recall_3,auc_3,precision_3,val_loss,val_binary_accuracy,val_recall_3,val_auc_3,val_precision_3
2023-03-29 18:40:12,192 : [WARNING]  Early stopping conditioned on metric `val_acc` which is not available. Available metrics are: loss,binary_accuracy,recall_3,auc_3,precision_3,val_loss,val_binary_accuracy,val_recall_3,val_auc_3,val_precision_3
2023-03-29 18:40:12,196 : [INFO]  ------------------------- Batch round 1, loss: 0.4325 -------------------------
2023-03-29 18:40:12,196 : [INFO]  ------------------------- Batch 3, round 1: Sent local model to the server -------------------------
2023-03-29 18:40:12,411 : [INFO]  ------------------------- Received aggregated global model from the server -------------------------
2023-03-29 18:40:12,415 : [INFO]  ------------------------- Batch 3 training: round 2 -------------------------
2023-03-29 18:40:13,213 : [WARNING]  Early stopping conditioned on metric `val_acc` which is not available. Available metrics are: loss,binary_accuracy,recall_3,auc_3,precision_3,val_loss,val_binary_accuracy,val_recall_3,val_auc_3,val_precision_3
2023-03-29 18:40:13,818 : [WARNING]  Early stopping conditioned on metric `val_acc` which is not available. Available metrics are: loss,binary_accuracy,recall_3,auc_3,precision_3,val_loss,val_binary_accuracy,val_recall_3,val_auc_3,val_precision_3
2023-03-29 18:40:15,035 : [WARNING]  Early stopping conditioned on metric `val_acc` which is not available. Available metrics are: loss,binary_accuracy,recall_3,auc_3,precision_3,val_loss,val_binary_accuracy,val_recall_3,val_auc_3,val_precision_3
2023-03-29 18:40:15,986 : [WARNING]  Early stopping conditioned on metric `val_acc` which is not available. Available metrics are: loss,binary_accuracy,recall_3,auc_3,precision_3,val_loss,val_binary_accuracy,val_recall_3,val_auc_3,val_precision_3
2023-03-29 18:40:16,565 : [WARNING]  Early stopping conditioned on metric `val_acc` which is not available. Available metrics are: loss,binary_accuracy,recall_3,auc_3,precision_3,val_loss,val_binary_accuracy,val_recall_3,val_auc_3,val_precision_3
2023-03-29 18:40:17,153 : [WARNING]  Early stopping conditioned on metric `val_acc` which is not available. Available metrics are: loss,binary_accuracy,recall_3,auc_3,precision_3,val_loss,val_binary_accuracy,val_recall_3,val_auc_3,val_precision_3
2023-03-29 18:40:17,157 : [INFO]  ------------------------- Batch round 2, loss: 0.462 -------------------------
2023-03-29 18:40:17,157 : [INFO]  ------------------------- Batch 3, round 2: Sent local model to the server -------------------------
2023-03-29 18:40:17,179 : [INFO]  ------------------------- Received aggregated global model from the server -------------------------
2023-03-29 18:40:17,183 : [INFO]  ------------------------- Batch 3 training: round 3 -------------------------
2023-03-29 18:40:18,945 : [WARNING]  Early stopping conditioned on metric `val_acc` which is not available. Available metrics are: loss,binary_accuracy,recall_3,auc_3,precision_3,val_loss,val_binary_accuracy,val_recall_3,val_auc_3,val_precision_3
2023-03-29 18:40:20,113 : [WARNING]  Early stopping conditioned on metric `val_acc` which is not available. Available metrics are: loss,binary_accuracy,recall_3,auc_3,precision_3,val_loss,val_binary_accuracy,val_recall_3,val_auc_3,val_precision_3
2023-03-29 18:40:20,700 : [WARNING]  Early stopping conditioned on metric `val_acc` which is not available. Available metrics are: loss,binary_accuracy,recall_3,auc_3,precision_3,val_loss,val_binary_accuracy,val_recall_3,val_auc_3,val_precision_3
2023-03-29 18:40:21,478 : [WARNING]  Early stopping conditioned on metric `val_acc` which is not available. Available metrics are: loss,binary_accuracy,recall_3,auc_3,precision_3,val_loss,val_binary_accuracy,val_recall_3,val_auc_3,val_precision_3
2023-03-29 18:40:22,039 : [WARNING]  Early stopping conditioned on metric `val_acc` which is not available. Available metrics are: loss,binary_accuracy,recall_3,auc_3,precision_3,val_loss,val_binary_accuracy,val_recall_3,val_auc_3,val_precision_3
2023-03-29 18:40:22,583 : [WARNING]  Early stopping conditioned on metric `val_acc` which is not available. Available metrics are: loss,binary_accuracy,recall_3,auc_3,precision_3,val_loss,val_binary_accuracy,val_recall_3,val_auc_3,val_precision_3
2023-03-29 18:40:22,588 : [INFO]  ------------------------- Batch round 3, loss: 0.4301 -------------------------
2023-03-29 18:40:22,588 : [INFO]  ------------------------- Batch 3, round 3: Sent local model to the server -------------------------
2023-03-29 18:40:22,668 : [INFO]  ------------------------- Received aggregated global model from the server -------------------------
2023-03-29 18:40:22,672 : [INFO]  Batch number 3 model fetched from the server
2023-03-29 18:40:22,672 : [INFO]  ################ Batch 3: final global model evalution after 3 rounds ################
2023-03-29 18:40:33,435 : [INFO]  Batch 3: Training set : loss - 0.5537, accuracy - 0.7966, recall - 0.8578, AUC - 0.8865, F1 - 0.8085, precision - 0.7645, training time - -19.0 seconds
2023-03-29 18:40:33,436 : [INFO]  Batch 3: Testing set : loss - 0.6399, accuracy - 0.8072, recall - 0.8783, AUC - 0.8676, F1 - 0.8194, precision - 0.768
2023-03-29 18:40:33,436 : [INFO]  Result report : Accuracy - 0.8182 (0.0078), Recall - 0.9017 (0.0265), AUC - 0.8775 (0.0127), F1 - 0.832 (0.0094), Precision - 0.7728 (0.0102)
2023-03-29 18:40:33,437 : [INFO]  Result report : Accuracy 99th - 90th (0.8239, 0.8238), Recall 99th - 90th (0.9377, 0.9286), AUC 99th - 90th (0.8949, 0.8902), F1 99th - 90th (0.8418, 0.8405), Precision 99th - 90th (0.7866, 0.7832), Mean time for a batch - 19.47 (1.17) seconds
2023-03-29 18:40:33,437 : [INFO]  [[0.8239, 0.8235, 0.8072], [0.9387, 0.8881, 0.8783], [0.8954, 0.8695, 0.8676], [0.842, 0.8345, 0.8194], [0.7634, 0.787, 0.768], [21.1, 18.4, 18.9]]
2023-03-29 18:40:33,437 : [INFO]  Distributed training done!
2023-03-29 18:40:33,438 : [INFO]  Training report : Total elapsed time 413.94309489999796 seconds, graph name wikipedia, graph ID 1, partition ID 0, training epochs 3, epochs 3
