2023-03-29 18:17:15,965 : [WARNING]  ####################################### New Training Session: Client 0 #######################################
2023-03-29 18:17:15,966 : [INFO]  Client started, graph name wikipedia, graph ID 1, partition ID 0, training epochs 1, epochs 3
2023-03-29 18:17:19,404 : [INFO]  Model initialized for training
2023-03-29 18:17:25,602 : [INFO]  Number of training examples - 1842, Number of testing examples - 2046
2023-03-29 18:17:25,603 : [INFO]  Connected to the server
2023-03-29 18:17:25,744 : [INFO]  Distributed training for streaming graphs started!
2023-03-29 18:17:25,745 : [INFO]  ------------------------- Received aggregated global model from the server -------------------------
2023-03-29 18:17:25,757 : [INFO]  ################################## Initial model training started ##################################
2023-03-29 18:17:25,757 : [INFO]  ------------------------- Initial model training: round 1 -------------------------
2023-03-29 18:17:34,544 : [WARNING]  Early stopping conditioned on metric `val_acc` which is not available. Available metrics are: loss,binary_accuracy,recall,auc,precision,val_loss,val_binary_accuracy,val_recall,val_auc,val_precision
2023-03-29 18:17:42,478 : [WARNING]  Early stopping conditioned on metric `val_acc` which is not available. Available metrics are: loss,binary_accuracy,recall,auc,precision,val_loss,val_binary_accuracy,val_recall,val_auc,val_precision
2023-03-29 18:17:42,486 : [INFO]  ------------------------- Training round 1, loss: 0.7101 -------------------------
2023-03-29 18:17:42,486 : [INFO]  ------------------------- Training, round 1: Sent local model to the server -------------------------
2023-03-29 18:17:43,759 : [INFO]  ------------------------- Received aggregated global model from the server -------------------------
2023-03-29 18:17:43,762 : [INFO]  ################ Initial trained model: Final global model evalution after 1 rounds ################
2023-03-29 18:18:59,744 : [INFO]  Initially trained model: Training set : loss - 0.55, accuracy - 0.76, recall - 0.89, AUC - 0.83, F1 - 0.78, precision - 0.7, training time - -18.0 seconds
2023-03-29 18:18:59,744 : [INFO]  Initially trained model: Testing set : loss - 0.59, accuracy - 0.74, recall - 0.87, AUC - 0.81, F1 - 0.77, precision - 0.69
2023-03-29 18:18:59,753 : [INFO]  Batch 1 initialized 
2023-03-29 18:19:00,761 : [INFO]  ################################## Next batch processing started: transfer learning is ON ##################################
2023-03-29 18:19:00,762 : [INFO]  ------------------------- Batch 1 training: round 1 -------------------------
2023-03-29 18:19:04,006 : [WARNING]  Early stopping conditioned on metric `val_acc` which is not available. Available metrics are: loss,binary_accuracy,recall_1,auc_1,precision_1,val_loss,val_binary_accuracy,val_recall_1,val_auc_1,val_precision_1
2023-03-29 18:19:04,614 : [WARNING]  Early stopping conditioned on metric `val_acc` which is not available. Available metrics are: loss,binary_accuracy,recall_1,auc_1,precision_1,val_loss,val_binary_accuracy,val_recall_1,val_auc_1,val_precision_1
2023-03-29 18:19:05,250 : [WARNING]  Early stopping conditioned on metric `val_acc` which is not available. Available metrics are: loss,binary_accuracy,recall_1,auc_1,precision_1,val_loss,val_binary_accuracy,val_recall_1,val_auc_1,val_precision_1
2023-03-29 18:19:09,028 : [WARNING]  Early stopping conditioned on metric `val_acc` which is not available. Available metrics are: loss,binary_accuracy,recall_1,auc_1,precision_1,val_loss,val_binary_accuracy,val_recall_1,val_auc_1,val_precision_1
2023-03-29 18:19:10,299 : [WARNING]  Early stopping conditioned on metric `val_acc` which is not available. Available metrics are: loss,binary_accuracy,recall_1,auc_1,precision_1,val_loss,val_binary_accuracy,val_recall_1,val_auc_1,val_precision_1
2023-03-29 18:19:11,009 : [WARNING]  Early stopping conditioned on metric `val_acc` which is not available. Available metrics are: loss,binary_accuracy,recall_1,auc_1,precision_1,val_loss,val_binary_accuracy,val_recall_1,val_auc_1,val_precision_1
2023-03-29 18:19:11,013 : [INFO]  ------------------------- Batch round 1, loss: 0.6418 -------------------------
2023-03-29 18:19:11,013 : [INFO]  ------------------------- Batch 1, round 1: Sent local model to the server -------------------------
2023-03-29 18:19:11,020 : [INFO]  ------------------------- Received aggregated global model from the server -------------------------
2023-03-29 18:19:11,024 : [INFO]  ------------------------- Batch 1 training: round 2 -------------------------
2023-03-29 18:19:12,067 : [WARNING]  Early stopping conditioned on metric `val_acc` which is not available. Available metrics are: loss,binary_accuracy,recall_1,auc_1,precision_1,val_loss,val_binary_accuracy,val_recall_1,val_auc_1,val_precision_1
2023-03-29 18:19:12,767 : [WARNING]  Early stopping conditioned on metric `val_acc` which is not available. Available metrics are: loss,binary_accuracy,recall_1,auc_1,precision_1,val_loss,val_binary_accuracy,val_recall_1,val_auc_1,val_precision_1
2023-03-29 18:19:13,326 : [WARNING]  Early stopping conditioned on metric `val_acc` which is not available. Available metrics are: loss,binary_accuracy,recall_1,auc_1,precision_1,val_loss,val_binary_accuracy,val_recall_1,val_auc_1,val_precision_1
2023-03-29 18:19:14,147 : [WARNING]  Early stopping conditioned on metric `val_acc` which is not available. Available metrics are: loss,binary_accuracy,recall_1,auc_1,precision_1,val_loss,val_binary_accuracy,val_recall_1,val_auc_1,val_precision_1
2023-03-29 18:19:14,835 : [WARNING]  Early stopping conditioned on metric `val_acc` which is not available. Available metrics are: loss,binary_accuracy,recall_1,auc_1,precision_1,val_loss,val_binary_accuracy,val_recall_1,val_auc_1,val_precision_1
2023-03-29 18:19:15,428 : [WARNING]  Early stopping conditioned on metric `val_acc` which is not available. Available metrics are: loss,binary_accuracy,recall_1,auc_1,precision_1,val_loss,val_binary_accuracy,val_recall_1,val_auc_1,val_precision_1
2023-03-29 18:19:15,431 : [INFO]  ------------------------- Batch round 2, loss: 0.5005 -------------------------
2023-03-29 18:19:15,432 : [INFO]  ------------------------- Batch 1, round 2: Sent local model to the server -------------------------
2023-03-29 18:19:15,437 : [INFO]  ------------------------- Received aggregated global model from the server -------------------------
2023-03-29 18:19:15,440 : [INFO]  ------------------------- Batch 1 training: round 3 -------------------------
2023-03-29 18:19:16,225 : [WARNING]  Early stopping conditioned on metric `val_acc` which is not available. Available metrics are: loss,binary_accuracy,recall_1,auc_1,precision_1,val_loss,val_binary_accuracy,val_recall_1,val_auc_1,val_precision_1
2023-03-29 18:19:16,807 : [WARNING]  Early stopping conditioned on metric `val_acc` which is not available. Available metrics are: loss,binary_accuracy,recall_1,auc_1,precision_1,val_loss,val_binary_accuracy,val_recall_1,val_auc_1,val_precision_1
2023-03-29 18:19:17,367 : [WARNING]  Early stopping conditioned on metric `val_acc` which is not available. Available metrics are: loss,binary_accuracy,recall_1,auc_1,precision_1,val_loss,val_binary_accuracy,val_recall_1,val_auc_1,val_precision_1
2023-03-29 18:19:18,172 : [WARNING]  Early stopping conditioned on metric `val_acc` which is not available. Available metrics are: loss,binary_accuracy,recall_1,auc_1,precision_1,val_loss,val_binary_accuracy,val_recall_1,val_auc_1,val_precision_1
2023-03-29 18:19:18,750 : [WARNING]  Early stopping conditioned on metric `val_acc` which is not available. Available metrics are: loss,binary_accuracy,recall_1,auc_1,precision_1,val_loss,val_binary_accuracy,val_recall_1,val_auc_1,val_precision_1
2023-03-29 18:19:19,384 : [WARNING]  Early stopping conditioned on metric `val_acc` which is not available. Available metrics are: loss,binary_accuracy,recall_1,auc_1,precision_1,val_loss,val_binary_accuracy,val_recall_1,val_auc_1,val_precision_1
2023-03-29 18:19:19,388 : [INFO]  ------------------------- Batch round 3, loss: 0.5418 -------------------------
2023-03-29 18:19:19,388 : [INFO]  ------------------------- Batch 1, round 3: Sent local model to the server -------------------------
2023-03-29 18:19:19,394 : [INFO]  ------------------------- Received aggregated global model from the server -------------------------
2023-03-29 18:19:19,398 : [INFO]  Batch number 1 model fetched from the server
2023-03-29 18:19:19,398 : [INFO]  ################ Batch 1: final global model evalution after 3 rounds ################
2023-03-29 18:19:29,803 : [INFO]  Batch 1: Training set : loss - 0.5738, accuracy - 0.8093, recall - 0.8795, AUC - 0.8527, F1 - 0.8221, precision - 0.7717, training time - -19.0 seconds
2023-03-29 18:19:29,803 : [INFO]  Batch 1: Testing set : loss - 0.5368, accuracy - 0.8007, recall - 0.9199, AUC - 0.8441, F1 - 0.8219, precision - 0.7427
2023-03-29 18:19:29,807 : [INFO]  Batch 2 initialized 
2023-03-29 18:19:30,775 : [INFO]  ------------------------- Batch 2 training: round 1 -------------------------
2023-03-29 18:19:33,697 : [WARNING]  Early stopping conditioned on metric `val_acc` which is not available. Available metrics are: loss,binary_accuracy,recall_2,auc_2,precision_2,val_loss,val_binary_accuracy,val_recall_2,val_auc_2,val_precision_2
2023-03-29 18:19:34,249 : [WARNING]  Early stopping conditioned on metric `val_acc` which is not available. Available metrics are: loss,binary_accuracy,recall_2,auc_2,precision_2,val_loss,val_binary_accuracy,val_recall_2,val_auc_2,val_precision_2
2023-03-29 18:19:34,898 : [WARNING]  Early stopping conditioned on metric `val_acc` which is not available. Available metrics are: loss,binary_accuracy,recall_2,auc_2,precision_2,val_loss,val_binary_accuracy,val_recall_2,val_auc_2,val_precision_2
2023-03-29 18:19:37,834 : [WARNING]  Early stopping conditioned on metric `val_acc` which is not available. Available metrics are: loss,binary_accuracy,recall_2,auc_2,precision_2,val_loss,val_binary_accuracy,val_recall_2,val_auc_2,val_precision_2
2023-03-29 18:19:38,371 : [WARNING]  Early stopping conditioned on metric `val_acc` which is not available. Available metrics are: loss,binary_accuracy,recall_2,auc_2,precision_2,val_loss,val_binary_accuracy,val_recall_2,val_auc_2,val_precision_2
2023-03-29 18:19:38,949 : [WARNING]  Early stopping conditioned on metric `val_acc` which is not available. Available metrics are: loss,binary_accuracy,recall_2,auc_2,precision_2,val_loss,val_binary_accuracy,val_recall_2,val_auc_2,val_precision_2
2023-03-29 18:19:38,952 : [INFO]  ------------------------- Batch round 1, loss: 0.5123 -------------------------
2023-03-29 18:19:38,952 : [INFO]  ------------------------- Batch 2, round 1: Sent local model to the server -------------------------
2023-03-29 18:19:38,957 : [INFO]  ------------------------- Received aggregated global model from the server -------------------------
2023-03-29 18:19:38,961 : [INFO]  ------------------------- Batch 2 training: round 2 -------------------------
2023-03-29 18:19:39,729 : [WARNING]  Early stopping conditioned on metric `val_acc` which is not available. Available metrics are: loss,binary_accuracy,recall_2,auc_2,precision_2,val_loss,val_binary_accuracy,val_recall_2,val_auc_2,val_precision_2
2023-03-29 18:19:40,292 : [WARNING]  Early stopping conditioned on metric `val_acc` which is not available. Available metrics are: loss,binary_accuracy,recall_2,auc_2,precision_2,val_loss,val_binary_accuracy,val_recall_2,val_auc_2,val_precision_2
2023-03-29 18:19:40,830 : [WARNING]  Early stopping conditioned on metric `val_acc` which is not available. Available metrics are: loss,binary_accuracy,recall_2,auc_2,precision_2,val_loss,val_binary_accuracy,val_recall_2,val_auc_2,val_precision_2
2023-03-29 18:19:41,614 : [WARNING]  Early stopping conditioned on metric `val_acc` which is not available. Available metrics are: loss,binary_accuracy,recall_2,auc_2,precision_2,val_loss,val_binary_accuracy,val_recall_2,val_auc_2,val_precision_2
2023-03-29 18:19:42,161 : [WARNING]  Early stopping conditioned on metric `val_acc` which is not available. Available metrics are: loss,binary_accuracy,recall_2,auc_2,precision_2,val_loss,val_binary_accuracy,val_recall_2,val_auc_2,val_precision_2
2023-03-29 18:19:42,701 : [WARNING]  Early stopping conditioned on metric `val_acc` which is not available. Available metrics are: loss,binary_accuracy,recall_2,auc_2,precision_2,val_loss,val_binary_accuracy,val_recall_2,val_auc_2,val_precision_2
2023-03-29 18:19:42,705 : [INFO]  ------------------------- Batch round 2, loss: 0.4369 -------------------------
2023-03-29 18:19:42,705 : [INFO]  ------------------------- Batch 2, round 2: Sent local model to the server -------------------------
2023-03-29 18:19:42,770 : [INFO]  ------------------------- Received aggregated global model from the server -------------------------
2023-03-29 18:19:42,773 : [INFO]  ------------------------- Batch 2 training: round 3 -------------------------
2023-03-29 18:19:43,519 : [WARNING]  Early stopping conditioned on metric `val_acc` which is not available. Available metrics are: loss,binary_accuracy,recall_2,auc_2,precision_2,val_loss,val_binary_accuracy,val_recall_2,val_auc_2,val_precision_2
2023-03-29 18:19:44,081 : [WARNING]  Early stopping conditioned on metric `val_acc` which is not available. Available metrics are: loss,binary_accuracy,recall_2,auc_2,precision_2,val_loss,val_binary_accuracy,val_recall_2,val_auc_2,val_precision_2
2023-03-29 18:19:44,626 : [WARNING]  Early stopping conditioned on metric `val_acc` which is not available. Available metrics are: loss,binary_accuracy,recall_2,auc_2,precision_2,val_loss,val_binary_accuracy,val_recall_2,val_auc_2,val_precision_2
2023-03-29 18:19:45,384 : [WARNING]  Early stopping conditioned on metric `val_acc` which is not available. Available metrics are: loss,binary_accuracy,recall_2,auc_2,precision_2,val_loss,val_binary_accuracy,val_recall_2,val_auc_2,val_precision_2
2023-03-29 18:19:45,919 : [WARNING]  Early stopping conditioned on metric `val_acc` which is not available. Available metrics are: loss,binary_accuracy,recall_2,auc_2,precision_2,val_loss,val_binary_accuracy,val_recall_2,val_auc_2,val_precision_2
2023-03-29 18:19:46,489 : [WARNING]  Early stopping conditioned on metric `val_acc` which is not available. Available metrics are: loss,binary_accuracy,recall_2,auc_2,precision_2,val_loss,val_binary_accuracy,val_recall_2,val_auc_2,val_precision_2
2023-03-29 18:19:46,493 : [INFO]  ------------------------- Batch round 3, loss: 0.4348 -------------------------
2023-03-29 18:19:46,493 : [INFO]  ------------------------- Batch 2, round 3: Sent local model to the server -------------------------
2023-03-29 18:19:46,575 : [INFO]  ------------------------- Received aggregated global model from the server -------------------------
2023-03-29 18:19:46,579 : [INFO]  Batch number 2 model fetched from the server
2023-03-29 18:19:46,579 : [INFO]  ################ Batch 2: final global model evalution after 3 rounds ################
2023-03-29 18:19:55,512 : [INFO]  Batch 2: Training set : loss - 0.4746, accuracy - 0.8107, recall - 0.9058, AUC - 0.8828, F1 - 0.8314, precision - 0.7683, training time - -16.0 seconds
2023-03-29 18:19:55,512 : [INFO]  Batch 2: Testing set : loss - 0.591, accuracy - 0.7847, recall - 0.8938, AUC - 0.8452, F1 - 0.8107, precision - 0.7417
