2023-03-29 14:53:35,878 : [WARNING]  ####################################### New Training Session: Client 0 #######################################
2023-03-29 14:53:35,878 : [INFO]  Client started, graph name wikipedia, graph ID 1, partition ID 0, training epochs 3, epochs 3
2023-03-29 14:53:39,308 : [INFO]  Model initialized for training
2023-03-29 14:53:45,222 : [INFO]  Number of training examples - 1842, Number of testing examples - 2046
2023-03-29 14:53:45,222 : [INFO]  Connected to the server
2023-03-29 14:53:45,375 : [INFO]  Distributed training for streaming graphs started!
2023-03-29 14:53:45,376 : [INFO]  ------------------------- Received aggregated global model from the server -------------------------
2023-03-29 14:53:45,391 : [INFO]  ################################## Initial model training started ##################################
2023-03-29 14:53:45,391 : [INFO]  ------------------------- Initial model training: round 1 -------------------------
2023-03-29 14:53:57,685 : [WARNING]  Early stopping conditioned on metric `val_acc` which is not available. Available metrics are: loss,binary_accuracy,recall,auc,precision,val_loss,val_binary_accuracy,val_recall,val_auc,val_precision
2023-03-29 14:54:04,584 : [WARNING]  Early stopping conditioned on metric `val_acc` which is not available. Available metrics are: loss,binary_accuracy,recall,auc,precision,val_loss,val_binary_accuracy,val_recall,val_auc,val_precision
2023-03-29 14:54:10,333 : [WARNING]  Early stopping conditioned on metric `val_acc` which is not available. Available metrics are: loss,binary_accuracy,recall,auc,precision,val_loss,val_binary_accuracy,val_recall,val_auc,val_precision
2023-03-29 14:54:21,839 : [WARNING]  Early stopping conditioned on metric `val_acc` which is not available. Available metrics are: loss,binary_accuracy,recall,auc,precision,val_loss,val_binary_accuracy,val_recall,val_auc,val_precision
2023-03-29 14:54:26,714 : [WARNING]  Early stopping conditioned on metric `val_acc` which is not available. Available metrics are: loss,binary_accuracy,recall,auc,precision,val_loss,val_binary_accuracy,val_recall,val_auc,val_precision
2023-03-29 14:54:31,583 : [WARNING]  Early stopping conditioned on metric `val_acc` which is not available. Available metrics are: loss,binary_accuracy,recall,auc,precision,val_loss,val_binary_accuracy,val_recall,val_auc,val_precision
2023-03-29 14:54:31,592 : [INFO]  ------------------------- Training round 1, loss: 0.6662 -------------------------
2023-03-29 14:54:31,592 : [INFO]  ------------------------- Training, round 1: Sent local model to the server -------------------------
2023-03-29 14:54:33,330 : [INFO]  ------------------------- Received aggregated global model from the server -------------------------
2023-03-29 14:54:33,333 : [INFO]  ------------------------- Initial model training: round 2 -------------------------
2023-03-29 14:54:39,237 : [WARNING]  Early stopping conditioned on metric `val_acc` which is not available. Available metrics are: loss,binary_accuracy,recall,auc,precision,val_loss,val_binary_accuracy,val_recall,val_auc,val_precision
2023-03-29 14:54:44,298 : [WARNING]  Early stopping conditioned on metric `val_acc` which is not available. Available metrics are: loss,binary_accuracy,recall,auc,precision,val_loss,val_binary_accuracy,val_recall,val_auc,val_precision
2023-03-29 14:54:49,276 : [WARNING]  Early stopping conditioned on metric `val_acc` which is not available. Available metrics are: loss,binary_accuracy,recall,auc,precision,val_loss,val_binary_accuracy,val_recall,val_auc,val_precision
2023-03-29 14:54:54,878 : [WARNING]  Early stopping conditioned on metric `val_acc` which is not available. Available metrics are: loss,binary_accuracy,recall,auc,precision,val_loss,val_binary_accuracy,val_recall,val_auc,val_precision
2023-03-29 14:55:00,011 : [WARNING]  Early stopping conditioned on metric `val_acc` which is not available. Available metrics are: loss,binary_accuracy,recall,auc,precision,val_loss,val_binary_accuracy,val_recall,val_auc,val_precision
2023-03-29 14:55:05,156 : [WARNING]  Early stopping conditioned on metric `val_acc` which is not available. Available metrics are: loss,binary_accuracy,recall,auc,precision,val_loss,val_binary_accuracy,val_recall,val_auc,val_precision
2023-03-29 14:55:05,160 : [INFO]  ------------------------- Training round 2, loss: 0.475 -------------------------
2023-03-29 14:55:05,160 : [INFO]  ------------------------- Training, round 2: Sent local model to the server -------------------------
2023-03-29 14:55:05,166 : [INFO]  ------------------------- Received aggregated global model from the server -------------------------
2023-03-29 14:55:05,169 : [INFO]  ------------------------- Initial model training: round 3 -------------------------
2023-03-29 14:55:10,836 : [WARNING]  Early stopping conditioned on metric `val_acc` which is not available. Available metrics are: loss,binary_accuracy,recall,auc,precision,val_loss,val_binary_accuracy,val_recall,val_auc,val_precision
2023-03-29 14:55:15,980 : [WARNING]  Early stopping conditioned on metric `val_acc` which is not available. Available metrics are: loss,binary_accuracy,recall,auc,precision,val_loss,val_binary_accuracy,val_recall,val_auc,val_precision
2023-03-29 14:55:20,936 : [WARNING]  Early stopping conditioned on metric `val_acc` which is not available. Available metrics are: loss,binary_accuracy,recall,auc,precision,val_loss,val_binary_accuracy,val_recall,val_auc,val_precision
2023-03-29 14:55:26,641 : [WARNING]  Early stopping conditioned on metric `val_acc` which is not available. Available metrics are: loss,binary_accuracy,recall,auc,precision,val_loss,val_binary_accuracy,val_recall,val_auc,val_precision
2023-03-29 14:55:31,568 : [WARNING]  Early stopping conditioned on metric `val_acc` which is not available. Available metrics are: loss,binary_accuracy,recall,auc,precision,val_loss,val_binary_accuracy,val_recall,val_auc,val_precision
2023-03-29 14:55:36,477 : [WARNING]  Early stopping conditioned on metric `val_acc` which is not available. Available metrics are: loss,binary_accuracy,recall,auc,precision,val_loss,val_binary_accuracy,val_recall,val_auc,val_precision
2023-03-29 14:55:36,481 : [INFO]  ------------------------- Training round 3, loss: 0.4523 -------------------------
2023-03-29 14:55:36,481 : [INFO]  ------------------------- Training, round 3: Sent local model to the server -------------------------
2023-03-29 14:55:36,486 : [INFO]  ------------------------- Received aggregated global model from the server -------------------------
2023-03-29 14:55:36,490 : [INFO]  ------------------------- Initial model training: round 4 -------------------------
2023-03-29 14:55:42,298 : [WARNING]  Early stopping conditioned on metric `val_acc` which is not available. Available metrics are: loss,binary_accuracy,recall,auc,precision,val_loss,val_binary_accuracy,val_recall,val_auc,val_precision
2023-03-29 14:55:47,293 : [WARNING]  Early stopping conditioned on metric `val_acc` which is not available. Available metrics are: loss,binary_accuracy,recall,auc,precision,val_loss,val_binary_accuracy,val_recall,val_auc,val_precision
2023-03-29 14:55:52,444 : [WARNING]  Early stopping conditioned on metric `val_acc` which is not available. Available metrics are: loss,binary_accuracy,recall,auc,precision,val_loss,val_binary_accuracy,val_recall,val_auc,val_precision
2023-03-29 14:55:58,207 : [WARNING]  Early stopping conditioned on metric `val_acc` which is not available. Available metrics are: loss,binary_accuracy,recall,auc,precision,val_loss,val_binary_accuracy,val_recall,val_auc,val_precision
2023-03-29 14:56:03,130 : [WARNING]  Early stopping conditioned on metric `val_acc` which is not available. Available metrics are: loss,binary_accuracy,recall,auc,precision,val_loss,val_binary_accuracy,val_recall,val_auc,val_precision
2023-03-29 14:56:08,101 : [WARNING]  Early stopping conditioned on metric `val_acc` which is not available. Available metrics are: loss,binary_accuracy,recall,auc,precision,val_loss,val_binary_accuracy,val_recall,val_auc,val_precision
2023-03-29 14:56:08,107 : [INFO]  ------------------------- Training round 4, loss: 0.4165 -------------------------
2023-03-29 14:56:08,108 : [INFO]  ------------------------- Training, round 4: Sent local model to the server -------------------------
2023-03-29 14:56:08,116 : [INFO]  ------------------------- Received aggregated global model from the server -------------------------
2023-03-29 14:56:08,122 : [INFO]  ------------------------- Initial model training: round 5 -------------------------
2023-03-29 14:56:14,029 : [WARNING]  Early stopping conditioned on metric `val_acc` which is not available. Available metrics are: loss,binary_accuracy,recall,auc,precision,val_loss,val_binary_accuracy,val_recall,val_auc,val_precision
2023-03-29 14:56:18,876 : [WARNING]  Early stopping conditioned on metric `val_acc` which is not available. Available metrics are: loss,binary_accuracy,recall,auc,precision,val_loss,val_binary_accuracy,val_recall,val_auc,val_precision
2023-03-29 14:56:23,863 : [WARNING]  Early stopping conditioned on metric `val_acc` which is not available. Available metrics are: loss,binary_accuracy,recall,auc,precision,val_loss,val_binary_accuracy,val_recall,val_auc,val_precision
2023-03-29 14:56:29,678 : [WARNING]  Early stopping conditioned on metric `val_acc` which is not available. Available metrics are: loss,binary_accuracy,recall,auc,precision,val_loss,val_binary_accuracy,val_recall,val_auc,val_precision
2023-03-29 14:56:34,665 : [WARNING]  Early stopping conditioned on metric `val_acc` which is not available. Available metrics are: loss,binary_accuracy,recall,auc,precision,val_loss,val_binary_accuracy,val_recall,val_auc,val_precision
2023-03-29 14:56:42,423 : [WARNING]  Early stopping conditioned on metric `val_acc` which is not available. Available metrics are: loss,binary_accuracy,recall,auc,precision,val_loss,val_binary_accuracy,val_recall,val_auc,val_precision
2023-03-29 14:56:42,438 : [INFO]  ------------------------- Training round 5, loss: 0.4219 -------------------------
2023-03-29 14:56:42,438 : [INFO]  ------------------------- Training, round 5: Sent local model to the server -------------------------
2023-03-29 14:56:42,459 : [INFO]  ------------------------- Received aggregated global model from the server -------------------------
2023-03-29 14:56:42,473 : [INFO]  ------------------------- Initial model training: round 6 -------------------------
2023-03-29 14:56:48,867 : [WARNING]  Early stopping conditioned on metric `val_acc` which is not available. Available metrics are: loss,binary_accuracy,recall,auc,precision,val_loss,val_binary_accuracy,val_recall,val_auc,val_precision
2023-03-29 14:56:53,546 : [WARNING]  Early stopping conditioned on metric `val_acc` which is not available. Available metrics are: loss,binary_accuracy,recall,auc,precision,val_loss,val_binary_accuracy,val_recall,val_auc,val_precision
2023-03-29 14:56:58,697 : [WARNING]  Early stopping conditioned on metric `val_acc` which is not available. Available metrics are: loss,binary_accuracy,recall,auc,precision,val_loss,val_binary_accuracy,val_recall,val_auc,val_precision
2023-03-29 14:57:05,201 : [WARNING]  Early stopping conditioned on metric `val_acc` which is not available. Available metrics are: loss,binary_accuracy,recall,auc,precision,val_loss,val_binary_accuracy,val_recall,val_auc,val_precision
2023-03-29 14:57:10,452 : [WARNING]  Early stopping conditioned on metric `val_acc` which is not available. Available metrics are: loss,binary_accuracy,recall,auc,precision,val_loss,val_binary_accuracy,val_recall,val_auc,val_precision
2023-03-29 14:57:16,609 : [WARNING]  Early stopping conditioned on metric `val_acc` which is not available. Available metrics are: loss,binary_accuracy,recall,auc,precision,val_loss,val_binary_accuracy,val_recall,val_auc,val_precision
2023-03-29 14:57:16,615 : [INFO]  ------------------------- Training round 6, loss: 0.4544 -------------------------
2023-03-29 14:57:16,615 : [INFO]  ------------------------- Training, round 6: Sent local model to the server -------------------------
2023-03-29 14:57:16,624 : [INFO]  ------------------------- Received aggregated global model from the server -------------------------
2023-03-29 14:57:16,630 : [INFO]  ################ Initial trained model: Final global model evalution after 6 rounds ################
2023-03-29 14:57:32,219 : [INFO]  Initially trained model: Training set : loss - 0.41, accuracy - 0.82, recall - 0.93, AUC - 0.92, F1 - 0.83, precision - 0.76, training time - -211.0 seconds
2023-03-29 14:57:32,219 : [INFO]  Initially trained model: Testing set : loss - 0.44, accuracy - 0.8, recall - 0.92, AUC - 0.9, F1 - 0.82, precision - 0.74
2023-03-29 14:57:32,242 : [INFO]  Batch 1 initialized 
2023-03-29 14:57:33,806 : [INFO]  ################################## Next batch processing started: transfer learning is ON ##################################
2023-03-29 14:57:33,806 : [INFO]  ------------------------- Batch 1 training: round 1 -------------------------
2023-03-29 14:57:38,550 : [WARNING]  Early stopping conditioned on metric `val_acc` which is not available. Available metrics are: loss,binary_accuracy,recall_1,auc_1,precision_1,val_loss,val_binary_accuracy,val_recall_1,val_auc_1,val_precision_1
2023-03-29 14:57:39,266 : [WARNING]  Early stopping conditioned on metric `val_acc` which is not available. Available metrics are: loss,binary_accuracy,recall_1,auc_1,precision_1,val_loss,val_binary_accuracy,val_recall_1,val_auc_1,val_precision_1
2023-03-29 14:57:40,047 : [WARNING]  Early stopping conditioned on metric `val_acc` which is not available. Available metrics are: loss,binary_accuracy,recall_1,auc_1,precision_1,val_loss,val_binary_accuracy,val_recall_1,val_auc_1,val_precision_1
2023-03-29 14:57:44,140 : [WARNING]  Early stopping conditioned on metric `val_acc` which is not available. Available metrics are: loss,binary_accuracy,recall_1,auc_1,precision_1,val_loss,val_binary_accuracy,val_recall_1,val_auc_1,val_precision_1
2023-03-29 14:57:44,691 : [WARNING]  Early stopping conditioned on metric `val_acc` which is not available. Available metrics are: loss,binary_accuracy,recall_1,auc_1,precision_1,val_loss,val_binary_accuracy,val_recall_1,val_auc_1,val_precision_1
2023-03-29 14:57:45,260 : [WARNING]  Early stopping conditioned on metric `val_acc` which is not available. Available metrics are: loss,binary_accuracy,recall_1,auc_1,precision_1,val_loss,val_binary_accuracy,val_recall_1,val_auc_1,val_precision_1
2023-03-29 14:57:45,264 : [INFO]  ------------------------- Batch round 1, loss: 0.4127 -------------------------
2023-03-29 14:57:45,264 : [INFO]  ------------------------- Batch 1, round 1: Sent local model to the server -------------------------
2023-03-29 14:57:45,426 : [INFO]  ------------------------- Received aggregated global model from the server -------------------------
2023-03-29 14:57:45,431 : [INFO]  ------------------------- Batch 1 training: round 2 -------------------------
2023-03-29 14:57:46,182 : [WARNING]  Early stopping conditioned on metric `val_acc` which is not available. Available metrics are: loss,binary_accuracy,recall_1,auc_1,precision_1,val_loss,val_binary_accuracy,val_recall_1,val_auc_1,val_precision_1
2023-03-29 14:57:46,721 : [WARNING]  Early stopping conditioned on metric `val_acc` which is not available. Available metrics are: loss,binary_accuracy,recall_1,auc_1,precision_1,val_loss,val_binary_accuracy,val_recall_1,val_auc_1,val_precision_1
2023-03-29 14:57:47,265 : [WARNING]  Early stopping conditioned on metric `val_acc` which is not available. Available metrics are: loss,binary_accuracy,recall_1,auc_1,precision_1,val_loss,val_binary_accuracy,val_recall_1,val_auc_1,val_precision_1
2023-03-29 14:57:48,299 : [WARNING]  Early stopping conditioned on metric `val_acc` which is not available. Available metrics are: loss,binary_accuracy,recall_1,auc_1,precision_1,val_loss,val_binary_accuracy,val_recall_1,val_auc_1,val_precision_1
2023-03-29 14:57:49,056 : [WARNING]  Early stopping conditioned on metric `val_acc` which is not available. Available metrics are: loss,binary_accuracy,recall_1,auc_1,precision_1,val_loss,val_binary_accuracy,val_recall_1,val_auc_1,val_precision_1
2023-03-29 14:57:49,726 : [WARNING]  Early stopping conditioned on metric `val_acc` which is not available. Available metrics are: loss,binary_accuracy,recall_1,auc_1,precision_1,val_loss,val_binary_accuracy,val_recall_1,val_auc_1,val_precision_1
2023-03-29 14:57:49,734 : [INFO]  ------------------------- Batch round 2, loss: 0.4272 -------------------------
2023-03-29 14:57:49,735 : [INFO]  ------------------------- Batch 1, round 2: Sent local model to the server -------------------------
2023-03-29 14:57:49,860 : [INFO]  ------------------------- Received aggregated global model from the server -------------------------
2023-03-29 14:57:49,866 : [INFO]  ------------------------- Batch 1 training: round 3 -------------------------
2023-03-29 14:57:50,900 : [WARNING]  Early stopping conditioned on metric `val_acc` which is not available. Available metrics are: loss,binary_accuracy,recall_1,auc_1,precision_1,val_loss,val_binary_accuracy,val_recall_1,val_auc_1,val_precision_1
2023-03-29 14:57:51,479 : [WARNING]  Early stopping conditioned on metric `val_acc` which is not available. Available metrics are: loss,binary_accuracy,recall_1,auc_1,precision_1,val_loss,val_binary_accuracy,val_recall_1,val_auc_1,val_precision_1
2023-03-29 14:57:52,080 : [WARNING]  Early stopping conditioned on metric `val_acc` which is not available. Available metrics are: loss,binary_accuracy,recall_1,auc_1,precision_1,val_loss,val_binary_accuracy,val_recall_1,val_auc_1,val_precision_1
2023-03-29 14:57:53,033 : [WARNING]  Early stopping conditioned on metric `val_acc` which is not available. Available metrics are: loss,binary_accuracy,recall_1,auc_1,precision_1,val_loss,val_binary_accuracy,val_recall_1,val_auc_1,val_precision_1
2023-03-29 14:57:53,813 : [WARNING]  Early stopping conditioned on metric `val_acc` which is not available. Available metrics are: loss,binary_accuracy,recall_1,auc_1,precision_1,val_loss,val_binary_accuracy,val_recall_1,val_auc_1,val_precision_1
2023-03-29 14:57:54,494 : [WARNING]  Early stopping conditioned on metric `val_acc` which is not available. Available metrics are: loss,binary_accuracy,recall_1,auc_1,precision_1,val_loss,val_binary_accuracy,val_recall_1,val_auc_1,val_precision_1
2023-03-29 14:57:54,498 : [INFO]  ------------------------- Batch round 3, loss: 0.4864 -------------------------
2023-03-29 14:57:54,498 : [INFO]  ------------------------- Batch 1, round 3: Sent local model to the server -------------------------
2023-03-29 14:57:54,505 : [INFO]  ------------------------- Received aggregated global model from the server -------------------------
2023-03-29 14:57:54,511 : [INFO]  Batch number 1 model fetched from the server
2023-03-29 14:57:54,512 : [INFO]  ################ Batch 1: final global model evalution after 3 rounds ################
2023-03-29 14:57:56,609 : [INFO]  Batch 1: Training set : loss - 0.4523, accuracy - 0.8397, recall - 0.8967, AUC - 0.906, F1 - 0.8483, precision - 0.8048, training time - -21.0 seconds
2023-03-29 14:57:56,609 : [INFO]  Batch 1: Testing set : loss - 0.4005, accuracy - 0.8333, recall - 0.9412, AUC - 0.9012, F1 - 0.8498, precision - 0.7745
2023-03-29 14:57:56,616 : [INFO]  Batch 2 initialized 
2023-03-29 14:57:58,158 : [INFO]  ------------------------- Batch 2 training: round 1 -------------------------
2023-03-29 14:58:02,528 : [WARNING]  Early stopping conditioned on metric `val_acc` which is not available. Available metrics are: loss,binary_accuracy,recall_2,auc_2,precision_2,val_loss,val_binary_accuracy,val_recall_2,val_auc_2,val_precision_2
2023-03-29 14:58:03,256 : [WARNING]  Early stopping conditioned on metric `val_acc` which is not available. Available metrics are: loss,binary_accuracy,recall_2,auc_2,precision_2,val_loss,val_binary_accuracy,val_recall_2,val_auc_2,val_precision_2
2023-03-29 14:58:03,960 : [WARNING]  Early stopping conditioned on metric `val_acc` which is not available. Available metrics are: loss,binary_accuracy,recall_2,auc_2,precision_2,val_loss,val_binary_accuracy,val_recall_2,val_auc_2,val_precision_2
2023-03-29 14:58:07,686 : [WARNING]  Early stopping conditioned on metric `val_acc` which is not available. Available metrics are: loss,binary_accuracy,recall_2,auc_2,precision_2,val_loss,val_binary_accuracy,val_recall_2,val_auc_2,val_precision_2
2023-03-29 14:58:08,223 : [WARNING]  Early stopping conditioned on metric `val_acc` which is not available. Available metrics are: loss,binary_accuracy,recall_2,auc_2,precision_2,val_loss,val_binary_accuracy,val_recall_2,val_auc_2,val_precision_2
2023-03-29 14:58:08,771 : [WARNING]  Early stopping conditioned on metric `val_acc` which is not available. Available metrics are: loss,binary_accuracy,recall_2,auc_2,precision_2,val_loss,val_binary_accuracy,val_recall_2,val_auc_2,val_precision_2
2023-03-29 14:58:08,776 : [INFO]  ------------------------- Batch round 1, loss: 0.4168 -------------------------
2023-03-29 14:58:08,776 : [INFO]  ------------------------- Batch 2, round 1: Sent local model to the server -------------------------
2023-03-29 14:58:08,995 : [INFO]  ------------------------- Received aggregated global model from the server -------------------------
2023-03-29 14:58:09,005 : [INFO]  ------------------------- Batch 2 training: round 2 -------------------------
2023-03-29 14:58:09,765 : [WARNING]  Early stopping conditioned on metric `val_acc` which is not available. Available metrics are: loss,binary_accuracy,recall_2,auc_2,precision_2,val_loss,val_binary_accuracy,val_recall_2,val_auc_2,val_precision_2
2023-03-29 14:58:10,356 : [WARNING]  Early stopping conditioned on metric `val_acc` which is not available. Available metrics are: loss,binary_accuracy,recall_2,auc_2,precision_2,val_loss,val_binary_accuracy,val_recall_2,val_auc_2,val_precision_2
2023-03-29 14:58:10,910 : [WARNING]  Early stopping conditioned on metric `val_acc` which is not available. Available metrics are: loss,binary_accuracy,recall_2,auc_2,precision_2,val_loss,val_binary_accuracy,val_recall_2,val_auc_2,val_precision_2
2023-03-29 14:58:11,680 : [WARNING]  Early stopping conditioned on metric `val_acc` which is not available. Available metrics are: loss,binary_accuracy,recall_2,auc_2,precision_2,val_loss,val_binary_accuracy,val_recall_2,val_auc_2,val_precision_2
2023-03-29 14:58:12,301 : [WARNING]  Early stopping conditioned on metric `val_acc` which is not available. Available metrics are: loss,binary_accuracy,recall_2,auc_2,precision_2,val_loss,val_binary_accuracy,val_recall_2,val_auc_2,val_precision_2
2023-03-29 14:58:12,865 : [WARNING]  Early stopping conditioned on metric `val_acc` which is not available. Available metrics are: loss,binary_accuracy,recall_2,auc_2,precision_2,val_loss,val_binary_accuracy,val_recall_2,val_auc_2,val_precision_2
2023-03-29 14:58:12,872 : [INFO]  ------------------------- Batch round 2, loss: 0.3763 -------------------------
2023-03-29 14:58:12,872 : [INFO]  ------------------------- Batch 2, round 2: Sent local model to the server -------------------------
2023-03-29 14:58:12,906 : [INFO]  ------------------------- Received aggregated global model from the server -------------------------
2023-03-29 14:58:12,910 : [INFO]  ------------------------- Batch 2 training: round 3 -------------------------
2023-03-29 14:58:13,686 : [WARNING]  Early stopping conditioned on metric `val_acc` which is not available. Available metrics are: loss,binary_accuracy,recall_2,auc_2,precision_2,val_loss,val_binary_accuracy,val_recall_2,val_auc_2,val_precision_2
2023-03-29 14:58:14,267 : [WARNING]  Early stopping conditioned on metric `val_acc` which is not available. Available metrics are: loss,binary_accuracy,recall_2,auc_2,precision_2,val_loss,val_binary_accuracy,val_recall_2,val_auc_2,val_precision_2
2023-03-29 14:58:14,877 : [WARNING]  Early stopping conditioned on metric `val_acc` which is not available. Available metrics are: loss,binary_accuracy,recall_2,auc_2,precision_2,val_loss,val_binary_accuracy,val_recall_2,val_auc_2,val_precision_2
2023-03-29 14:58:15,735 : [WARNING]  Early stopping conditioned on metric `val_acc` which is not available. Available metrics are: loss,binary_accuracy,recall_2,auc_2,precision_2,val_loss,val_binary_accuracy,val_recall_2,val_auc_2,val_precision_2
2023-03-29 14:58:16,262 : [WARNING]  Early stopping conditioned on metric `val_acc` which is not available. Available metrics are: loss,binary_accuracy,recall_2,auc_2,precision_2,val_loss,val_binary_accuracy,val_recall_2,val_auc_2,val_precision_2
2023-03-29 14:58:16,792 : [WARNING]  Early stopping conditioned on metric `val_acc` which is not available. Available metrics are: loss,binary_accuracy,recall_2,auc_2,precision_2,val_loss,val_binary_accuracy,val_recall_2,val_auc_2,val_precision_2
2023-03-29 14:58:16,796 : [INFO]  ------------------------- Batch round 3, loss: 0.3517 -------------------------
2023-03-29 14:58:16,796 : [INFO]  ------------------------- Batch 2, round 3: Sent local model to the server -------------------------
2023-03-29 14:58:16,816 : [INFO]  ------------------------- Received aggregated global model from the server -------------------------
2023-03-29 14:58:16,820 : [INFO]  Batch number 2 model fetched from the server
2023-03-29 14:58:16,821 : [INFO]  ################ Batch 2: final global model evalution after 3 rounds ################
2023-03-29 14:58:18,380 : [INFO]  Batch 2: Training set : loss - 0.4291, accuracy - 0.8043, recall - 0.8478, AUC - 0.9072, F1 - 0.8127, precision - 0.7804, training time - -19.0 seconds
2023-03-29 14:58:18,380 : [INFO]  Batch 2: Testing set : loss - 0.5573, accuracy - 0.8456, recall - 0.902, AUC - 0.8846, F1 - 0.854, precision - 0.8108
2023-03-29 14:58:18,384 : [INFO]  Batch 3 initialized 
2023-03-29 14:58:19,776 : [INFO]  ------------------------- Batch 3 training: round 1 -------------------------
2023-03-29 14:58:23,572 : [WARNING]  Early stopping conditioned on metric `val_acc` which is not available. Available metrics are: loss,binary_accuracy,recall_3,auc_3,precision_3,val_loss,val_binary_accuracy,val_recall_3,val_auc_3,val_precision_3
2023-03-29 14:58:24,170 : [WARNING]  Early stopping conditioned on metric `val_acc` which is not available. Available metrics are: loss,binary_accuracy,recall_3,auc_3,precision_3,val_loss,val_binary_accuracy,val_recall_3,val_auc_3,val_precision_3
2023-03-29 14:58:24,794 : [WARNING]  Early stopping conditioned on metric `val_acc` which is not available. Available metrics are: loss,binary_accuracy,recall_3,auc_3,precision_3,val_loss,val_binary_accuracy,val_recall_3,val_auc_3,val_precision_3
2023-03-29 14:58:30,603 : [WARNING]  Early stopping conditioned on metric `val_acc` which is not available. Available metrics are: loss,binary_accuracy,recall_3,auc_3,precision_3,val_loss,val_binary_accuracy,val_recall_3,val_auc_3,val_precision_3
2023-03-29 14:58:31,243 : [WARNING]  Early stopping conditioned on metric `val_acc` which is not available. Available metrics are: loss,binary_accuracy,recall_3,auc_3,precision_3,val_loss,val_binary_accuracy,val_recall_3,val_auc_3,val_precision_3
2023-03-29 14:58:32,002 : [WARNING]  Early stopping conditioned on metric `val_acc` which is not available. Available metrics are: loss,binary_accuracy,recall_3,auc_3,precision_3,val_loss,val_binary_accuracy,val_recall_3,val_auc_3,val_precision_3
2023-03-29 14:58:32,006 : [INFO]  ------------------------- Batch round 1, loss: 0.3627 -------------------------
2023-03-29 14:58:32,007 : [INFO]  ------------------------- Batch 3, round 1: Sent local model to the server -------------------------
2023-03-29 14:58:32,262 : [INFO]  ------------------------- Received aggregated global model from the server -------------------------
2023-03-29 14:58:32,266 : [INFO]  ------------------------- Batch 3 training: round 2 -------------------------
2023-03-29 14:58:33,107 : [WARNING]  Early stopping conditioned on metric `val_acc` which is not available. Available metrics are: loss,binary_accuracy,recall_3,auc_3,precision_3,val_loss,val_binary_accuracy,val_recall_3,val_auc_3,val_precision_3
2023-03-29 14:58:33,755 : [WARNING]  Early stopping conditioned on metric `val_acc` which is not available. Available metrics are: loss,binary_accuracy,recall_3,auc_3,precision_3,val_loss,val_binary_accuracy,val_recall_3,val_auc_3,val_precision_3
2023-03-29 14:58:34,452 : [WARNING]  Early stopping conditioned on metric `val_acc` which is not available. Available metrics are: loss,binary_accuracy,recall_3,auc_3,precision_3,val_loss,val_binary_accuracy,val_recall_3,val_auc_3,val_precision_3
2023-03-29 14:58:35,592 : [WARNING]  Early stopping conditioned on metric `val_acc` which is not available. Available metrics are: loss,binary_accuracy,recall_3,auc_3,precision_3,val_loss,val_binary_accuracy,val_recall_3,val_auc_3,val_precision_3
2023-03-29 14:58:36,461 : [WARNING]  Early stopping conditioned on metric `val_acc` which is not available. Available metrics are: loss,binary_accuracy,recall_3,auc_3,precision_3,val_loss,val_binary_accuracy,val_recall_3,val_auc_3,val_precision_3
2023-03-29 14:58:37,271 : [WARNING]  Early stopping conditioned on metric `val_acc` which is not available. Available metrics are: loss,binary_accuracy,recall_3,auc_3,precision_3,val_loss,val_binary_accuracy,val_recall_3,val_auc_3,val_precision_3
2023-03-29 14:58:37,274 : [INFO]  ------------------------- Batch round 2, loss: 0.4323 -------------------------
2023-03-29 14:58:37,275 : [INFO]  ------------------------- Batch 3, round 2: Sent local model to the server -------------------------
2023-03-29 14:58:37,281 : [INFO]  ------------------------- Received aggregated global model from the server -------------------------
2023-03-29 14:58:37,287 : [INFO]  ------------------------- Batch 3 training: round 3 -------------------------
2023-03-29 14:58:38,047 : [WARNING]  Early stopping conditioned on metric `val_acc` which is not available. Available metrics are: loss,binary_accuracy,recall_3,auc_3,precision_3,val_loss,val_binary_accuracy,val_recall_3,val_auc_3,val_precision_3
2023-03-29 14:58:38,582 : [WARNING]  Early stopping conditioned on metric `val_acc` which is not available. Available metrics are: loss,binary_accuracy,recall_3,auc_3,precision_3,val_loss,val_binary_accuracy,val_recall_3,val_auc_3,val_precision_3
2023-03-29 14:58:39,117 : [WARNING]  Early stopping conditioned on metric `val_acc` which is not available. Available metrics are: loss,binary_accuracy,recall_3,auc_3,precision_3,val_loss,val_binary_accuracy,val_recall_3,val_auc_3,val_precision_3
2023-03-29 14:58:39,945 : [WARNING]  Early stopping conditioned on metric `val_acc` which is not available. Available metrics are: loss,binary_accuracy,recall_3,auc_3,precision_3,val_loss,val_binary_accuracy,val_recall_3,val_auc_3,val_precision_3
2023-03-29 14:58:40,500 : [WARNING]  Early stopping conditioned on metric `val_acc` which is not available. Available metrics are: loss,binary_accuracy,recall_3,auc_3,precision_3,val_loss,val_binary_accuracy,val_recall_3,val_auc_3,val_precision_3
2023-03-29 14:58:41,078 : [WARNING]  Early stopping conditioned on metric `val_acc` which is not available. Available metrics are: loss,binary_accuracy,recall_3,auc_3,precision_3,val_loss,val_binary_accuracy,val_recall_3,val_auc_3,val_precision_3
2023-03-29 14:58:41,083 : [INFO]  ------------------------- Batch round 3, loss: 0.335 -------------------------
2023-03-29 14:58:41,084 : [INFO]  ------------------------- Batch 3, round 3: Sent local model to the server -------------------------
2023-03-29 14:58:41,090 : [INFO]  ------------------------- Received aggregated global model from the server -------------------------
2023-03-29 14:58:41,093 : [INFO]  Batch number 3 model fetched from the server
2023-03-29 14:58:41,094 : [INFO]  ################ Batch 3: final global model evalution after 3 rounds ################
2023-03-29 14:58:42,763 : [INFO]  Batch 3: Training set : loss - 0.5057, accuracy - 0.8071, recall - 0.8696, AUC - 0.8977, F1 - 0.8184, precision - 0.773, training time - -21.0 seconds
2023-03-29 14:58:42,763 : [INFO]  Batch 3: Testing set : loss - 0.583, accuracy - 0.8064, recall - 0.8824, AUC - 0.87, F1 - 0.8196, precision - 0.7652
2023-03-29 14:58:42,768 : [INFO]  Batch 4 initialized 
2023-03-29 14:58:44,175 : [INFO]  ------------------------- Batch 4 training: round 1 -------------------------
2023-03-29 14:58:48,379 : [WARNING]  Early stopping conditioned on metric `val_acc` which is not available. Available metrics are: loss,binary_accuracy,recall_4,auc_4,precision_4,val_loss,val_binary_accuracy,val_recall_4,val_auc_4,val_precision_4
2023-03-29 14:58:48,904 : [WARNING]  Early stopping conditioned on metric `val_acc` which is not available. Available metrics are: loss,binary_accuracy,recall_4,auc_4,precision_4,val_loss,val_binary_accuracy,val_recall_4,val_auc_4,val_precision_4
2023-03-29 14:58:49,437 : [WARNING]  Early stopping conditioned on metric `val_acc` which is not available. Available metrics are: loss,binary_accuracy,recall_4,auc_4,precision_4,val_loss,val_binary_accuracy,val_recall_4,val_auc_4,val_precision_4
2023-03-29 14:58:53,721 : [WARNING]  Early stopping conditioned on metric `val_acc` which is not available. Available metrics are: loss,binary_accuracy,recall_4,auc_4,precision_4,val_loss,val_binary_accuracy,val_recall_4,val_auc_4,val_precision_4
2023-03-29 14:58:54,306 : [WARNING]  Early stopping conditioned on metric `val_acc` which is not available. Available metrics are: loss,binary_accuracy,recall_4,auc_4,precision_4,val_loss,val_binary_accuracy,val_recall_4,val_auc_4,val_precision_4
2023-03-29 14:58:54,958 : [WARNING]  Early stopping conditioned on metric `val_acc` which is not available. Available metrics are: loss,binary_accuracy,recall_4,auc_4,precision_4,val_loss,val_binary_accuracy,val_recall_4,val_auc_4,val_precision_4
2023-03-29 14:58:54,962 : [INFO]  ------------------------- Batch round 1, loss: 0.2744 -------------------------
2023-03-29 14:58:54,962 : [INFO]  ------------------------- Batch 4, round 1: Sent local model to the server -------------------------
2023-03-29 14:58:54,991 : [INFO]  ------------------------- Received aggregated global model from the server -------------------------
2023-03-29 14:58:54,996 : [INFO]  ------------------------- Batch 4 training: round 2 -------------------------
2023-03-29 14:58:55,889 : [WARNING]  Early stopping conditioned on metric `val_acc` which is not available. Available metrics are: loss,binary_accuracy,recall_4,auc_4,precision_4,val_loss,val_binary_accuracy,val_recall_4,val_auc_4,val_precision_4
2023-03-29 14:58:56,589 : [WARNING]  Early stopping conditioned on metric `val_acc` which is not available. Available metrics are: loss,binary_accuracy,recall_4,auc_4,precision_4,val_loss,val_binary_accuracy,val_recall_4,val_auc_4,val_precision_4
2023-03-29 14:58:57,179 : [WARNING]  Early stopping conditioned on metric `val_acc` which is not available. Available metrics are: loss,binary_accuracy,recall_4,auc_4,precision_4,val_loss,val_binary_accuracy,val_recall_4,val_auc_4,val_precision_4
2023-03-29 14:58:58,184 : [WARNING]  Early stopping conditioned on metric `val_acc` which is not available. Available metrics are: loss,binary_accuracy,recall_4,auc_4,precision_4,val_loss,val_binary_accuracy,val_recall_4,val_auc_4,val_precision_4
2023-03-29 14:58:58,756 : [WARNING]  Early stopping conditioned on metric `val_acc` which is not available. Available metrics are: loss,binary_accuracy,recall_4,auc_4,precision_4,val_loss,val_binary_accuracy,val_recall_4,val_auc_4,val_precision_4
2023-03-29 14:58:59,338 : [WARNING]  Early stopping conditioned on metric `val_acc` which is not available. Available metrics are: loss,binary_accuracy,recall_4,auc_4,precision_4,val_loss,val_binary_accuracy,val_recall_4,val_auc_4,val_precision_4
2023-03-29 14:58:59,343 : [INFO]  ------------------------- Batch round 2, loss: 0.3831 -------------------------
2023-03-29 14:58:59,343 : [INFO]  ------------------------- Batch 4, round 2: Sent local model to the server -------------------------
2023-03-29 14:58:59,490 : [INFO]  ------------------------- Received aggregated global model from the server -------------------------
2023-03-29 14:58:59,495 : [INFO]  ------------------------- Batch 4 training: round 3 -------------------------
2023-03-29 14:59:00,535 : [WARNING]  Early stopping conditioned on metric `val_acc` which is not available. Available metrics are: loss,binary_accuracy,recall_4,auc_4,precision_4,val_loss,val_binary_accuracy,val_recall_4,val_auc_4,val_precision_4
2023-03-29 14:59:01,145 : [WARNING]  Early stopping conditioned on metric `val_acc` which is not available. Available metrics are: loss,binary_accuracy,recall_4,auc_4,precision_4,val_loss,val_binary_accuracy,val_recall_4,val_auc_4,val_precision_4
2023-03-29 14:59:01,862 : [WARNING]  Early stopping conditioned on metric `val_acc` which is not available. Available metrics are: loss,binary_accuracy,recall_4,auc_4,precision_4,val_loss,val_binary_accuracy,val_recall_4,val_auc_4,val_precision_4
2023-03-29 14:59:02,714 : [WARNING]  Early stopping conditioned on metric `val_acc` which is not available. Available metrics are: loss,binary_accuracy,recall_4,auc_4,precision_4,val_loss,val_binary_accuracy,val_recall_4,val_auc_4,val_precision_4
2023-03-29 14:59:03,296 : [WARNING]  Early stopping conditioned on metric `val_acc` which is not available. Available metrics are: loss,binary_accuracy,recall_4,auc_4,precision_4,val_loss,val_binary_accuracy,val_recall_4,val_auc_4,val_precision_4
2023-03-29 14:59:03,870 : [WARNING]  Early stopping conditioned on metric `val_acc` which is not available. Available metrics are: loss,binary_accuracy,recall_4,auc_4,precision_4,val_loss,val_binary_accuracy,val_recall_4,val_auc_4,val_precision_4
2023-03-29 14:59:03,874 : [INFO]  ------------------------- Batch round 3, loss: 0.4153 -------------------------
2023-03-29 14:59:03,874 : [INFO]  ------------------------- Batch 4, round 3: Sent local model to the server -------------------------
2023-03-29 14:59:03,913 : [INFO]  ------------------------- Received aggregated global model from the server -------------------------
2023-03-29 14:59:03,917 : [INFO]  Batch number 4 model fetched from the server
2023-03-29 14:59:03,917 : [INFO]  ################ Batch 4: final global model evalution after 3 rounds ################
2023-03-29 14:59:05,560 : [INFO]  Batch 4: Training set : loss - 0.2969, accuracy - 0.8967, recall - 0.9511, AUC - 0.9573, F1 - 0.9021, precision - 0.858, training time - -20.0 seconds
2023-03-29 14:59:05,560 : [INFO]  Batch 4: Testing set : loss - 0.6542, accuracy - 0.8358, recall - 0.8725, AUC - 0.906, F1 - 0.8416, precision - 0.8128
2023-03-29 14:59:05,565 : [INFO]  Batch 5 initialized 
2023-03-29 14:59:06,860 : [INFO]  ------------------------- Batch 5 training: round 1 -------------------------
2023-03-29 14:59:09,944 : [WARNING]  Early stopping conditioned on metric `val_acc` which is not available. Available metrics are: loss,binary_accuracy,recall_5,auc_5,precision_5,val_loss,val_binary_accuracy,val_recall_5,val_auc_5,val_precision_5
2023-03-29 14:59:10,518 : [WARNING]  Early stopping conditioned on metric `val_acc` which is not available. Available metrics are: loss,binary_accuracy,recall_5,auc_5,precision_5,val_loss,val_binary_accuracy,val_recall_5,val_auc_5,val_precision_5
2023-03-29 14:59:11,088 : [WARNING]  Early stopping conditioned on metric `val_acc` which is not available. Available metrics are: loss,binary_accuracy,recall_5,auc_5,precision_5,val_loss,val_binary_accuracy,val_recall_5,val_auc_5,val_precision_5
2023-03-29 14:59:14,465 : [WARNING]  Early stopping conditioned on metric `val_acc` which is not available. Available metrics are: loss,binary_accuracy,recall_5,auc_5,precision_5,val_loss,val_binary_accuracy,val_recall_5,val_auc_5,val_precision_5
2023-03-29 14:59:15,011 : [WARNING]  Early stopping conditioned on metric `val_acc` which is not available. Available metrics are: loss,binary_accuracy,recall_5,auc_5,precision_5,val_loss,val_binary_accuracy,val_recall_5,val_auc_5,val_precision_5
2023-03-29 14:59:15,678 : [WARNING]  Early stopping conditioned on metric `val_acc` which is not available. Available metrics are: loss,binary_accuracy,recall_5,auc_5,precision_5,val_loss,val_binary_accuracy,val_recall_5,val_auc_5,val_precision_5
2023-03-29 14:59:15,683 : [INFO]  ------------------------- Batch round 1, loss: 0.4496 -------------------------
2023-03-29 14:59:15,683 : [INFO]  ------------------------- Batch 5, round 1: Sent local model to the server -------------------------
2023-03-29 14:59:15,779 : [INFO]  ------------------------- Received aggregated global model from the server -------------------------
2023-03-29 14:59:15,783 : [INFO]  ------------------------- Batch 5 training: round 2 -------------------------
2023-03-29 14:59:16,628 : [WARNING]  Early stopping conditioned on metric `val_acc` which is not available. Available metrics are: loss,binary_accuracy,recall_5,auc_5,precision_5,val_loss,val_binary_accuracy,val_recall_5,val_auc_5,val_precision_5
2023-03-29 14:59:17,206 : [WARNING]  Early stopping conditioned on metric `val_acc` which is not available. Available metrics are: loss,binary_accuracy,recall_5,auc_5,precision_5,val_loss,val_binary_accuracy,val_recall_5,val_auc_5,val_precision_5
2023-03-29 14:59:17,745 : [WARNING]  Early stopping conditioned on metric `val_acc` which is not available. Available metrics are: loss,binary_accuracy,recall_5,auc_5,precision_5,val_loss,val_binary_accuracy,val_recall_5,val_auc_5,val_precision_5
2023-03-29 14:59:18,514 : [WARNING]  Early stopping conditioned on metric `val_acc` which is not available. Available metrics are: loss,binary_accuracy,recall_5,auc_5,precision_5,val_loss,val_binary_accuracy,val_recall_5,val_auc_5,val_precision_5
2023-03-29 14:59:19,071 : [WARNING]  Early stopping conditioned on metric `val_acc` which is not available. Available metrics are: loss,binary_accuracy,recall_5,auc_5,precision_5,val_loss,val_binary_accuracy,val_recall_5,val_auc_5,val_precision_5
2023-03-29 14:59:19,628 : [WARNING]  Early stopping conditioned on metric `val_acc` which is not available. Available metrics are: loss,binary_accuracy,recall_5,auc_5,precision_5,val_loss,val_binary_accuracy,val_recall_5,val_auc_5,val_precision_5
2023-03-29 14:59:19,633 : [INFO]  ------------------------- Batch round 2, loss: 0.3137 -------------------------
2023-03-29 14:59:19,633 : [INFO]  ------------------------- Batch 5, round 2: Sent local model to the server -------------------------
2023-03-29 14:59:19,705 : [INFO]  ------------------------- Received aggregated global model from the server -------------------------
2023-03-29 14:59:19,708 : [INFO]  ------------------------- Batch 5 training: round 3 -------------------------
2023-03-29 14:59:20,545 : [WARNING]  Early stopping conditioned on metric `val_acc` which is not available. Available metrics are: loss,binary_accuracy,recall_5,auc_5,precision_5,val_loss,val_binary_accuracy,val_recall_5,val_auc_5,val_precision_5
2023-03-29 14:59:21,076 : [WARNING]  Early stopping conditioned on metric `val_acc` which is not available. Available metrics are: loss,binary_accuracy,recall_5,auc_5,precision_5,val_loss,val_binary_accuracy,val_recall_5,val_auc_5,val_precision_5
2023-03-29 14:59:21,617 : [WARNING]  Early stopping conditioned on metric `val_acc` which is not available. Available metrics are: loss,binary_accuracy,recall_5,auc_5,precision_5,val_loss,val_binary_accuracy,val_recall_5,val_auc_5,val_precision_5
2023-03-29 14:59:22,461 : [WARNING]  Early stopping conditioned on metric `val_acc` which is not available. Available metrics are: loss,binary_accuracy,recall_5,auc_5,precision_5,val_loss,val_binary_accuracy,val_recall_5,val_auc_5,val_precision_5
2023-03-29 14:59:23,000 : [WARNING]  Early stopping conditioned on metric `val_acc` which is not available. Available metrics are: loss,binary_accuracy,recall_5,auc_5,precision_5,val_loss,val_binary_accuracy,val_recall_5,val_auc_5,val_precision_5
2023-03-29 14:59:23,540 : [WARNING]  Early stopping conditioned on metric `val_acc` which is not available. Available metrics are: loss,binary_accuracy,recall_5,auc_5,precision_5,val_loss,val_binary_accuracy,val_recall_5,val_auc_5,val_precision_5
2023-03-29 14:59:23,545 : [INFO]  ------------------------- Batch round 3, loss: 0.3731 -------------------------
2023-03-29 14:59:23,545 : [INFO]  ------------------------- Batch 5, round 3: Sent local model to the server -------------------------
2023-03-29 14:59:23,612 : [INFO]  ------------------------- Received aggregated global model from the server -------------------------
2023-03-29 14:59:23,615 : [INFO]  Batch number 5 model fetched from the server
2023-03-29 14:59:23,616 : [INFO]  ################ Batch 5: final global model evalution after 3 rounds ################
2023-03-29 14:59:25,189 : [INFO]  Batch 5: Training set : loss - 0.3788, accuracy - 0.8641, recall - 0.913, AUC - 0.9387, F1 - 0.8711, precision - 0.8329, training time - -17.0 seconds
2023-03-29 14:59:25,189 : [INFO]  Batch 5: Testing set : loss - 0.3789, accuracy - 0.8505, recall - 0.8971, AUC - 0.922, F1 - 0.8575, precision - 0.8213
2023-03-29 14:59:25,194 : [INFO]  Batch 6 initialized 
2023-03-29 14:59:26,591 : [INFO]  ------------------------- Batch 6 training: round 1 -------------------------
2023-03-29 14:59:29,915 : [WARNING]  Early stopping conditioned on metric `val_acc` which is not available. Available metrics are: loss,binary_accuracy,recall_6,auc_6,precision_6,val_loss,val_binary_accuracy,val_recall_6,val_auc_6,val_precision_6
2023-03-29 14:59:30,503 : [WARNING]  Early stopping conditioned on metric `val_acc` which is not available. Available metrics are: loss,binary_accuracy,recall_6,auc_6,precision_6,val_loss,val_binary_accuracy,val_recall_6,val_auc_6,val_precision_6
2023-03-29 14:59:31,143 : [WARNING]  Early stopping conditioned on metric `val_acc` which is not available. Available metrics are: loss,binary_accuracy,recall_6,auc_6,precision_6,val_loss,val_binary_accuracy,val_recall_6,val_auc_6,val_precision_6
2023-03-29 14:59:34,499 : [WARNING]  Early stopping conditioned on metric `val_acc` which is not available. Available metrics are: loss,binary_accuracy,recall_6,auc_6,precision_6,val_loss,val_binary_accuracy,val_recall_6,val_auc_6,val_precision_6
2023-03-29 14:59:35,047 : [WARNING]  Early stopping conditioned on metric `val_acc` which is not available. Available metrics are: loss,binary_accuracy,recall_6,auc_6,precision_6,val_loss,val_binary_accuracy,val_recall_6,val_auc_6,val_precision_6
2023-03-29 14:59:35,593 : [WARNING]  Early stopping conditioned on metric `val_acc` which is not available. Available metrics are: loss,binary_accuracy,recall_6,auc_6,precision_6,val_loss,val_binary_accuracy,val_recall_6,val_auc_6,val_precision_6
2023-03-29 14:59:35,598 : [INFO]  ------------------------- Batch round 1, loss: 0.3528 -------------------------
2023-03-29 14:59:35,598 : [INFO]  ------------------------- Batch 6, round 1: Sent local model to the server -------------------------
2023-03-29 14:59:35,604 : [INFO]  ------------------------- Received aggregated global model from the server -------------------------
2023-03-29 14:59:35,607 : [INFO]  ------------------------- Batch 6 training: round 2 -------------------------
2023-03-29 14:59:36,402 : [WARNING]  Early stopping conditioned on metric `val_acc` which is not available. Available metrics are: loss,binary_accuracy,recall_6,auc_6,precision_6,val_loss,val_binary_accuracy,val_recall_6,val_auc_6,val_precision_6
2023-03-29 14:59:36,990 : [WARNING]  Early stopping conditioned on metric `val_acc` which is not available. Available metrics are: loss,binary_accuracy,recall_6,auc_6,precision_6,val_loss,val_binary_accuracy,val_recall_6,val_auc_6,val_precision_6
2023-03-29 14:59:37,589 : [WARNING]  Early stopping conditioned on metric `val_acc` which is not available. Available metrics are: loss,binary_accuracy,recall_6,auc_6,precision_6,val_loss,val_binary_accuracy,val_recall_6,val_auc_6,val_precision_6
2023-03-29 14:59:38,351 : [WARNING]  Early stopping conditioned on metric `val_acc` which is not available. Available metrics are: loss,binary_accuracy,recall_6,auc_6,precision_6,val_loss,val_binary_accuracy,val_recall_6,val_auc_6,val_precision_6
2023-03-29 14:59:38,951 : [WARNING]  Early stopping conditioned on metric `val_acc` which is not available. Available metrics are: loss,binary_accuracy,recall_6,auc_6,precision_6,val_loss,val_binary_accuracy,val_recall_6,val_auc_6,val_precision_6
2023-03-29 14:59:39,730 : [WARNING]  Early stopping conditioned on metric `val_acc` which is not available. Available metrics are: loss,binary_accuracy,recall_6,auc_6,precision_6,val_loss,val_binary_accuracy,val_recall_6,val_auc_6,val_precision_6
2023-03-29 14:59:39,737 : [INFO]  ------------------------- Batch round 2, loss: 0.3644 -------------------------
2023-03-29 14:59:39,738 : [INFO]  ------------------------- Batch 6, round 2: Sent local model to the server -------------------------
2023-03-29 14:59:39,745 : [INFO]  ------------------------- Received aggregated global model from the server -------------------------
2023-03-29 14:59:39,756 : [INFO]  ------------------------- Batch 6 training: round 3 -------------------------
2023-03-29 14:59:40,681 : [WARNING]  Early stopping conditioned on metric `val_acc` which is not available. Available metrics are: loss,binary_accuracy,recall_6,auc_6,precision_6,val_loss,val_binary_accuracy,val_recall_6,val_auc_6,val_precision_6
2023-03-29 14:59:41,247 : [WARNING]  Early stopping conditioned on metric `val_acc` which is not available. Available metrics are: loss,binary_accuracy,recall_6,auc_6,precision_6,val_loss,val_binary_accuracy,val_recall_6,val_auc_6,val_precision_6
2023-03-29 14:59:41,829 : [WARNING]  Early stopping conditioned on metric `val_acc` which is not available. Available metrics are: loss,binary_accuracy,recall_6,auc_6,precision_6,val_loss,val_binary_accuracy,val_recall_6,val_auc_6,val_precision_6
2023-03-29 14:59:42,730 : [WARNING]  Early stopping conditioned on metric `val_acc` which is not available. Available metrics are: loss,binary_accuracy,recall_6,auc_6,precision_6,val_loss,val_binary_accuracy,val_recall_6,val_auc_6,val_precision_6
2023-03-29 14:59:43,286 : [WARNING]  Early stopping conditioned on metric `val_acc` which is not available. Available metrics are: loss,binary_accuracy,recall_6,auc_6,precision_6,val_loss,val_binary_accuracy,val_recall_6,val_auc_6,val_precision_6
2023-03-29 14:59:43,882 : [WARNING]  Early stopping conditioned on metric `val_acc` which is not available. Available metrics are: loss,binary_accuracy,recall_6,auc_6,precision_6,val_loss,val_binary_accuracy,val_recall_6,val_auc_6,val_precision_6
2023-03-29 14:59:43,886 : [INFO]  ------------------------- Batch round 3, loss: 0.5181 -------------------------
2023-03-29 14:59:43,886 : [INFO]  ------------------------- Batch 6, round 3: Sent local model to the server -------------------------
2023-03-29 14:59:43,892 : [INFO]  ------------------------- Received aggregated global model from the server -------------------------
2023-03-29 14:59:43,897 : [INFO]  Batch number 6 model fetched from the server
2023-03-29 14:59:43,897 : [INFO]  ################ Batch 6: final global model evalution after 3 rounds ################
2023-03-29 14:59:45,513 : [INFO]  Batch 6: Training set : loss - 0.5829, accuracy - 0.8451, recall - 0.913, AUC - 0.8967, F1 - 0.855, precision - 0.8039, training time - -17.0 seconds
2023-03-29 14:59:45,513 : [INFO]  Batch 6: Testing set : loss - 0.7615, accuracy - 0.8015, recall - 0.8971, AUC - 0.8537, F1 - 0.819, precision - 0.7534
2023-03-29 14:59:45,518 : [INFO]  Batch 7 initialized 
2023-03-29 14:59:47,049 : [INFO]  ------------------------- Batch 7 training: round 1 -------------------------
2023-03-29 14:59:51,285 : [WARNING]  Early stopping conditioned on metric `val_acc` which is not available. Available metrics are: loss,binary_accuracy,recall_7,auc_7,precision_7,val_loss,val_binary_accuracy,val_recall_7,val_auc_7,val_precision_7
2023-03-29 14:59:51,869 : [WARNING]  Early stopping conditioned on metric `val_acc` which is not available. Available metrics are: loss,binary_accuracy,recall_7,auc_7,precision_7,val_loss,val_binary_accuracy,val_recall_7,val_auc_7,val_precision_7
