2023-03-29 11:06:03,740 : [WARNING]  ####################################### New Training Session: Client 1 #######################################
2023-03-29 11:06:03,741 : [INFO]  Client started, graph name wikipedia, graph ID 1, partition ID 1, training epochs 3, epochs 3
2023-03-29 11:06:09,403 : [INFO]  Model initialized for training
2023-03-29 11:06:17,181 : [INFO]  Number of training examples - 1842, Number of testing examples - 2046
2023-03-29 11:06:17,182 : [INFO]  Connected to the server
2023-03-29 11:06:17,339 : [INFO]  Distributed training for streaming graphs started!
2023-03-29 11:06:17,340 : [INFO]  ------------------------- Received aggregated global model from the server -------------------------
2023-03-29 11:06:17,363 : [INFO]  ################################## Initial model training started ##################################
2023-03-29 11:06:17,364 : [INFO]  ------------------------- Initial model training: round 1 -------------------------
2023-03-29 11:06:35,152 : [WARNING]  Early stopping conditioned on metric `val_acc` which is not available. Available metrics are: loss,binary_accuracy,recall,auc,precision,val_loss,val_binary_accuracy,val_recall,val_auc,val_precision
2023-03-29 11:06:45,462 : [WARNING]  Early stopping conditioned on metric `val_acc` which is not available. Available metrics are: loss,binary_accuracy,recall,auc,precision,val_loss,val_binary_accuracy,val_recall,val_auc,val_precision
2023-03-29 11:06:55,779 : [WARNING]  Early stopping conditioned on metric `val_acc` which is not available. Available metrics are: loss,binary_accuracy,recall,auc,precision,val_loss,val_binary_accuracy,val_recall,val_auc,val_precision
2023-03-29 11:07:11,519 : [WARNING]  Early stopping conditioned on metric `val_acc` which is not available. Available metrics are: loss,binary_accuracy,recall,auc,precision,val_loss,val_binary_accuracy,val_recall,val_auc,val_precision
2023-03-29 11:07:21,161 : [WARNING]  Early stopping conditioned on metric `val_acc` which is not available. Available metrics are: loss,binary_accuracy,recall,auc,precision,val_loss,val_binary_accuracy,val_recall,val_auc,val_precision
2023-03-29 11:07:31,319 : [WARNING]  Early stopping conditioned on metric `val_acc` which is not available. Available metrics are: loss,binary_accuracy,recall,auc,precision,val_loss,val_binary_accuracy,val_recall,val_auc,val_precision
2023-03-29 11:07:52,814 : [WARNING]  Early stopping conditioned on metric `val_acc` which is not available. Available metrics are: loss,binary_accuracy,recall,auc,precision,val_loss,val_binary_accuracy,val_recall,val_auc,val_precision
2023-03-29 11:08:06,982 : [WARNING]  Early stopping conditioned on metric `val_acc` which is not available. Available metrics are: loss,binary_accuracy,recall,auc,precision,val_loss,val_binary_accuracy,val_recall,val_auc,val_precision
2023-03-29 11:08:16,707 : [WARNING]  Early stopping conditioned on metric `val_acc` which is not available. Available metrics are: loss,binary_accuracy,recall,auc,precision,val_loss,val_binary_accuracy,val_recall,val_auc,val_precision
2023-03-29 11:08:16,719 : [INFO]  ------------------------- Training round 1, loss: 0.6765 -------------------------
2023-03-29 11:08:16,719 : [INFO]  ------------------------- Training, round 1: Sent local model to the server -------------------------
2023-03-29 11:08:16,731 : [INFO]  ------------------------- Received aggregated global model from the server -------------------------
2023-03-29 11:08:16,742 : [INFO]  ------------------------- Initial model training: round 2 -------------------------
2023-03-29 11:08:29,347 : [WARNING]  Early stopping conditioned on metric `val_acc` which is not available. Available metrics are: loss,binary_accuracy,recall,auc,precision,val_loss,val_binary_accuracy,val_recall,val_auc,val_precision
2023-03-29 11:08:50,728 : [WARNING]  Early stopping conditioned on metric `val_acc` which is not available. Available metrics are: loss,binary_accuracy,recall,auc,precision,val_loss,val_binary_accuracy,val_recall,val_auc,val_precision
2023-03-29 11:09:03,052 : [WARNING]  Early stopping conditioned on metric `val_acc` which is not available. Available metrics are: loss,binary_accuracy,recall,auc,precision,val_loss,val_binary_accuracy,val_recall,val_auc,val_precision
2023-03-29 11:09:17,451 : [WARNING]  Early stopping conditioned on metric `val_acc` which is not available. Available metrics are: loss,binary_accuracy,recall,auc,precision,val_loss,val_binary_accuracy,val_recall,val_auc,val_precision
2023-03-29 11:09:37,822 : [WARNING]  Early stopping conditioned on metric `val_acc` which is not available. Available metrics are: loss,binary_accuracy,recall,auc,precision,val_loss,val_binary_accuracy,val_recall,val_auc,val_precision
2023-03-29 11:09:50,400 : [WARNING]  Early stopping conditioned on metric `val_acc` which is not available. Available metrics are: loss,binary_accuracy,recall,auc,precision,val_loss,val_binary_accuracy,val_recall,val_auc,val_precision
2023-03-29 11:10:12,038 : [WARNING]  Early stopping conditioned on metric `val_acc` which is not available. Available metrics are: loss,binary_accuracy,recall,auc,precision,val_loss,val_binary_accuracy,val_recall,val_auc,val_precision
2023-03-29 11:10:28,749 : [WARNING]  Early stopping conditioned on metric `val_acc` which is not available. Available metrics are: loss,binary_accuracy,recall,auc,precision,val_loss,val_binary_accuracy,val_recall,val_auc,val_precision
2023-03-29 11:10:40,673 : [WARNING]  Early stopping conditioned on metric `val_acc` which is not available. Available metrics are: loss,binary_accuracy,recall,auc,precision,val_loss,val_binary_accuracy,val_recall,val_auc,val_precision
2023-03-29 11:10:40,684 : [INFO]  ------------------------- Training round 2, loss: 0.5198 -------------------------
2023-03-29 11:10:40,685 : [INFO]  ------------------------- Training, round 2: Sent local model to the server -------------------------
2023-03-29 11:10:40,702 : [INFO]  ------------------------- Received aggregated global model from the server -------------------------
2023-03-29 11:10:40,715 : [INFO]  ------------------------- Initial model training: round 3 -------------------------
2023-03-29 11:10:55,327 : [WARNING]  Early stopping conditioned on metric `val_acc` which is not available. Available metrics are: loss,binary_accuracy,recall,auc,precision,val_loss,val_binary_accuracy,val_recall,val_auc,val_precision
2023-03-29 11:11:07,399 : [WARNING]  Early stopping conditioned on metric `val_acc` which is not available. Available metrics are: loss,binary_accuracy,recall,auc,precision,val_loss,val_binary_accuracy,val_recall,val_auc,val_precision
2023-03-29 11:11:23,981 : [WARNING]  Early stopping conditioned on metric `val_acc` which is not available. Available metrics are: loss,binary_accuracy,recall,auc,precision,val_loss,val_binary_accuracy,val_recall,val_auc,val_precision
2023-03-29 11:11:37,879 : [WARNING]  Early stopping conditioned on metric `val_acc` which is not available. Available metrics are: loss,binary_accuracy,recall,auc,precision,val_loss,val_binary_accuracy,val_recall,val_auc,val_precision
2023-03-29 11:11:50,487 : [WARNING]  Early stopping conditioned on metric `val_acc` which is not available. Available metrics are: loss,binary_accuracy,recall,auc,precision,val_loss,val_binary_accuracy,val_recall,val_auc,val_precision
2023-03-29 11:12:02,765 : [WARNING]  Early stopping conditioned on metric `val_acc` which is not available. Available metrics are: loss,binary_accuracy,recall,auc,precision,val_loss,val_binary_accuracy,val_recall,val_auc,val_precision
2023-03-29 11:12:17,535 : [WARNING]  Early stopping conditioned on metric `val_acc` which is not available. Available metrics are: loss,binary_accuracy,recall,auc,precision,val_loss,val_binary_accuracy,val_recall,val_auc,val_precision
2023-03-29 11:12:29,589 : [WARNING]  Early stopping conditioned on metric `val_acc` which is not available. Available metrics are: loss,binary_accuracy,recall,auc,precision,val_loss,val_binary_accuracy,val_recall,val_auc,val_precision
2023-03-29 11:12:42,097 : [WARNING]  Early stopping conditioned on metric `val_acc` which is not available. Available metrics are: loss,binary_accuracy,recall,auc,precision,val_loss,val_binary_accuracy,val_recall,val_auc,val_precision
2023-03-29 11:12:42,106 : [INFO]  ------------------------- Training round 3, loss: 0.5017 -------------------------
2023-03-29 11:12:42,107 : [INFO]  ------------------------- Training, round 3: Sent local model to the server -------------------------
2023-03-29 11:13:12,530 : [INFO]  ------------------------- Received aggregated global model from the server -------------------------
2023-03-29 11:13:12,541 : [INFO]  ------------------------- Initial model training: round 4 -------------------------
2023-03-29 11:13:30,989 : [WARNING]  Early stopping conditioned on metric `val_acc` which is not available. Available metrics are: loss,binary_accuracy,recall,auc,precision,val_loss,val_binary_accuracy,val_recall,val_auc,val_precision
2023-03-29 11:13:43,495 : [WARNING]  Early stopping conditioned on metric `val_acc` which is not available. Available metrics are: loss,binary_accuracy,recall,auc,precision,val_loss,val_binary_accuracy,val_recall,val_auc,val_precision
2023-03-29 11:13:55,985 : [WARNING]  Early stopping conditioned on metric `val_acc` which is not available. Available metrics are: loss,binary_accuracy,recall,auc,precision,val_loss,val_binary_accuracy,val_recall,val_auc,val_precision
2023-03-29 11:14:09,855 : [WARNING]  Early stopping conditioned on metric `val_acc` which is not available. Available metrics are: loss,binary_accuracy,recall,auc,precision,val_loss,val_binary_accuracy,val_recall,val_auc,val_precision
2023-03-29 11:14:22,447 : [WARNING]  Early stopping conditioned on metric `val_acc` which is not available. Available metrics are: loss,binary_accuracy,recall,auc,precision,val_loss,val_binary_accuracy,val_recall,val_auc,val_precision
2023-03-29 11:14:35,017 : [WARNING]  Early stopping conditioned on metric `val_acc` which is not available. Available metrics are: loss,binary_accuracy,recall,auc,precision,val_loss,val_binary_accuracy,val_recall,val_auc,val_precision
2023-03-29 11:14:48,823 : [WARNING]  Early stopping conditioned on metric `val_acc` which is not available. Available metrics are: loss,binary_accuracy,recall,auc,precision,val_loss,val_binary_accuracy,val_recall,val_auc,val_precision
2023-03-29 11:15:01,502 : [WARNING]  Early stopping conditioned on metric `val_acc` which is not available. Available metrics are: loss,binary_accuracy,recall,auc,precision,val_loss,val_binary_accuracy,val_recall,val_auc,val_precision
2023-03-29 11:15:22,013 : [WARNING]  Early stopping conditioned on metric `val_acc` which is not available. Available metrics are: loss,binary_accuracy,recall,auc,precision,val_loss,val_binary_accuracy,val_recall,val_auc,val_precision
2023-03-29 11:15:22,022 : [INFO]  ------------------------- Training round 4, loss: 0.4783 -------------------------
2023-03-29 11:15:22,022 : [INFO]  ------------------------- Training, round 4: Sent local model to the server -------------------------
2023-03-29 11:15:40,746 : [INFO]  ------------------------- Received aggregated global model from the server -------------------------
2023-03-29 11:15:40,758 : [INFO]  ------------------------- Initial model training: round 5 -------------------------
2023-03-29 11:15:55,273 : [WARNING]  Early stopping conditioned on metric `val_acc` which is not available. Available metrics are: loss,binary_accuracy,recall,auc,precision,val_loss,val_binary_accuracy,val_recall,val_auc,val_precision
2023-03-29 11:16:19,543 : [WARNING]  Early stopping conditioned on metric `val_acc` which is not available. Available metrics are: loss,binary_accuracy,recall,auc,precision,val_loss,val_binary_accuracy,val_recall,val_auc,val_precision
2023-03-29 11:16:31,990 : [WARNING]  Early stopping conditioned on metric `val_acc` which is not available. Available metrics are: loss,binary_accuracy,recall,auc,precision,val_loss,val_binary_accuracy,val_recall,val_auc,val_precision
2023-03-29 11:16:46,247 : [WARNING]  Early stopping conditioned on metric `val_acc` which is not available. Available metrics are: loss,binary_accuracy,recall,auc,precision,val_loss,val_binary_accuracy,val_recall,val_auc,val_precision
2023-03-29 11:16:58,877 : [WARNING]  Early stopping conditioned on metric `val_acc` which is not available. Available metrics are: loss,binary_accuracy,recall,auc,precision,val_loss,val_binary_accuracy,val_recall,val_auc,val_precision
2023-03-29 11:17:15,404 : [WARNING]  Early stopping conditioned on metric `val_acc` which is not available. Available metrics are: loss,binary_accuracy,recall,auc,precision,val_loss,val_binary_accuracy,val_recall,val_auc,val_precision
2023-03-29 11:17:29,792 : [WARNING]  Early stopping conditioned on metric `val_acc` which is not available. Available metrics are: loss,binary_accuracy,recall,auc,precision,val_loss,val_binary_accuracy,val_recall,val_auc,val_precision
2023-03-29 11:17:42,265 : [WARNING]  Early stopping conditioned on metric `val_acc` which is not available. Available metrics are: loss,binary_accuracy,recall,auc,precision,val_loss,val_binary_accuracy,val_recall,val_auc,val_precision
2023-03-29 11:17:53,993 : [WARNING]  Early stopping conditioned on metric `val_acc` which is not available. Available metrics are: loss,binary_accuracy,recall,auc,precision,val_loss,val_binary_accuracy,val_recall,val_auc,val_precision
2023-03-29 11:18:02,758 : [INFO]  ------------------------- Training round 5, loss: 0.4789 -------------------------
2023-03-29 11:18:02,759 : [INFO]  ------------------------- Training, round 5: Sent local model to the server -------------------------
2023-03-29 11:18:02,775 : [INFO]  ------------------------- Received aggregated global model from the server -------------------------
2023-03-29 11:18:02,787 : [INFO]  ------------------------- Initial model training: round 6 -------------------------
2023-03-29 11:18:21,233 : [WARNING]  Early stopping conditioned on metric `val_acc` which is not available. Available metrics are: loss,binary_accuracy,recall,auc,precision,val_loss,val_binary_accuracy,val_recall,val_auc,val_precision
2023-03-29 11:18:33,876 : [WARNING]  Early stopping conditioned on metric `val_acc` which is not available. Available metrics are: loss,binary_accuracy,recall,auc,precision,val_loss,val_binary_accuracy,val_recall,val_auc,val_precision
2023-03-29 11:18:50,303 : [WARNING]  Early stopping conditioned on metric `val_acc` which is not available. Available metrics are: loss,binary_accuracy,recall,auc,precision,val_loss,val_binary_accuracy,val_recall,val_auc,val_precision
2023-03-29 11:19:08,803 : [WARNING]  Early stopping conditioned on metric `val_acc` which is not available. Available metrics are: loss,binary_accuracy,recall,auc,precision,val_loss,val_binary_accuracy,val_recall,val_auc,val_precision
2023-03-29 11:19:25,500 : [WARNING]  Early stopping conditioned on metric `val_acc` which is not available. Available metrics are: loss,binary_accuracy,recall,auc,precision,val_loss,val_binary_accuracy,val_recall,val_auc,val_precision
2023-03-29 11:19:38,266 : [WARNING]  Early stopping conditioned on metric `val_acc` which is not available. Available metrics are: loss,binary_accuracy,recall,auc,precision,val_loss,val_binary_accuracy,val_recall,val_auc,val_precision
2023-03-29 11:19:56,393 : [WARNING]  Early stopping conditioned on metric `val_acc` which is not available. Available metrics are: loss,binary_accuracy,recall,auc,precision,val_loss,val_binary_accuracy,val_recall,val_auc,val_precision
2023-03-29 11:20:12,699 : [WARNING]  Early stopping conditioned on metric `val_acc` which is not available. Available metrics are: loss,binary_accuracy,recall,auc,precision,val_loss,val_binary_accuracy,val_recall,val_auc,val_precision
2023-03-29 11:20:24,613 : [WARNING]  Early stopping conditioned on metric `val_acc` which is not available. Available metrics are: loss,binary_accuracy,recall,auc,precision,val_loss,val_binary_accuracy,val_recall,val_auc,val_precision
2023-03-29 11:20:24,623 : [INFO]  ------------------------- Training round 6, loss: 0.4313 -------------------------
2023-03-29 11:20:24,623 : [INFO]  ------------------------- Training, round 6: Sent local model to the server -------------------------
2023-03-29 11:20:24,641 : [INFO]  ------------------------- Received aggregated global model from the server -------------------------
2023-03-29 11:20:24,655 : [INFO]  ################ Initial trained model: Final global model evalution after 6 rounds ################
2023-03-29 11:22:46,543 : [INFO]  Initially trained model: Training set : loss - 0.45, accuracy - 0.82, recall - 0.89, AUC - 0.91, F1 - 0.83, precision - 0.78, training time - -847.0 seconds
2023-03-29 11:22:46,543 : [INFO]  Initially trained model: Testing set : loss - 0.47, accuracy - 0.83, recall - 0.89, AUC - 0.91, F1 - 0.84, precision - 0.79
2023-03-29 11:22:46,553 : [INFO]  Batch 1 initialized 
2023-03-29 11:22:49,224 : [INFO]  ################################## Next batch processing started: transfer learning is ON ##################################
2023-03-29 11:22:49,224 : [INFO]  ------------------------- Batch 1 training: round 1 -------------------------
2023-03-29 11:22:57,640 : [WARNING]  Early stopping conditioned on metric `val_acc` which is not available. Available metrics are: loss,binary_accuracy,recall_1,auc_1,precision_1,val_loss,val_binary_accuracy,val_recall_1,val_auc_1,val_precision_1
2023-03-29 11:23:00,537 : [WARNING]  Early stopping conditioned on metric `val_acc` which is not available. Available metrics are: loss,binary_accuracy,recall_1,auc_1,precision_1,val_loss,val_binary_accuracy,val_recall_1,val_auc_1,val_precision_1
2023-03-29 11:23:01,880 : [WARNING]  Early stopping conditioned on metric `val_acc` which is not available. Available metrics are: loss,binary_accuracy,recall_1,auc_1,precision_1,val_loss,val_binary_accuracy,val_recall_1,val_auc_1,val_precision_1
2023-03-29 11:23:09,391 : [WARNING]  Early stopping conditioned on metric `val_acc` which is not available. Available metrics are: loss,binary_accuracy,recall_1,auc_1,precision_1,val_loss,val_binary_accuracy,val_recall_1,val_auc_1,val_precision_1
2023-03-29 11:23:10,672 : [WARNING]  Early stopping conditioned on metric `val_acc` which is not available. Available metrics are: loss,binary_accuracy,recall_1,auc_1,precision_1,val_loss,val_binary_accuracy,val_recall_1,val_auc_1,val_precision_1
2023-03-29 11:23:12,625 : [WARNING]  Early stopping conditioned on metric `val_acc` which is not available. Available metrics are: loss,binary_accuracy,recall_1,auc_1,precision_1,val_loss,val_binary_accuracy,val_recall_1,val_auc_1,val_precision_1
2023-03-29 11:23:20,326 : [WARNING]  Early stopping conditioned on metric `val_acc` which is not available. Available metrics are: loss,binary_accuracy,recall_1,auc_1,precision_1,val_loss,val_binary_accuracy,val_recall_1,val_auc_1,val_precision_1
2023-03-29 11:23:21,600 : [WARNING]  Early stopping conditioned on metric `val_acc` which is not available. Available metrics are: loss,binary_accuracy,recall_1,auc_1,precision_1,val_loss,val_binary_accuracy,val_recall_1,val_auc_1,val_precision_1
2023-03-29 11:23:22,938 : [WARNING]  Early stopping conditioned on metric `val_acc` which is not available. Available metrics are: loss,binary_accuracy,recall_1,auc_1,precision_1,val_loss,val_binary_accuracy,val_recall_1,val_auc_1,val_precision_1
2023-03-29 11:23:22,949 : [INFO]  ------------------------- Batch round 1, loss: 0.569 -------------------------
2023-03-29 11:23:22,950 : [INFO]  ------------------------- Batch 1, round 1: Sent local model to the server -------------------------
2023-03-29 11:23:30,177 : [INFO]  ------------------------- Received aggregated global model from the server -------------------------
2023-03-29 11:23:30,190 : [INFO]  ------------------------- Batch 1 training: round 2 -------------------------
2023-03-29 11:23:32,075 : [WARNING]  Early stopping conditioned on metric `val_acc` which is not available. Available metrics are: loss,binary_accuracy,recall_1,auc_1,precision_1,val_loss,val_binary_accuracy,val_recall_1,val_auc_1,val_precision_1
2023-03-29 11:23:33,411 : [WARNING]  Early stopping conditioned on metric `val_acc` which is not available. Available metrics are: loss,binary_accuracy,recall_1,auc_1,precision_1,val_loss,val_binary_accuracy,val_recall_1,val_auc_1,val_precision_1
2023-03-29 11:23:34,762 : [WARNING]  Early stopping conditioned on metric `val_acc` which is not available. Available metrics are: loss,binary_accuracy,recall_1,auc_1,precision_1,val_loss,val_binary_accuracy,val_recall_1,val_auc_1,val_precision_1
2023-03-29 11:23:36,680 : [WARNING]  Early stopping conditioned on metric `val_acc` which is not available. Available metrics are: loss,binary_accuracy,recall_1,auc_1,precision_1,val_loss,val_binary_accuracy,val_recall_1,val_auc_1,val_precision_1
2023-03-29 11:23:38,029 : [WARNING]  Early stopping conditioned on metric `val_acc` which is not available. Available metrics are: loss,binary_accuracy,recall_1,auc_1,precision_1,val_loss,val_binary_accuracy,val_recall_1,val_auc_1,val_precision_1
2023-03-29 11:23:39,433 : [WARNING]  Early stopping conditioned on metric `val_acc` which is not available. Available metrics are: loss,binary_accuracy,recall_1,auc_1,precision_1,val_loss,val_binary_accuracy,val_recall_1,val_auc_1,val_precision_1
2023-03-29 11:23:41,429 : [WARNING]  Early stopping conditioned on metric `val_acc` which is not available. Available metrics are: loss,binary_accuracy,recall_1,auc_1,precision_1,val_loss,val_binary_accuracy,val_recall_1,val_auc_1,val_precision_1
2023-03-29 11:23:42,829 : [WARNING]  Early stopping conditioned on metric `val_acc` which is not available. Available metrics are: loss,binary_accuracy,recall_1,auc_1,precision_1,val_loss,val_binary_accuracy,val_recall_1,val_auc_1,val_precision_1
2023-03-29 11:23:44,163 : [WARNING]  Early stopping conditioned on metric `val_acc` which is not available. Available metrics are: loss,binary_accuracy,recall_1,auc_1,precision_1,val_loss,val_binary_accuracy,val_recall_1,val_auc_1,val_precision_1
2023-03-29 11:23:44,174 : [INFO]  ------------------------- Batch round 2, loss: 0.4641 -------------------------
2023-03-29 11:23:44,175 : [INFO]  ------------------------- Batch 1, round 2: Sent local model to the server -------------------------
2023-03-29 11:23:45,214 : [INFO]  ------------------------- Received aggregated global model from the server -------------------------
2023-03-29 11:23:45,226 : [INFO]  ------------------------- Batch 1 training: round 3 -------------------------
2023-03-29 11:23:47,169 : [WARNING]  Early stopping conditioned on metric `val_acc` which is not available. Available metrics are: loss,binary_accuracy,recall_1,auc_1,precision_1,val_loss,val_binary_accuracy,val_recall_1,val_auc_1,val_precision_1
2023-03-29 11:23:48,471 : [WARNING]  Early stopping conditioned on metric `val_acc` which is not available. Available metrics are: loss,binary_accuracy,recall_1,auc_1,precision_1,val_loss,val_binary_accuracy,val_recall_1,val_auc_1,val_precision_1
2023-03-29 11:23:49,859 : [WARNING]  Early stopping conditioned on metric `val_acc` which is not available. Available metrics are: loss,binary_accuracy,recall_1,auc_1,precision_1,val_loss,val_binary_accuracy,val_recall_1,val_auc_1,val_precision_1
2023-03-29 11:23:51,748 : [WARNING]  Early stopping conditioned on metric `val_acc` which is not available. Available metrics are: loss,binary_accuracy,recall_1,auc_1,precision_1,val_loss,val_binary_accuracy,val_recall_1,val_auc_1,val_precision_1
2023-03-29 11:23:53,102 : [WARNING]  Early stopping conditioned on metric `val_acc` which is not available. Available metrics are: loss,binary_accuracy,recall_1,auc_1,precision_1,val_loss,val_binary_accuracy,val_recall_1,val_auc_1,val_precision_1
2023-03-29 11:23:54,414 : [WARNING]  Early stopping conditioned on metric `val_acc` which is not available. Available metrics are: loss,binary_accuracy,recall_1,auc_1,precision_1,val_loss,val_binary_accuracy,val_recall_1,val_auc_1,val_precision_1
2023-03-29 11:23:56,266 : [WARNING]  Early stopping conditioned on metric `val_acc` which is not available. Available metrics are: loss,binary_accuracy,recall_1,auc_1,precision_1,val_loss,val_binary_accuracy,val_recall_1,val_auc_1,val_precision_1
2023-03-29 11:23:57,590 : [WARNING]  Early stopping conditioned on metric `val_acc` which is not available. Available metrics are: loss,binary_accuracy,recall_1,auc_1,precision_1,val_loss,val_binary_accuracy,val_recall_1,val_auc_1,val_precision_1
2023-03-29 11:23:58,955 : [WARNING]  Early stopping conditioned on metric `val_acc` which is not available. Available metrics are: loss,binary_accuracy,recall_1,auc_1,precision_1,val_loss,val_binary_accuracy,val_recall_1,val_auc_1,val_precision_1
2023-03-29 11:23:58,967 : [INFO]  ------------------------- Batch round 3, loss: 0.2702 -------------------------
2023-03-29 11:23:58,968 : [INFO]  ------------------------- Batch 1, round 3: Sent local model to the server -------------------------
2023-03-29 11:24:02,457 : [INFO]  ------------------------- Received aggregated global model from the server -------------------------
2023-03-29 11:24:02,471 : [INFO]  Batch number 1 model fetched from the server
2023-03-29 11:24:02,471 : [INFO]  ################ Batch 1: final global model evalution after 3 rounds ################
2023-03-29 11:24:23,338 : [INFO]  Batch 1: Training set : loss - 0.3859, accuracy - 0.8804, recall - 0.93, AUC - 0.9298, F1 - 0.8861, precision - 0.8462, training time - -73.0 seconds
2023-03-29 11:24:23,339 : [INFO]  Batch 1: Testing set : loss - 0.4723, accuracy - 0.8388, recall - 0.9368, AUC - 0.9075, F1 - 0.8535, precision - 0.7837
2023-03-29 11:24:23,367 : [INFO]  Batch 2 initialized 
2023-03-29 11:24:26,515 : [INFO]  ------------------------- Batch 2 training: round 1 -------------------------
2023-03-29 11:24:34,087 : [WARNING]  Early stopping conditioned on metric `val_acc` which is not available. Available metrics are: loss,binary_accuracy,recall_2,auc_2,precision_2,val_loss,val_binary_accuracy,val_recall_2,val_auc_2,val_precision_2
2023-03-29 11:24:35,423 : [WARNING]  Early stopping conditioned on metric `val_acc` which is not available. Available metrics are: loss,binary_accuracy,recall_2,auc_2,precision_2,val_loss,val_binary_accuracy,val_recall_2,val_auc_2,val_precision_2
2023-03-29 11:24:37,993 : [WARNING]  Early stopping conditioned on metric `val_acc` which is not available. Available metrics are: loss,binary_accuracy,recall_2,auc_2,precision_2,val_loss,val_binary_accuracy,val_recall_2,val_auc_2,val_precision_2
2023-03-29 11:24:45,399 : [WARNING]  Early stopping conditioned on metric `val_acc` which is not available. Available metrics are: loss,binary_accuracy,recall_2,auc_2,precision_2,val_loss,val_binary_accuracy,val_recall_2,val_auc_2,val_precision_2
2023-03-29 11:24:46,702 : [WARNING]  Early stopping conditioned on metric `val_acc` which is not available. Available metrics are: loss,binary_accuracy,recall_2,auc_2,precision_2,val_loss,val_binary_accuracy,val_recall_2,val_auc_2,val_precision_2
2023-03-29 11:24:48,023 : [WARNING]  Early stopping conditioned on metric `val_acc` which is not available. Available metrics are: loss,binary_accuracy,recall_2,auc_2,precision_2,val_loss,val_binary_accuracy,val_recall_2,val_auc_2,val_precision_2
2023-03-29 11:24:55,570 : [WARNING]  Early stopping conditioned on metric `val_acc` which is not available. Available metrics are: loss,binary_accuracy,recall_2,auc_2,precision_2,val_loss,val_binary_accuracy,val_recall_2,val_auc_2,val_precision_2
2023-03-29 11:24:56,885 : [WARNING]  Early stopping conditioned on metric `val_acc` which is not available. Available metrics are: loss,binary_accuracy,recall_2,auc_2,precision_2,val_loss,val_binary_accuracy,val_recall_2,val_auc_2,val_precision_2
2023-03-29 11:24:59,334 : [WARNING]  Early stopping conditioned on metric `val_acc` which is not available. Available metrics are: loss,binary_accuracy,recall_2,auc_2,precision_2,val_loss,val_binary_accuracy,val_recall_2,val_auc_2,val_precision_2
2023-03-29 11:24:59,344 : [INFO]  ------------------------- Batch round 1, loss: 0.4196 -------------------------
2023-03-29 11:24:59,344 : [INFO]  ------------------------- Batch 2, round 1: Sent local model to the server -------------------------
2023-03-29 11:24:59,363 : [INFO]  ------------------------- Received aggregated global model from the server -------------------------
2023-03-29 11:24:59,376 : [INFO]  ------------------------- Batch 2 training: round 2 -------------------------
2023-03-29 11:25:01,298 : [WARNING]  Early stopping conditioned on metric `val_acc` which is not available. Available metrics are: loss,binary_accuracy,recall_2,auc_2,precision_2,val_loss,val_binary_accuracy,val_recall_2,val_auc_2,val_precision_2
2023-03-29 11:25:02,627 : [WARNING]  Early stopping conditioned on metric `val_acc` which is not available. Available metrics are: loss,binary_accuracy,recall_2,auc_2,precision_2,val_loss,val_binary_accuracy,val_recall_2,val_auc_2,val_precision_2
2023-03-29 11:25:03,962 : [WARNING]  Early stopping conditioned on metric `val_acc` which is not available. Available metrics are: loss,binary_accuracy,recall_2,auc_2,precision_2,val_loss,val_binary_accuracy,val_recall_2,val_auc_2,val_precision_2
2023-03-29 11:25:07,140 : [WARNING]  Early stopping conditioned on metric `val_acc` which is not available. Available metrics are: loss,binary_accuracy,recall_2,auc_2,precision_2,val_loss,val_binary_accuracy,val_recall_2,val_auc_2,val_precision_2
2023-03-29 11:25:08,470 : [WARNING]  Early stopping conditioned on metric `val_acc` which is not available. Available metrics are: loss,binary_accuracy,recall_2,auc_2,precision_2,val_loss,val_binary_accuracy,val_recall_2,val_auc_2,val_precision_2
2023-03-29 11:25:09,848 : [WARNING]  Early stopping conditioned on metric `val_acc` which is not available. Available metrics are: loss,binary_accuracy,recall_2,auc_2,precision_2,val_loss,val_binary_accuracy,val_recall_2,val_auc_2,val_precision_2
2023-03-29 11:25:11,784 : [WARNING]  Early stopping conditioned on metric `val_acc` which is not available. Available metrics are: loss,binary_accuracy,recall_2,auc_2,precision_2,val_loss,val_binary_accuracy,val_recall_2,val_auc_2,val_precision_2
2023-03-29 11:25:13,168 : [WARNING]  Early stopping conditioned on metric `val_acc` which is not available. Available metrics are: loss,binary_accuracy,recall_2,auc_2,precision_2,val_loss,val_binary_accuracy,val_recall_2,val_auc_2,val_precision_2
2023-03-29 11:25:15,614 : [WARNING]  Early stopping conditioned on metric `val_acc` which is not available. Available metrics are: loss,binary_accuracy,recall_2,auc_2,precision_2,val_loss,val_binary_accuracy,val_recall_2,val_auc_2,val_precision_2
2023-03-29 11:25:15,632 : [INFO]  ------------------------- Batch round 2, loss: 0.4371 -------------------------
2023-03-29 11:25:15,632 : [INFO]  ------------------------- Batch 2, round 2: Sent local model to the server -------------------------
2023-03-29 11:25:15,657 : [INFO]  ------------------------- Received aggregated global model from the server -------------------------
2023-03-29 11:25:15,671 : [INFO]  ------------------------- Batch 2 training: round 3 -------------------------
2023-03-29 11:25:17,646 : [WARNING]  Early stopping conditioned on metric `val_acc` which is not available. Available metrics are: loss,binary_accuracy,recall_2,auc_2,precision_2,val_loss,val_binary_accuracy,val_recall_2,val_auc_2,val_precision_2
2023-03-29 11:25:19,020 : [WARNING]  Early stopping conditioned on metric `val_acc` which is not available. Available metrics are: loss,binary_accuracy,recall_2,auc_2,precision_2,val_loss,val_binary_accuracy,val_recall_2,val_auc_2,val_precision_2
2023-03-29 11:25:20,377 : [WARNING]  Early stopping conditioned on metric `val_acc` which is not available. Available metrics are: loss,binary_accuracy,recall_2,auc_2,precision_2,val_loss,val_binary_accuracy,val_recall_2,val_auc_2,val_precision_2
2023-03-29 11:25:22,215 : [WARNING]  Early stopping conditioned on metric `val_acc` which is not available. Available metrics are: loss,binary_accuracy,recall_2,auc_2,precision_2,val_loss,val_binary_accuracy,val_recall_2,val_auc_2,val_precision_2
2023-03-29 11:25:23,510 : [WARNING]  Early stopping conditioned on metric `val_acc` which is not available. Available metrics are: loss,binary_accuracy,recall_2,auc_2,precision_2,val_loss,val_binary_accuracy,val_recall_2,val_auc_2,val_precision_2
2023-03-29 11:25:24,835 : [WARNING]  Early stopping conditioned on metric `val_acc` which is not available. Available metrics are: loss,binary_accuracy,recall_2,auc_2,precision_2,val_loss,val_binary_accuracy,val_recall_2,val_auc_2,val_precision_2
2023-03-29 11:25:26,740 : [WARNING]  Early stopping conditioned on metric `val_acc` which is not available. Available metrics are: loss,binary_accuracy,recall_2,auc_2,precision_2,val_loss,val_binary_accuracy,val_recall_2,val_auc_2,val_precision_2
2023-03-29 11:25:28,087 : [WARNING]  Early stopping conditioned on metric `val_acc` which is not available. Available metrics are: loss,binary_accuracy,recall_2,auc_2,precision_2,val_loss,val_binary_accuracy,val_recall_2,val_auc_2,val_precision_2
2023-03-29 11:25:29,329 : [WARNING]  Early stopping conditioned on metric `val_acc` which is not available. Available metrics are: loss,binary_accuracy,recall_2,auc_2,precision_2,val_loss,val_binary_accuracy,val_recall_2,val_auc_2,val_precision_2
2023-03-29 11:25:29,340 : [INFO]  ------------------------- Batch round 3, loss: 0.4763 -------------------------
2023-03-29 11:25:29,340 : [INFO]  ------------------------- Batch 2, round 3: Sent local model to the server -------------------------
2023-03-29 11:25:31,042 : [INFO]  ------------------------- Received aggregated global model from the server -------------------------
2023-03-29 11:25:31,055 : [INFO]  Batch number 2 model fetched from the server
2023-03-29 11:25:31,055 : [INFO]  ################ Batch 2: final global model evalution after 3 rounds ################
2023-03-29 11:25:51,044 : [INFO]  Batch 2: Training set : loss - 0.5095, accuracy - 0.7905, recall - 0.9348, AUC - 0.8724, F1 - 0.8171, precision - 0.7257, training time - -65.0 seconds
2023-03-29 11:25:51,044 : [INFO]  Batch 2: Testing set : loss - 0.5817, accuracy - 0.8028, recall - 0.8736, AUC - 0.8661, F1 - 0.816, precision - 0.7654
2023-03-29 11:25:51,063 : [INFO]  Batch 3 initialized 
2023-03-29 11:25:54,236 : [INFO]  ------------------------- Batch 3 training: round 1 -------------------------
2023-03-29 11:26:01,861 : [WARNING]  Early stopping conditioned on metric `val_acc` which is not available. Available metrics are: loss,binary_accuracy,recall_3,auc_3,precision_3,val_loss,val_binary_accuracy,val_recall_3,val_auc_3,val_precision_3
2023-03-29 11:26:03,190 : [WARNING]  Early stopping conditioned on metric `val_acc` which is not available. Available metrics are: loss,binary_accuracy,recall_3,auc_3,precision_3,val_loss,val_binary_accuracy,val_recall_3,val_auc_3,val_precision_3
2023-03-29 11:26:04,430 : [WARNING]  Early stopping conditioned on metric `val_acc` which is not available. Available metrics are: loss,binary_accuracy,recall_3,auc_3,precision_3,val_loss,val_binary_accuracy,val_recall_3,val_auc_3,val_precision_3
2023-03-29 11:26:11,962 : [WARNING]  Early stopping conditioned on metric `val_acc` which is not available. Available metrics are: loss,binary_accuracy,recall_3,auc_3,precision_3,val_loss,val_binary_accuracy,val_recall_3,val_auc_3,val_precision_3
2023-03-29 11:26:13,356 : [WARNING]  Early stopping conditioned on metric `val_acc` which is not available. Available metrics are: loss,binary_accuracy,recall_3,auc_3,precision_3,val_loss,val_binary_accuracy,val_recall_3,val_auc_3,val_precision_3
2023-03-29 11:26:15,793 : [WARNING]  Early stopping conditioned on metric `val_acc` which is not available. Available metrics are: loss,binary_accuracy,recall_3,auc_3,precision_3,val_loss,val_binary_accuracy,val_recall_3,val_auc_3,val_precision_3
2023-03-29 11:26:23,421 : [WARNING]  Early stopping conditioned on metric `val_acc` which is not available. Available metrics are: loss,binary_accuracy,recall_3,auc_3,precision_3,val_loss,val_binary_accuracy,val_recall_3,val_auc_3,val_precision_3
2023-03-29 11:26:24,769 : [WARNING]  Early stopping conditioned on metric `val_acc` which is not available. Available metrics are: loss,binary_accuracy,recall_3,auc_3,precision_3,val_loss,val_binary_accuracy,val_recall_3,val_auc_3,val_precision_3
2023-03-29 11:26:26,074 : [WARNING]  Early stopping conditioned on metric `val_acc` which is not available. Available metrics are: loss,binary_accuracy,recall_3,auc_3,precision_3,val_loss,val_binary_accuracy,val_recall_3,val_auc_3,val_precision_3
2023-03-29 11:26:26,084 : [INFO]  ------------------------- Batch round 1, loss: 0.4174 -------------------------
2023-03-29 11:26:26,084 : [INFO]  ------------------------- Batch 3, round 1: Sent local model to the server -------------------------
2023-03-29 11:26:26,722 : [INFO]  ------------------------- Received aggregated global model from the server -------------------------
2023-03-29 11:26:26,735 : [INFO]  ------------------------- Batch 3 training: round 2 -------------------------
2023-03-29 11:26:28,685 : [WARNING]  Early stopping conditioned on metric `val_acc` which is not available. Available metrics are: loss,binary_accuracy,recall_3,auc_3,precision_3,val_loss,val_binary_accuracy,val_recall_3,val_auc_3,val_precision_3
2023-03-29 11:26:30,033 : [WARNING]  Early stopping conditioned on metric `val_acc` which is not available. Available metrics are: loss,binary_accuracy,recall_3,auc_3,precision_3,val_loss,val_binary_accuracy,val_recall_3,val_auc_3,val_precision_3
2023-03-29 11:26:32,568 : [WARNING]  Early stopping conditioned on metric `val_acc` which is not available. Available metrics are: loss,binary_accuracy,recall_3,auc_3,precision_3,val_loss,val_binary_accuracy,val_recall_3,val_auc_3,val_precision_3
2023-03-29 11:26:34,469 : [WARNING]  Early stopping conditioned on metric `val_acc` which is not available. Available metrics are: loss,binary_accuracy,recall_3,auc_3,precision_3,val_loss,val_binary_accuracy,val_recall_3,val_auc_3,val_precision_3
2023-03-29 11:26:36,801 : [WARNING]  Early stopping conditioned on metric `val_acc` which is not available. Available metrics are: loss,binary_accuracy,recall_3,auc_3,precision_3,val_loss,val_binary_accuracy,val_recall_3,val_auc_3,val_precision_3
2023-03-29 11:26:38,152 : [WARNING]  Early stopping conditioned on metric `val_acc` which is not available. Available metrics are: loss,binary_accuracy,recall_3,auc_3,precision_3,val_loss,val_binary_accuracy,val_recall_3,val_auc_3,val_precision_3
2023-03-29 11:26:40,075 : [WARNING]  Early stopping conditioned on metric `val_acc` which is not available. Available metrics are: loss,binary_accuracy,recall_3,auc_3,precision_3,val_loss,val_binary_accuracy,val_recall_3,val_auc_3,val_precision_3
2023-03-29 11:26:42,372 : [WARNING]  Early stopping conditioned on metric `val_acc` which is not available. Available metrics are: loss,binary_accuracy,recall_3,auc_3,precision_3,val_loss,val_binary_accuracy,val_recall_3,val_auc_3,val_precision_3
2023-03-29 11:26:43,643 : [WARNING]  Early stopping conditioned on metric `val_acc` which is not available. Available metrics are: loss,binary_accuracy,recall_3,auc_3,precision_3,val_loss,val_binary_accuracy,val_recall_3,val_auc_3,val_precision_3
2023-03-29 11:26:43,653 : [INFO]  ------------------------- Batch round 2, loss: 0.4794 -------------------------
2023-03-29 11:26:43,653 : [INFO]  ------------------------- Batch 3, round 2: Sent local model to the server -------------------------
2023-03-29 11:26:43,670 : [INFO]  ------------------------- Received aggregated global model from the server -------------------------
2023-03-29 11:26:43,683 : [INFO]  ------------------------- Batch 3 training: round 3 -------------------------
2023-03-29 11:26:45,636 : [WARNING]  Early stopping conditioned on metric `val_acc` which is not available. Available metrics are: loss,binary_accuracy,recall_3,auc_3,precision_3,val_loss,val_binary_accuracy,val_recall_3,val_auc_3,val_precision_3
2023-03-29 11:26:46,878 : [WARNING]  Early stopping conditioned on metric `val_acc` which is not available. Available metrics are: loss,binary_accuracy,recall_3,auc_3,precision_3,val_loss,val_binary_accuracy,val_recall_3,val_auc_3,val_precision_3
2023-03-29 11:26:48,253 : [WARNING]  Early stopping conditioned on metric `val_acc` which is not available. Available metrics are: loss,binary_accuracy,recall_3,auc_3,precision_3,val_loss,val_binary_accuracy,val_recall_3,val_auc_3,val_precision_3
2023-03-29 11:26:50,210 : [WARNING]  Early stopping conditioned on metric `val_acc` which is not available. Available metrics are: loss,binary_accuracy,recall_3,auc_3,precision_3,val_loss,val_binary_accuracy,val_recall_3,val_auc_3,val_precision_3
2023-03-29 11:26:52,438 : [WARNING]  Early stopping conditioned on metric `val_acc` which is not available. Available metrics are: loss,binary_accuracy,recall_3,auc_3,precision_3,val_loss,val_binary_accuracy,val_recall_3,val_auc_3,val_precision_3
2023-03-29 11:26:53,789 : [WARNING]  Early stopping conditioned on metric `val_acc` which is not available. Available metrics are: loss,binary_accuracy,recall_3,auc_3,precision_3,val_loss,val_binary_accuracy,val_recall_3,val_auc_3,val_precision_3
2023-03-29 11:26:56,212 : [WARNING]  Early stopping conditioned on metric `val_acc` which is not available. Available metrics are: loss,binary_accuracy,recall_3,auc_3,precision_3,val_loss,val_binary_accuracy,val_recall_3,val_auc_3,val_precision_3
2023-03-29 11:26:58,172 : [WARNING]  Early stopping conditioned on metric `val_acc` which is not available. Available metrics are: loss,binary_accuracy,recall_3,auc_3,precision_3,val_loss,val_binary_accuracy,val_recall_3,val_auc_3,val_precision_3
2023-03-29 11:26:59,417 : [WARNING]  Early stopping conditioned on metric `val_acc` which is not available. Available metrics are: loss,binary_accuracy,recall_3,auc_3,precision_3,val_loss,val_binary_accuracy,val_recall_3,val_auc_3,val_precision_3
2023-03-29 11:26:59,427 : [INFO]  ------------------------- Batch round 3, loss: 0.337 -------------------------
2023-03-29 11:26:59,428 : [INFO]  ------------------------- Batch 3, round 3: Sent local model to the server -------------------------
2023-03-29 11:27:01,725 : [INFO]  ------------------------- Received aggregated global model from the server -------------------------
2023-03-29 11:27:01,737 : [INFO]  Batch number 3 model fetched from the server
2023-03-29 11:27:01,738 : [INFO]  ################ Batch 3: final global model evalution after 3 rounds ################
2023-03-29 11:27:22,144 : [INFO]  Batch 3: Training set : loss - 0.4583, accuracy - 0.8533, recall - 0.9239, AUC - 0.912, F1 - 0.8633, precision - 0.8101, training time - -68.0 seconds
2023-03-29 11:27:22,144 : [INFO]  Batch 3: Testing set : loss - 0.7389, accuracy - 0.7849, recall - 0.8333, AUC - 0.8659, F1 - 0.7951, precision - 0.7602
2023-03-29 11:27:22,157 : [INFO]  Batch 4 initialized 
2023-03-29 11:27:25,315 : [INFO]  ------------------------- Batch 4 training: round 1 -------------------------
2023-03-29 11:27:32,805 : [WARNING]  Early stopping conditioned on metric `val_acc` which is not available. Available metrics are: loss,binary_accuracy,recall_4,auc_4,precision_4,val_loss,val_binary_accuracy,val_recall_4,val_auc_4,val_precision_4
2023-03-29 11:27:34,127 : [WARNING]  Early stopping conditioned on metric `val_acc` which is not available. Available metrics are: loss,binary_accuracy,recall_4,auc_4,precision_4,val_loss,val_binary_accuracy,val_recall_4,val_auc_4,val_precision_4
2023-03-29 11:27:35,448 : [WARNING]  Early stopping conditioned on metric `val_acc` which is not available. Available metrics are: loss,binary_accuracy,recall_4,auc_4,precision_4,val_loss,val_binary_accuracy,val_recall_4,val_auc_4,val_precision_4
2023-03-29 11:27:42,959 : [WARNING]  Early stopping conditioned on metric `val_acc` which is not available. Available metrics are: loss,binary_accuracy,recall_4,auc_4,precision_4,val_loss,val_binary_accuracy,val_recall_4,val_auc_4,val_precision_4
2023-03-29 11:27:44,288 : [WARNING]  Early stopping conditioned on metric `val_acc` which is not available. Available metrics are: loss,binary_accuracy,recall_4,auc_4,precision_4,val_loss,val_binary_accuracy,val_recall_4,val_auc_4,val_precision_4
2023-03-29 11:27:45,619 : [WARNING]  Early stopping conditioned on metric `val_acc` which is not available. Available metrics are: loss,binary_accuracy,recall_4,auc_4,precision_4,val_loss,val_binary_accuracy,val_recall_4,val_auc_4,val_precision_4
2023-03-29 11:27:53,367 : [WARNING]  Early stopping conditioned on metric `val_acc` which is not available. Available metrics are: loss,binary_accuracy,recall_4,auc_4,precision_4,val_loss,val_binary_accuracy,val_recall_4,val_auc_4,val_precision_4
2023-03-29 11:27:56,913 : [WARNING]  Early stopping conditioned on metric `val_acc` which is not available. Available metrics are: loss,binary_accuracy,recall_4,auc_4,precision_4,val_loss,val_binary_accuracy,val_recall_4,val_auc_4,val_precision_4
2023-03-29 11:27:58,224 : [WARNING]  Early stopping conditioned on metric `val_acc` which is not available. Available metrics are: loss,binary_accuracy,recall_4,auc_4,precision_4,val_loss,val_binary_accuracy,val_recall_4,val_auc_4,val_precision_4
2023-03-29 11:27:58,233 : [INFO]  ------------------------- Batch round 1, loss: 0.3929 -------------------------
2023-03-29 11:27:58,234 : [INFO]  ------------------------- Batch 4, round 1: Sent local model to the server -------------------------
2023-03-29 11:27:58,254 : [INFO]  ------------------------- Received aggregated global model from the server -------------------------
2023-03-29 11:27:58,269 : [INFO]  ------------------------- Batch 4 training: round 2 -------------------------
2023-03-29 11:28:00,252 : [WARNING]  Early stopping conditioned on metric `val_acc` which is not available. Available metrics are: loss,binary_accuracy,recall_4,auc_4,precision_4,val_loss,val_binary_accuracy,val_recall_4,val_auc_4,val_precision_4
2023-03-29 11:28:02,448 : [WARNING]  Early stopping conditioned on metric `val_acc` which is not available. Available metrics are: loss,binary_accuracy,recall_4,auc_4,precision_4,val_loss,val_binary_accuracy,val_recall_4,val_auc_4,val_precision_4
2023-03-29 11:28:03,810 : [WARNING]  Early stopping conditioned on metric `val_acc` which is not available. Available metrics are: loss,binary_accuracy,recall_4,auc_4,precision_4,val_loss,val_binary_accuracy,val_recall_4,val_auc_4,val_precision_4
2023-03-29 11:28:05,737 : [WARNING]  Early stopping conditioned on metric `val_acc` which is not available. Available metrics are: loss,binary_accuracy,recall_4,auc_4,precision_4,val_loss,val_binary_accuracy,val_recall_4,val_auc_4,val_precision_4
2023-03-29 11:28:07,092 : [WARNING]  Early stopping conditioned on metric `val_acc` which is not available. Available metrics are: loss,binary_accuracy,recall_4,auc_4,precision_4,val_loss,val_binary_accuracy,val_recall_4,val_auc_4,val_precision_4
2023-03-29 11:28:09,635 : [WARNING]  Early stopping conditioned on metric `val_acc` which is not available. Available metrics are: loss,binary_accuracy,recall_4,auc_4,precision_4,val_loss,val_binary_accuracy,val_recall_4,val_auc_4,val_precision_4
2023-03-29 11:28:11,563 : [WARNING]  Early stopping conditioned on metric `val_acc` which is not available. Available metrics are: loss,binary_accuracy,recall_4,auc_4,precision_4,val_loss,val_binary_accuracy,val_recall_4,val_auc_4,val_precision_4
2023-03-29 11:28:13,813 : [WARNING]  Early stopping conditioned on metric `val_acc` which is not available. Available metrics are: loss,binary_accuracy,recall_4,auc_4,precision_4,val_loss,val_binary_accuracy,val_recall_4,val_auc_4,val_precision_4
2023-03-29 11:28:14,947 : [WARNING]  Early stopping conditioned on metric `val_acc` which is not available. Available metrics are: loss,binary_accuracy,recall_4,auc_4,precision_4,val_loss,val_binary_accuracy,val_recall_4,val_auc_4,val_precision_4
2023-03-29 11:28:14,958 : [INFO]  ------------------------- Batch round 2, loss: 0.3159 -------------------------
2023-03-29 11:28:14,959 : [INFO]  ------------------------- Batch 4, round 2: Sent local model to the server -------------------------
2023-03-29 11:28:14,976 : [INFO]  ------------------------- Received aggregated global model from the server -------------------------
2023-03-29 11:28:14,989 : [INFO]  ------------------------- Batch 4 training: round 3 -------------------------
2023-03-29 11:28:16,906 : [WARNING]  Early stopping conditioned on metric `val_acc` which is not available. Available metrics are: loss,binary_accuracy,recall_4,auc_4,precision_4,val_loss,val_binary_accuracy,val_recall_4,val_auc_4,val_precision_4
2023-03-29 11:28:18,308 : [WARNING]  Early stopping conditioned on metric `val_acc` which is not available. Available metrics are: loss,binary_accuracy,recall_4,auc_4,precision_4,val_loss,val_binary_accuracy,val_recall_4,val_auc_4,val_precision_4
2023-03-29 11:28:19,667 : [WARNING]  Early stopping conditioned on metric `val_acc` which is not available. Available metrics are: loss,binary_accuracy,recall_4,auc_4,precision_4,val_loss,val_binary_accuracy,val_recall_4,val_auc_4,val_precision_4
2023-03-29 11:28:23,380 : [WARNING]  Early stopping conditioned on metric `val_acc` which is not available. Available metrics are: loss,binary_accuracy,recall_4,auc_4,precision_4,val_loss,val_binary_accuracy,val_recall_4,val_auc_4,val_precision_4
2023-03-29 11:28:25,148 : [WARNING]  Early stopping conditioned on metric `val_acc` which is not available. Available metrics are: loss,binary_accuracy,recall_4,auc_4,precision_4,val_loss,val_binary_accuracy,val_recall_4,val_auc_4,val_precision_4
2023-03-29 11:28:28,301 : [WARNING]  Early stopping conditioned on metric `val_acc` which is not available. Available metrics are: loss,binary_accuracy,recall_4,auc_4,precision_4,val_loss,val_binary_accuracy,val_recall_4,val_auc_4,val_precision_4
2023-03-29 13:58:31,808 : [WARNING]  Early stopping conditioned on metric `val_acc` which is not available. Available metrics are: loss,binary_accuracy,recall_4,auc_4,precision_4,val_loss,val_binary_accuracy,val_recall_4,val_auc_4,val_precision_4
2023-03-29 13:58:32,429 : [WARNING]  Early stopping conditioned on metric `val_acc` which is not available. Available metrics are: loss,binary_accuracy,recall_4,auc_4,precision_4,val_loss,val_binary_accuracy,val_recall_4,val_auc_4,val_precision_4
2023-03-29 13:58:33,263 : [WARNING]  Early stopping conditioned on metric `val_acc` which is not available. Available metrics are: loss,binary_accuracy,recall_4,auc_4,precision_4,val_loss,val_binary_accuracy,val_recall_4,val_auc_4,val_precision_4
2023-03-29 13:58:33,711 : [INFO]  ------------------------- Batch round 3, loss: 0.4095 -------------------------
2023-03-29 13:58:33,711 : [INFO]  ------------------------- Batch 4, round 3: Sent local model to the server -------------------------
2023-03-29 13:58:33,724 : [INFO]  ------------------------- Received aggregated global model from the server -------------------------
2023-03-29 13:58:33,733 : [INFO]  Batch number 4 model fetched from the server
2023-03-29 13:58:33,733 : [INFO]  ################ Batch 4: final global model evalution after 3 rounds ################
2023-03-29 13:58:50,607 : [INFO]  Batch 4: Training set : loss - 0.4782, accuracy - 0.8865, recall - 0.9348, AUC - 0.9354, F1 - 0.8925, precision - 0.8538, training time - -69.0 seconds
2023-03-29 13:58:50,608 : [INFO]  Batch 4: Testing set : loss - 0.4489, accuracy - 0.8431, recall - 0.9183, AUC - 0.921, F1 - 0.8544, precision - 0.7988
2023-03-29 13:58:50,617 : [INFO]  Batch 5 initialized 
2023-03-29 13:58:54,736 : [INFO]  ------------------------- Batch 5 training: round 1 -------------------------
2023-03-29 13:59:01,225 : [WARNING]  Early stopping conditioned on metric `val_acc` which is not available. Available metrics are: loss,binary_accuracy,recall_5,auc_5,precision_5,val_loss,val_binary_accuracy,val_recall_5,val_auc_5,val_precision_5
2023-03-29 13:59:02,286 : [WARNING]  Early stopping conditioned on metric `val_acc` which is not available. Available metrics are: loss,binary_accuracy,recall_5,auc_5,precision_5,val_loss,val_binary_accuracy,val_recall_5,val_auc_5,val_precision_5
2023-03-29 13:59:03,335 : [WARNING]  Early stopping conditioned on metric `val_acc` which is not available. Available metrics are: loss,binary_accuracy,recall_5,auc_5,precision_5,val_loss,val_binary_accuracy,val_recall_5,val_auc_5,val_precision_5
2023-03-29 13:59:09,585 : [WARNING]  Early stopping conditioned on metric `val_acc` which is not available. Available metrics are: loss,binary_accuracy,recall_5,auc_5,precision_5,val_loss,val_binary_accuracy,val_recall_5,val_auc_5,val_precision_5
2023-03-29 13:59:10,409 : [WARNING]  Early stopping conditioned on metric `val_acc` which is not available. Available metrics are: loss,binary_accuracy,recall_5,auc_5,precision_5,val_loss,val_binary_accuracy,val_recall_5,val_auc_5,val_precision_5
2023-03-29 13:59:11,593 : [WARNING]  Early stopping conditioned on metric `val_acc` which is not available. Available metrics are: loss,binary_accuracy,recall_5,auc_5,precision_5,val_loss,val_binary_accuracy,val_recall_5,val_auc_5,val_precision_5
2023-03-29 13:59:19,330 : [WARNING]  Early stopping conditioned on metric `val_acc` which is not available. Available metrics are: loss,binary_accuracy,recall_5,auc_5,precision_5,val_loss,val_binary_accuracy,val_recall_5,val_auc_5,val_precision_5
2023-03-29 13:59:22,499 : [WARNING]  Early stopping conditioned on metric `val_acc` which is not available. Available metrics are: loss,binary_accuracy,recall_5,auc_5,precision_5,val_loss,val_binary_accuracy,val_recall_5,val_auc_5,val_precision_5
2023-03-29 13:59:23,315 : [WARNING]  Early stopping conditioned on metric `val_acc` which is not available. Available metrics are: loss,binary_accuracy,recall_5,auc_5,precision_5,val_loss,val_binary_accuracy,val_recall_5,val_auc_5,val_precision_5
2023-03-29 13:59:23,321 : [INFO]  ------------------------- Batch round 1, loss: 0.4018 -------------------------
2023-03-29 13:59:23,322 : [INFO]  ------------------------- Batch 5, round 1: Sent local model to the server -------------------------
2023-03-29 13:59:23,333 : [INFO]  ------------------------- Received aggregated global model from the server -------------------------
2023-03-29 13:59:23,343 : [INFO]  ------------------------- Batch 5 training: round 2 -------------------------
2023-03-29 13:59:24,886 : [WARNING]  Early stopping conditioned on metric `val_acc` which is not available. Available metrics are: loss,binary_accuracy,recall_5,auc_5,precision_5,val_loss,val_binary_accuracy,val_recall_5,val_auc_5,val_precision_5
2023-03-29 13:59:25,868 : [WARNING]  Early stopping conditioned on metric `val_acc` which is not available. Available metrics are: loss,binary_accuracy,recall_5,auc_5,precision_5,val_loss,val_binary_accuracy,val_recall_5,val_auc_5,val_precision_5
2023-03-29 13:59:26,850 : [WARNING]  Early stopping conditioned on metric `val_acc` which is not available. Available metrics are: loss,binary_accuracy,recall_5,auc_5,precision_5,val_loss,val_binary_accuracy,val_recall_5,val_auc_5,val_precision_5
2023-03-29 13:59:28,274 : [WARNING]  Early stopping conditioned on metric `val_acc` which is not available. Available metrics are: loss,binary_accuracy,recall_5,auc_5,precision_5,val_loss,val_binary_accuracy,val_recall_5,val_auc_5,val_precision_5
2023-03-29 13:59:29,481 : [WARNING]  Early stopping conditioned on metric `val_acc` which is not available. Available metrics are: loss,binary_accuracy,recall_5,auc_5,precision_5,val_loss,val_binary_accuracy,val_recall_5,val_auc_5,val_precision_5
2023-03-29 13:59:30,550 : [WARNING]  Early stopping conditioned on metric `val_acc` which is not available. Available metrics are: loss,binary_accuracy,recall_5,auc_5,precision_5,val_loss,val_binary_accuracy,val_recall_5,val_auc_5,val_precision_5
2023-03-29 13:59:32,387 : [WARNING]  Early stopping conditioned on metric `val_acc` which is not available. Available metrics are: loss,binary_accuracy,recall_5,auc_5,precision_5,val_loss,val_binary_accuracy,val_recall_5,val_auc_5,val_precision_5
2023-03-29 13:59:33,431 : [WARNING]  Early stopping conditioned on metric `val_acc` which is not available. Available metrics are: loss,binary_accuracy,recall_5,auc_5,precision_5,val_loss,val_binary_accuracy,val_recall_5,val_auc_5,val_precision_5
2023-03-29 13:59:34,606 : [WARNING]  Early stopping conditioned on metric `val_acc` which is not available. Available metrics are: loss,binary_accuracy,recall_5,auc_5,precision_5,val_loss,val_binary_accuracy,val_recall_5,val_auc_5,val_precision_5
2023-03-29 13:59:34,628 : [INFO]  ------------------------- Batch round 2, loss: 0.5818 -------------------------
2023-03-29 13:59:34,629 : [INFO]  ------------------------- Batch 5, round 2: Sent local model to the server -------------------------
2023-03-29 13:59:34,995 : [INFO]  ------------------------- Received aggregated global model from the server -------------------------
2023-03-29 13:59:35,006 : [INFO]  ------------------------- Batch 5 training: round 3 -------------------------
2023-03-29 13:59:36,762 : [WARNING]  Early stopping conditioned on metric `val_acc` which is not available. Available metrics are: loss,binary_accuracy,recall_5,auc_5,precision_5,val_loss,val_binary_accuracy,val_recall_5,val_auc_5,val_precision_5
2023-03-29 13:59:38,737 : [WARNING]  Early stopping conditioned on metric `val_acc` which is not available. Available metrics are: loss,binary_accuracy,recall_5,auc_5,precision_5,val_loss,val_binary_accuracy,val_recall_5,val_auc_5,val_precision_5
2023-03-29 13:59:40,301 : [WARNING]  Early stopping conditioned on metric `val_acc` which is not available. Available metrics are: loss,binary_accuracy,recall_5,auc_5,precision_5,val_loss,val_binary_accuracy,val_recall_5,val_auc_5,val_precision_5
2023-03-29 13:59:41,820 : [WARNING]  Early stopping conditioned on metric `val_acc` which is not available. Available metrics are: loss,binary_accuracy,recall_5,auc_5,precision_5,val_loss,val_binary_accuracy,val_recall_5,val_auc_5,val_precision_5
2023-03-29 13:59:42,817 : [WARNING]  Early stopping conditioned on metric `val_acc` which is not available. Available metrics are: loss,binary_accuracy,recall_5,auc_5,precision_5,val_loss,val_binary_accuracy,val_recall_5,val_auc_5,val_precision_5
2023-03-29 13:59:43,892 : [WARNING]  Early stopping conditioned on metric `val_acc` which is not available. Available metrics are: loss,binary_accuracy,recall_5,auc_5,precision_5,val_loss,val_binary_accuracy,val_recall_5,val_auc_5,val_precision_5
2023-03-29 13:59:45,534 : [WARNING]  Early stopping conditioned on metric `val_acc` which is not available. Available metrics are: loss,binary_accuracy,recall_5,auc_5,precision_5,val_loss,val_binary_accuracy,val_recall_5,val_auc_5,val_precision_5
2023-03-29 13:59:47,006 : [WARNING]  Early stopping conditioned on metric `val_acc` which is not available. Available metrics are: loss,binary_accuracy,recall_5,auc_5,precision_5,val_loss,val_binary_accuracy,val_recall_5,val_auc_5,val_precision_5
2023-03-29 13:59:49,017 : [WARNING]  Early stopping conditioned on metric `val_acc` which is not available. Available metrics are: loss,binary_accuracy,recall_5,auc_5,precision_5,val_loss,val_binary_accuracy,val_recall_5,val_auc_5,val_precision_5
2023-03-29 13:59:49,027 : [INFO]  ------------------------- Batch round 3, loss: 0.6129 -------------------------
2023-03-29 13:59:49,027 : [INFO]  ------------------------- Batch 5, round 3: Sent local model to the server -------------------------
2023-03-29 13:59:50,485 : [INFO]  ------------------------- Received aggregated global model from the server -------------------------
2023-03-29 13:59:50,501 : [INFO]  Batch number 5 model fetched from the server
2023-03-29 13:59:50,501 : [INFO]  ################ Batch 5: final global model evalution after 3 rounds ################
2023-03-29 14:00:05,858 : [INFO]  Batch 5: Training set : loss - 0.4609, accuracy - 0.8708, recall - 0.942, AUC - 0.9291, F1 - 0.88, precision - 0.8257, training time - -56.0 seconds
2023-03-29 14:00:05,858 : [INFO]  Batch 5: Testing set : loss - 0.6597, accuracy - 0.8039, recall - 0.8595, AUC - 0.892, F1 - 0.8144, precision - 0.7738
2023-03-29 14:00:05,865 : [INFO]  Batch 6 initialized 
2023-03-29 14:00:08,589 : [INFO]  ------------------------- Batch 6 training: round 1 -------------------------
2023-03-29 14:00:14,061 : [WARNING]  Early stopping conditioned on metric `val_acc` which is not available. Available metrics are: loss,binary_accuracy,recall_6,auc_6,precision_6,val_loss,val_binary_accuracy,val_recall_6,val_auc_6,val_precision_6
2023-03-29 14:00:15,487 : [WARNING]  Early stopping conditioned on metric `val_acc` which is not available. Available metrics are: loss,binary_accuracy,recall_6,auc_6,precision_6,val_loss,val_binary_accuracy,val_recall_6,val_auc_6,val_precision_6
2023-03-29 14:00:16,598 : [WARNING]  Early stopping conditioned on metric `val_acc` which is not available. Available metrics are: loss,binary_accuracy,recall_6,auc_6,precision_6,val_loss,val_binary_accuracy,val_recall_6,val_auc_6,val_precision_6
