2023-03-29 14:27:07,884 : [WARNING]  ####################################### New Training Session: Client 1 #######################################
2023-03-29 14:27:07,884 : [INFO]  Client started, graph name wikipedia, graph ID 1, partition ID 1, training epochs 3, epochs 3
2023-03-29 14:27:10,865 : [INFO]  Model initialized for training
2023-03-29 14:27:13,716 : [INFO]  Number of training examples - 1842, Number of testing examples - 2046
2023-03-29 14:27:13,716 : [INFO]  Connected to the server
2023-03-29 14:27:13,813 : [INFO]  Distributed training for streaming graphs started!
2023-03-29 14:27:13,813 : [INFO]  ------------------------- Received aggregated global model from the server -------------------------
2023-03-29 14:27:13,825 : [INFO]  ################################## Initial model training started ##################################
2023-03-29 14:27:13,825 : [INFO]  ------------------------- Initial model training: round 1 -------------------------
2023-03-29 14:27:31,771 : [INFO]  ------------------------- Training round 1, loss: 0.6252 -------------------------
2023-03-29 14:27:31,771 : [INFO]  ------------------------- Training, round 1: Sent local model to the server -------------------------
2023-03-29 14:27:31,776 : [INFO]  ------------------------- Received aggregated global model from the server -------------------------
2023-03-29 14:27:31,779 : [INFO]  ------------------------- Initial model training: round 2 -------------------------
2023-03-29 14:27:49,123 : [INFO]  ------------------------- Training round 2, loss: 0.5516 -------------------------
2023-03-29 14:27:49,123 : [INFO]  ------------------------- Training, round 2: Sent local model to the server -------------------------
2023-03-29 14:27:49,129 : [INFO]  ------------------------- Received aggregated global model from the server -------------------------
2023-03-29 14:27:49,132 : [INFO]  ------------------------- Initial model training: round 3 -------------------------
2023-03-29 14:28:06,004 : [INFO]  ------------------------- Training round 3, loss: 0.4741 -------------------------
2023-03-29 14:28:06,004 : [INFO]  ------------------------- Training, round 3: Sent local model to the server -------------------------
2023-03-29 14:28:06,009 : [INFO]  ------------------------- Received aggregated global model from the server -------------------------
2023-03-29 14:28:06,012 : [INFO]  ------------------------- Initial model training: round 4 -------------------------
2023-03-29 14:28:22,802 : [INFO]  ------------------------- Training round 4, loss: 0.4989 -------------------------
2023-03-29 14:28:22,802 : [INFO]  ------------------------- Training, round 4: Sent local model to the server -------------------------
2023-03-29 14:28:22,807 : [INFO]  ------------------------- Received aggregated global model from the server -------------------------
2023-03-29 14:28:22,812 : [INFO]  ------------------------- Initial model training: round 5 -------------------------
2023-03-29 14:28:39,652 : [INFO]  ------------------------- Training round 5, loss: 0.5363 -------------------------
2023-03-29 14:28:39,652 : [INFO]  ------------------------- Training, round 5: Sent local model to the server -------------------------
2023-03-29 14:28:39,658 : [INFO]  ------------------------- Received aggregated global model from the server -------------------------
2023-03-29 14:28:39,661 : [INFO]  ------------------------- Initial model training: round 6 -------------------------
2023-03-29 14:28:56,281 : [INFO]  ------------------------- Training round 6, loss: 0.6132 -------------------------
2023-03-29 14:28:56,282 : [INFO]  ------------------------- Training, round 6: Sent local model to the server -------------------------
2023-03-29 14:28:56,288 : [INFO]  ------------------------- Received aggregated global model from the server -------------------------
2023-03-29 14:28:56,292 : [INFO]  ################ Initial trained model: Final global model evalution after 6 rounds ################
2023-03-29 14:31:23,285 : [INFO]  Initially trained model: Training set : loss - 0.58, accuracy - 0.73, recall - 0.93, AUC - 0.85, F1 - 0.78, precision - 0.67, training time - -102.0 seconds
2023-03-29 14:31:23,286 : [INFO]  Initially trained model: Testing set : loss - 0.56, accuracy - 0.74, recall - 0.93, AUC - 0.85, F1 - 0.79, precision - 0.68
2023-03-29 14:31:23,338 : [INFO]  Batch 1 initialized 
2023-03-29 14:31:24,605 : [INFO]  ################################## Next batch processing started: transfer learning is ON ##################################
2023-03-29 14:31:24,605 : [INFO]  ------------------------- Batch 1 training: round 1 -------------------------
2023-03-29 14:31:31,484 : [INFO]  ------------------------- Batch round 1, loss: 0.3629 -------------------------
2023-03-29 14:31:31,484 : [INFO]  ------------------------- Batch 1, round 1: Sent local model to the server -------------------------
2023-03-29 14:31:33,001 : [INFO]  ------------------------- Received aggregated global model from the server -------------------------
2023-03-29 14:31:33,005 : [INFO]  ------------------------- Batch 1 training: round 2 -------------------------
2023-03-29 14:31:35,552 : [INFO]  ------------------------- Batch round 2, loss: 0.367 -------------------------
2023-03-29 14:31:35,552 : [INFO]  ------------------------- Batch 1, round 2: Sent local model to the server -------------------------
2023-03-29 14:31:35,660 : [INFO]  ------------------------- Received aggregated global model from the server -------------------------
2023-03-29 14:31:35,668 : [INFO]  ------------------------- Batch 1 training: round 3 -------------------------
2023-03-29 14:31:38,144 : [INFO]  ------------------------- Batch round 3, loss: 0.4217 -------------------------
2023-03-29 14:31:38,144 : [INFO]  ------------------------- Batch 1, round 3: Sent local model to the server -------------------------
2023-03-29 14:31:38,222 : [INFO]  ------------------------- Received aggregated global model from the server -------------------------
2023-03-29 14:31:38,226 : [INFO]  Batch number 1 model fetched from the server
2023-03-29 14:31:38,226 : [INFO]  ################ Batch 1: final global model evalution after 3 rounds ################
2023-03-29 14:32:00,116 : [INFO]  Batch 1: Training set : loss - 0.4612, accuracy - 0.8662, recall - 0.9307, AUC - 0.9115, F1 - 0.8747, precision - 0.825, training time - -14.0 seconds
2023-03-29 14:32:00,116 : [INFO]  Batch 1: Testing set : loss - 0.4421, accuracy - 0.8423, recall - 0.9244, AUC - 0.9055, F1 - 0.8544, precision - 0.7943
2023-03-29 14:32:00,121 : [INFO]  Batch 2 initialized 
2023-03-29 14:32:01,344 : [INFO]  ------------------------- Batch 2 training: round 1 -------------------------
2023-03-29 14:32:07,992 : [INFO]  ------------------------- Batch round 1, loss: 0.5455 -------------------------
2023-03-29 14:32:07,992 : [INFO]  ------------------------- Batch 2, round 1: Sent local model to the server -------------------------
2023-03-29 14:32:07,997 : [INFO]  ------------------------- Received aggregated global model from the server -------------------------
2023-03-29 14:32:08,000 : [INFO]  ------------------------- Batch 2 training: round 2 -------------------------
2023-03-29 14:32:10,422 : [INFO]  ------------------------- Batch round 2, loss: 0.4668 -------------------------
2023-03-29 14:32:10,423 : [INFO]  ------------------------- Batch 2, round 2: Sent local model to the server -------------------------
2023-03-29 14:32:10,429 : [INFO]  ------------------------- Received aggregated global model from the server -------------------------
2023-03-29 14:32:10,433 : [INFO]  ------------------------- Batch 2 training: round 3 -------------------------
2023-03-29 14:32:13,042 : [INFO]  ------------------------- Batch round 3, loss: 0.5287 -------------------------
2023-03-29 14:32:13,043 : [INFO]  ------------------------- Batch 2, round 3: Sent local model to the server -------------------------
2023-03-29 14:32:13,049 : [INFO]  ------------------------- Received aggregated global model from the server -------------------------
2023-03-29 14:32:13,053 : [INFO]  Batch number 2 model fetched from the server
2023-03-29 14:32:13,053 : [INFO]  ################ Batch 2: final global model evalution after 3 rounds ################
2023-03-29 14:32:35,084 : [INFO]  Batch 2: Training set : loss - 0.5424, accuracy - 0.8062, recall - 0.9312, AUC - 0.8466, F1 - 0.8278, precision - 0.745, training time - -12.0 seconds
2023-03-29 14:32:35,085 : [INFO]  Batch 2: Testing set : loss - 0.7166, accuracy - 0.8078, recall - 0.8644, AUC - 0.8455, F1 - 0.8181, precision - 0.7766
2023-03-29 14:32:35,092 : [INFO]  Batch 3 initialized 
2023-03-29 14:32:36,744 : [INFO]  ------------------------- Batch 3 training: round 1 -------------------------
2023-03-29 14:32:43,916 : [INFO]  ------------------------- Batch round 1, loss: 0.4338 -------------------------
2023-03-29 14:32:43,916 : [INFO]  ------------------------- Batch 3, round 1: Sent local model to the server -------------------------
2023-03-29 14:32:43,931 : [INFO]  ------------------------- Received aggregated global model from the server -------------------------
2023-03-29 14:32:43,947 : [INFO]  ------------------------- Batch 3 training: round 2 -------------------------
2023-03-29 14:32:49,467 : [INFO]  ------------------------- Batch round 2, loss: 0.4116 -------------------------
2023-03-29 14:32:49,468 : [INFO]  ------------------------- Batch 3, round 2: Sent local model to the server -------------------------
2023-03-29 14:32:49,479 : [INFO]  ------------------------- Received aggregated global model from the server -------------------------
2023-03-29 14:32:49,485 : [INFO]  ------------------------- Batch 3 training: round 3 -------------------------
2023-03-29 14:32:52,532 : [INFO]  ------------------------- Batch round 3, loss: 0.3196 -------------------------
2023-03-29 14:32:52,533 : [INFO]  ------------------------- Batch 3, round 3: Sent local model to the server -------------------------
2023-03-29 14:32:52,545 : [INFO]  ------------------------- Received aggregated global model from the server -------------------------
2023-03-29 14:32:52,550 : [INFO]  Batch number 3 model fetched from the server
2023-03-29 14:32:52,550 : [INFO]  ################ Batch 3: final global model evalution after 3 rounds ################
2023-03-29 14:33:15,818 : [INFO]  Batch 3: Training set : loss - 0.4675, accuracy - 0.8567, recall - 0.9158, AUC - 0.8991, F1 - 0.8648, precision - 0.8192, training time - -16.0 seconds
2023-03-29 14:33:15,818 : [INFO]  Batch 3: Testing set : loss - 0.7555, accuracy - 0.7753, recall - 0.8105, AUC - 0.8488, F1 - 0.783, precision - 0.7574
2023-03-29 14:33:15,823 : [INFO]  Batch 4 initialized 
2023-03-29 14:33:16,977 : [INFO]  ------------------------- Batch 4 training: round 1 -------------------------
2023-03-29 14:33:22,519 : [INFO]  ------------------------- Batch round 1, loss: 0.3782 -------------------------
2023-03-29 14:33:22,519 : [INFO]  ------------------------- Batch 4, round 1: Sent local model to the server -------------------------
2023-03-29 14:33:22,526 : [INFO]  ------------------------- Received aggregated global model from the server -------------------------
2023-03-29 14:33:22,530 : [INFO]  ------------------------- Batch 4 training: round 2 -------------------------
2023-03-29 14:33:24,639 : [INFO]  ------------------------- Batch round 2, loss: 0.5885 -------------------------
2023-03-29 14:33:24,639 : [INFO]  ------------------------- Batch 4, round 2: Sent local model to the server -------------------------
2023-03-29 14:33:24,647 : [INFO]  ------------------------- Received aggregated global model from the server -------------------------
2023-03-29 14:33:24,651 : [INFO]  ------------------------- Batch 4 training: round 3 -------------------------
2023-03-29 14:33:26,746 : [INFO]  ------------------------- Batch round 3, loss: 0.3264 -------------------------
2023-03-29 14:33:26,746 : [INFO]  ------------------------- Batch 4, round 3: Sent local model to the server -------------------------
2023-03-29 14:33:26,783 : [INFO]  ------------------------- Received aggregated global model from the server -------------------------
2023-03-29 14:33:26,787 : [INFO]  Batch number 4 model fetched from the server
2023-03-29 14:33:26,787 : [INFO]  ################ Batch 4: final global model evalution after 3 rounds ################
2023-03-29 14:33:50,673 : [INFO]  Batch 4: Training set : loss - 0.5155, accuracy - 0.8721, recall - 0.9316, AUC - 0.9136, F1 - 0.8794, precision - 0.8328, training time - -10.0 seconds
2023-03-29 14:33:50,674 : [INFO]  Batch 4: Testing set : loss - 0.5187, accuracy - 0.8429, recall - 0.9195, AUC - 0.9021, F1 - 0.8541, precision - 0.7974
2023-03-29 14:33:50,689 : [INFO]  Batch 5 initialized 
2023-03-29 14:33:52,875 : [INFO]  ------------------------- Batch 5 training: round 1 -------------------------
2023-03-29 14:33:59,898 : [INFO]  ------------------------- Batch round 1, loss: 0.4989 -------------------------
2023-03-29 14:33:59,898 : [INFO]  ------------------------- Batch 5, round 1: Sent local model to the server -------------------------
2023-03-29 14:33:59,904 : [INFO]  ------------------------- Received aggregated global model from the server -------------------------
2023-03-29 14:33:59,908 : [INFO]  ------------------------- Batch 5 training: round 2 -------------------------
2023-03-29 14:34:02,514 : [INFO]  ------------------------- Batch round 2, loss: 0.3281 -------------------------
2023-03-29 14:34:02,514 : [INFO]  ------------------------- Batch 5, round 2: Sent local model to the server -------------------------
2023-03-29 14:34:02,521 : [INFO]  ------------------------- Received aggregated global model from the server -------------------------
2023-03-29 14:34:02,526 : [INFO]  ------------------------- Batch 5 training: round 3 -------------------------
2023-03-29 14:34:05,312 : [INFO]  ------------------------- Batch round 3, loss: 0.264 -------------------------
2023-03-29 14:34:05,312 : [INFO]  ------------------------- Batch 5, round 3: Sent local model to the server -------------------------
2023-03-29 14:34:05,320 : [INFO]  ------------------------- Received aggregated global model from the server -------------------------
2023-03-29 14:34:05,324 : [INFO]  Batch number 5 model fetched from the server
2023-03-29 14:34:05,324 : [INFO]  ################ Batch 5: final global model evalution after 3 rounds ################
2023-03-29 14:34:30,302 : [INFO]  Batch 5: Training set : loss - 0.558, accuracy - 0.8548, recall - 0.9253, AUC - 0.9084, F1 - 0.8649, precision - 0.812, training time - -12.0 seconds
2023-03-29 14:34:30,302 : [INFO]  Batch 5: Testing set : loss - 0.6799, accuracy - 0.8002, recall - 0.866, AUC - 0.8908, F1 - 0.8126, precision - 0.7654
2023-03-29 14:34:30,331 : [INFO]  Batch 6 initialized 
2023-03-29 14:34:31,458 : [INFO]  ------------------------- Batch 6 training: round 1 -------------------------
2023-03-29 14:34:36,857 : [INFO]  ------------------------- Batch round 1, loss: 0.5436 -------------------------
2023-03-29 14:34:36,857 : [INFO]  ------------------------- Batch 6, round 1: Sent local model to the server -------------------------
2023-03-29 14:34:36,862 : [INFO]  ------------------------- Received aggregated global model from the server -------------------------
2023-03-29 14:34:36,865 : [INFO]  ------------------------- Batch 6 training: round 2 -------------------------
2023-03-29 14:34:38,959 : [INFO]  ------------------------- Batch round 2, loss: 0.3326 -------------------------
2023-03-29 14:34:38,959 : [INFO]  ------------------------- Batch 6, round 2: Sent local model to the server -------------------------
2023-03-29 14:34:38,967 : [INFO]  ------------------------- Received aggregated global model from the server -------------------------
2023-03-29 14:34:38,974 : [INFO]  ------------------------- Batch 6 training: round 3 -------------------------
2023-03-29 14:34:41,697 : [INFO]  ------------------------- Batch round 3, loss: 0.5508 -------------------------
2023-03-29 14:34:41,697 : [INFO]  ------------------------- Batch 6, round 3: Sent local model to the server -------------------------
2023-03-29 14:34:41,705 : [INFO]  ------------------------- Received aggregated global model from the server -------------------------
2023-03-29 14:34:41,709 : [INFO]  Batch number 6 model fetched from the server
2023-03-29 14:34:41,709 : [INFO]  ################ Batch 6: final global model evalution after 3 rounds ################
2023-03-29 14:35:06,127 : [INFO]  Batch 6: Training set : loss - 0.4918, accuracy - 0.8315, recall - 0.889, AUC - 0.9009, F1 - 0.841, precision - 0.7979, training time - -10.0 seconds
2023-03-29 14:35:06,127 : [INFO]  Batch 6: Testing set : loss - 0.5296, accuracy - 0.854, recall - 0.9105, AUC - 0.8985, F1 - 0.8618, precision - 0.818
2023-03-29 14:35:06,134 : [INFO]  Batch 7 initialized 
2023-03-29 14:35:07,908 : [INFO]  ------------------------- Batch 7 training: round 1 -------------------------
2023-03-29 14:35:15,648 : [INFO]  ------------------------- Batch round 1, loss: 0.5877 -------------------------
2023-03-29 14:35:15,649 : [INFO]  ------------------------- Batch 7, round 1: Sent local model to the server -------------------------
2023-03-29 14:35:15,738 : [INFO]  ------------------------- Received aggregated global model from the server -------------------------
2023-03-29 14:35:15,742 : [INFO]  ------------------------- Batch 7 training: round 2 -------------------------
2023-03-29 14:35:17,935 : [INFO]  ------------------------- Batch round 2, loss: 0.4222 -------------------------
2023-03-29 14:35:17,935 : [INFO]  ------------------------- Batch 7, round 2: Sent local model to the server -------------------------
2023-03-29 14:35:17,942 : [INFO]  ------------------------- Received aggregated global model from the server -------------------------
2023-03-29 14:35:17,947 : [INFO]  ------------------------- Batch 7 training: round 3 -------------------------
2023-03-29 14:35:20,474 : [INFO]  ------------------------- Batch round 3, loss: 0.4891 -------------------------
2023-03-29 14:35:20,474 : [INFO]  ------------------------- Batch 7, round 3: Sent local model to the server -------------------------
2023-03-29 14:35:20,483 : [INFO]  ------------------------- Received aggregated global model from the server -------------------------
2023-03-29 14:35:20,487 : [INFO]  Batch number 7 model fetched from the server
2023-03-29 14:35:20,487 : [INFO]  ################ Batch 7: final global model evalution after 3 rounds ################
2023-03-29 14:35:45,847 : [INFO]  Batch 7: Training set : loss - 0.4109, accuracy - 0.8723, recall - 0.9411, AUC - 0.9402, F1 - 0.8806, precision - 0.8273, training time - -13.0 seconds
2023-03-29 14:35:45,848 : [INFO]  Batch 7: Testing set : loss - 0.5168, accuracy - 0.8021, recall - 0.935, AUC - 0.8796, F1 - 0.8256, precision - 0.7391
2023-03-29 14:35:45,854 : [INFO]  Batch 8 initialized 
2023-03-29 14:35:47,467 : [INFO]  ------------------------- Batch 8 training: round 1 -------------------------
2023-03-29 14:35:53,128 : [INFO]  ------------------------- Batch round 1, loss: 0.542 -------------------------
2023-03-29 14:35:53,129 : [INFO]  ------------------------- Batch 8, round 1: Sent local model to the server -------------------------
2023-03-29 14:35:53,133 : [INFO]  ------------------------- Received aggregated global model from the server -------------------------
2023-03-29 14:35:53,138 : [INFO]  ------------------------- Batch 8 training: round 2 -------------------------
2023-03-29 14:35:55,122 : [INFO]  ------------------------- Batch round 2, loss: 0.4924 -------------------------
2023-03-29 14:35:55,122 : [INFO]  ------------------------- Batch 8, round 2: Sent local model to the server -------------------------
2023-03-29 14:35:55,128 : [INFO]  ------------------------- Received aggregated global model from the server -------------------------
2023-03-29 14:35:55,132 : [INFO]  ------------------------- Batch 8 training: round 3 -------------------------
2023-03-29 14:35:57,216 : [INFO]  ------------------------- Batch round 3, loss: 0.982 -------------------------
2023-03-29 14:35:57,216 : [INFO]  ------------------------- Batch 8, round 3: Sent local model to the server -------------------------
2023-03-29 14:35:57,221 : [INFO]  ------------------------- Received aggregated global model from the server -------------------------
2023-03-29 14:35:57,225 : [INFO]  Batch number 8 model fetched from the server
2023-03-29 14:35:57,225 : [INFO]  ################ Batch 8: final global model evalution after 3 rounds ################
2023-03-29 14:36:17,606 : [INFO]  Batch 8: Training set : loss - 0.4152, accuracy - 0.8668, recall - 0.9221, AUC - 0.9347, F1 - 0.874, precision - 0.8307, training time - -10.0 seconds
2023-03-29 14:36:17,606 : [INFO]  Batch 8: Testing set : loss - 0.9443, accuracy - 0.7731, recall - 0.7864, AUC - 0.8421, F1 - 0.7761, precision - 0.7661
2023-03-29 14:36:17,615 : [INFO]  Batch 9 initialized 
2023-03-29 14:36:19,328 : [INFO]  ------------------------- Batch 9 training: round 1 -------------------------
2023-03-29 14:36:27,684 : [INFO]  ------------------------- Batch round 1, loss: 0.3084 -------------------------
2023-03-29 14:36:27,685 : [INFO]  ------------------------- Batch 9, round 1: Sent local model to the server -------------------------
2023-03-29 14:36:27,696 : [INFO]  ------------------------- Received aggregated global model from the server -------------------------
2023-03-29 14:36:27,704 : [INFO]  ------------------------- Batch 9 training: round 2 -------------------------
2023-03-29 14:36:30,116 : [INFO]  ------------------------- Batch round 2, loss: 0.3472 -------------------------
2023-03-29 14:36:30,117 : [INFO]  ------------------------- Batch 9, round 2: Sent local model to the server -------------------------
2023-03-29 14:36:30,187 : [INFO]  ------------------------- Received aggregated global model from the server -------------------------
2023-03-29 14:36:30,192 : [INFO]  ------------------------- Batch 9 training: round 3 -------------------------
2023-03-29 14:36:32,849 : [INFO]  ------------------------- Batch round 3, loss: 0.2218 -------------------------
2023-03-29 14:36:32,849 : [INFO]  ------------------------- Batch 9, round 3: Sent local model to the server -------------------------
2023-03-29 14:36:32,855 : [INFO]  ------------------------- Received aggregated global model from the server -------------------------
2023-03-29 14:36:32,858 : [INFO]  Batch number 9 model fetched from the server
2023-03-29 14:36:32,858 : [INFO]  ################ Batch 9: final global model evalution after 3 rounds ################
2023-03-29 14:36:54,895 : [INFO]  Batch 9: Training set : loss - 0.4103, accuracy - 0.8693, recall - 0.9248, AUC - 0.9422, F1 - 0.8763, precision - 0.8325, training time - -14.0 seconds
2023-03-29 14:36:54,895 : [INFO]  Batch 9: Testing set : loss - 0.4226, accuracy - 0.858, recall - 0.9114, AUC - 0.9187, F1 - 0.8654, precision - 0.8239
2023-03-29 14:36:54,908 : [INFO]  Batch 10 initialized 
2023-03-29 14:36:56,550 : [INFO]  ------------------------- Batch 10 training: round 1 -------------------------
2023-03-29 14:37:03,116 : [INFO]  ------------------------- Batch round 1, loss: 0.6506 -------------------------
2023-03-29 14:37:03,116 : [INFO]  ------------------------- Batch 10, round 1: Sent local model to the server -------------------------
2023-03-29 14:37:03,121 : [INFO]  ------------------------- Received aggregated global model from the server -------------------------
2023-03-29 14:37:03,124 : [INFO]  ------------------------- Batch 10 training: round 2 -------------------------
2023-03-29 14:37:05,107 : [INFO]  ------------------------- Batch round 2, loss: 0.8273 -------------------------
2023-03-29 14:37:05,107 : [INFO]  ------------------------- Batch 10, round 2: Sent local model to the server -------------------------
2023-03-29 14:37:05,113 : [INFO]  ------------------------- Received aggregated global model from the server -------------------------
2023-03-29 14:37:05,118 : [INFO]  ------------------------- Batch 10 training: round 3 -------------------------
2023-03-29 14:37:07,127 : [INFO]  ------------------------- Batch round 3, loss: 0.6714 -------------------------
2023-03-29 14:37:07,127 : [INFO]  ------------------------- Batch 10, round 3: Sent local model to the server -------------------------
2023-03-29 14:37:07,133 : [INFO]  ------------------------- Received aggregated global model from the server -------------------------
2023-03-29 14:37:07,136 : [INFO]  Batch number 10 model fetched from the server
2023-03-29 14:37:07,136 : [INFO]  ################ Batch 10: final global model evalution after 3 rounds ################
2023-03-29 14:37:28,202 : [INFO]  Batch 10: Training set : loss - 0.5932, accuracy - 0.8533, recall - 0.9171, AUC - 0.9186, F1 - 0.8621, precision - 0.8133, training time - -11.0 seconds
2023-03-29 14:37:28,202 : [INFO]  Batch 10: Testing set : loss - 0.4855, accuracy - 0.8484, recall - 0.9109, AUC - 0.9385, F1 - 0.8575, precision - 0.81
2023-03-29 14:37:28,213 : [INFO]  Batch 11 initialized 
2023-03-29 14:37:29,903 : [INFO]  ------------------------- Batch 11 training: round 1 -------------------------
2023-03-29 14:37:37,001 : [INFO]  ------------------------- Batch round 1, loss: 0.5966 -------------------------
2023-03-29 14:37:37,001 : [INFO]  ------------------------- Batch 11, round 1: Sent local model to the server -------------------------
2023-03-29 14:37:37,037 : [INFO]  ------------------------- Received aggregated global model from the server -------------------------
2023-03-29 14:37:37,041 : [INFO]  ------------------------- Batch 11 training: round 2 -------------------------
2023-03-29 14:37:39,542 : [INFO]  ------------------------- Batch round 2, loss: 0.3207 -------------------------
2023-03-29 14:37:39,543 : [INFO]  ------------------------- Batch 11, round 2: Sent local model to the server -------------------------
2023-03-29 14:37:39,645 : [INFO]  ------------------------- Received aggregated global model from the server -------------------------
2023-03-29 14:37:39,652 : [INFO]  ------------------------- Batch 11 training: round 3 -------------------------
2023-03-29 14:37:42,451 : [INFO]  ------------------------- Batch round 3, loss: 0.8191 -------------------------
2023-03-29 14:37:42,451 : [INFO]  ------------------------- Batch 11, round 3: Sent local model to the server -------------------------
2023-03-29 14:37:42,457 : [INFO]  ------------------------- Received aggregated global model from the server -------------------------
2023-03-29 14:37:42,461 : [INFO]  Batch number 11 model fetched from the server
2023-03-29 14:37:42,461 : [INFO]  ################ Batch 11: final global model evalution after 3 rounds ################
