2023-03-29 14:37:51,135 : [WARNING]  ####################################### New Training Session: Client 0 #######################################
2023-03-29 14:37:51,135 : [INFO]  Client started, graph name wikipedia, graph ID 1, partition ID 0, training epochs 3, epochs 3
2023-03-29 14:37:54,470 : [INFO]  Model initialized for training
2023-03-29 14:37:58,895 : [INFO]  Number of training examples - 1842, Number of testing examples - 2046
2023-03-29 14:37:58,896 : [INFO]  Connected to the server
2023-03-29 14:37:58,977 : [INFO]  Distributed training for streaming graphs started!
2023-03-29 14:37:58,978 : [INFO]  ------------------------- Received aggregated global model from the server -------------------------
2023-03-29 14:37:58,986 : [INFO]  ################################## Initial model training started ##################################
2023-03-29 14:37:58,986 : [INFO]  ------------------------- Initial model training: round 1 -------------------------
2023-03-29 14:38:11,638 : [WARNING]  Early stopping conditioned on metric `val_acc` which is not available. Available metrics are: loss,binary_accuracy,recall,auc,precision,val_loss,val_binary_accuracy,val_recall,val_auc,val_precision
2023-03-29 14:38:18,052 : [WARNING]  Early stopping conditioned on metric `val_acc` which is not available. Available metrics are: loss,binary_accuracy,recall,auc,precision,val_loss,val_binary_accuracy,val_recall,val_auc,val_precision
2023-03-29 14:38:24,569 : [WARNING]  Early stopping conditioned on metric `val_acc` which is not available. Available metrics are: loss,binary_accuracy,recall,auc,precision,val_loss,val_binary_accuracy,val_recall,val_auc,val_precision
2023-03-29 14:38:34,387 : [WARNING]  Early stopping conditioned on metric `val_acc` which is not available. Available metrics are: loss,binary_accuracy,recall,auc,precision,val_loss,val_binary_accuracy,val_recall,val_auc,val_precision
2023-03-29 14:38:40,929 : [WARNING]  Early stopping conditioned on metric `val_acc` which is not available. Available metrics are: loss,binary_accuracy,recall,auc,precision,val_loss,val_binary_accuracy,val_recall,val_auc,val_precision
2023-03-29 14:38:46,095 : [WARNING]  Early stopping conditioned on metric `val_acc` which is not available. Available metrics are: loss,binary_accuracy,recall,auc,precision,val_loss,val_binary_accuracy,val_recall,val_auc,val_precision
2023-03-29 14:38:46,101 : [INFO]  ------------------------- Training round 1, loss: 0.8444 -------------------------
2023-03-29 14:38:46,101 : [INFO]  ------------------------- Training, round 1: Sent local model to the server -------------------------
2023-03-29 14:38:47,829 : [INFO]  ------------------------- Received aggregated global model from the server -------------------------
2023-03-29 14:38:47,833 : [INFO]  ------------------------- Initial model training: round 2 -------------------------
2023-03-29 14:38:53,529 : [WARNING]  Early stopping conditioned on metric `val_acc` which is not available. Available metrics are: loss,binary_accuracy,recall,auc,precision,val_loss,val_binary_accuracy,val_recall,val_auc,val_precision
2023-03-29 14:39:01,427 : [WARNING]  Early stopping conditioned on metric `val_acc` which is not available. Available metrics are: loss,binary_accuracy,recall,auc,precision,val_loss,val_binary_accuracy,val_recall,val_auc,val_precision
2023-03-29 14:39:08,551 : [WARNING]  Early stopping conditioned on metric `val_acc` which is not available. Available metrics are: loss,binary_accuracy,recall,auc,precision,val_loss,val_binary_accuracy,val_recall,val_auc,val_precision
2023-03-29 14:39:15,728 : [WARNING]  Early stopping conditioned on metric `val_acc` which is not available. Available metrics are: loss,binary_accuracy,recall,auc,precision,val_loss,val_binary_accuracy,val_recall,val_auc,val_precision
2023-03-29 14:39:22,206 : [WARNING]  Early stopping conditioned on metric `val_acc` which is not available. Available metrics are: loss,binary_accuracy,recall,auc,precision,val_loss,val_binary_accuracy,val_recall,val_auc,val_precision
2023-03-29 14:39:28,257 : [WARNING]  Early stopping conditioned on metric `val_acc` which is not available. Available metrics are: loss,binary_accuracy,recall,auc,precision,val_loss,val_binary_accuracy,val_recall,val_auc,val_precision
2023-03-29 14:39:28,263 : [INFO]  ------------------------- Training round 2, loss: 0.48 -------------------------
2023-03-29 14:39:28,263 : [INFO]  ------------------------- Training, round 2: Sent local model to the server -------------------------
2023-03-29 14:39:28,269 : [INFO]  ------------------------- Received aggregated global model from the server -------------------------
2023-03-29 14:39:28,274 : [INFO]  ------------------------- Initial model training: round 3 -------------------------
2023-03-29 14:39:37,183 : [WARNING]  Early stopping conditioned on metric `val_acc` which is not available. Available metrics are: loss,binary_accuracy,recall,auc,precision,val_loss,val_binary_accuracy,val_recall,val_auc,val_precision
2023-03-29 14:39:43,644 : [WARNING]  Early stopping conditioned on metric `val_acc` which is not available. Available metrics are: loss,binary_accuracy,recall,auc,precision,val_loss,val_binary_accuracy,val_recall,val_auc,val_precision
2023-03-29 14:39:49,201 : [WARNING]  Early stopping conditioned on metric `val_acc` which is not available. Available metrics are: loss,binary_accuracy,recall,auc,precision,val_loss,val_binary_accuracy,val_recall,val_auc,val_precision
2023-03-29 14:39:55,322 : [WARNING]  Early stopping conditioned on metric `val_acc` which is not available. Available metrics are: loss,binary_accuracy,recall,auc,precision,val_loss,val_binary_accuracy,val_recall,val_auc,val_precision
2023-03-29 14:40:03,331 : [WARNING]  Early stopping conditioned on metric `val_acc` which is not available. Available metrics are: loss,binary_accuracy,recall,auc,precision,val_loss,val_binary_accuracy,val_recall,val_auc,val_precision
2023-03-29 14:40:07,597 : [WARNING]  Early stopping conditioned on metric `val_acc` which is not available. Available metrics are: loss,binary_accuracy,recall,auc,precision,val_loss,val_binary_accuracy,val_recall,val_auc,val_precision
2023-03-29 14:40:07,600 : [INFO]  ------------------------- Training round 3, loss: 0.4732 -------------------------
2023-03-29 14:40:07,600 : [INFO]  ------------------------- Training, round 3: Sent local model to the server -------------------------
2023-03-29 14:40:07,604 : [INFO]  ------------------------- Received aggregated global model from the server -------------------------
2023-03-29 14:40:07,609 : [INFO]  ------------------------- Initial model training: round 4 -------------------------
2023-03-29 14:40:13,698 : [WARNING]  Early stopping conditioned on metric `val_acc` which is not available. Available metrics are: loss,binary_accuracy,recall,auc,precision,val_loss,val_binary_accuracy,val_recall,val_auc,val_precision
2023-03-29 14:40:20,811 : [WARNING]  Early stopping conditioned on metric `val_acc` which is not available. Available metrics are: loss,binary_accuracy,recall,auc,precision,val_loss,val_binary_accuracy,val_recall,val_auc,val_precision
2023-03-29 14:40:25,960 : [WARNING]  Early stopping conditioned on metric `val_acc` which is not available. Available metrics are: loss,binary_accuracy,recall,auc,precision,val_loss,val_binary_accuracy,val_recall,val_auc,val_precision
2023-03-29 14:40:32,251 : [WARNING]  Early stopping conditioned on metric `val_acc` which is not available. Available metrics are: loss,binary_accuracy,recall,auc,precision,val_loss,val_binary_accuracy,val_recall,val_auc,val_precision
2023-03-29 14:40:37,719 : [WARNING]  Early stopping conditioned on metric `val_acc` which is not available. Available metrics are: loss,binary_accuracy,recall,auc,precision,val_loss,val_binary_accuracy,val_recall,val_auc,val_precision
2023-03-29 14:40:45,436 : [WARNING]  Early stopping conditioned on metric `val_acc` which is not available. Available metrics are: loss,binary_accuracy,recall,auc,precision,val_loss,val_binary_accuracy,val_recall,val_auc,val_precision
2023-03-29 14:40:45,445 : [INFO]  ------------------------- Training round 4, loss: 0.472 -------------------------
2023-03-29 14:40:45,445 : [INFO]  ------------------------- Training, round 4: Sent local model to the server -------------------------
2023-03-29 14:40:45,459 : [INFO]  ------------------------- Received aggregated global model from the server -------------------------
2023-03-29 14:40:45,464 : [INFO]  ------------------------- Initial model training: round 5 -------------------------
2023-03-29 14:40:50,559 : [WARNING]  Early stopping conditioned on metric `val_acc` which is not available. Available metrics are: loss,binary_accuracy,recall,auc,precision,val_loss,val_binary_accuracy,val_recall,val_auc,val_precision
2023-03-29 14:40:55,912 : [WARNING]  Early stopping conditioned on metric `val_acc` which is not available. Available metrics are: loss,binary_accuracy,recall,auc,precision,val_loss,val_binary_accuracy,val_recall,val_auc,val_precision
2023-03-29 14:41:01,114 : [WARNING]  Early stopping conditioned on metric `val_acc` which is not available. Available metrics are: loss,binary_accuracy,recall,auc,precision,val_loss,val_binary_accuracy,val_recall,val_auc,val_precision
2023-03-29 14:41:06,967 : [WARNING]  Early stopping conditioned on metric `val_acc` which is not available. Available metrics are: loss,binary_accuracy,recall,auc,precision,val_loss,val_binary_accuracy,val_recall,val_auc,val_precision
2023-03-29 14:41:12,160 : [WARNING]  Early stopping conditioned on metric `val_acc` which is not available. Available metrics are: loss,binary_accuracy,recall,auc,precision,val_loss,val_binary_accuracy,val_recall,val_auc,val_precision
2023-03-29 14:41:17,566 : [WARNING]  Early stopping conditioned on metric `val_acc` which is not available. Available metrics are: loss,binary_accuracy,recall,auc,precision,val_loss,val_binary_accuracy,val_recall,val_auc,val_precision
2023-03-29 14:41:17,569 : [INFO]  ------------------------- Training round 5, loss: 0.4389 -------------------------
2023-03-29 14:41:17,569 : [INFO]  ------------------------- Training, round 5: Sent local model to the server -------------------------
2023-03-29 14:41:18,431 : [INFO]  ------------------------- Received aggregated global model from the server -------------------------
2023-03-29 14:41:18,434 : [INFO]  ------------------------- Initial model training: round 6 -------------------------
2023-03-29 14:41:23,862 : [WARNING]  Early stopping conditioned on metric `val_acc` which is not available. Available metrics are: loss,binary_accuracy,recall,auc,precision,val_loss,val_binary_accuracy,val_recall,val_auc,val_precision
2023-03-29 14:41:29,023 : [WARNING]  Early stopping conditioned on metric `val_acc` which is not available. Available metrics are: loss,binary_accuracy,recall,auc,precision,val_loss,val_binary_accuracy,val_recall,val_auc,val_precision
2023-03-29 14:41:34,093 : [WARNING]  Early stopping conditioned on metric `val_acc` which is not available. Available metrics are: loss,binary_accuracy,recall,auc,precision,val_loss,val_binary_accuracy,val_recall,val_auc,val_precision
2023-03-29 14:41:39,842 : [WARNING]  Early stopping conditioned on metric `val_acc` which is not available. Available metrics are: loss,binary_accuracy,recall,auc,precision,val_loss,val_binary_accuracy,val_recall,val_auc,val_precision
2023-03-29 14:41:45,605 : [WARNING]  Early stopping conditioned on metric `val_acc` which is not available. Available metrics are: loss,binary_accuracy,recall,auc,precision,val_loss,val_binary_accuracy,val_recall,val_auc,val_precision
2023-03-29 14:41:52,545 : [WARNING]  Early stopping conditioned on metric `val_acc` which is not available. Available metrics are: loss,binary_accuracy,recall,auc,precision,val_loss,val_binary_accuracy,val_recall,val_auc,val_precision
2023-03-29 14:41:52,548 : [INFO]  ------------------------- Training round 6, loss: 0.449 -------------------------
2023-03-29 14:41:52,548 : [INFO]  ------------------------- Training, round 6: Sent local model to the server -------------------------
2023-03-29 14:41:52,553 : [INFO]  ------------------------- Received aggregated global model from the server -------------------------
2023-03-29 14:41:52,556 : [INFO]  ################ Initial trained model: Final global model evalution after 6 rounds ################
2023-03-29 14:44:26,823 : [INFO]  Initially trained model: Training set : loss - 0.45, accuracy - 0.79, recall - 0.94, AUC - 0.92, F1 - 0.82, precision - 0.72, training time - -234.0 seconds
2023-03-29 14:44:26,823 : [INFO]  Initially trained model: Testing set : loss - 0.49, accuracy - 0.77, recall - 0.95, AUC - 0.9, F1 - 0.81, precision - 0.7
2023-03-29 14:44:26,834 : [INFO]  Batch 1 initialized 
2023-03-29 14:44:27,990 : [INFO]  ################################## Next batch processing started: transfer learning is ON ##################################
2023-03-29 14:44:27,991 : [INFO]  ------------------------- Batch 1 training: round 1 -------------------------
2023-03-29 14:44:31,508 : [WARNING]  Early stopping conditioned on metric `val_acc` which is not available. Available metrics are: loss,binary_accuracy,recall_1,auc_1,precision_1,val_loss,val_binary_accuracy,val_recall_1,val_auc_1,val_precision_1
2023-03-29 14:44:32,108 : [WARNING]  Early stopping conditioned on metric `val_acc` which is not available. Available metrics are: loss,binary_accuracy,recall_1,auc_1,precision_1,val_loss,val_binary_accuracy,val_recall_1,val_auc_1,val_precision_1
2023-03-29 14:44:32,665 : [WARNING]  Early stopping conditioned on metric `val_acc` which is not available. Available metrics are: loss,binary_accuracy,recall_1,auc_1,precision_1,val_loss,val_binary_accuracy,val_recall_1,val_auc_1,val_precision_1
2023-03-29 14:44:35,330 : [WARNING]  Early stopping conditioned on metric `val_acc` which is not available. Available metrics are: loss,binary_accuracy,recall_1,auc_1,precision_1,val_loss,val_binary_accuracy,val_recall_1,val_auc_1,val_precision_1
2023-03-29 14:44:35,832 : [WARNING]  Early stopping conditioned on metric `val_acc` which is not available. Available metrics are: loss,binary_accuracy,recall_1,auc_1,precision_1,val_loss,val_binary_accuracy,val_recall_1,val_auc_1,val_precision_1
2023-03-29 14:44:36,624 : [WARNING]  Early stopping conditioned on metric `val_acc` which is not available. Available metrics are: loss,binary_accuracy,recall_1,auc_1,precision_1,val_loss,val_binary_accuracy,val_recall_1,val_auc_1,val_precision_1
2023-03-29 14:44:36,627 : [INFO]  ------------------------- Batch round 1, loss: 0.38 -------------------------
2023-03-29 14:44:36,627 : [INFO]  ------------------------- Batch 1, round 1: Sent local model to the server -------------------------
2023-03-29 14:44:36,634 : [INFO]  ------------------------- Received aggregated global model from the server -------------------------
2023-03-29 14:44:36,638 : [INFO]  ------------------------- Batch 1 training: round 2 -------------------------
2023-03-29 14:44:37,525 : [WARNING]  Early stopping conditioned on metric `val_acc` which is not available. Available metrics are: loss,binary_accuracy,recall_1,auc_1,precision_1,val_loss,val_binary_accuracy,val_recall_1,val_auc_1,val_precision_1
2023-03-29 14:44:38,174 : [WARNING]  Early stopping conditioned on metric `val_acc` which is not available. Available metrics are: loss,binary_accuracy,recall_1,auc_1,precision_1,val_loss,val_binary_accuracy,val_recall_1,val_auc_1,val_precision_1
2023-03-29 14:44:38,974 : [WARNING]  Early stopping conditioned on metric `val_acc` which is not available. Available metrics are: loss,binary_accuracy,recall_1,auc_1,precision_1,val_loss,val_binary_accuracy,val_recall_1,val_auc_1,val_precision_1
2023-03-29 14:44:39,908 : [WARNING]  Early stopping conditioned on metric `val_acc` which is not available. Available metrics are: loss,binary_accuracy,recall_1,auc_1,precision_1,val_loss,val_binary_accuracy,val_recall_1,val_auc_1,val_precision_1
2023-03-29 14:44:40,537 : [WARNING]  Early stopping conditioned on metric `val_acc` which is not available. Available metrics are: loss,binary_accuracy,recall_1,auc_1,precision_1,val_loss,val_binary_accuracy,val_recall_1,val_auc_1,val_precision_1
2023-03-29 14:44:41,140 : [WARNING]  Early stopping conditioned on metric `val_acc` which is not available. Available metrics are: loss,binary_accuracy,recall_1,auc_1,precision_1,val_loss,val_binary_accuracy,val_recall_1,val_auc_1,val_precision_1
2023-03-29 14:44:41,144 : [INFO]  ------------------------- Batch round 2, loss: 0.306 -------------------------
2023-03-29 14:44:41,144 : [INFO]  ------------------------- Batch 1, round 2: Sent local model to the server -------------------------
2023-03-29 14:44:41,150 : [INFO]  ------------------------- Received aggregated global model from the server -------------------------
2023-03-29 14:44:41,155 : [INFO]  ------------------------- Batch 1 training: round 3 -------------------------
2023-03-29 14:44:42,184 : [WARNING]  Early stopping conditioned on metric `val_acc` which is not available. Available metrics are: loss,binary_accuracy,recall_1,auc_1,precision_1,val_loss,val_binary_accuracy,val_recall_1,val_auc_1,val_precision_1
2023-03-29 14:44:42,858 : [WARNING]  Early stopping conditioned on metric `val_acc` which is not available. Available metrics are: loss,binary_accuracy,recall_1,auc_1,precision_1,val_loss,val_binary_accuracy,val_recall_1,val_auc_1,val_precision_1
2023-03-29 14:44:43,554 : [WARNING]  Early stopping conditioned on metric `val_acc` which is not available. Available metrics are: loss,binary_accuracy,recall_1,auc_1,precision_1,val_loss,val_binary_accuracy,val_recall_1,val_auc_1,val_precision_1
2023-03-29 14:44:44,617 : [WARNING]  Early stopping conditioned on metric `val_acc` which is not available. Available metrics are: loss,binary_accuracy,recall_1,auc_1,precision_1,val_loss,val_binary_accuracy,val_recall_1,val_auc_1,val_precision_1
2023-03-29 14:44:45,187 : [WARNING]  Early stopping conditioned on metric `val_acc` which is not available. Available metrics are: loss,binary_accuracy,recall_1,auc_1,precision_1,val_loss,val_binary_accuracy,val_recall_1,val_auc_1,val_precision_1
2023-03-29 14:44:45,729 : [WARNING]  Early stopping conditioned on metric `val_acc` which is not available. Available metrics are: loss,binary_accuracy,recall_1,auc_1,precision_1,val_loss,val_binary_accuracy,val_recall_1,val_auc_1,val_precision_1
2023-03-29 14:44:45,732 : [INFO]  ------------------------- Batch round 3, loss: 0.4501 -------------------------
2023-03-29 14:44:45,733 : [INFO]  ------------------------- Batch 1, round 3: Sent local model to the server -------------------------
2023-03-29 14:44:45,737 : [INFO]  ------------------------- Received aggregated global model from the server -------------------------
2023-03-29 14:44:45,741 : [INFO]  Batch number 1 model fetched from the server
2023-03-29 14:44:45,741 : [INFO]  ################ Batch 1: final global model evalution after 3 rounds ################
2023-03-29 14:45:05,083 : [INFO]  Batch 1: Training set : loss - 0.4079, accuracy - 0.8569, recall - 0.928, AUC - 0.9252, F1 - 0.8666, precision - 0.8128, training time - -18.0 seconds
2023-03-29 14:45:05,083 : [INFO]  Batch 1: Testing set : loss - 0.421, accuracy - 0.8348, recall - 0.9461, AUC - 0.9108, F1 - 0.8515, precision - 0.774
2023-03-29 14:45:05,101 : [INFO]  Batch 2 initialized 
2023-03-29 14:45:06,298 : [INFO]  ------------------------- Batch 2 training: round 1 -------------------------
2023-03-29 14:45:09,715 : [WARNING]  Early stopping conditioned on metric `val_acc` which is not available. Available metrics are: loss,binary_accuracy,recall_2,auc_2,precision_2,val_loss,val_binary_accuracy,val_recall_2,val_auc_2,val_precision_2
2023-03-29 14:45:10,251 : [WARNING]  Early stopping conditioned on metric `val_acc` which is not available. Available metrics are: loss,binary_accuracy,recall_2,auc_2,precision_2,val_loss,val_binary_accuracy,val_recall_2,val_auc_2,val_precision_2
2023-03-29 14:45:10,954 : [WARNING]  Early stopping conditioned on metric `val_acc` which is not available. Available metrics are: loss,binary_accuracy,recall_2,auc_2,precision_2,val_loss,val_binary_accuracy,val_recall_2,val_auc_2,val_precision_2
2023-03-29 14:45:14,914 : [WARNING]  Early stopping conditioned on metric `val_acc` which is not available. Available metrics are: loss,binary_accuracy,recall_2,auc_2,precision_2,val_loss,val_binary_accuracy,val_recall_2,val_auc_2,val_precision_2
2023-03-29 14:45:15,515 : [WARNING]  Early stopping conditioned on metric `val_acc` which is not available. Available metrics are: loss,binary_accuracy,recall_2,auc_2,precision_2,val_loss,val_binary_accuracy,val_recall_2,val_auc_2,val_precision_2
2023-03-29 14:45:16,037 : [WARNING]  Early stopping conditioned on metric `val_acc` which is not available. Available metrics are: loss,binary_accuracy,recall_2,auc_2,precision_2,val_loss,val_binary_accuracy,val_recall_2,val_auc_2,val_precision_2
2023-03-29 14:45:16,040 : [INFO]  ------------------------- Batch round 1, loss: 0.4406 -------------------------
2023-03-29 14:45:16,040 : [INFO]  ------------------------- Batch 2, round 1: Sent local model to the server -------------------------
2023-03-29 14:45:17,151 : [INFO]  ------------------------- Received aggregated global model from the server -------------------------
2023-03-29 14:45:17,155 : [INFO]  ------------------------- Batch 2 training: round 2 -------------------------
2023-03-29 14:45:17,907 : [WARNING]  Early stopping conditioned on metric `val_acc` which is not available. Available metrics are: loss,binary_accuracy,recall_2,auc_2,precision_2,val_loss,val_binary_accuracy,val_recall_2,val_auc_2,val_precision_2
2023-03-29 14:45:18,439 : [WARNING]  Early stopping conditioned on metric `val_acc` which is not available. Available metrics are: loss,binary_accuracy,recall_2,auc_2,precision_2,val_loss,val_binary_accuracy,val_recall_2,val_auc_2,val_precision_2
2023-03-29 14:45:18,975 : [WARNING]  Early stopping conditioned on metric `val_acc` which is not available. Available metrics are: loss,binary_accuracy,recall_2,auc_2,precision_2,val_loss,val_binary_accuracy,val_recall_2,val_auc_2,val_precision_2
2023-03-29 14:45:19,885 : [WARNING]  Early stopping conditioned on metric `val_acc` which is not available. Available metrics are: loss,binary_accuracy,recall_2,auc_2,precision_2,val_loss,val_binary_accuracy,val_recall_2,val_auc_2,val_precision_2
2023-03-29 14:45:20,619 : [WARNING]  Early stopping conditioned on metric `val_acc` which is not available. Available metrics are: loss,binary_accuracy,recall_2,auc_2,precision_2,val_loss,val_binary_accuracy,val_recall_2,val_auc_2,val_precision_2
2023-03-29 14:45:21,342 : [WARNING]  Early stopping conditioned on metric `val_acc` which is not available. Available metrics are: loss,binary_accuracy,recall_2,auc_2,precision_2,val_loss,val_binary_accuracy,val_recall_2,val_auc_2,val_precision_2
2023-03-29 14:45:21,345 : [INFO]  ------------------------- Batch round 2, loss: 0.5231 -------------------------
2023-03-29 14:45:21,346 : [INFO]  ------------------------- Batch 2, round 2: Sent local model to the server -------------------------
2023-03-29 14:45:21,355 : [INFO]  ------------------------- Received aggregated global model from the server -------------------------
2023-03-29 14:45:21,359 : [INFO]  ------------------------- Batch 2 training: round 3 -------------------------
2023-03-29 14:45:22,348 : [WARNING]  Early stopping conditioned on metric `val_acc` which is not available. Available metrics are: loss,binary_accuracy,recall_2,auc_2,precision_2,val_loss,val_binary_accuracy,val_recall_2,val_auc_2,val_precision_2
2023-03-29 14:45:22,911 : [WARNING]  Early stopping conditioned on metric `val_acc` which is not available. Available metrics are: loss,binary_accuracy,recall_2,auc_2,precision_2,val_loss,val_binary_accuracy,val_recall_2,val_auc_2,val_precision_2
2023-03-29 14:45:23,463 : [WARNING]  Early stopping conditioned on metric `val_acc` which is not available. Available metrics are: loss,binary_accuracy,recall_2,auc_2,precision_2,val_loss,val_binary_accuracy,val_recall_2,val_auc_2,val_precision_2
2023-03-29 14:45:24,397 : [WARNING]  Early stopping conditioned on metric `val_acc` which is not available. Available metrics are: loss,binary_accuracy,recall_2,auc_2,precision_2,val_loss,val_binary_accuracy,val_recall_2,val_auc_2,val_precision_2
2023-03-29 14:45:25,095 : [WARNING]  Early stopping conditioned on metric `val_acc` which is not available. Available metrics are: loss,binary_accuracy,recall_2,auc_2,precision_2,val_loss,val_binary_accuracy,val_recall_2,val_auc_2,val_precision_2
2023-03-29 14:45:25,912 : [WARNING]  Early stopping conditioned on metric `val_acc` which is not available. Available metrics are: loss,binary_accuracy,recall_2,auc_2,precision_2,val_loss,val_binary_accuracy,val_recall_2,val_auc_2,val_precision_2
2023-03-29 14:45:25,919 : [INFO]  ------------------------- Batch round 3, loss: 0.35 -------------------------
2023-03-29 14:45:25,920 : [INFO]  ------------------------- Batch 2, round 3: Sent local model to the server -------------------------
2023-03-29 14:45:26,588 : [INFO]  ------------------------- Received aggregated global model from the server -------------------------
2023-03-29 14:45:26,595 : [INFO]  Batch number 2 model fetched from the server
2023-03-29 14:45:26,595 : [INFO]  ################ Batch 2: final global model evalution after 3 rounds ################
