2023-03-30 15:25:47,760 : [WARNING]  ####################################### New Training Session: Client 0 #######################################
2023-03-30 15:25:47,760 : [INFO]  Client started, graph name facebook, graph ID 1, partition ID 0, training epochs 3, epochs 3
2023-03-30 15:25:50,601 : [INFO]  Model initialized for training
2023-03-30 15:27:26,968 : [INFO]  Number of training examples - 65474, Number of testing examples - 72750
2023-03-30 15:27:26,974 : [INFO]  Connected to the server
2023-03-30 15:27:27,083 : [INFO]  Distributed training for streaming graphs started!
2023-03-30 15:27:27,089 : [INFO]  ------------------------- Received aggregated global model from the server -------------------------
2023-03-30 15:27:27,126 : [INFO]  ################################## Initial model training started ##################################
2023-03-30 15:27:27,127 : [INFO]  ------------------------- Initial model training: round 1 -------------------------
2023-03-30 15:30:04,358 : [WARNING]  Early stopping conditioned on metric `val_acc` which is not available. Available metrics are: loss,binary_accuracy,recall,auc,precision,val_loss,val_binary_accuracy,val_recall,val_auc,val_precision
2023-03-30 15:32:32,074 : [WARNING]  Early stopping conditioned on metric `val_acc` which is not available. Available metrics are: loss,binary_accuracy,recall,auc,precision,val_loss,val_binary_accuracy,val_recall,val_auc,val_precision
2023-03-30 15:35:28,040 : [WARNING]  Early stopping conditioned on metric `val_acc` which is not available. Available metrics are: loss,binary_accuracy,recall,auc,precision,val_loss,val_binary_accuracy,val_recall,val_auc,val_precision
2023-03-30 15:38:46,900 : [WARNING]  Early stopping conditioned on metric `val_acc` which is not available. Available metrics are: loss,binary_accuracy,recall,auc,precision,val_loss,val_binary_accuracy,val_recall,val_auc,val_precision
2023-03-30 15:41:21,522 : [WARNING]  Early stopping conditioned on metric `val_acc` which is not available. Available metrics are: loss,binary_accuracy,recall,auc,precision,val_loss,val_binary_accuracy,val_recall,val_auc,val_precision
2023-03-30 15:44:13,577 : [WARNING]  Early stopping conditioned on metric `val_acc` which is not available. Available metrics are: loss,binary_accuracy,recall,auc,precision,val_loss,val_binary_accuracy,val_recall,val_auc,val_precision
2023-03-30 15:44:13,591 : [INFO]  ------------------------- Training round 1, loss: 0.5868 -------------------------
2023-03-30 15:44:13,591 : [INFO]  ------------------------- Training, round 1: Sent local model to the server -------------------------
2023-03-30 15:51:07,770 : [INFO]  ------------------------- Received aggregated global model from the server -------------------------
2023-03-30 15:51:07,773 : [INFO]  ------------------------- Initial model training: round 2 -------------------------
2023-03-30 15:54:25,299 : [WARNING]  Early stopping conditioned on metric `val_acc` which is not available. Available metrics are: loss,binary_accuracy,recall,auc,precision,val_loss,val_binary_accuracy,val_recall,val_auc,val_precision
2023-03-30 15:57:21,370 : [WARNING]  Early stopping conditioned on metric `val_acc` which is not available. Available metrics are: loss,binary_accuracy,recall,auc,precision,val_loss,val_binary_accuracy,val_recall,val_auc,val_precision
