2023-03-30 15:31:58,922 : [WARNING]  ####################################### New Training Session: Client 1 #######################################
2023-03-30 15:31:58,922 : [INFO]  Client started, graph name facebook, graph ID 1, partition ID 1, training epochs 3, epochs 3
2023-03-30 15:32:03,247 : [INFO]  Model initialized for training
2023-03-30 15:33:46,343 : [INFO]  Number of training examples - 64466, Number of testing examples - 71630
2023-03-30 15:33:46,345 : [INFO]  Connected to the server
2023-03-30 15:33:46,440 : [INFO]  Distributed training for streaming graphs started!
2023-03-30 15:33:46,441 : [INFO]  ------------------------- Received aggregated global model from the server -------------------------
2023-03-30 15:33:46,450 : [INFO]  ################################## Initial model training started ##################################
2023-03-30 15:33:46,450 : [INFO]  ------------------------- Initial model training: round 1 -------------------------
2023-03-30 15:37:02,601 : [WARNING]  Early stopping conditioned on metric `val_acc` which is not available. Available metrics are: loss,binary_accuracy,recall,auc,precision,val_loss,val_binary_accuracy,val_recall,val_auc,val_precision
2023-03-30 15:40:53,853 : [WARNING]  Early stopping conditioned on metric `val_acc` which is not available. Available metrics are: loss,binary_accuracy,recall,auc,precision,val_loss,val_binary_accuracy,val_recall,val_auc,val_precision
2023-03-30 15:43:49,887 : [WARNING]  Early stopping conditioned on metric `val_acc` which is not available. Available metrics are: loss,binary_accuracy,recall,auc,precision,val_loss,val_binary_accuracy,val_recall,val_auc,val_precision
2023-03-30 15:46:27,599 : [WARNING]  Early stopping conditioned on metric `val_acc` which is not available. Available metrics are: loss,binary_accuracy,recall,auc,precision,val_loss,val_binary_accuracy,val_recall,val_auc,val_precision
2023-03-30 15:48:43,044 : [WARNING]  Early stopping conditioned on metric `val_acc` which is not available. Available metrics are: loss,binary_accuracy,recall,auc,precision,val_loss,val_binary_accuracy,val_recall,val_auc,val_precision
2023-03-30 15:51:07,727 : [WARNING]  Early stopping conditioned on metric `val_acc` which is not available. Available metrics are: loss,binary_accuracy,recall,auc,precision,val_loss,val_binary_accuracy,val_recall,val_auc,val_precision
2023-03-30 15:51:07,751 : [INFO]  ------------------------- Training round 1, loss: 0.5916 -------------------------
2023-03-30 15:51:07,751 : [INFO]  ------------------------- Training, round 1: Sent local model to the server -------------------------
2023-03-30 15:51:07,770 : [INFO]  ------------------------- Received aggregated global model from the server -------------------------
2023-03-30 15:51:07,773 : [INFO]  ------------------------- Initial model training: round 2 -------------------------
2023-03-30 15:54:25,974 : [WARNING]  Early stopping conditioned on metric `val_acc` which is not available. Available metrics are: loss,binary_accuracy,recall,auc,precision,val_loss,val_binary_accuracy,val_recall,val_auc,val_precision
2023-03-30 15:57:24,932 : [WARNING]  Early stopping conditioned on metric `val_acc` which is not available. Available metrics are: loss,binary_accuracy,recall,auc,precision,val_loss,val_binary_accuracy,val_recall,val_auc,val_precision
