2023-03-28 19:47:54,562 : [INFO]  _____________________________________________________ wikipedia: Pre-processing started _____________________________________________________
2023-03-28 19:47:54,564 : [INFO]  Folder path "data/wikipedia_8_7" exists
2023-03-28 19:47:54,564 : [INFO]  Training batch created
2023-03-28 19:47:54,618 : [INFO]  Test batch 1 created
2023-03-28 19:47:54,649 : [INFO]  Test batch 2 created
2023-03-28 19:47:54,680 : [INFO]  Test batch 3 created
2023-03-28 19:47:54,710 : [INFO]  Test batch 4 created
2023-03-28 19:47:54,740 : [INFO]  Test batch 5 created
2023-03-28 19:47:54,771 : [INFO]  Test batch 6 created
2023-03-28 19:47:54,804 : [INFO]  Test batch 7 created
2023-03-28 19:47:54,838 : [INFO]  Test batch 8 created
2023-03-28 19:47:54,869 : [INFO]  Test batch 9 created
2023-03-28 19:47:54,897 : [INFO]  Test batch 10 created
2023-03-28 19:47:54,924 : [INFO]  Test batch 11 created
2023-03-28 19:47:54,952 : [INFO]  Test batch 12 created
2023-03-28 19:47:54,981 : [INFO]  Test batch 13 created
2023-03-28 19:47:55,016 : [INFO]  Test batch 14 created
2023-03-28 19:47:55,054 : [INFO]  Test batch 15 created
2023-03-28 19:47:55,092 : [INFO]  Test batch 16 created
2023-03-28 19:47:55,117 : [INFO]  _____________ wikipedia: Pre-processing finished, total size 36668, training batch size 10240, testing batch size 1024 _____________
