2023-03-28 21:21:20,451 : [INFO]  _____________________________________________________ wikipedia: Pre-processing started _____________________________________________________
2023-03-28 21:21:20,464 : [INFO]  Folder path "data/wikipedia_2_0" exists
2023-03-28 21:21:20,464 : [INFO]  Training batch created
2023-03-28 21:21:20,523 : [INFO]  Test batch 1 created
2023-03-28 21:21:20,554 : [INFO]  Test batch 2 created
2023-03-28 21:21:20,586 : [INFO]  Test batch 3 created
2023-03-28 21:21:20,619 : [INFO]  Test batch 4 created
2023-03-28 21:21:20,652 : [INFO]  Test batch 5 created
2023-03-28 21:21:20,690 : [INFO]  Test batch 6 created
2023-03-28 21:21:20,721 : [INFO]  Test batch 7 created
2023-03-28 21:21:20,754 : [INFO]  Test batch 8 created
2023-03-28 21:21:20,787 : [INFO]  Test batch 9 created
2023-03-28 21:21:20,821 : [INFO]  Test batch 10 created
2023-03-28 21:21:20,861 : [INFO]  Test batch 11 created
2023-03-28 21:21:20,912 : [INFO]  Test batch 12 created
2023-03-28 21:21:20,948 : [INFO]  Test batch 13 created
2023-03-28 21:21:20,983 : [INFO]  Test batch 14 created
2023-03-28 21:21:21,018 : [INFO]  Test batch 15 created
2023-03-28 21:21:21,051 : [INFO]  Test batch 16 created
2023-03-28 21:21:21,088 : [INFO]  Test batch 17 created
2023-03-28 21:21:21,131 : [INFO]  Test batch 18 created
2023-03-28 21:21:21,165 : [INFO]  Test batch 19 created
2023-03-28 21:21:21,198 : [INFO]  Test batch 20 created
2023-03-28 21:21:21,229 : [INFO]  Test batch 21 created
2023-03-28 21:21:21,258 : [INFO]  Test batch 22 created
2023-03-28 21:21:21,287 : [INFO]  Test batch 23 created
2023-03-28 21:21:21,336 : [INFO]  Test batch 24 created
2023-03-28 21:21:21,375 : [INFO]  Test batch 25 created
2023-03-28 21:21:21,405 : [INFO]  Test batch 26 created
2023-03-28 21:21:21,436 : [INFO]  Test batch 27 created
2023-03-28 21:21:21,467 : [INFO]  Test batch 28 created
2023-03-28 21:21:21,501 : [INFO]  Test batch 29 created
2023-03-28 21:21:21,545 : [INFO]  Test batch 30 created
2023-03-28 21:21:21,578 : [INFO]  Test batch 31 created
2023-03-28 21:21:21,609 : [INFO]  Test batch 32 created
2023-03-28 21:21:21,636 : [INFO]  Test batch 33 created
2023-03-28 21:21:21,667 : [INFO]  Test batch 34 created
2023-03-28 21:21:21,700 : [INFO]  Test batch 35 created
2023-03-28 21:21:21,743 : [INFO]  Test batch 36 created
2023-03-28 21:21:21,783 : [INFO]  Test batch 37 created
2023-03-28 21:21:21,818 : [INFO]  Test batch 38 created
2023-03-28 21:21:21,851 : [INFO]  Test batch 39 created
2023-03-28 21:21:21,883 : [INFO]  Test batch 40 created
2023-03-28 21:21:21,914 : [INFO]  Test batch 41 created
2023-03-28 21:21:21,944 : [INFO]  Test batch 42 created
2023-03-28 21:21:21,982 : [INFO]  Test batch 43 created
2023-03-28 21:21:22,024 : [INFO]  Test batch 44 created
2023-03-28 21:21:22,056 : [INFO]  Test batch 45 created
2023-03-28 21:21:22,094 : [INFO]  Test batch 46 created
2023-03-28 21:21:22,129 : [INFO]  Test batch 47 created
2023-03-28 21:21:22,162 : [INFO]  Test batch 48 created
2023-03-28 21:21:22,195 : [INFO]  Test batch 49 created
2023-03-28 21:21:22,241 : [INFO]  Test batch 50 created
2023-03-28 21:21:22,277 : [INFO]  Test batch 51 created
2023-03-28 21:21:22,313 : [INFO]  Test batch 52 created
2023-03-28 21:21:22,349 : [INFO]  Test batch 53 created
2023-03-28 21:21:22,382 : [INFO]  Test batch 54 created
2023-03-28 21:21:22,419 : [INFO]  Test batch 55 created
2023-03-28 21:21:22,464 : [INFO]  Test batch 56 created
2023-03-28 21:21:22,499 : [INFO]  Test batch 57 created
2023-03-28 21:21:22,534 : [INFO]  Test batch 58 created
2023-03-28 21:21:22,576 : [INFO]  Test batch 59 created
2023-03-28 21:21:22,606 : [INFO]  Test batch 60 created
2023-03-28 21:21:22,646 : [INFO]  Test batch 61 created
2023-03-28 21:21:22,693 : [INFO]  Test batch 62 created
2023-03-28 21:21:22,728 : [INFO]  Test batch 63 created
2023-03-28 21:21:22,759 : [INFO]  Test batch 64 created
2023-03-28 21:21:22,791 : [INFO]  Test batch 65 created
2023-03-28 21:21:22,821 : [INFO]  Test batch 66 created
2023-03-28 21:21:22,848 : [INFO]  Test batch 67 created
2023-03-28 21:21:22,887 : [INFO]  Test batch 68 created
2023-03-28 21:21:22,923 : [INFO]  Test batch 69 created
2023-03-28 21:21:22,953 : [INFO]  Test batch 70 created
2023-03-28 21:21:22,984 : [INFO]  Test batch 71 created
2023-03-28 21:21:23,015 : [INFO]  Test batch 72 created
2023-03-28 21:21:23,045 : [INFO]  Test batch 73 created
2023-03-28 21:21:23,079 : [INFO]  Test batch 74 created
2023-03-28 21:21:23,117 : [INFO]  Test batch 75 created
2023-03-28 21:21:23,151 : [INFO]  Test batch 76 created
2023-03-28 21:21:23,184 : [INFO]  Test batch 77 created
2023-03-28 21:21:23,216 : [INFO]  Test batch 78 created
2023-03-28 21:21:23,246 : [INFO]  Test batch 79 created
2023-03-28 21:21:23,275 : [INFO]  Test batch 80 created
2023-03-28 21:21:23,310 : [INFO]  Test batch 81 created
2023-03-28 21:21:23,348 : [INFO]  Test batch 82 created
2023-03-28 21:21:23,383 : [INFO]  Test batch 83 created
2023-03-28 21:21:23,416 : [INFO]  Test batch 84 created
2023-03-28 21:21:23,448 : [INFO]  Test batch 85 created
2023-03-28 21:21:23,480 : [INFO]  Test batch 86 created
2023-03-28 21:21:23,512 : [INFO]  Test batch 87 created
2023-03-28 21:21:23,551 : [INFO]  Test batch 88 created
2023-03-28 21:21:23,592 : [INFO]  Test batch 89 created
2023-03-28 21:21:23,623 : [INFO]  Test batch 90 created
2023-03-28 21:21:23,651 : [INFO]  Test batch 91 created
2023-03-28 21:21:23,686 : [INFO]  Test batch 92 created
2023-03-28 21:21:23,720 : [INFO]  Test batch 93 created
2023-03-28 21:21:23,764 : [INFO]  Test batch 94 created
2023-03-28 21:21:23,800 : [INFO]  Test batch 95 created
2023-03-28 21:21:23,834 : [INFO]  Test batch 96 created
2023-03-28 21:21:23,866 : [INFO]  Test batch 97 created
2023-03-28 21:21:23,898 : [INFO]  Test batch 98 created
2023-03-28 21:21:23,929 : [INFO]  Test batch 99 created
2023-03-28 21:21:23,971 : [INFO]  _____________ wikipedia: Pre-processing finished, total size 121261, training batch size 10240, testing batch size 1024 _____________
