2023-03-28 20:53:50,432 : [WARNING]  ####################################### New Training Session: Client 1 #######################################
2023-03-28 20:53:50,432 : [INFO]  Client started, graph name wikipedia, graph ID 1, partition ID 1, training epochs 2, epochs 2
2023-03-28 20:53:53,720 : [INFO]  Model initialized for training
2023-03-28 20:53:58,059 : [INFO]  Number of training examples - 1842, Number of testing examples - 2046
2023-03-28 20:53:58,060 : [INFO]  Connected to the server
2023-03-28 20:53:58,192 : [INFO]  Distributed training for streaming graphs started!
2023-03-28 20:53:58,193 : [INFO]  ------------------------- Received aggregated global model from the server -------------------------
2023-03-28 20:53:58,214 : [INFO]  ################################## Initial model training started ##################################
2023-03-28 20:53:58,215 : [INFO]  ------------------------- Initial model training: round 1 -------------------------
2023-03-28 20:54:06,477 : [WARNING]  Early stopping conditioned on metric `val_acc` which is not available. Available metrics are: loss,binary_accuracy,recall,auc,precision,val_loss,val_binary_accuracy,val_recall,val_auc,val_precision
2023-03-28 20:54:11,319 : [WARNING]  Early stopping conditioned on metric `val_acc` which is not available. Available metrics are: loss,binary_accuracy,recall,auc,precision,val_loss,val_binary_accuracy,val_recall,val_auc,val_precision
2023-03-28 20:54:19,715 : [WARNING]  Early stopping conditioned on metric `val_acc` which is not available. Available metrics are: loss,binary_accuracy,recall,auc,precision,val_loss,val_binary_accuracy,val_recall,val_auc,val_precision
2023-03-28 20:54:25,212 : [WARNING]  Early stopping conditioned on metric `val_acc` which is not available. Available metrics are: loss,binary_accuracy,recall,auc,precision,val_loss,val_binary_accuracy,val_recall,val_auc,val_precision
2023-03-28 20:54:35,879 : [WARNING]  Early stopping conditioned on metric `val_acc` which is not available. Available metrics are: loss,binary_accuracy,recall,auc,precision,val_loss,val_binary_accuracy,val_recall,val_auc,val_precision
2023-03-28 20:54:43,643 : [WARNING]  Early stopping conditioned on metric `val_acc` which is not available. Available metrics are: loss,binary_accuracy,recall,auc,precision,val_loss,val_binary_accuracy,val_recall,val_auc,val_precision
2023-03-28 20:54:53,816 : [WARNING]  Early stopping conditioned on metric `val_acc` which is not available. Available metrics are: loss,binary_accuracy,recall,auc,precision,val_loss,val_binary_accuracy,val_recall,val_auc,val_precision
2023-03-28 20:54:59,948 : [WARNING]  Early stopping conditioned on metric `val_acc` which is not available. Available metrics are: loss,binary_accuracy,recall,auc,precision,val_loss,val_binary_accuracy,val_recall,val_auc,val_precision
2023-03-28 20:55:09,830 : [WARNING]  Early stopping conditioned on metric `val_acc` which is not available. Available metrics are: loss,binary_accuracy,recall,auc,precision,val_loss,val_binary_accuracy,val_recall,val_auc,val_precision
2023-03-28 20:55:15,309 : [WARNING]  Early stopping conditioned on metric `val_acc` which is not available. Available metrics are: loss,binary_accuracy,recall,auc,precision,val_loss,val_binary_accuracy,val_recall,val_auc,val_precision
2023-03-28 20:55:15,319 : [INFO]  ------------------------- Training round 1, loss: 0.6486 -------------------------
2023-03-28 20:55:15,319 : [INFO]  ------------------------- Training, round 1: Sent local model to the server -------------------------
2023-03-28 20:55:16,101 : [INFO]  ------------------------- Received aggregated global model from the server -------------------------
