2023-03-25 13:06:26,456 : [WARNING]  ####################################### New Training Session: Client 0 #######################################
2023-03-25 13:06:26,456 : [INFO]  Client started, graph name facebook, graph ID 1, partition ID 0, training epochs 1, epochs 6
2023-03-25 13:06:28,626 : [INFO]  Model initialized for training
2023-03-25 13:06:38,902 : [WARNING]  `lr` is deprecated, please use `learning_rate` instead, or use the legacy optimizer, e.g.,tf.keras.optimizers.legacy.Adam.
2023-03-25 13:06:39,028 : [INFO]  Number of training examples - 11796, Number of testing examples - 13106
2023-03-25 13:06:39,029 : [INFO]  Connected to the server
2023-03-25 13:06:39,121 : [INFO]  Distributed training for streaming graphs started!
2023-03-25 13:06:39,121 : [INFO]  ------------------------- Received aggregated global model from the server -------------------------
2023-03-25 13:06:39,130 : [INFO]  ################################## Initial model training started ##################################
2023-03-25 13:06:39,131 : [INFO]  ------------------------- Initial model training: round 1 -------------------------
2023-03-25 13:06:58,169 : [INFO]  ------------------------- Training round 1, loss: 0.6567 -------------------------
2023-03-25 13:06:58,169 : [INFO]  ------------------------- Training, round 1: Sent local model to the server -------------------------
2023-03-25 13:06:58,172 : [INFO]  ------------------------- Received aggregated global model from the server -------------------------
2023-03-25 13:06:58,174 : [INFO]  ------------------------- Initial model training: round 2 -------------------------
2023-03-25 13:07:20,832 : [INFO]  ------------------------- Training round 2, loss: 0.6132 -------------------------
2023-03-25 13:07:20,832 : [INFO]  ------------------------- Training, round 2: Sent local model to the server -------------------------
2023-03-25 13:07:20,835 : [INFO]  ------------------------- Received aggregated global model from the server -------------------------
2023-03-25 13:07:20,838 : [INFO]  ------------------------- Initial model training: round 3 -------------------------
2023-03-25 13:07:43,582 : [INFO]  ------------------------- Training round 3, loss: 0.6018 -------------------------
2023-03-25 13:07:43,582 : [INFO]  ------------------------- Training, round 3: Sent local model to the server -------------------------
2023-03-25 13:07:43,586 : [INFO]  ------------------------- Received aggregated global model from the server -------------------------
2023-03-25 13:07:43,588 : [INFO]  ------------------------- Initial model training: round 4 -------------------------
2023-03-25 13:08:06,284 : [INFO]  ------------------------- Training round 4, loss: 0.5975 -------------------------
2023-03-25 13:08:06,284 : [INFO]  ------------------------- Training, round 4: Sent local model to the server -------------------------
2023-03-25 13:08:06,287 : [INFO]  ------------------------- Received aggregated global model from the server -------------------------
2023-03-25 13:08:06,289 : [INFO]  ------------------------- Initial model training: round 5 -------------------------
2023-03-25 13:08:29,074 : [INFO]  ------------------------- Training round 5, loss: 0.5952 -------------------------
2023-03-25 13:08:29,074 : [INFO]  ------------------------- Training, round 5: Sent local model to the server -------------------------
2023-03-25 13:08:29,078 : [INFO]  ------------------------- Received aggregated global model from the server -------------------------
2023-03-25 13:08:29,080 : [INFO]  ################ Initial trained model: Final global model evalution after 5 rounds ################
2023-03-25 13:09:14,032 : [INFO]  Initially trained model: Training set : loss - 0.59, accuracy - 0.69, recall - 0.88, AUC - 0.84, F1 - 0.74, precision - 0.64, training time - -110.0 seconds
2023-03-25 13:09:14,032 : [INFO]  Initially trained model: Testing set : loss - 0.59, accuracy - 0.69, recall - 0.89, AUC - 0.84, F1 - 0.74, precision - 0.64
2023-03-25 13:09:14,039 : [INFO]  Batch 1 initialized 
2023-03-25 13:09:14,564 : [WARNING]  `lr` is deprecated, please use `learning_rate` instead, or use the legacy optimizer, e.g.,tf.keras.optimizers.legacy.Adam.
2023-03-25 13:09:14,753 : [INFO]  ################################## Next batch processing started: transfer learning is ON ##################################
2023-03-25 13:09:14,753 : [INFO]  ------------------------- Batch 1 training: round 1 -------------------------
2023-03-25 13:09:19,757 : [INFO]  ------------------------- Batch round 1, loss: 0.5896 -------------------------
2023-03-25 13:09:19,757 : [INFO]  ------------------------- Batch 1, round 1: Sent local model to the server -------------------------
2023-03-25 13:09:19,782 : [INFO]  ------------------------- Received aggregated global model from the server -------------------------
2023-03-25 13:09:19,786 : [INFO]  ------------------------- Batch 1 training: round 2 -------------------------
2023-03-25 13:09:22,263 : [INFO]  ------------------------- Batch round 2, loss: 0.5619 -------------------------
2023-03-25 13:09:22,263 : [INFO]  ------------------------- Batch 1, round 2: Sent local model to the server -------------------------
2023-03-25 13:09:22,266 : [INFO]  ------------------------- Received aggregated global model from the server -------------------------
2023-03-25 13:09:22,268 : [INFO]  ------------------------- Batch 1 training: round 3 -------------------------
2023-03-25 13:09:24,856 : [INFO]  ------------------------- Batch round 3, loss: 0.5536 -------------------------
2023-03-25 13:09:24,857 : [INFO]  ------------------------- Batch 1, round 3: Sent local model to the server -------------------------
2023-03-25 13:09:24,878 : [INFO]  ------------------------- Received aggregated global model from the server -------------------------
2023-03-25 13:09:24,882 : [INFO]  Batch number 1 model fetched from the server
2023-03-25 13:09:24,883 : [INFO]  ################ Batch 1: final global model evalution after 3 rounds ################
2023-03-25 13:09:26,860 : [INFO]  Batch 1: Training set : loss - 0.5546, accuracy - 0.7609, recall - 0.9239, AUC - 0.8946, F1 - 0.7944, precision - 0.6967, training time - -10.0 seconds
2023-03-25 13:09:26,860 : [INFO]  Batch 1: Testing set : loss - 0.5602, accuracy - 0.7255, recall - 0.902, AUC - 0.8805, F1 - 0.7667, precision - 0.6667
2023-03-25 13:09:26,871 : [INFO]  Batch 2 initialized 
2023-03-25 13:09:27,361 : [WARNING]  `lr` is deprecated, please use `learning_rate` instead, or use the legacy optimizer, e.g.,tf.keras.optimizers.legacy.Adam.
2023-03-25 13:09:27,518 : [INFO]  ------------------------- Batch 2 training: round 1 -------------------------
2023-03-25 13:09:31,455 : [INFO]  ------------------------- Batch round 1, loss: 0.5518 -------------------------
2023-03-25 13:09:31,455 : [INFO]  ------------------------- Batch 2, round 1: Sent local model to the server -------------------------
2023-03-25 13:09:31,674 : [INFO]  ------------------------- Received aggregated global model from the server -------------------------
2023-03-25 13:09:31,680 : [INFO]  ------------------------- Batch 2 training: round 2 -------------------------
2023-03-25 13:09:33,771 : [INFO]  ------------------------- Batch round 2, loss: 0.542 -------------------------
2023-03-25 13:09:33,771 : [INFO]  ------------------------- Batch 2, round 2: Sent local model to the server -------------------------
2023-03-25 13:09:33,775 : [INFO]  ------------------------- Received aggregated global model from the server -------------------------
2023-03-25 13:09:33,777 : [INFO]  ------------------------- Batch 2 training: round 3 -------------------------
2023-03-25 13:09:35,837 : [INFO]  ------------------------- Batch round 3, loss: 0.531 -------------------------
2023-03-25 13:09:35,837 : [INFO]  ------------------------- Batch 2, round 3: Sent local model to the server -------------------------
2023-03-25 13:09:35,840 : [INFO]  ------------------------- Received aggregated global model from the server -------------------------
2023-03-25 13:09:35,842 : [INFO]  Batch number 2 model fetched from the server
2023-03-25 13:09:35,842 : [INFO]  ################ Batch 2: final global model evalution after 3 rounds ################
2023-03-25 13:09:37,178 : [INFO]  Batch 2: Training set : loss - 0.5231, accuracy - 0.7989, recall - 0.9565, AUC - 0.9475, F1 - 0.8263, precision - 0.7273, training time - -8.0 seconds
2023-03-25 13:09:37,178 : [INFO]  Batch 2: Testing set : loss - 0.5788, accuracy - 0.6618, recall - 0.8922, AUC - 0.8758, F1 - 0.7251, precision - 0.6107
2023-03-25 13:09:37,192 : [INFO]  Batch 3 initialized 
2023-03-25 13:09:37,619 : [WARNING]  `lr` is deprecated, please use `learning_rate` instead, or use the legacy optimizer, e.g.,tf.keras.optimizers.legacy.Adam.
2023-03-25 13:09:37,882 : [INFO]  ------------------------- Batch 3 training: round 1 -------------------------
2023-03-25 13:09:41,837 : [INFO]  ------------------------- Batch round 1, loss: 0.5483 -------------------------
2023-03-25 13:09:41,837 : [INFO]  ------------------------- Batch 3, round 1: Sent local model to the server -------------------------
2023-03-25 13:09:41,856 : [INFO]  ------------------------- Received aggregated global model from the server -------------------------
2023-03-25 13:09:41,859 : [INFO]  ------------------------- Batch 3 training: round 2 -------------------------
2023-03-25 13:09:44,077 : [INFO]  ------------------------- Batch round 2, loss: 0.5402 -------------------------
2023-03-25 13:09:44,077 : [INFO]  ------------------------- Batch 3, round 2: Sent local model to the server -------------------------
2023-03-25 13:09:44,139 : [INFO]  ------------------------- Received aggregated global model from the server -------------------------
2023-03-25 13:09:44,141 : [INFO]  ------------------------- Batch 3 training: round 3 -------------------------
2023-03-25 13:09:46,322 : [INFO]  ------------------------- Batch round 3, loss: 0.5353 -------------------------
2023-03-25 13:09:46,322 : [INFO]  ------------------------- Batch 3, round 3: Sent local model to the server -------------------------
2023-03-25 13:09:46,356 : [INFO]  ------------------------- Received aggregated global model from the server -------------------------
2023-03-25 13:09:46,358 : [INFO]  Batch number 3 model fetched from the server
2023-03-25 13:09:46,358 : [INFO]  ################ Batch 3: final global model evalution after 3 rounds ################
2023-03-25 13:09:47,789 : [INFO]  Batch 3: Training set : loss - 0.5417, accuracy - 0.7609, recall - 0.9239, AUC - 0.8948, F1 - 0.7944, precision - 0.6967, training time - -8.0 seconds
2023-03-25 13:09:47,790 : [INFO]  Batch 3: Testing set : loss - 0.5593, accuracy - 0.7255, recall - 0.9608, AUC - 0.8782, F1 - 0.7778, precision - 0.6533
2023-03-25 13:09:47,798 : [INFO]  Batch 4 initialized 
2023-03-25 13:09:48,613 : [WARNING]  `lr` is deprecated, please use `learning_rate` instead, or use the legacy optimizer, e.g.,tf.keras.optimizers.legacy.Adam.
2023-03-25 13:09:48,969 : [INFO]  ------------------------- Batch 4 training: round 1 -------------------------
2023-03-25 13:09:53,686 : [INFO]  ------------------------- Batch round 1, loss: 0.5641 -------------------------
2023-03-25 13:09:53,686 : [INFO]  ------------------------- Batch 4, round 1: Sent local model to the server -------------------------
2023-03-25 13:09:53,689 : [INFO]  ------------------------- Received aggregated global model from the server -------------------------
