2023-03-20 20:00:41,473 : [INFO]  _____________________________________________________ elliptic: Pre-processing started _____________________________________________________
2023-03-20 20:00:41,488 : [INFO]  Folder path "data/elliptic_0" exists
2023-03-20 20:00:41,488 : [INFO]  Training batch created
2023-03-20 20:00:50,526 : [INFO]  Test batch 1 created
2023-03-20 20:00:50,818 : [INFO]  Test batch 2 created
2023-03-20 20:00:51,106 : [INFO]  Test batch 3 created
2023-03-20 20:00:51,479 : [INFO]  Test batch 4 created
2023-03-20 20:00:51,764 : [INFO]  Test batch 5 created
2023-03-20 20:00:52,048 : [INFO]  Test batch 6 created
2023-03-20 20:00:52,339 : [INFO]  Test batch 7 created
2023-03-20 20:00:52,614 : [INFO]  Test batch 8 created
2023-03-20 20:00:52,886 : [INFO]  Test batch 9 created
2023-03-20 20:00:53,156 : [INFO]  Test batch 10 created
2023-03-20 20:00:53,433 : [INFO]  Test batch 11 created
2023-03-20 20:00:53,726 : [INFO]  Test batch 12 created
2023-03-20 20:00:53,954 : [INFO]  Test batch 13 created
2023-03-20 20:00:54,219 : [INFO]  Test batch 14 created
2023-03-20 20:00:54,497 : [INFO]  Test batch 15 created
2023-03-20 20:00:54,773 : [INFO]  Test batch 16 created
2023-03-20 20:00:55,047 : [INFO]  Test batch 17 created
2023-03-20 20:00:55,322 : [INFO]  Test batch 18 created
2023-03-20 20:00:55,607 : [INFO]  Test batch 19 created
2023-03-20 20:00:55,850 : [INFO]  Test batch 20 created
2023-03-20 20:00:56,141 : [INFO]  Test batch 21 created
2023-03-20 20:00:56,416 : [INFO]  Test batch 22 created
2023-03-20 20:00:56,693 : [INFO]  Test batch 23 created
2023-03-20 20:00:56,970 : [INFO]  Test batch 24 created
2023-03-20 20:00:57,263 : [INFO]  Test batch 25 created
2023-03-20 20:00:57,532 : [INFO]  Test batch 26 created
2023-03-20 20:00:57,799 : [INFO]  Test batch 27 created
2023-03-20 20:00:58,090 : [INFO]  Test batch 28 created
2023-03-20 20:00:58,353 : [INFO]  Test batch 29 created
2023-03-20 20:00:58,617 : [INFO]  Test batch 30 created
2023-03-20 20:00:58,904 : [INFO]  Test batch 31 created
2023-03-20 20:00:59,143 : [INFO]  Test batch 32 created
2023-03-20 20:00:59,399 : [INFO]  Test batch 33 created
2023-03-20 20:00:59,671 : [INFO]  Test batch 34 created
2023-03-20 20:00:59,941 : [INFO]  Test batch 35 created
2023-03-20 20:01:00,219 : [INFO]  Test batch 36 created
2023-03-20 20:01:00,516 : [INFO]  Test batch 37 created
2023-03-20 20:01:00,832 : [INFO]  Test batch 38 created
2023-03-20 20:01:01,264 : [INFO]  Test batch 39 created
2023-03-20 20:01:01,634 : [INFO]  Test batch 40 created
2023-03-20 20:01:02,018 : [INFO]  Test batch 41 created
2023-03-20 20:01:02,411 : [INFO]  Test batch 42 created
2023-03-20 20:01:02,703 : [INFO]  Test batch 43 created
2023-03-20 20:01:03,019 : [INFO]  Test batch 44 created
2023-03-20 20:01:03,286 : [INFO]  Test batch 45 created
2023-03-20 20:01:03,599 : [INFO]  Test batch 46 created
2023-03-20 20:01:03,896 : [INFO]  Test batch 47 created
2023-03-20 20:01:04,178 : [INFO]  Test batch 48 created
2023-03-20 20:01:04,456 : [INFO]  Test batch 49 created
2023-03-20 20:01:04,734 : [INFO]  Test batch 50 created
2023-03-20 20:01:05,010 : [INFO]  Test batch 51 created
2023-03-20 20:01:05,288 : [INFO]  Test batch 52 created
2023-03-20 20:01:05,568 : [INFO]  Test batch 53 created
2023-03-20 20:01:05,846 : [INFO]  Test batch 54 created
2023-03-20 20:01:06,132 : [INFO]  Test batch 55 created
2023-03-20 20:01:06,403 : [INFO]  Test batch 56 created
2023-03-20 20:01:06,710 : [INFO]  Test batch 57 created
2023-03-20 20:01:06,992 : [INFO]  Test batch 58 created
2023-03-20 20:01:07,369 : [INFO]  Test batch 59 created
2023-03-20 20:01:07,728 : [INFO]  Test batch 60 created
2023-03-20 20:01:08,097 : [INFO]  Test batch 61 created
2023-03-20 20:01:08,470 : [INFO]  Test batch 62 created
2023-03-20 20:01:08,749 : [INFO]  Test batch 63 created
2023-03-20 20:01:09,028 : [INFO]  Test batch 64 created
2023-03-20 20:01:09,344 : [INFO]  Test batch 65 created
2023-03-20 20:01:09,671 : [INFO]  Test batch 66 created
2023-03-20 20:01:09,996 : [INFO]  Test batch 67 created
2023-03-20 20:01:10,218 : [INFO]  Test batch 68 created
2023-03-20 20:01:10,445 : [INFO]  Test batch 69 created
2023-03-20 20:01:10,740 : [INFO]  Test batch 70 created
2023-03-20 20:01:11,019 : [INFO]  Test batch 71 created
2023-03-20 20:01:11,293 : [INFO]  Test batch 72 created
2023-03-20 20:01:11,574 : [INFO]  Test batch 73 created
2023-03-20 20:01:11,862 : [INFO]  Test batch 74 created
2023-03-20 20:01:12,121 : [INFO]  Test batch 75 created
2023-03-20 20:01:12,385 : [INFO]  Test batch 76 created
2023-03-20 20:01:12,677 : [INFO]  Test batch 77 created
2023-03-20 20:01:12,933 : [INFO]  Test batch 78 created
2023-03-20 20:01:13,192 : [INFO]  Test batch 79 created
2023-03-20 20:01:13,637 : [INFO]  Test batch 80 created
2023-03-20 20:01:14,125 : [INFO]  Test batch 81 created
2023-03-20 20:01:14,458 : [INFO]  Test batch 82 created
2023-03-20 20:01:14,734 : [INFO]  Test batch 83 created
2023-03-20 20:01:15,012 : [INFO]  Test batch 84 created
2023-03-20 20:01:15,303 : [INFO]  Test batch 85 created
2023-03-20 20:01:15,563 : [INFO]  Test batch 86 created
2023-03-20 20:01:15,864 : [INFO]  Test batch 87 created
2023-03-20 20:01:16,372 : [INFO]  Test batch 88 created
2023-03-20 20:01:16,626 : [INFO]  Test batch 89 created
2023-03-20 20:01:16,877 : [INFO]  Test batch 90 created
2023-03-20 20:01:17,176 : [INFO]  Test batch 91 created
2023-03-20 20:01:17,453 : [INFO]  Test batch 92 created
2023-03-20 20:01:17,730 : [INFO]  Test batch 93 created
2023-03-20 20:01:18,014 : [INFO]  Test batch 94 created
2023-03-20 20:01:18,294 : [INFO]  Test batch 95 created
2023-03-20 20:01:18,573 : [INFO]  Test batch 96 created
2023-03-20 20:01:18,873 : [INFO]  Test batch 97 created
2023-03-20 20:01:19,147 : [INFO]  Test batch 98 created
2023-03-20 20:01:19,425 : [INFO]  Test batch 99 created
2023-03-20 20:01:19,697 : [INFO]  Test batch 100 created
2023-03-20 20:01:19,978 : [INFO]  Test batch 101 created
2023-03-20 20:01:20,255 : [INFO]  _____________ elliptic: Pre-processing finished, total size 234352, training batch size 65536, testing batch size 1024 _____________
