2023-03-22 20:11:45,175 : [INFO]  _____________________________________________________ wikipedia: Pre-processing started _____________________________________________________
2023-03-22 20:11:45,175 : [INFO]  Folder path "data/wikipedia_4_0" exists
2023-03-22 20:11:45,175 : [INFO]  Training batch created
2023-03-22 20:11:45,208 : [INFO]  Test batch 1 created
2023-03-22 20:11:45,232 : [INFO]  Test batch 2 created
2023-03-22 20:11:45,264 : [INFO]  Test batch 3 created
2023-03-22 20:11:45,295 : [INFO]  Test batch 4 created
2023-03-22 20:11:45,322 : [INFO]  Test batch 5 created
2023-03-22 20:11:45,348 : [INFO]  Test batch 6 created
2023-03-22 20:11:45,374 : [INFO]  Test batch 7 created
2023-03-22 20:11:45,400 : [INFO]  Test batch 8 created
2023-03-22 20:11:45,433 : [INFO]  Test batch 9 created
2023-03-22 20:11:45,462 : [INFO]  Test batch 10 created
2023-03-22 20:11:45,486 : [INFO]  Test batch 11 created
2023-03-22 20:11:45,513 : [INFO]  Test batch 12 created
2023-03-22 20:11:45,534 : [INFO]  Test batch 13 created
2023-03-22 20:11:45,554 : [INFO]  Test batch 14 created
2023-03-22 20:11:45,575 : [INFO]  Test batch 15 created
2023-03-22 20:11:45,597 : [INFO]  Test batch 16 created
2023-03-22 20:11:45,625 : [INFO]  Test batch 17 created
2023-03-22 20:11:45,655 : [INFO]  Test batch 18 created
2023-03-22 20:11:45,682 : [INFO]  Test batch 19 created
2023-03-22 20:11:45,703 : [INFO]  Test batch 20 created
2023-03-22 20:11:45,724 : [INFO]  Test batch 21 created
2023-03-22 20:11:45,745 : [INFO]  Test batch 22 created
2023-03-22 20:11:45,765 : [INFO]  Test batch 23 created
2023-03-22 20:11:45,785 : [INFO]  Test batch 24 created
2023-03-22 20:11:45,804 : [INFO]  Test batch 25 created
2023-03-22 20:11:45,823 : [INFO]  Test batch 26 created
2023-03-22 20:11:45,846 : [INFO]  Test batch 27 created
2023-03-22 20:11:45,874 : [INFO]  Test batch 28 created
2023-03-22 20:11:45,903 : [INFO]  Test batch 29 created
2023-03-22 20:11:45,932 : [INFO]  Test batch 30 created
2023-03-22 20:11:45,957 : [INFO]  Test batch 31 created
2023-03-22 20:11:45,980 : [INFO]  Test batch 32 created
2023-03-22 20:11:46,001 : [INFO]  Test batch 33 created
2023-03-22 20:11:46,021 : [INFO]  Test batch 34 created
2023-03-22 20:11:46,041 : [INFO]  Test batch 35 created
2023-03-22 20:11:46,065 : [INFO]  Test batch 36 created
2023-03-22 20:11:46,092 : [INFO]  Test batch 37 created
2023-03-22 20:11:46,119 : [INFO]  Test batch 38 created
2023-03-22 20:11:46,146 : [INFO]  Test batch 39 created
2023-03-22 20:11:46,168 : [INFO]  Test batch 40 created
2023-03-22 20:11:46,188 : [INFO]  Test batch 41 created
2023-03-22 20:11:46,207 : [INFO]  Test batch 42 created
2023-03-22 20:11:46,227 : [INFO]  Test batch 43 created
2023-03-22 20:11:46,247 : [INFO]  Test batch 44 created
2023-03-22 20:11:46,270 : [INFO]  Test batch 45 created
2023-03-22 20:11:46,298 : [INFO]  Test batch 46 created
2023-03-22 20:11:46,326 : [INFO]  Test batch 47 created
2023-03-22 20:11:46,354 : [INFO]  _____________ wikipedia: Pre-processing finished, total size 67674, training batch size 10240, testing batch size 1024 _____________
