2023-03-29 01:06:42,977 : [WARNING]  ####################################### New Training Session: Client 1 #######################################
2023-03-29 01:06:42,978 : [INFO]  Client started, graph name wikipedia, graph ID 1, partition ID 1, training epochs 3, epochs 3
2023-03-29 01:06:45,678 : [INFO]  Model initialized for training
2023-03-29 01:06:48,472 : [INFO]  Number of training examples - 1842, Number of testing examples - 2046
2023-03-29 01:06:48,472 : [INFO]  Connected to the server
2023-03-29 01:06:48,579 : [INFO]  Distributed training for streaming graphs started!
2023-03-29 01:06:48,580 : [INFO]  ------------------------- Received aggregated global model from the server -------------------------
2023-03-29 01:06:48,591 : [INFO]  ################################## Initial model training started ##################################
2023-03-29 01:06:48,591 : [INFO]  ------------------------- Initial model training: round 1 -------------------------
2023-03-29 01:06:55,750 : [WARNING]  Early stopping conditioned on metric `val_acc` which is not available. Available metrics are: loss,binary_accuracy,recall,auc,precision,val_loss,val_binary_accuracy,val_recall,val_auc,val_precision
2023-03-29 01:06:59,809 : [WARNING]  Early stopping conditioned on metric `val_acc` which is not available. Available metrics are: loss,binary_accuracy,recall,auc,precision,val_loss,val_binary_accuracy,val_recall,val_auc,val_precision
2023-03-29 01:07:05,554 : [WARNING]  Early stopping conditioned on metric `val_acc` which is not available. Available metrics are: loss,binary_accuracy,recall,auc,precision,val_loss,val_binary_accuracy,val_recall,val_auc,val_precision
2023-03-29 01:07:13,488 : [WARNING]  Early stopping conditioned on metric `val_acc` which is not available. Available metrics are: loss,binary_accuracy,recall,auc,precision,val_loss,val_binary_accuracy,val_recall,val_auc,val_precision
2023-03-29 01:07:18,422 : [WARNING]  Early stopping conditioned on metric `val_acc` which is not available. Available metrics are: loss,binary_accuracy,recall,auc,precision,val_loss,val_binary_accuracy,val_recall,val_auc,val_precision
2023-03-29 01:07:22,962 : [WARNING]  Early stopping conditioned on metric `val_acc` which is not available. Available metrics are: loss,binary_accuracy,recall,auc,precision,val_loss,val_binary_accuracy,val_recall,val_auc,val_precision
2023-03-29 01:07:22,970 : [INFO]  ------------------------- Training round 1, loss: 0.6062 -------------------------
2023-03-29 01:07:22,970 : [INFO]  ------------------------- Training, round 1: Sent local model to the server -------------------------
2023-03-29 01:07:22,974 : [INFO]  ------------------------- Received aggregated global model from the server -------------------------
2023-03-29 01:07:22,977 : [INFO]  ------------------------- Initial model training: round 2 -------------------------
2023-03-29 01:07:27,985 : [WARNING]  Early stopping conditioned on metric `val_acc` which is not available. Available metrics are: loss,binary_accuracy,recall,auc,precision,val_loss,val_binary_accuracy,val_recall,val_auc,val_precision
2023-03-29 01:07:32,420 : [WARNING]  Early stopping conditioned on metric `val_acc` which is not available. Available metrics are: loss,binary_accuracy,recall,auc,precision,val_loss,val_binary_accuracy,val_recall,val_auc,val_precision
2023-03-29 01:07:36,739 : [WARNING]  Early stopping conditioned on metric `val_acc` which is not available. Available metrics are: loss,binary_accuracy,recall,auc,precision,val_loss,val_binary_accuracy,val_recall,val_auc,val_precision
2023-03-29 01:07:41,703 : [WARNING]  Early stopping conditioned on metric `val_acc` which is not available. Available metrics are: loss,binary_accuracy,recall,auc,precision,val_loss,val_binary_accuracy,val_recall,val_auc,val_precision
2023-03-29 01:07:46,024 : [WARNING]  Early stopping conditioned on metric `val_acc` which is not available. Available metrics are: loss,binary_accuracy,recall,auc,precision,val_loss,val_binary_accuracy,val_recall,val_auc,val_precision
2023-03-29 01:07:50,336 : [WARNING]  Early stopping conditioned on metric `val_acc` which is not available. Available metrics are: loss,binary_accuracy,recall,auc,precision,val_loss,val_binary_accuracy,val_recall,val_auc,val_precision
2023-03-29 01:07:50,339 : [INFO]  ------------------------- Training round 2, loss: 0.487 -------------------------
2023-03-29 01:07:50,339 : [INFO]  ------------------------- Training, round 2: Sent local model to the server -------------------------
2023-03-29 01:07:50,343 : [INFO]  ------------------------- Received aggregated global model from the server -------------------------
2023-03-29 01:07:50,346 : [INFO]  ------------------------- Initial model training: round 3 -------------------------
2023-03-29 01:07:55,269 : [WARNING]  Early stopping conditioned on metric `val_acc` which is not available. Available metrics are: loss,binary_accuracy,recall,auc,precision,val_loss,val_binary_accuracy,val_recall,val_auc,val_precision
2023-03-29 01:07:59,618 : [WARNING]  Early stopping conditioned on metric `val_acc` which is not available. Available metrics are: loss,binary_accuracy,recall,auc,precision,val_loss,val_binary_accuracy,val_recall,val_auc,val_precision
2023-03-29 01:08:03,935 : [WARNING]  Early stopping conditioned on metric `val_acc` which is not available. Available metrics are: loss,binary_accuracy,recall,auc,precision,val_loss,val_binary_accuracy,val_recall,val_auc,val_precision
2023-03-29 01:08:08,849 : [WARNING]  Early stopping conditioned on metric `val_acc` which is not available. Available metrics are: loss,binary_accuracy,recall,auc,precision,val_loss,val_binary_accuracy,val_recall,val_auc,val_precision
2023-03-29 01:08:13,262 : [WARNING]  Early stopping conditioned on metric `val_acc` which is not available. Available metrics are: loss,binary_accuracy,recall,auc,precision,val_loss,val_binary_accuracy,val_recall,val_auc,val_precision
2023-03-29 01:08:17,657 : [WARNING]  Early stopping conditioned on metric `val_acc` which is not available. Available metrics are: loss,binary_accuracy,recall,auc,precision,val_loss,val_binary_accuracy,val_recall,val_auc,val_precision
2023-03-29 01:08:17,661 : [INFO]  ------------------------- Training round 3, loss: 0.5306 -------------------------
2023-03-29 01:08:17,661 : [INFO]  ------------------------- Training, round 3: Sent local model to the server -------------------------
2023-03-29 01:08:17,665 : [INFO]  ------------------------- Received aggregated global model from the server -------------------------
2023-03-29 01:08:17,668 : [INFO]  ################ Initial trained model: Final global model evalution after 3 rounds ################
2023-03-29 01:08:57,709 : [INFO]  Initially trained model: Training set : loss - 0.5, accuracy - 0.8, recall - 0.89, AUC - 0.88, F1 - 0.81, precision - 0.75, training time - -89.0 seconds
2023-03-29 01:08:57,710 : [INFO]  Initially trained model: Testing set : loss - 0.54, accuracy - 0.8, recall - 0.89, AUC - 0.88, F1 - 0.81, precision - 0.75
2023-03-29 01:08:57,713 : [INFO]  Batch 1 initialized 
2023-03-29 01:08:58,597 : [INFO]  ################################## Next batch processing started: transfer learning is ON ##################################
2023-03-29 01:08:58,598 : [INFO]  ------------------------- Batch 1 training: round 1 -------------------------
2023-03-29 01:09:01,683 : [WARNING]  Early stopping conditioned on metric `val_acc` which is not available. Available metrics are: loss,binary_accuracy,recall_1,auc_1,precision_1,val_loss,val_binary_accuracy,val_recall_1,val_auc_1,val_precision_1
2023-03-29 01:09:02,196 : [WARNING]  Early stopping conditioned on metric `val_acc` which is not available. Available metrics are: loss,binary_accuracy,recall_1,auc_1,precision_1,val_loss,val_binary_accuracy,val_recall_1,val_auc_1,val_precision_1
2023-03-29 01:09:02,770 : [WARNING]  Early stopping conditioned on metric `val_acc` which is not available. Available metrics are: loss,binary_accuracy,recall_1,auc_1,precision_1,val_loss,val_binary_accuracy,val_recall_1,val_auc_1,val_precision_1
2023-03-29 01:09:05,845 : [WARNING]  Early stopping conditioned on metric `val_acc` which is not available. Available metrics are: loss,binary_accuracy,recall_1,auc_1,precision_1,val_loss,val_binary_accuracy,val_recall_1,val_auc_1,val_precision_1
2023-03-29 01:09:07,469 : [WARNING]  Early stopping conditioned on metric `val_acc` which is not available. Available metrics are: loss,binary_accuracy,recall_1,auc_1,precision_1,val_loss,val_binary_accuracy,val_recall_1,val_auc_1,val_precision_1
2023-03-29 01:09:08,556 : [WARNING]  Early stopping conditioned on metric `val_acc` which is not available. Available metrics are: loss,binary_accuracy,recall_1,auc_1,precision_1,val_loss,val_binary_accuracy,val_recall_1,val_auc_1,val_precision_1
2023-03-29 01:09:08,568 : [INFO]  ------------------------- Batch round 1, loss: 0.5121 -------------------------
2023-03-29 01:09:08,569 : [INFO]  ------------------------- Batch 1, round 1: Sent local model to the server -------------------------
2023-03-29 01:09:08,584 : [INFO]  ------------------------- Received aggregated global model from the server -------------------------
2023-03-29 01:09:08,596 : [INFO]  ------------------------- Batch 1 training: round 2 -------------------------
2023-03-29 01:09:09,791 : [WARNING]  Early stopping conditioned on metric `val_acc` which is not available. Available metrics are: loss,binary_accuracy,recall_1,auc_1,precision_1,val_loss,val_binary_accuracy,val_recall_1,val_auc_1,val_precision_1
2023-03-29 01:09:10,359 : [WARNING]  Early stopping conditioned on metric `val_acc` which is not available. Available metrics are: loss,binary_accuracy,recall_1,auc_1,precision_1,val_loss,val_binary_accuracy,val_recall_1,val_auc_1,val_precision_1
2023-03-29 01:09:10,866 : [WARNING]  Early stopping conditioned on metric `val_acc` which is not available. Available metrics are: loss,binary_accuracy,recall_1,auc_1,precision_1,val_loss,val_binary_accuracy,val_recall_1,val_auc_1,val_precision_1
2023-03-29 01:09:11,707 : [WARNING]  Early stopping conditioned on metric `val_acc` which is not available. Available metrics are: loss,binary_accuracy,recall_1,auc_1,precision_1,val_loss,val_binary_accuracy,val_recall_1,val_auc_1,val_precision_1
2023-03-29 01:09:12,226 : [WARNING]  Early stopping conditioned on metric `val_acc` which is not available. Available metrics are: loss,binary_accuracy,recall_1,auc_1,precision_1,val_loss,val_binary_accuracy,val_recall_1,val_auc_1,val_precision_1
2023-03-29 01:09:12,758 : [WARNING]  Early stopping conditioned on metric `val_acc` which is not available. Available metrics are: loss,binary_accuracy,recall_1,auc_1,precision_1,val_loss,val_binary_accuracy,val_recall_1,val_auc_1,val_precision_1
2023-03-29 01:09:12,762 : [INFO]  ------------------------- Batch round 2, loss: 0.556 -------------------------
2023-03-29 01:09:12,762 : [INFO]  ------------------------- Batch 1, round 2: Sent local model to the server -------------------------
2023-03-29 01:09:12,766 : [INFO]  ------------------------- Received aggregated global model from the server -------------------------
2023-03-29 01:09:12,770 : [INFO]  ------------------------- Batch 1 training: round 3 -------------------------
2023-03-29 01:09:13,508 : [WARNING]  Early stopping conditioned on metric `val_acc` which is not available. Available metrics are: loss,binary_accuracy,recall_1,auc_1,precision_1,val_loss,val_binary_accuracy,val_recall_1,val_auc_1,val_precision_1
2023-03-29 01:09:14,031 : [WARNING]  Early stopping conditioned on metric `val_acc` which is not available. Available metrics are: loss,binary_accuracy,recall_1,auc_1,precision_1,val_loss,val_binary_accuracy,val_recall_1,val_auc_1,val_precision_1
2023-03-29 01:09:14,578 : [WARNING]  Early stopping conditioned on metric `val_acc` which is not available. Available metrics are: loss,binary_accuracy,recall_1,auc_1,precision_1,val_loss,val_binary_accuracy,val_recall_1,val_auc_1,val_precision_1
2023-03-29 01:09:15,360 : [WARNING]  Early stopping conditioned on metric `val_acc` which is not available. Available metrics are: loss,binary_accuracy,recall_1,auc_1,precision_1,val_loss,val_binary_accuracy,val_recall_1,val_auc_1,val_precision_1
2023-03-29 01:09:15,886 : [WARNING]  Early stopping conditioned on metric `val_acc` which is not available. Available metrics are: loss,binary_accuracy,recall_1,auc_1,precision_1,val_loss,val_binary_accuracy,val_recall_1,val_auc_1,val_precision_1
2023-03-29 01:09:16,394 : [WARNING]  Early stopping conditioned on metric `val_acc` which is not available. Available metrics are: loss,binary_accuracy,recall_1,auc_1,precision_1,val_loss,val_binary_accuracy,val_recall_1,val_auc_1,val_precision_1
2023-03-29 01:09:16,399 : [INFO]  ------------------------- Batch round 3, loss: 0.5236 -------------------------
2023-03-29 01:09:16,399 : [INFO]  ------------------------- Batch 1, round 3: Sent local model to the server -------------------------
2023-03-29 01:09:16,406 : [INFO]  ------------------------- Received aggregated global model from the server -------------------------
2023-03-29 01:09:16,411 : [INFO]  Batch number 1 model fetched from the server
2023-03-29 01:09:16,411 : [INFO]  ################ Batch 1: final global model evalution after 3 rounds ################
2023-03-29 01:09:22,356 : [INFO]  Batch 1: Training set : loss - 0.4728, accuracy - 0.7948, recall - 0.8927, AUC - 0.8608, F1 - 0.8135, precision - 0.7473, training time - -18.0 seconds
2023-03-29 01:09:22,356 : [INFO]  Batch 1: Testing set : loss - 0.54, accuracy - 0.7953, recall - 0.9154, AUC - 0.8583, F1 - 0.8172, precision - 0.7381
2023-03-29 01:09:22,361 : [INFO]  Batch 2 initialized 
2023-03-29 01:09:23,237 : [INFO]  ------------------------- Batch 2 training: round 1 -------------------------
2023-03-29 01:09:26,061 : [WARNING]  Early stopping conditioned on metric `val_acc` which is not available. Available metrics are: loss,binary_accuracy,recall_2,auc_2,precision_2,val_loss,val_binary_accuracy,val_recall_2,val_auc_2,val_precision_2
2023-03-29 01:09:26,595 : [WARNING]  Early stopping conditioned on metric `val_acc` which is not available. Available metrics are: loss,binary_accuracy,recall_2,auc_2,precision_2,val_loss,val_binary_accuracy,val_recall_2,val_auc_2,val_precision_2
2023-03-29 01:09:27,116 : [WARNING]  Early stopping conditioned on metric `val_acc` which is not available. Available metrics are: loss,binary_accuracy,recall_2,auc_2,precision_2,val_loss,val_binary_accuracy,val_recall_2,val_auc_2,val_precision_2
2023-03-29 01:09:30,001 : [WARNING]  Early stopping conditioned on metric `val_acc` which is not available. Available metrics are: loss,binary_accuracy,recall_2,auc_2,precision_2,val_loss,val_binary_accuracy,val_recall_2,val_auc_2,val_precision_2
2023-03-29 01:09:30,559 : [WARNING]  Early stopping conditioned on metric `val_acc` which is not available. Available metrics are: loss,binary_accuracy,recall_2,auc_2,precision_2,val_loss,val_binary_accuracy,val_recall_2,val_auc_2,val_precision_2
2023-03-29 01:09:31,140 : [WARNING]  Early stopping conditioned on metric `val_acc` which is not available. Available metrics are: loss,binary_accuracy,recall_2,auc_2,precision_2,val_loss,val_binary_accuracy,val_recall_2,val_auc_2,val_precision_2
2023-03-29 01:09:31,143 : [INFO]  ------------------------- Batch round 1, loss: 0.5781 -------------------------
2023-03-29 01:09:31,144 : [INFO]  ------------------------- Batch 2, round 1: Sent local model to the server -------------------------
2023-03-29 01:09:31,148 : [INFO]  ------------------------- Received aggregated global model from the server -------------------------
2023-03-29 01:09:31,152 : [INFO]  ------------------------- Batch 2 training: round 2 -------------------------
2023-03-29 01:09:31,910 : [WARNING]  Early stopping conditioned on metric `val_acc` which is not available. Available metrics are: loss,binary_accuracy,recall_2,auc_2,precision_2,val_loss,val_binary_accuracy,val_recall_2,val_auc_2,val_precision_2
2023-03-29 01:09:32,448 : [WARNING]  Early stopping conditioned on metric `val_acc` which is not available. Available metrics are: loss,binary_accuracy,recall_2,auc_2,precision_2,val_loss,val_binary_accuracy,val_recall_2,val_auc_2,val_precision_2
2023-03-29 01:09:33,054 : [WARNING]  Early stopping conditioned on metric `val_acc` which is not available. Available metrics are: loss,binary_accuracy,recall_2,auc_2,precision_2,val_loss,val_binary_accuracy,val_recall_2,val_auc_2,val_precision_2
2023-03-29 01:09:33,774 : [WARNING]  Early stopping conditioned on metric `val_acc` which is not available. Available metrics are: loss,binary_accuracy,recall_2,auc_2,precision_2,val_loss,val_binary_accuracy,val_recall_2,val_auc_2,val_precision_2
2023-03-29 01:09:34,314 : [WARNING]  Early stopping conditioned on metric `val_acc` which is not available. Available metrics are: loss,binary_accuracy,recall_2,auc_2,precision_2,val_loss,val_binary_accuracy,val_recall_2,val_auc_2,val_precision_2
2023-03-29 01:09:34,833 : [WARNING]  Early stopping conditioned on metric `val_acc` which is not available. Available metrics are: loss,binary_accuracy,recall_2,auc_2,precision_2,val_loss,val_binary_accuracy,val_recall_2,val_auc_2,val_precision_2
2023-03-29 01:09:34,949 : [INFO]  ------------------------- Batch round 2, loss: 0.5713 -------------------------
2023-03-29 01:09:34,949 : [INFO]  ------------------------- Batch 2, round 2: Sent local model to the server -------------------------
2023-03-29 01:09:34,953 : [INFO]  ------------------------- Received aggregated global model from the server -------------------------
2023-03-29 01:09:34,956 : [INFO]  ------------------------- Batch 2 training: round 3 -------------------------
2023-03-29 01:09:35,689 : [WARNING]  Early stopping conditioned on metric `val_acc` which is not available. Available metrics are: loss,binary_accuracy,recall_2,auc_2,precision_2,val_loss,val_binary_accuracy,val_recall_2,val_auc_2,val_precision_2
2023-03-29 01:09:36,284 : [WARNING]  Early stopping conditioned on metric `val_acc` which is not available. Available metrics are: loss,binary_accuracy,recall_2,auc_2,precision_2,val_loss,val_binary_accuracy,val_recall_2,val_auc_2,val_precision_2
2023-03-29 01:09:36,907 : [WARNING]  Early stopping conditioned on metric `val_acc` which is not available. Available metrics are: loss,binary_accuracy,recall_2,auc_2,precision_2,val_loss,val_binary_accuracy,val_recall_2,val_auc_2,val_precision_2
2023-03-29 01:09:37,673 : [WARNING]  Early stopping conditioned on metric `val_acc` which is not available. Available metrics are: loss,binary_accuracy,recall_2,auc_2,precision_2,val_loss,val_binary_accuracy,val_recall_2,val_auc_2,val_precision_2
2023-03-29 01:09:38,190 : [WARNING]  Early stopping conditioned on metric `val_acc` which is not available. Available metrics are: loss,binary_accuracy,recall_2,auc_2,precision_2,val_loss,val_binary_accuracy,val_recall_2,val_auc_2,val_precision_2
2023-03-29 01:09:38,704 : [WARNING]  Early stopping conditioned on metric `val_acc` which is not available. Available metrics are: loss,binary_accuracy,recall_2,auc_2,precision_2,val_loss,val_binary_accuracy,val_recall_2,val_auc_2,val_precision_2
2023-03-29 01:09:38,707 : [INFO]  ------------------------- Batch round 3, loss: 0.5652 -------------------------
2023-03-29 01:09:38,707 : [INFO]  ------------------------- Batch 2, round 3: Sent local model to the server -------------------------
2023-03-29 01:09:38,711 : [INFO]  ------------------------- Received aggregated global model from the server -------------------------
2023-03-29 01:09:38,715 : [INFO]  Batch number 2 model fetched from the server
2023-03-29 01:09:38,715 : [INFO]  ################ Batch 2: final global model evalution after 3 rounds ################
2023-03-29 01:09:44,523 : [INFO]  Batch 2: Training set : loss - 0.7421, accuracy - 0.7276, recall - 0.875, AUC - 0.7791, F1 - 0.7629, precision - 0.6763, training time - -15.0 seconds
2023-03-29 01:09:44,523 : [INFO]  Batch 2: Testing set : loss - 0.7428, accuracy - 0.7678, recall - 0.8321, AUC - 0.8077, F1 - 0.7818, precision - 0.7373
2023-03-29 01:09:44,532 : [INFO]  Batch 3 initialized 
2023-03-29 01:09:45,539 : [INFO]  ------------------------- Batch 3 training: round 1 -------------------------
2023-03-29 01:09:48,415 : [WARNING]  Early stopping conditioned on metric `val_acc` which is not available. Available metrics are: loss,binary_accuracy,recall_3,auc_3,precision_3,val_loss,val_binary_accuracy,val_recall_3,val_auc_3,val_precision_3
2023-03-29 01:09:48,905 : [WARNING]  Early stopping conditioned on metric `val_acc` which is not available. Available metrics are: loss,binary_accuracy,recall_3,auc_3,precision_3,val_loss,val_binary_accuracy,val_recall_3,val_auc_3,val_precision_3
2023-03-29 01:09:49,406 : [WARNING]  Early stopping conditioned on metric `val_acc` which is not available. Available metrics are: loss,binary_accuracy,recall_3,auc_3,precision_3,val_loss,val_binary_accuracy,val_recall_3,val_auc_3,val_precision_3
2023-03-29 01:09:52,122 : [WARNING]  Early stopping conditioned on metric `val_acc` which is not available. Available metrics are: loss,binary_accuracy,recall_3,auc_3,precision_3,val_loss,val_binary_accuracy,val_recall_3,val_auc_3,val_precision_3
2023-03-29 01:09:52,621 : [WARNING]  Early stopping conditioned on metric `val_acc` which is not available. Available metrics are: loss,binary_accuracy,recall_3,auc_3,precision_3,val_loss,val_binary_accuracy,val_recall_3,val_auc_3,val_precision_3
2023-03-29 01:09:53,125 : [WARNING]  Early stopping conditioned on metric `val_acc` which is not available. Available metrics are: loss,binary_accuracy,recall_3,auc_3,precision_3,val_loss,val_binary_accuracy,val_recall_3,val_auc_3,val_precision_3
2023-03-29 01:09:53,128 : [INFO]  ------------------------- Batch round 1, loss: 0.3367 -------------------------
2023-03-29 01:09:53,129 : [INFO]  ------------------------- Batch 3, round 1: Sent local model to the server -------------------------
2023-03-29 01:09:53,133 : [INFO]  ------------------------- Received aggregated global model from the server -------------------------
2023-03-29 01:09:53,137 : [INFO]  ------------------------- Batch 3 training: round 2 -------------------------
2023-03-29 01:09:53,827 : [WARNING]  Early stopping conditioned on metric `val_acc` which is not available. Available metrics are: loss,binary_accuracy,recall_3,auc_3,precision_3,val_loss,val_binary_accuracy,val_recall_3,val_auc_3,val_precision_3
2023-03-29 01:09:54,294 : [WARNING]  Early stopping conditioned on metric `val_acc` which is not available. Available metrics are: loss,binary_accuracy,recall_3,auc_3,precision_3,val_loss,val_binary_accuracy,val_recall_3,val_auc_3,val_precision_3
2023-03-29 01:09:54,776 : [WARNING]  Early stopping conditioned on metric `val_acc` which is not available. Available metrics are: loss,binary_accuracy,recall_3,auc_3,precision_3,val_loss,val_binary_accuracy,val_recall_3,val_auc_3,val_precision_3
2023-03-29 01:09:55,478 : [WARNING]  Early stopping conditioned on metric `val_acc` which is not available. Available metrics are: loss,binary_accuracy,recall_3,auc_3,precision_3,val_loss,val_binary_accuracy,val_recall_3,val_auc_3,val_precision_3
2023-03-29 01:09:55,969 : [WARNING]  Early stopping conditioned on metric `val_acc` which is not available. Available metrics are: loss,binary_accuracy,recall_3,auc_3,precision_3,val_loss,val_binary_accuracy,val_recall_3,val_auc_3,val_precision_3
2023-03-29 01:09:56,480 : [WARNING]  Early stopping conditioned on metric `val_acc` which is not available. Available metrics are: loss,binary_accuracy,recall_3,auc_3,precision_3,val_loss,val_binary_accuracy,val_recall_3,val_auc_3,val_precision_3
2023-03-29 01:09:56,483 : [INFO]  ------------------------- Batch round 2, loss: 0.4656 -------------------------
2023-03-29 01:09:56,483 : [INFO]  ------------------------- Batch 3, round 2: Sent local model to the server -------------------------
2023-03-29 01:09:56,488 : [INFO]  ------------------------- Received aggregated global model from the server -------------------------
2023-03-29 01:09:56,491 : [INFO]  ------------------------- Batch 3 training: round 3 -------------------------
2023-03-29 01:09:57,227 : [WARNING]  Early stopping conditioned on metric `val_acc` which is not available. Available metrics are: loss,binary_accuracy,recall_3,auc_3,precision_3,val_loss,val_binary_accuracy,val_recall_3,val_auc_3,val_precision_3
2023-03-29 01:09:57,725 : [WARNING]  Early stopping conditioned on metric `val_acc` which is not available. Available metrics are: loss,binary_accuracy,recall_3,auc_3,precision_3,val_loss,val_binary_accuracy,val_recall_3,val_auc_3,val_precision_3
2023-03-29 01:09:58,231 : [WARNING]  Early stopping conditioned on metric `val_acc` which is not available. Available metrics are: loss,binary_accuracy,recall_3,auc_3,precision_3,val_loss,val_binary_accuracy,val_recall_3,val_auc_3,val_precision_3
2023-03-29 01:09:58,960 : [WARNING]  Early stopping conditioned on metric `val_acc` which is not available. Available metrics are: loss,binary_accuracy,recall_3,auc_3,precision_3,val_loss,val_binary_accuracy,val_recall_3,val_auc_3,val_precision_3
2023-03-29 01:09:59,460 : [WARNING]  Early stopping conditioned on metric `val_acc` which is not available. Available metrics are: loss,binary_accuracy,recall_3,auc_3,precision_3,val_loss,val_binary_accuracy,val_recall_3,val_auc_3,val_precision_3
2023-03-29 01:09:59,958 : [WARNING]  Early stopping conditioned on metric `val_acc` which is not available. Available metrics are: loss,binary_accuracy,recall_3,auc_3,precision_3,val_loss,val_binary_accuracy,val_recall_3,val_auc_3,val_precision_3
2023-03-29 01:09:59,961 : [INFO]  ------------------------- Batch round 3, loss: 0.5691 -------------------------
2023-03-29 01:09:59,962 : [INFO]  ------------------------- Batch 3, round 3: Sent local model to the server -------------------------
2023-03-29 01:09:59,966 : [INFO]  ------------------------- Received aggregated global model from the server -------------------------
2023-03-29 01:09:59,969 : [INFO]  Batch number 3 model fetched from the server
2023-03-29 01:09:59,969 : [INFO]  ################ Batch 3: final global model evalution after 3 rounds ################
2023-03-29 01:10:05,706 : [INFO]  Batch 3: Training set : loss - 0.6085, accuracy - 0.7602, recall - 0.8954, AUC - 0.8258, F1 - 0.7897, precision - 0.7063, training time - -14.0 seconds
2023-03-29 01:10:05,706 : [INFO]  Batch 3: Testing set : loss - 0.6559, accuracy - 0.7328, recall - 0.8382, AUC - 0.8115, F1 - 0.7575, precision - 0.691
2023-03-29 01:10:05,716 : [INFO]  Batch 4 initialized 
2023-03-29 01:10:06,709 : [INFO]  ------------------------- Batch 4 training: round 1 -------------------------
2023-03-29 01:10:09,455 : [WARNING]  Early stopping conditioned on metric `val_acc` which is not available. Available metrics are: loss,binary_accuracy,recall_4,auc_4,precision_4,val_loss,val_binary_accuracy,val_recall_4,val_auc_4,val_precision_4
2023-03-29 01:10:09,941 : [WARNING]  Early stopping conditioned on metric `val_acc` which is not available. Available metrics are: loss,binary_accuracy,recall_4,auc_4,precision_4,val_loss,val_binary_accuracy,val_recall_4,val_auc_4,val_precision_4
2023-03-29 01:10:10,452 : [WARNING]  Early stopping conditioned on metric `val_acc` which is not available. Available metrics are: loss,binary_accuracy,recall_4,auc_4,precision_4,val_loss,val_binary_accuracy,val_recall_4,val_auc_4,val_precision_4
2023-03-29 01:10:13,269 : [WARNING]  Early stopping conditioned on metric `val_acc` which is not available. Available metrics are: loss,binary_accuracy,recall_4,auc_4,precision_4,val_loss,val_binary_accuracy,val_recall_4,val_auc_4,val_precision_4
2023-03-29 01:10:13,774 : [WARNING]  Early stopping conditioned on metric `val_acc` which is not available. Available metrics are: loss,binary_accuracy,recall_4,auc_4,precision_4,val_loss,val_binary_accuracy,val_recall_4,val_auc_4,val_precision_4
2023-03-29 01:10:14,285 : [WARNING]  Early stopping conditioned on metric `val_acc` which is not available. Available metrics are: loss,binary_accuracy,recall_4,auc_4,precision_4,val_loss,val_binary_accuracy,val_recall_4,val_auc_4,val_precision_4
2023-03-29 01:10:14,288 : [INFO]  ------------------------- Batch round 1, loss: 0.5428 -------------------------
2023-03-29 01:10:14,288 : [INFO]  ------------------------- Batch 4, round 1: Sent local model to the server -------------------------
2023-03-29 01:10:14,293 : [INFO]  ------------------------- Received aggregated global model from the server -------------------------
2023-03-29 01:10:14,296 : [INFO]  ------------------------- Batch 4 training: round 2 -------------------------
2023-03-29 01:10:15,068 : [WARNING]  Early stopping conditioned on metric `val_acc` which is not available. Available metrics are: loss,binary_accuracy,recall_4,auc_4,precision_4,val_loss,val_binary_accuracy,val_recall_4,val_auc_4,val_precision_4
2023-03-29 01:10:16,152 : [WARNING]  Early stopping conditioned on metric `val_acc` which is not available. Available metrics are: loss,binary_accuracy,recall_4,auc_4,precision_4,val_loss,val_binary_accuracy,val_recall_4,val_auc_4,val_precision_4
2023-03-29 01:10:16,648 : [WARNING]  Early stopping conditioned on metric `val_acc` which is not available. Available metrics are: loss,binary_accuracy,recall_4,auc_4,precision_4,val_loss,val_binary_accuracy,val_recall_4,val_auc_4,val_precision_4
2023-03-29 01:10:17,367 : [WARNING]  Early stopping conditioned on metric `val_acc` which is not available. Available metrics are: loss,binary_accuracy,recall_4,auc_4,precision_4,val_loss,val_binary_accuracy,val_recall_4,val_auc_4,val_precision_4
2023-03-29 01:10:17,963 : [WARNING]  Early stopping conditioned on metric `val_acc` which is not available. Available metrics are: loss,binary_accuracy,recall_4,auc_4,precision_4,val_loss,val_binary_accuracy,val_recall_4,val_auc_4,val_precision_4
2023-03-29 01:10:18,558 : [WARNING]  Early stopping conditioned on metric `val_acc` which is not available. Available metrics are: loss,binary_accuracy,recall_4,auc_4,precision_4,val_loss,val_binary_accuracy,val_recall_4,val_auc_4,val_precision_4
2023-03-29 01:10:18,562 : [INFO]  ------------------------- Batch round 2, loss: 0.5922 -------------------------
2023-03-29 01:10:18,562 : [INFO]  ------------------------- Batch 4, round 2: Sent local model to the server -------------------------
2023-03-29 01:10:18,567 : [INFO]  ------------------------- Received aggregated global model from the server -------------------------
2023-03-29 01:10:18,571 : [INFO]  ------------------------- Batch 4 training: round 3 -------------------------
2023-03-29 01:10:19,312 : [WARNING]  Early stopping conditioned on metric `val_acc` which is not available. Available metrics are: loss,binary_accuracy,recall_4,auc_4,precision_4,val_loss,val_binary_accuracy,val_recall_4,val_auc_4,val_precision_4
2023-03-29 01:10:19,850 : [WARNING]  Early stopping conditioned on metric `val_acc` which is not available. Available metrics are: loss,binary_accuracy,recall_4,auc_4,precision_4,val_loss,val_binary_accuracy,val_recall_4,val_auc_4,val_precision_4
2023-03-29 01:10:20,393 : [WARNING]  Early stopping conditioned on metric `val_acc` which is not available. Available metrics are: loss,binary_accuracy,recall_4,auc_4,precision_4,val_loss,val_binary_accuracy,val_recall_4,val_auc_4,val_precision_4
2023-03-29 01:10:21,154 : [WARNING]  Early stopping conditioned on metric `val_acc` which is not available. Available metrics are: loss,binary_accuracy,recall_4,auc_4,precision_4,val_loss,val_binary_accuracy,val_recall_4,val_auc_4,val_precision_4
2023-03-29 01:10:21,854 : [WARNING]  Early stopping conditioned on metric `val_acc` which is not available. Available metrics are: loss,binary_accuracy,recall_4,auc_4,precision_4,val_loss,val_binary_accuracy,val_recall_4,val_auc_4,val_precision_4
2023-03-29 01:10:22,540 : [WARNING]  Early stopping conditioned on metric `val_acc` which is not available. Available metrics are: loss,binary_accuracy,recall_4,auc_4,precision_4,val_loss,val_binary_accuracy,val_recall_4,val_auc_4,val_precision_4
2023-03-29 01:10:22,546 : [INFO]  ------------------------- Batch round 3, loss: 0.8712 -------------------------
2023-03-29 01:10:22,546 : [INFO]  ------------------------- Batch 4, round 3: Sent local model to the server -------------------------
2023-03-29 01:10:22,554 : [INFO]  ------------------------- Received aggregated global model from the server -------------------------
2023-03-29 01:10:22,560 : [INFO]  Batch number 4 model fetched from the server
2023-03-29 01:10:22,560 : [INFO]  ################ Batch 4: final global model evalution after 3 rounds ################
2023-03-29 01:10:28,540 : [INFO]  Batch 4: Training set : loss - 0.6832, accuracy - 0.7636, recall - 0.9266, AUC - 0.8825, F1 - 0.8013, precision - 0.7059, training time - -16.0 seconds
2023-03-29 01:10:28,540 : [INFO]  Batch 4: Testing set : loss - 0.5242, accuracy - 0.7678, recall - 0.9608, AUC - 0.9038, F1 - 0.8132, precision - 0.705
2023-03-29 01:10:28,551 : [INFO]  Batch 5 initialized 
2023-03-29 01:10:29,523 : [INFO]  ------------------------- Batch 5 training: round 1 -------------------------
2023-03-29 01:10:32,326 : [WARNING]  Early stopping conditioned on metric `val_acc` which is not available. Available metrics are: loss,binary_accuracy,recall_5,auc_5,precision_5,val_loss,val_binary_accuracy,val_recall_5,val_auc_5,val_precision_5
2023-03-29 01:10:32,823 : [WARNING]  Early stopping conditioned on metric `val_acc` which is not available. Available metrics are: loss,binary_accuracy,recall_5,auc_5,precision_5,val_loss,val_binary_accuracy,val_recall_5,val_auc_5,val_precision_5
2023-03-29 01:10:33,330 : [WARNING]  Early stopping conditioned on metric `val_acc` which is not available. Available metrics are: loss,binary_accuracy,recall_5,auc_5,precision_5,val_loss,val_binary_accuracy,val_recall_5,val_auc_5,val_precision_5
2023-03-29 01:10:36,118 : [WARNING]  Early stopping conditioned on metric `val_acc` which is not available. Available metrics are: loss,binary_accuracy,recall_5,auc_5,precision_5,val_loss,val_binary_accuracy,val_recall_5,val_auc_5,val_precision_5
2023-03-29 01:10:36,609 : [WARNING]  Early stopping conditioned on metric `val_acc` which is not available. Available metrics are: loss,binary_accuracy,recall_5,auc_5,precision_5,val_loss,val_binary_accuracy,val_recall_5,val_auc_5,val_precision_5
2023-03-29 01:10:37,131 : [WARNING]  Early stopping conditioned on metric `val_acc` which is not available. Available metrics are: loss,binary_accuracy,recall_5,auc_5,precision_5,val_loss,val_binary_accuracy,val_recall_5,val_auc_5,val_precision_5
2023-03-29 01:10:37,135 : [INFO]  ------------------------- Batch round 1, loss: 0.4669 -------------------------
2023-03-29 01:10:37,135 : [INFO]  ------------------------- Batch 5, round 1: Sent local model to the server -------------------------
2023-03-29 01:10:37,139 : [INFO]  ------------------------- Received aggregated global model from the server -------------------------
2023-03-29 01:10:37,143 : [INFO]  ------------------------- Batch 5 training: round 2 -------------------------
2023-03-29 01:10:37,869 : [WARNING]  Early stopping conditioned on metric `val_acc` which is not available. Available metrics are: loss,binary_accuracy,recall_5,auc_5,precision_5,val_loss,val_binary_accuracy,val_recall_5,val_auc_5,val_precision_5
2023-03-29 01:10:38,356 : [WARNING]  Early stopping conditioned on metric `val_acc` which is not available. Available metrics are: loss,binary_accuracy,recall_5,auc_5,precision_5,val_loss,val_binary_accuracy,val_recall_5,val_auc_5,val_precision_5
2023-03-29 01:10:38,828 : [WARNING]  Early stopping conditioned on metric `val_acc` which is not available. Available metrics are: loss,binary_accuracy,recall_5,auc_5,precision_5,val_loss,val_binary_accuracy,val_recall_5,val_auc_5,val_precision_5
2023-03-29 01:10:39,513 : [WARNING]  Early stopping conditioned on metric `val_acc` which is not available. Available metrics are: loss,binary_accuracy,recall_5,auc_5,precision_5,val_loss,val_binary_accuracy,val_recall_5,val_auc_5,val_precision_5
2023-03-29 01:10:40,001 : [WARNING]  Early stopping conditioned on metric `val_acc` which is not available. Available metrics are: loss,binary_accuracy,recall_5,auc_5,precision_5,val_loss,val_binary_accuracy,val_recall_5,val_auc_5,val_precision_5
2023-03-29 01:10:40,491 : [WARNING]  Early stopping conditioned on metric `val_acc` which is not available. Available metrics are: loss,binary_accuracy,recall_5,auc_5,precision_5,val_loss,val_binary_accuracy,val_recall_5,val_auc_5,val_precision_5
2023-03-29 01:10:40,496 : [INFO]  ------------------------- Batch round 2, loss: 0.4587 -------------------------
2023-03-29 01:10:40,496 : [INFO]  ------------------------- Batch 5, round 2: Sent local model to the server -------------------------
2023-03-29 01:10:40,503 : [INFO]  ------------------------- Received aggregated global model from the server -------------------------
2023-03-29 01:10:40,508 : [INFO]  ------------------------- Batch 5 training: round 3 -------------------------
2023-03-29 01:10:41,237 : [WARNING]  Early stopping conditioned on metric `val_acc` which is not available. Available metrics are: loss,binary_accuracy,recall_5,auc_5,precision_5,val_loss,val_binary_accuracy,val_recall_5,val_auc_5,val_precision_5
2023-03-29 01:10:41,745 : [WARNING]  Early stopping conditioned on metric `val_acc` which is not available. Available metrics are: loss,binary_accuracy,recall_5,auc_5,precision_5,val_loss,val_binary_accuracy,val_recall_5,val_auc_5,val_precision_5
2023-03-29 01:10:42,252 : [WARNING]  Early stopping conditioned on metric `val_acc` which is not available. Available metrics are: loss,binary_accuracy,recall_5,auc_5,precision_5,val_loss,val_binary_accuracy,val_recall_5,val_auc_5,val_precision_5
2023-03-29 01:10:42,986 : [WARNING]  Early stopping conditioned on metric `val_acc` which is not available. Available metrics are: loss,binary_accuracy,recall_5,auc_5,precision_5,val_loss,val_binary_accuracy,val_recall_5,val_auc_5,val_precision_5
2023-03-29 01:10:43,494 : [WARNING]  Early stopping conditioned on metric `val_acc` which is not available. Available metrics are: loss,binary_accuracy,recall_5,auc_5,precision_5,val_loss,val_binary_accuracy,val_recall_5,val_auc_5,val_precision_5
2023-03-29 01:10:44,003 : [WARNING]  Early stopping conditioned on metric `val_acc` which is not available. Available metrics are: loss,binary_accuracy,recall_5,auc_5,precision_5,val_loss,val_binary_accuracy,val_recall_5,val_auc_5,val_precision_5
2023-03-29 01:10:44,007 : [INFO]  ------------------------- Batch round 3, loss: 0.4991 -------------------------
2023-03-29 01:10:44,007 : [INFO]  ------------------------- Batch 5, round 3: Sent local model to the server -------------------------
2023-03-29 01:10:44,011 : [INFO]  ------------------------- Received aggregated global model from the server -------------------------
2023-03-29 01:10:44,015 : [INFO]  Batch number 5 model fetched from the server
2023-03-29 01:10:44,015 : [INFO]  ################ Batch 5: final global model evalution after 3 rounds ################
2023-03-29 01:10:50,294 : [INFO]  Batch 5: Training set : loss - 0.6227, accuracy - 0.7697, recall - 0.9389, AUC - 0.8819, F1 - 0.8033, precision - 0.7019, training time - -14.0 seconds
2023-03-29 01:10:50,294 : [INFO]  Batch 5: Testing set : loss - 0.5175, accuracy - 0.7714, recall - 0.8799, AUC - 0.8733, F1 - 0.7944, precision - 0.7241
2023-03-29 01:10:50,304 : [INFO]  Batch 6 initialized 
2023-03-29 01:10:51,357 : [INFO]  ------------------------- Batch 6 training: round 1 -------------------------
2023-03-29 01:10:54,378 : [WARNING]  Early stopping conditioned on metric `val_acc` which is not available. Available metrics are: loss,binary_accuracy,recall_6,auc_6,precision_6,val_loss,val_binary_accuracy,val_recall_6,val_auc_6,val_precision_6
2023-03-29 01:10:55,137 : [WARNING]  Early stopping conditioned on metric `val_acc` which is not available. Available metrics are: loss,binary_accuracy,recall_6,auc_6,precision_6,val_loss,val_binary_accuracy,val_recall_6,val_auc_6,val_precision_6
2023-03-29 01:10:55,804 : [WARNING]  Early stopping conditioned on metric `val_acc` which is not available. Available metrics are: loss,binary_accuracy,recall_6,auc_6,precision_6,val_loss,val_binary_accuracy,val_recall_6,val_auc_6,val_precision_6
2023-03-29 01:11:00,645 : [WARNING]  Early stopping conditioned on metric `val_acc` which is not available. Available metrics are: loss,binary_accuracy,recall_6,auc_6,precision_6,val_loss,val_binary_accuracy,val_recall_6,val_auc_6,val_precision_6
2023-03-29 01:11:01,145 : [WARNING]  Early stopping conditioned on metric `val_acc` which is not available. Available metrics are: loss,binary_accuracy,recall_6,auc_6,precision_6,val_loss,val_binary_accuracy,val_recall_6,val_auc_6,val_precision_6
2023-03-29 01:11:01,660 : [WARNING]  Early stopping conditioned on metric `val_acc` which is not available. Available metrics are: loss,binary_accuracy,recall_6,auc_6,precision_6,val_loss,val_binary_accuracy,val_recall_6,val_auc_6,val_precision_6
2023-03-29 01:11:01,664 : [INFO]  ------------------------- Batch round 1, loss: 0.342 -------------------------
2023-03-29 01:11:01,664 : [INFO]  ------------------------- Batch 6, round 1: Sent local model to the server -------------------------
2023-03-29 01:11:01,668 : [INFO]  ------------------------- Received aggregated global model from the server -------------------------
2023-03-29 01:11:01,672 : [INFO]  ------------------------- Batch 6 training: round 2 -------------------------
2023-03-29 01:11:02,429 : [WARNING]  Early stopping conditioned on metric `val_acc` which is not available. Available metrics are: loss,binary_accuracy,recall_6,auc_6,precision_6,val_loss,val_binary_accuracy,val_recall_6,val_auc_6,val_precision_6
2023-03-29 01:11:02,942 : [WARNING]  Early stopping conditioned on metric `val_acc` which is not available. Available metrics are: loss,binary_accuracy,recall_6,auc_6,precision_6,val_loss,val_binary_accuracy,val_recall_6,val_auc_6,val_precision_6
2023-03-29 01:11:03,450 : [WARNING]  Early stopping conditioned on metric `val_acc` which is not available. Available metrics are: loss,binary_accuracy,recall_6,auc_6,precision_6,val_loss,val_binary_accuracy,val_recall_6,val_auc_6,val_precision_6
2023-03-29 01:11:04,147 : [WARNING]  Early stopping conditioned on metric `val_acc` which is not available. Available metrics are: loss,binary_accuracy,recall_6,auc_6,precision_6,val_loss,val_binary_accuracy,val_recall_6,val_auc_6,val_precision_6
2023-03-29 01:11:04,685 : [WARNING]  Early stopping conditioned on metric `val_acc` which is not available. Available metrics are: loss,binary_accuracy,recall_6,auc_6,precision_6,val_loss,val_binary_accuracy,val_recall_6,val_auc_6,val_precision_6
2023-03-29 01:11:05,218 : [WARNING]  Early stopping conditioned on metric `val_acc` which is not available. Available metrics are: loss,binary_accuracy,recall_6,auc_6,precision_6,val_loss,val_binary_accuracy,val_recall_6,val_auc_6,val_precision_6
2023-03-29 01:11:05,221 : [INFO]  ------------------------- Batch round 2, loss: 0.6658 -------------------------
2023-03-29 01:11:05,222 : [INFO]  ------------------------- Batch 6, round 2: Sent local model to the server -------------------------
2023-03-29 01:11:05,226 : [INFO]  ------------------------- Received aggregated global model from the server -------------------------
2023-03-29 01:11:05,230 : [INFO]  ------------------------- Batch 6 training: round 3 -------------------------
2023-03-29 01:11:05,976 : [WARNING]  Early stopping conditioned on metric `val_acc` which is not available. Available metrics are: loss,binary_accuracy,recall_6,auc_6,precision_6,val_loss,val_binary_accuracy,val_recall_6,val_auc_6,val_precision_6
2023-03-29 01:11:06,523 : [WARNING]  Early stopping conditioned on metric `val_acc` which is not available. Available metrics are: loss,binary_accuracy,recall_6,auc_6,precision_6,val_loss,val_binary_accuracy,val_recall_6,val_auc_6,val_precision_6
2023-03-29 01:11:07,063 : [WARNING]  Early stopping conditioned on metric `val_acc` which is not available. Available metrics are: loss,binary_accuracy,recall_6,auc_6,precision_6,val_loss,val_binary_accuracy,val_recall_6,val_auc_6,val_precision_6
2023-03-29 01:11:07,822 : [WARNING]  Early stopping conditioned on metric `val_acc` which is not available. Available metrics are: loss,binary_accuracy,recall_6,auc_6,precision_6,val_loss,val_binary_accuracy,val_recall_6,val_auc_6,val_precision_6
2023-03-29 01:11:08,390 : [WARNING]  Early stopping conditioned on metric `val_acc` which is not available. Available metrics are: loss,binary_accuracy,recall_6,auc_6,precision_6,val_loss,val_binary_accuracy,val_recall_6,val_auc_6,val_precision_6
2023-03-29 01:11:08,923 : [WARNING]  Early stopping conditioned on metric `val_acc` which is not available. Available metrics are: loss,binary_accuracy,recall_6,auc_6,precision_6,val_loss,val_binary_accuracy,val_recall_6,val_auc_6,val_precision_6
2023-03-29 01:11:08,927 : [INFO]  ------------------------- Batch round 3, loss: 0.5789 -------------------------
2023-03-29 01:11:08,927 : [INFO]  ------------------------- Batch 6, round 3: Sent local model to the server -------------------------
2023-03-29 01:11:08,932 : [INFO]  ------------------------- Received aggregated global model from the server -------------------------
2023-03-29 01:11:08,936 : [INFO]  Batch number 6 model fetched from the server
2023-03-29 01:11:08,936 : [INFO]  ################ Batch 6: final global model evalution after 3 rounds ################
2023-03-29 01:11:14,857 : [INFO]  Batch 6: Training set : loss - 0.5264, accuracy - 0.7976, recall - 0.9008, AUC - 0.8664, F1 - 0.8175, precision - 0.7484, training time - -18.0 seconds
2023-03-29 01:11:14,857 : [INFO]  Batch 6: Testing set : loss - 0.5899, accuracy - 0.8199, recall - 0.9032, AUC - 0.8701, F1 - 0.8345, precision - 0.7756
2023-03-29 01:11:14,868 : [INFO]  Batch 7 initialized 
2023-03-29 01:11:15,899 : [INFO]  ------------------------- Batch 7 training: round 1 -------------------------
2023-03-29 01:11:18,867 : [WARNING]  Early stopping conditioned on metric `val_acc` which is not available. Available metrics are: loss,binary_accuracy,recall_7,auc_7,precision_7,val_loss,val_binary_accuracy,val_recall_7,val_auc_7,val_precision_7
2023-03-29 01:11:19,376 : [WARNING]  Early stopping conditioned on metric `val_acc` which is not available. Available metrics are: loss,binary_accuracy,recall_7,auc_7,precision_7,val_loss,val_binary_accuracy,val_recall_7,val_auc_7,val_precision_7
2023-03-29 01:11:19,885 : [WARNING]  Early stopping conditioned on metric `val_acc` which is not available. Available metrics are: loss,binary_accuracy,recall_7,auc_7,precision_7,val_loss,val_binary_accuracy,val_recall_7,val_auc_7,val_precision_7
2023-03-29 01:11:22,851 : [WARNING]  Early stopping conditioned on metric `val_acc` which is not available. Available metrics are: loss,binary_accuracy,recall_7,auc_7,precision_7,val_loss,val_binary_accuracy,val_recall_7,val_auc_7,val_precision_7
2023-03-29 01:11:23,352 : [WARNING]  Early stopping conditioned on metric `val_acc` which is not available. Available metrics are: loss,binary_accuracy,recall_7,auc_7,precision_7,val_loss,val_binary_accuracy,val_recall_7,val_auc_7,val_precision_7
2023-03-29 01:11:23,847 : [WARNING]  Early stopping conditioned on metric `val_acc` which is not available. Available metrics are: loss,binary_accuracy,recall_7,auc_7,precision_7,val_loss,val_binary_accuracy,val_recall_7,val_auc_7,val_precision_7
2023-03-29 01:11:23,852 : [INFO]  ------------------------- Batch round 1, loss: 0.4202 -------------------------
2023-03-29 01:11:23,852 : [INFO]  ------------------------- Batch 7, round 1: Sent local model to the server -------------------------
2023-03-29 01:11:23,859 : [INFO]  ------------------------- Received aggregated global model from the server -------------------------
2023-03-29 01:11:23,864 : [INFO]  ------------------------- Batch 7 training: round 2 -------------------------
2023-03-29 01:11:24,625 : [WARNING]  Early stopping conditioned on metric `val_acc` which is not available. Available metrics are: loss,binary_accuracy,recall_7,auc_7,precision_7,val_loss,val_binary_accuracy,val_recall_7,val_auc_7,val_precision_7
2023-03-29 01:11:25,195 : [WARNING]  Early stopping conditioned on metric `val_acc` which is not available. Available metrics are: loss,binary_accuracy,recall_7,auc_7,precision_7,val_loss,val_binary_accuracy,val_recall_7,val_auc_7,val_precision_7
2023-03-29 01:11:25,748 : [WARNING]  Early stopping conditioned on metric `val_acc` which is not available. Available metrics are: loss,binary_accuracy,recall_7,auc_7,precision_7,val_loss,val_binary_accuracy,val_recall_7,val_auc_7,val_precision_7
2023-03-29 01:11:26,505 : [WARNING]  Early stopping conditioned on metric `val_acc` which is not available. Available metrics are: loss,binary_accuracy,recall_7,auc_7,precision_7,val_loss,val_binary_accuracy,val_recall_7,val_auc_7,val_precision_7
2023-03-29 01:11:27,002 : [WARNING]  Early stopping conditioned on metric `val_acc` which is not available. Available metrics are: loss,binary_accuracy,recall_7,auc_7,precision_7,val_loss,val_binary_accuracy,val_recall_7,val_auc_7,val_precision_7
2023-03-29 01:11:27,519 : [WARNING]  Early stopping conditioned on metric `val_acc` which is not available. Available metrics are: loss,binary_accuracy,recall_7,auc_7,precision_7,val_loss,val_binary_accuracy,val_recall_7,val_auc_7,val_precision_7
2023-03-29 01:11:27,523 : [INFO]  ------------------------- Batch round 2, loss: 0.6085 -------------------------
2023-03-29 01:11:27,523 : [INFO]  ------------------------- Batch 7, round 2: Sent local model to the server -------------------------
2023-03-29 01:11:27,528 : [INFO]  ------------------------- Received aggregated global model from the server -------------------------
2023-03-29 01:11:27,532 : [INFO]  ------------------------- Batch 7 training: round 3 -------------------------
2023-03-29 01:11:28,265 : [WARNING]  Early stopping conditioned on metric `val_acc` which is not available. Available metrics are: loss,binary_accuracy,recall_7,auc_7,precision_7,val_loss,val_binary_accuracy,val_recall_7,val_auc_7,val_precision_7
2023-03-29 01:11:28,813 : [WARNING]  Early stopping conditioned on metric `val_acc` which is not available. Available metrics are: loss,binary_accuracy,recall_7,auc_7,precision_7,val_loss,val_binary_accuracy,val_recall_7,val_auc_7,val_precision_7
2023-03-29 01:11:29,353 : [WARNING]  Early stopping conditioned on metric `val_acc` which is not available. Available metrics are: loss,binary_accuracy,recall_7,auc_7,precision_7,val_loss,val_binary_accuracy,val_recall_7,val_auc_7,val_precision_7
2023-03-29 01:11:30,099 : [WARNING]  Early stopping conditioned on metric `val_acc` which is not available. Available metrics are: loss,binary_accuracy,recall_7,auc_7,precision_7,val_loss,val_binary_accuracy,val_recall_7,val_auc_7,val_precision_7
2023-03-29 01:11:30,608 : [WARNING]  Early stopping conditioned on metric `val_acc` which is not available. Available metrics are: loss,binary_accuracy,recall_7,auc_7,precision_7,val_loss,val_binary_accuracy,val_recall_7,val_auc_7,val_precision_7
2023-03-29 01:11:31,173 : [WARNING]  Early stopping conditioned on metric `val_acc` which is not available. Available metrics are: loss,binary_accuracy,recall_7,auc_7,precision_7,val_loss,val_binary_accuracy,val_recall_7,val_auc_7,val_precision_7
2023-03-29 01:11:31,176 : [INFO]  ------------------------- Batch round 3, loss: 0.4248 -------------------------
2023-03-29 01:11:31,176 : [INFO]  ------------------------- Batch 7, round 3: Sent local model to the server -------------------------
2023-03-29 01:11:31,181 : [INFO]  ------------------------- Received aggregated global model from the server -------------------------
2023-03-29 01:11:31,184 : [INFO]  Batch number 7 model fetched from the server
2023-03-29 01:11:31,184 : [INFO]  ################ Batch 7: final global model evalution after 3 rounds ################
2023-03-29 01:11:37,043 : [INFO]  Batch 7: Training set : loss - 0.6234, accuracy - 0.7765, recall - 0.8288, AUC - 0.8489, F1 - 0.7879, precision - 0.7508, training time - -15.0 seconds
2023-03-29 01:11:37,043 : [INFO]  Batch 7: Testing set : loss - 0.7546, accuracy - 0.7469, recall - 0.8664, AUC - 0.7814, F1 - 0.7738, precision - 0.6991
2023-03-29 01:11:37,054 : [INFO]  Batch 8 initialized 
2023-03-29 01:11:38,063 : [INFO]  ------------------------- Batch 8 training: round 1 -------------------------
2023-03-29 01:11:41,075 : [WARNING]  Early stopping conditioned on metric `val_acc` which is not available. Available metrics are: loss,binary_accuracy,recall_8,auc_8,precision_8,val_loss,val_binary_accuracy,val_recall_8,val_auc_8,val_precision_8
2023-03-29 01:11:41,608 : [WARNING]  Early stopping conditioned on metric `val_acc` which is not available. Available metrics are: loss,binary_accuracy,recall_8,auc_8,precision_8,val_loss,val_binary_accuracy,val_recall_8,val_auc_8,val_precision_8
2023-03-29 01:11:42,166 : [WARNING]  Early stopping conditioned on metric `val_acc` which is not available. Available metrics are: loss,binary_accuracy,recall_8,auc_8,precision_8,val_loss,val_binary_accuracy,val_recall_8,val_auc_8,val_precision_8
2023-03-29 01:11:45,413 : [WARNING]  Early stopping conditioned on metric `val_acc` which is not available. Available metrics are: loss,binary_accuracy,recall_8,auc_8,precision_8,val_loss,val_binary_accuracy,val_recall_8,val_auc_8,val_precision_8
2023-03-29 01:11:45,956 : [WARNING]  Early stopping conditioned on metric `val_acc` which is not available. Available metrics are: loss,binary_accuracy,recall_8,auc_8,precision_8,val_loss,val_binary_accuracy,val_recall_8,val_auc_8,val_precision_8
2023-03-29 01:11:46,488 : [WARNING]  Early stopping conditioned on metric `val_acc` which is not available. Available metrics are: loss,binary_accuracy,recall_8,auc_8,precision_8,val_loss,val_binary_accuracy,val_recall_8,val_auc_8,val_precision_8
2023-03-29 01:11:46,492 : [INFO]  ------------------------- Batch round 1, loss: 0.4762 -------------------------
2023-03-29 01:11:46,492 : [INFO]  ------------------------- Batch 8, round 1: Sent local model to the server -------------------------
2023-03-29 01:11:46,496 : [INFO]  ------------------------- Received aggregated global model from the server -------------------------
2023-03-29 01:11:46,499 : [INFO]  ------------------------- Batch 8 training: round 2 -------------------------
2023-03-29 01:11:47,232 : [WARNING]  Early stopping conditioned on metric `val_acc` which is not available. Available metrics are: loss,binary_accuracy,recall_8,auc_8,precision_8,val_loss,val_binary_accuracy,val_recall_8,val_auc_8,val_precision_8
2023-03-29 01:11:47,737 : [WARNING]  Early stopping conditioned on metric `val_acc` which is not available. Available metrics are: loss,binary_accuracy,recall_8,auc_8,precision_8,val_loss,val_binary_accuracy,val_recall_8,val_auc_8,val_precision_8
2023-03-29 01:11:48,256 : [WARNING]  Early stopping conditioned on metric `val_acc` which is not available. Available metrics are: loss,binary_accuracy,recall_8,auc_8,precision_8,val_loss,val_binary_accuracy,val_recall_8,val_auc_8,val_precision_8
2023-03-29 01:11:48,977 : [WARNING]  Early stopping conditioned on metric `val_acc` which is not available. Available metrics are: loss,binary_accuracy,recall_8,auc_8,precision_8,val_loss,val_binary_accuracy,val_recall_8,val_auc_8,val_precision_8
2023-03-29 01:11:49,451 : [WARNING]  Early stopping conditioned on metric `val_acc` which is not available. Available metrics are: loss,binary_accuracy,recall_8,auc_8,precision_8,val_loss,val_binary_accuracy,val_recall_8,val_auc_8,val_precision_8
2023-03-29 01:11:49,955 : [WARNING]  Early stopping conditioned on metric `val_acc` which is not available. Available metrics are: loss,binary_accuracy,recall_8,auc_8,precision_8,val_loss,val_binary_accuracy,val_recall_8,val_auc_8,val_precision_8
2023-03-29 01:11:49,958 : [INFO]  ------------------------- Batch round 2, loss: 0.3368 -------------------------
2023-03-29 01:11:49,958 : [INFO]  ------------------------- Batch 8, round 2: Sent local model to the server -------------------------
2023-03-29 01:11:49,967 : [INFO]  ------------------------- Received aggregated global model from the server -------------------------
2023-03-29 01:11:49,971 : [INFO]  ------------------------- Batch 8 training: round 3 -------------------------
2023-03-29 01:11:50,738 : [WARNING]  Early stopping conditioned on metric `val_acc` which is not available. Available metrics are: loss,binary_accuracy,recall_8,auc_8,precision_8,val_loss,val_binary_accuracy,val_recall_8,val_auc_8,val_precision_8
2023-03-29 01:11:51,300 : [WARNING]  Early stopping conditioned on metric `val_acc` which is not available. Available metrics are: loss,binary_accuracy,recall_8,auc_8,precision_8,val_loss,val_binary_accuracy,val_recall_8,val_auc_8,val_precision_8
2023-03-29 01:11:51,834 : [WARNING]  Early stopping conditioned on metric `val_acc` which is not available. Available metrics are: loss,binary_accuracy,recall_8,auc_8,precision_8,val_loss,val_binary_accuracy,val_recall_8,val_auc_8,val_precision_8
2023-03-29 01:11:52,584 : [WARNING]  Early stopping conditioned on metric `val_acc` which is not available. Available metrics are: loss,binary_accuracy,recall_8,auc_8,precision_8,val_loss,val_binary_accuracy,val_recall_8,val_auc_8,val_precision_8
2023-03-29 01:11:53,154 : [WARNING]  Early stopping conditioned on metric `val_acc` which is not available. Available metrics are: loss,binary_accuracy,recall_8,auc_8,precision_8,val_loss,val_binary_accuracy,val_recall_8,val_auc_8,val_precision_8
2023-03-29 01:11:53,693 : [WARNING]  Early stopping conditioned on metric `val_acc` which is not available. Available metrics are: loss,binary_accuracy,recall_8,auc_8,precision_8,val_loss,val_binary_accuracy,val_recall_8,val_auc_8,val_precision_8
2023-03-29 01:11:53,698 : [INFO]  ------------------------- Batch round 3, loss: 0.474 -------------------------
2023-03-29 01:11:53,698 : [INFO]  ------------------------- Batch 8, round 3: Sent local model to the server -------------------------
2023-03-29 01:11:53,706 : [INFO]  ------------------------- Received aggregated global model from the server -------------------------
2023-03-29 01:11:53,711 : [INFO]  Batch number 8 model fetched from the server
2023-03-29 01:11:53,711 : [INFO]  ################ Batch 8: final global model evalution after 3 rounds ################
2023-03-29 01:11:59,419 : [INFO]  Batch 8: Training set : loss - 0.5324, accuracy - 0.7745, recall - 0.947, AUC - 0.8663, F1 - 0.8077, precision - 0.7041, training time - -16.0 seconds
2023-03-29 01:11:59,419 : [INFO]  Batch 8: Testing set : loss - 0.6091, accuracy - 0.7451, recall - 0.8885, AUC - 0.8166, F1 - 0.7771, precision - 0.6905
2023-03-29 01:11:59,429 : [INFO]  Batch 9 initialized 
2023-03-29 01:12:00,570 : [INFO]  ------------------------- Batch 9 training: round 1 -------------------------
2023-03-29 01:12:03,492 : [WARNING]  Early stopping conditioned on metric `val_acc` which is not available. Available metrics are: loss,binary_accuracy,recall_9,auc_9,precision_9,val_loss,val_binary_accuracy,val_recall_9,val_auc_9,val_precision_9
2023-03-29 01:12:03,987 : [WARNING]  Early stopping conditioned on metric `val_acc` which is not available. Available metrics are: loss,binary_accuracy,recall_9,auc_9,precision_9,val_loss,val_binary_accuracy,val_recall_9,val_auc_9,val_precision_9
2023-03-29 01:12:04,580 : [WARNING]  Early stopping conditioned on metric `val_acc` which is not available. Available metrics are: loss,binary_accuracy,recall_9,auc_9,precision_9,val_loss,val_binary_accuracy,val_recall_9,val_auc_9,val_precision_9
2023-03-29 01:12:07,799 : [WARNING]  Early stopping conditioned on metric `val_acc` which is not available. Available metrics are: loss,binary_accuracy,recall_9,auc_9,precision_9,val_loss,val_binary_accuracy,val_recall_9,val_auc_9,val_precision_9
2023-03-29 01:12:08,322 : [WARNING]  Early stopping conditioned on metric `val_acc` which is not available. Available metrics are: loss,binary_accuracy,recall_9,auc_9,precision_9,val_loss,val_binary_accuracy,val_recall_9,val_auc_9,val_precision_9
2023-03-29 01:12:08,913 : [WARNING]  Early stopping conditioned on metric `val_acc` which is not available. Available metrics are: loss,binary_accuracy,recall_9,auc_9,precision_9,val_loss,val_binary_accuracy,val_recall_9,val_auc_9,val_precision_9
2023-03-29 01:12:08,919 : [INFO]  ------------------------- Batch round 1, loss: 0.5038 -------------------------
2023-03-29 01:12:08,919 : [INFO]  ------------------------- Batch 9, round 1: Sent local model to the server -------------------------
2023-03-29 01:12:08,924 : [INFO]  ------------------------- Received aggregated global model from the server -------------------------
2023-03-29 01:12:08,928 : [INFO]  ------------------------- Batch 9 training: round 2 -------------------------
2023-03-29 01:12:09,761 : [WARNING]  Early stopping conditioned on metric `val_acc` which is not available. Available metrics are: loss,binary_accuracy,recall_9,auc_9,precision_9,val_loss,val_binary_accuracy,val_recall_9,val_auc_9,val_precision_9
2023-03-29 01:12:10,286 : [WARNING]  Early stopping conditioned on metric `val_acc` which is not available. Available metrics are: loss,binary_accuracy,recall_9,auc_9,precision_9,val_loss,val_binary_accuracy,val_recall_9,val_auc_9,val_precision_9
2023-03-29 01:12:11,122 : [WARNING]  Early stopping conditioned on metric `val_acc` which is not available. Available metrics are: loss,binary_accuracy,recall_9,auc_9,precision_9,val_loss,val_binary_accuracy,val_recall_9,val_auc_9,val_precision_9
2023-03-29 01:12:13,372 : [WARNING]  Early stopping conditioned on metric `val_acc` which is not available. Available metrics are: loss,binary_accuracy,recall_9,auc_9,precision_9,val_loss,val_binary_accuracy,val_recall_9,val_auc_9,val_precision_9
2023-03-29 01:12:14,676 : [WARNING]  Early stopping conditioned on metric `val_acc` which is not available. Available metrics are: loss,binary_accuracy,recall_9,auc_9,precision_9,val_loss,val_binary_accuracy,val_recall_9,val_auc_9,val_precision_9
2023-03-29 01:12:15,462 : [WARNING]  Early stopping conditioned on metric `val_acc` which is not available. Available metrics are: loss,binary_accuracy,recall_9,auc_9,precision_9,val_loss,val_binary_accuracy,val_recall_9,val_auc_9,val_precision_9
2023-03-29 01:12:15,469 : [INFO]  ------------------------- Batch round 2, loss: 0.6775 -------------------------
2023-03-29 01:12:15,469 : [INFO]  ------------------------- Batch 9, round 2: Sent local model to the server -------------------------
2023-03-29 01:12:15,475 : [INFO]  ------------------------- Received aggregated global model from the server -------------------------
2023-03-29 01:12:15,479 : [INFO]  ------------------------- Batch 9 training: round 3 -------------------------
2023-03-29 01:12:16,245 : [WARNING]  Early stopping conditioned on metric `val_acc` which is not available. Available metrics are: loss,binary_accuracy,recall_9,auc_9,precision_9,val_loss,val_binary_accuracy,val_recall_9,val_auc_9,val_precision_9
2023-03-29 01:12:16,792 : [WARNING]  Early stopping conditioned on metric `val_acc` which is not available. Available metrics are: loss,binary_accuracy,recall_9,auc_9,precision_9,val_loss,val_binary_accuracy,val_recall_9,val_auc_9,val_precision_9
2023-03-29 01:12:17,303 : [WARNING]  Early stopping conditioned on metric `val_acc` which is not available. Available metrics are: loss,binary_accuracy,recall_9,auc_9,precision_9,val_loss,val_binary_accuracy,val_recall_9,val_auc_9,val_precision_9
2023-03-29 01:12:18,046 : [WARNING]  Early stopping conditioned on metric `val_acc` which is not available. Available metrics are: loss,binary_accuracy,recall_9,auc_9,precision_9,val_loss,val_binary_accuracy,val_recall_9,val_auc_9,val_precision_9
2023-03-29 01:12:18,632 : [WARNING]  Early stopping conditioned on metric `val_acc` which is not available. Available metrics are: loss,binary_accuracy,recall_9,auc_9,precision_9,val_loss,val_binary_accuracy,val_recall_9,val_auc_9,val_precision_9
2023-03-29 01:12:19,191 : [WARNING]  Early stopping conditioned on metric `val_acc` which is not available. Available metrics are: loss,binary_accuracy,recall_9,auc_9,precision_9,val_loss,val_binary_accuracy,val_recall_9,val_auc_9,val_precision_9
2023-03-29 01:12:19,195 : [INFO]  ------------------------- Batch round 3, loss: 0.4217 -------------------------
2023-03-29 01:12:19,195 : [INFO]  ------------------------- Batch 9, round 3: Sent local model to the server -------------------------
2023-03-29 01:12:19,200 : [INFO]  ------------------------- Received aggregated global model from the server -------------------------
2023-03-29 01:12:19,204 : [INFO]  Batch number 9 model fetched from the server
2023-03-29 01:12:19,204 : [INFO]  ################ Batch 9: final global model evalution after 3 rounds ################
2023-03-29 01:12:25,302 : [INFO]  Batch 9: Training set : loss - 0.5237, accuracy - 0.8159, recall - 0.9158, AUC - 0.8644, F1 - 0.8329, precision - 0.7637, training time - -19.0 seconds
2023-03-29 01:12:25,302 : [INFO]  Batch 9: Testing set : loss - 0.4998, accuracy - 0.8174, recall - 0.9191, AUC - 0.8669, F1 - 0.8343, precision - 0.7638
2023-03-29 01:12:25,312 : [INFO]  Batch 10 initialized 
2023-03-29 01:12:26,716 : [INFO]  ------------------------- Batch 10 training: round 1 -------------------------
2023-03-29 01:12:30,636 : [WARNING]  Early stopping conditioned on metric `val_acc` which is not available. Available metrics are: loss,binary_accuracy,recall_10,auc_10,precision_10,val_loss,val_binary_accuracy,val_recall_10,val_auc_10,val_precision_10
2023-03-29 01:12:31,131 : [WARNING]  Early stopping conditioned on metric `val_acc` which is not available. Available metrics are: loss,binary_accuracy,recall_10,auc_10,precision_10,val_loss,val_binary_accuracy,val_recall_10,val_auc_10,val_precision_10
2023-03-29 01:12:31,630 : [WARNING]  Early stopping conditioned on metric `val_acc` which is not available. Available metrics are: loss,binary_accuracy,recall_10,auc_10,precision_10,val_loss,val_binary_accuracy,val_recall_10,val_auc_10,val_precision_10
2023-03-29 01:12:34,534 : [WARNING]  Early stopping conditioned on metric `val_acc` which is not available. Available metrics are: loss,binary_accuracy,recall_10,auc_10,precision_10,val_loss,val_binary_accuracy,val_recall_10,val_auc_10,val_precision_10
2023-03-29 01:12:35,004 : [WARNING]  Early stopping conditioned on metric `val_acc` which is not available. Available metrics are: loss,binary_accuracy,recall_10,auc_10,precision_10,val_loss,val_binary_accuracy,val_recall_10,val_auc_10,val_precision_10
2023-03-29 01:12:35,482 : [WARNING]  Early stopping conditioned on metric `val_acc` which is not available. Available metrics are: loss,binary_accuracy,recall_10,auc_10,precision_10,val_loss,val_binary_accuracy,val_recall_10,val_auc_10,val_precision_10
2023-03-29 01:12:35,487 : [INFO]  ------------------------- Batch round 1, loss: 0.5339 -------------------------
2023-03-29 01:12:35,487 : [INFO]  ------------------------- Batch 10, round 1: Sent local model to the server -------------------------
2023-03-29 01:12:35,495 : [INFO]  ------------------------- Received aggregated global model from the server -------------------------
2023-03-29 01:12:35,500 : [INFO]  ------------------------- Batch 10 training: round 2 -------------------------
2023-03-29 01:12:36,204 : [WARNING]  Early stopping conditioned on metric `val_acc` which is not available. Available metrics are: loss,binary_accuracy,recall_10,auc_10,precision_10,val_loss,val_binary_accuracy,val_recall_10,val_auc_10,val_precision_10
2023-03-29 01:12:36,700 : [WARNING]  Early stopping conditioned on metric `val_acc` which is not available. Available metrics are: loss,binary_accuracy,recall_10,auc_10,precision_10,val_loss,val_binary_accuracy,val_recall_10,val_auc_10,val_precision_10
2023-03-29 01:12:37,203 : [WARNING]  Early stopping conditioned on metric `val_acc` which is not available. Available metrics are: loss,binary_accuracy,recall_10,auc_10,precision_10,val_loss,val_binary_accuracy,val_recall_10,val_auc_10,val_precision_10
2023-03-29 01:12:37,916 : [WARNING]  Early stopping conditioned on metric `val_acc` which is not available. Available metrics are: loss,binary_accuracy,recall_10,auc_10,precision_10,val_loss,val_binary_accuracy,val_recall_10,val_auc_10,val_precision_10
2023-03-29 01:12:38,439 : [WARNING]  Early stopping conditioned on metric `val_acc` which is not available. Available metrics are: loss,binary_accuracy,recall_10,auc_10,precision_10,val_loss,val_binary_accuracy,val_recall_10,val_auc_10,val_precision_10
2023-03-29 01:12:38,967 : [WARNING]  Early stopping conditioned on metric `val_acc` which is not available. Available metrics are: loss,binary_accuracy,recall_10,auc_10,precision_10,val_loss,val_binary_accuracy,val_recall_10,val_auc_10,val_precision_10
2023-03-29 01:12:38,971 : [INFO]  ------------------------- Batch round 2, loss: 0.6885 -------------------------
2023-03-29 01:12:38,971 : [INFO]  ------------------------- Batch 10, round 2: Sent local model to the server -------------------------
2023-03-29 01:12:38,976 : [INFO]  ------------------------- Received aggregated global model from the server -------------------------
2023-03-29 01:12:38,979 : [INFO]  ------------------------- Batch 10 training: round 3 -------------------------
2023-03-29 01:12:39,678 : [WARNING]  Early stopping conditioned on metric `val_acc` which is not available. Available metrics are: loss,binary_accuracy,recall_10,auc_10,precision_10,val_loss,val_binary_accuracy,val_recall_10,val_auc_10,val_precision_10
2023-03-29 01:12:40,168 : [WARNING]  Early stopping conditioned on metric `val_acc` which is not available. Available metrics are: loss,binary_accuracy,recall_10,auc_10,precision_10,val_loss,val_binary_accuracy,val_recall_10,val_auc_10,val_precision_10
2023-03-29 01:12:40,665 : [WARNING]  Early stopping conditioned on metric `val_acc` which is not available. Available metrics are: loss,binary_accuracy,recall_10,auc_10,precision_10,val_loss,val_binary_accuracy,val_recall_10,val_auc_10,val_precision_10
2023-03-29 01:12:41,370 : [WARNING]  Early stopping conditioned on metric `val_acc` which is not available. Available metrics are: loss,binary_accuracy,recall_10,auc_10,precision_10,val_loss,val_binary_accuracy,val_recall_10,val_auc_10,val_precision_10
2023-03-29 01:12:41,880 : [WARNING]  Early stopping conditioned on metric `val_acc` which is not available. Available metrics are: loss,binary_accuracy,recall_10,auc_10,precision_10,val_loss,val_binary_accuracy,val_recall_10,val_auc_10,val_precision_10
2023-03-29 01:12:42,418 : [WARNING]  Early stopping conditioned on metric `val_acc` which is not available. Available metrics are: loss,binary_accuracy,recall_10,auc_10,precision_10,val_loss,val_binary_accuracy,val_recall_10,val_auc_10,val_precision_10
2023-03-29 01:12:42,422 : [INFO]  ------------------------- Batch round 3, loss: 0.3629 -------------------------
2023-03-29 01:12:42,422 : [INFO]  ------------------------- Batch 10, round 3: Sent local model to the server -------------------------
2023-03-29 01:12:42,426 : [INFO]  ------------------------- Received aggregated global model from the server -------------------------
2023-03-29 01:12:42,430 : [INFO]  Batch number 10 model fetched from the server
2023-03-29 01:12:42,430 : [INFO]  ################ Batch 10: final global model evalution after 3 rounds ################
2023-03-29 01:12:48,333 : [INFO]  Batch 10: Training set : loss - 0.6456, accuracy - 0.7745, recall - 0.9171, AUC - 0.8457, F1 - 0.8026, precision - 0.7136, training time - -16.0 seconds
2023-03-29 01:12:48,333 : [INFO]  Batch 10: Testing set : loss - 0.5818, accuracy - 0.8021, recall - 0.9154, AUC - 0.8856, F1 - 0.8226, precision - 0.7469
2023-03-29 01:12:48,344 : [INFO]  Batch 11 initialized 
2023-03-29 01:12:49,508 : [INFO]  ------------------------- Batch 11 training: round 1 -------------------------
2023-03-29 01:12:52,535 : [WARNING]  Early stopping conditioned on metric `val_acc` which is not available. Available metrics are: loss,binary_accuracy,recall_11,auc_11,precision_11,val_loss,val_binary_accuracy,val_recall_11,val_auc_11,val_precision_11
2023-03-29 01:12:53,076 : [WARNING]  Early stopping conditioned on metric `val_acc` which is not available. Available metrics are: loss,binary_accuracy,recall_11,auc_11,precision_11,val_loss,val_binary_accuracy,val_recall_11,val_auc_11,val_precision_11
2023-03-29 01:12:53,601 : [WARNING]  Early stopping conditioned on metric `val_acc` which is not available. Available metrics are: loss,binary_accuracy,recall_11,auc_11,precision_11,val_loss,val_binary_accuracy,val_recall_11,val_auc_11,val_precision_11
2023-03-29 01:12:56,527 : [WARNING]  Early stopping conditioned on metric `val_acc` which is not available. Available metrics are: loss,binary_accuracy,recall_11,auc_11,precision_11,val_loss,val_binary_accuracy,val_recall_11,val_auc_11,val_precision_11
2023-03-29 01:12:57,084 : [WARNING]  Early stopping conditioned on metric `val_acc` which is not available. Available metrics are: loss,binary_accuracy,recall_11,auc_11,precision_11,val_loss,val_binary_accuracy,val_recall_11,val_auc_11,val_precision_11
2023-03-29 01:12:57,595 : [WARNING]  Early stopping conditioned on metric `val_acc` which is not available. Available metrics are: loss,binary_accuracy,recall_11,auc_11,precision_11,val_loss,val_binary_accuracy,val_recall_11,val_auc_11,val_precision_11
2023-03-29 01:12:57,599 : [INFO]  ------------------------- Batch round 1, loss: 0.5647 -------------------------
2023-03-29 01:12:57,599 : [INFO]  ------------------------- Batch 11, round 1: Sent local model to the server -------------------------
2023-03-29 01:12:57,604 : [INFO]  ------------------------- Received aggregated global model from the server -------------------------
2023-03-29 01:12:57,607 : [INFO]  ------------------------- Batch 11 training: round 2 -------------------------
2023-03-29 01:12:58,348 : [WARNING]  Early stopping conditioned on metric `val_acc` which is not available. Available metrics are: loss,binary_accuracy,recall_11,auc_11,precision_11,val_loss,val_binary_accuracy,val_recall_11,val_auc_11,val_precision_11
2023-03-29 01:12:58,871 : [WARNING]  Early stopping conditioned on metric `val_acc` which is not available. Available metrics are: loss,binary_accuracy,recall_11,auc_11,precision_11,val_loss,val_binary_accuracy,val_recall_11,val_auc_11,val_precision_11
2023-03-29 01:12:59,376 : [WARNING]  Early stopping conditioned on metric `val_acc` which is not available. Available metrics are: loss,binary_accuracy,recall_11,auc_11,precision_11,val_loss,val_binary_accuracy,val_recall_11,val_auc_11,val_precision_11
2023-03-29 01:13:00,082 : [WARNING]  Early stopping conditioned on metric `val_acc` which is not available. Available metrics are: loss,binary_accuracy,recall_11,auc_11,precision_11,val_loss,val_binary_accuracy,val_recall_11,val_auc_11,val_precision_11
2023-03-29 01:13:00,597 : [WARNING]  Early stopping conditioned on metric `val_acc` which is not available. Available metrics are: loss,binary_accuracy,recall_11,auc_11,precision_11,val_loss,val_binary_accuracy,val_recall_11,val_auc_11,val_precision_11
2023-03-29 01:13:01,136 : [WARNING]  Early stopping conditioned on metric `val_acc` which is not available. Available metrics are: loss,binary_accuracy,recall_11,auc_11,precision_11,val_loss,val_binary_accuracy,val_recall_11,val_auc_11,val_precision_11
2023-03-29 01:13:01,140 : [INFO]  ------------------------- Batch round 2, loss: 0.4252 -------------------------
2023-03-29 01:13:01,140 : [INFO]  ------------------------- Batch 11, round 2: Sent local model to the server -------------------------
2023-03-29 01:13:01,145 : [INFO]  ------------------------- Received aggregated global model from the server -------------------------
2023-03-29 01:13:01,148 : [INFO]  ------------------------- Batch 11 training: round 3 -------------------------
2023-03-29 01:13:01,857 : [WARNING]  Early stopping conditioned on metric `val_acc` which is not available. Available metrics are: loss,binary_accuracy,recall_11,auc_11,precision_11,val_loss,val_binary_accuracy,val_recall_11,val_auc_11,val_precision_11
2023-03-29 01:13:02,368 : [WARNING]  Early stopping conditioned on metric `val_acc` which is not available. Available metrics are: loss,binary_accuracy,recall_11,auc_11,precision_11,val_loss,val_binary_accuracy,val_recall_11,val_auc_11,val_precision_11
2023-03-29 01:13:02,861 : [WARNING]  Early stopping conditioned on metric `val_acc` which is not available. Available metrics are: loss,binary_accuracy,recall_11,auc_11,precision_11,val_loss,val_binary_accuracy,val_recall_11,val_auc_11,val_precision_11
2023-03-29 01:13:03,637 : [WARNING]  Early stopping conditioned on metric `val_acc` which is not available. Available metrics are: loss,binary_accuracy,recall_11,auc_11,precision_11,val_loss,val_binary_accuracy,val_recall_11,val_auc_11,val_precision_11
2023-03-29 01:13:04,143 : [WARNING]  Early stopping conditioned on metric `val_acc` which is not available. Available metrics are: loss,binary_accuracy,recall_11,auc_11,precision_11,val_loss,val_binary_accuracy,val_recall_11,val_auc_11,val_precision_11
2023-03-29 01:13:04,656 : [WARNING]  Early stopping conditioned on metric `val_acc` which is not available. Available metrics are: loss,binary_accuracy,recall_11,auc_11,precision_11,val_loss,val_binary_accuracy,val_recall_11,val_auc_11,val_precision_11
2023-03-29 01:13:04,660 : [INFO]  ------------------------- Batch round 3, loss: 0.4731 -------------------------
2023-03-29 01:13:04,660 : [INFO]  ------------------------- Batch 11, round 3: Sent local model to the server -------------------------
2023-03-29 01:13:04,665 : [INFO]  ------------------------- Received aggregated global model from the server -------------------------
2023-03-29 01:13:04,669 : [INFO]  Batch number 11 model fetched from the server
2023-03-29 01:13:04,669 : [INFO]  ################ Batch 11: final global model evalution after 3 rounds ################
2023-03-29 01:13:10,372 : [INFO]  Batch 11: Training set : loss - 0.5654, accuracy - 0.767, recall - 0.9226, AUC - 0.8422, F1 - 0.7983, precision - 0.7035, training time - -15.0 seconds
2023-03-29 01:13:10,372 : [INFO]  Batch 11: Testing set : loss - 0.6168, accuracy - 0.7776, recall - 0.9069, AUC - 0.8427, F1 - 0.8031, precision - 0.7206
2023-03-29 01:13:10,383 : [INFO]  Batch 12 initialized 
2023-03-29 01:13:11,467 : [INFO]  ------------------------- Batch 12 training: round 1 -------------------------
2023-03-29 01:13:14,310 : [WARNING]  Early stopping conditioned on metric `val_acc` which is not available. Available metrics are: loss,binary_accuracy,recall_12,auc_12,precision_12,val_loss,val_binary_accuracy,val_recall_12,val_auc_12,val_precision_12
2023-03-29 01:13:14,806 : [WARNING]  Early stopping conditioned on metric `val_acc` which is not available. Available metrics are: loss,binary_accuracy,recall_12,auc_12,precision_12,val_loss,val_binary_accuracy,val_recall_12,val_auc_12,val_precision_12
2023-03-29 01:13:15,331 : [WARNING]  Early stopping conditioned on metric `val_acc` which is not available. Available metrics are: loss,binary_accuracy,recall_12,auc_12,precision_12,val_loss,val_binary_accuracy,val_recall_12,val_auc_12,val_precision_12
2023-03-29 01:13:18,212 : [WARNING]  Early stopping conditioned on metric `val_acc` which is not available. Available metrics are: loss,binary_accuracy,recall_12,auc_12,precision_12,val_loss,val_binary_accuracy,val_recall_12,val_auc_12,val_precision_12
2023-03-29 01:13:18,733 : [WARNING]  Early stopping conditioned on metric `val_acc` which is not available. Available metrics are: loss,binary_accuracy,recall_12,auc_12,precision_12,val_loss,val_binary_accuracy,val_recall_12,val_auc_12,val_precision_12
2023-03-29 01:13:19,284 : [WARNING]  Early stopping conditioned on metric `val_acc` which is not available. Available metrics are: loss,binary_accuracy,recall_12,auc_12,precision_12,val_loss,val_binary_accuracy,val_recall_12,val_auc_12,val_precision_12
2023-03-29 01:13:19,289 : [INFO]  ------------------------- Batch round 1, loss: 0.5722 -------------------------
2023-03-29 01:13:19,290 : [INFO]  ------------------------- Batch 12, round 1: Sent local model to the server -------------------------
2023-03-29 01:13:19,297 : [INFO]  ------------------------- Received aggregated global model from the server -------------------------
2023-03-29 01:13:19,302 : [INFO]  ------------------------- Batch 12 training: round 2 -------------------------
2023-03-29 01:13:20,061 : [WARNING]  Early stopping conditioned on metric `val_acc` which is not available. Available metrics are: loss,binary_accuracy,recall_12,auc_12,precision_12,val_loss,val_binary_accuracy,val_recall_12,val_auc_12,val_precision_12
2023-03-29 01:13:20,596 : [WARNING]  Early stopping conditioned on metric `val_acc` which is not available. Available metrics are: loss,binary_accuracy,recall_12,auc_12,precision_12,val_loss,val_binary_accuracy,val_recall_12,val_auc_12,val_precision_12
2023-03-29 01:13:21,099 : [WARNING]  Early stopping conditioned on metric `val_acc` which is not available. Available metrics are: loss,binary_accuracy,recall_12,auc_12,precision_12,val_loss,val_binary_accuracy,val_recall_12,val_auc_12,val_precision_12
2023-03-29 01:13:21,822 : [WARNING]  Early stopping conditioned on metric `val_acc` which is not available. Available metrics are: loss,binary_accuracy,recall_12,auc_12,precision_12,val_loss,val_binary_accuracy,val_recall_12,val_auc_12,val_precision_12
2023-03-29 01:13:22,333 : [WARNING]  Early stopping conditioned on metric `val_acc` which is not available. Available metrics are: loss,binary_accuracy,recall_12,auc_12,precision_12,val_loss,val_binary_accuracy,val_recall_12,val_auc_12,val_precision_12
2023-03-29 01:13:22,850 : [WARNING]  Early stopping conditioned on metric `val_acc` which is not available. Available metrics are: loss,binary_accuracy,recall_12,auc_12,precision_12,val_loss,val_binary_accuracy,val_recall_12,val_auc_12,val_precision_12
2023-03-29 01:13:22,854 : [INFO]  ------------------------- Batch round 2, loss: 0.7901 -------------------------
2023-03-29 01:13:22,854 : [INFO]  ------------------------- Batch 12, round 2: Sent local model to the server -------------------------
2023-03-29 01:13:22,859 : [INFO]  ------------------------- Received aggregated global model from the server -------------------------
2023-03-29 01:13:22,862 : [INFO]  ------------------------- Batch 12 training: round 3 -------------------------
2023-03-29 01:13:23,606 : [WARNING]  Early stopping conditioned on metric `val_acc` which is not available. Available metrics are: loss,binary_accuracy,recall_12,auc_12,precision_12,val_loss,val_binary_accuracy,val_recall_12,val_auc_12,val_precision_12
2023-03-29 01:13:24,103 : [WARNING]  Early stopping conditioned on metric `val_acc` which is not available. Available metrics are: loss,binary_accuracy,recall_12,auc_12,precision_12,val_loss,val_binary_accuracy,val_recall_12,val_auc_12,val_precision_12
2023-03-29 01:13:24,661 : [WARNING]  Early stopping conditioned on metric `val_acc` which is not available. Available metrics are: loss,binary_accuracy,recall_12,auc_12,precision_12,val_loss,val_binary_accuracy,val_recall_12,val_auc_12,val_precision_12
2023-03-29 01:13:25,410 : [WARNING]  Early stopping conditioned on metric `val_acc` which is not available. Available metrics are: loss,binary_accuracy,recall_12,auc_12,precision_12,val_loss,val_binary_accuracy,val_recall_12,val_auc_12,val_precision_12
2023-03-29 01:13:25,947 : [WARNING]  Early stopping conditioned on metric `val_acc` which is not available. Available metrics are: loss,binary_accuracy,recall_12,auc_12,precision_12,val_loss,val_binary_accuracy,val_recall_12,val_auc_12,val_precision_12
2023-03-29 01:13:26,463 : [WARNING]  Early stopping conditioned on metric `val_acc` which is not available. Available metrics are: loss,binary_accuracy,recall_12,auc_12,precision_12,val_loss,val_binary_accuracy,val_recall_12,val_auc_12,val_precision_12
2023-03-29 01:13:26,467 : [INFO]  ------------------------- Batch round 3, loss: 0.6678 -------------------------
2023-03-29 01:13:26,467 : [INFO]  ------------------------- Batch 12, round 3: Sent local model to the server -------------------------
2023-03-29 01:13:26,472 : [INFO]  ------------------------- Received aggregated global model from the server -------------------------
2023-03-29 01:13:26,476 : [INFO]  Batch number 12 model fetched from the server
2023-03-29 01:13:26,476 : [INFO]  ################ Batch 12: final global model evalution after 3 rounds ################
2023-03-29 01:13:32,729 : [INFO]  Batch 12: Training set : loss - 0.7314, accuracy - 0.7208, recall - 0.8519, AUC - 0.7904, F1 - 0.7535, precision - 0.6754, training time - -15.0 seconds
2023-03-29 01:13:32,729 : [INFO]  Batch 12: Testing set : loss - 0.5181, accuracy - 0.8082, recall - 0.9044, AUC - 0.877, F1 - 0.8267, precision - 0.7613
2023-03-29 01:13:32,739 : [INFO]  Batch 13 initialized 
2023-03-29 01:13:34,235 : [INFO]  ------------------------- Batch 13 training: round 1 -------------------------
2023-03-29 01:13:37,822 : [WARNING]  Early stopping conditioned on metric `val_acc` which is not available. Available metrics are: loss,binary_accuracy,recall_13,auc_13,precision_13,val_loss,val_binary_accuracy,val_recall_13,val_auc_13,val_precision_13
2023-03-29 01:13:38,505 : [WARNING]  Early stopping conditioned on metric `val_acc` which is not available. Available metrics are: loss,binary_accuracy,recall_13,auc_13,precision_13,val_loss,val_binary_accuracy,val_recall_13,val_auc_13,val_precision_13
2023-03-29 01:13:39,112 : [WARNING]  Early stopping conditioned on metric `val_acc` which is not available. Available metrics are: loss,binary_accuracy,recall_13,auc_13,precision_13,val_loss,val_binary_accuracy,val_recall_13,val_auc_13,val_precision_13
2023-03-29 01:13:43,243 : [WARNING]  Early stopping conditioned on metric `val_acc` which is not available. Available metrics are: loss,binary_accuracy,recall_13,auc_13,precision_13,val_loss,val_binary_accuracy,val_recall_13,val_auc_13,val_precision_13
2023-03-29 01:13:43,769 : [WARNING]  Early stopping conditioned on metric `val_acc` which is not available. Available metrics are: loss,binary_accuracy,recall_13,auc_13,precision_13,val_loss,val_binary_accuracy,val_recall_13,val_auc_13,val_precision_13
2023-03-29 01:13:44,365 : [WARNING]  Early stopping conditioned on metric `val_acc` which is not available. Available metrics are: loss,binary_accuracy,recall_13,auc_13,precision_13,val_loss,val_binary_accuracy,val_recall_13,val_auc_13,val_precision_13
2023-03-29 01:13:44,369 : [INFO]  ------------------------- Batch round 1, loss: 0.6217 -------------------------
2023-03-29 01:13:44,369 : [INFO]  ------------------------- Batch 13, round 1: Sent local model to the server -------------------------
2023-03-29 01:13:44,374 : [INFO]  ------------------------- Received aggregated global model from the server -------------------------
2023-03-29 01:13:44,377 : [INFO]  ------------------------- Batch 13 training: round 2 -------------------------
2023-03-29 01:13:45,161 : [WARNING]  Early stopping conditioned on metric `val_acc` which is not available. Available metrics are: loss,binary_accuracy,recall_13,auc_13,precision_13,val_loss,val_binary_accuracy,val_recall_13,val_auc_13,val_precision_13
2023-03-29 01:13:45,689 : [WARNING]  Early stopping conditioned on metric `val_acc` which is not available. Available metrics are: loss,binary_accuracy,recall_13,auc_13,precision_13,val_loss,val_binary_accuracy,val_recall_13,val_auc_13,val_precision_13
2023-03-29 01:13:46,180 : [WARNING]  Early stopping conditioned on metric `val_acc` which is not available. Available metrics are: loss,binary_accuracy,recall_13,auc_13,precision_13,val_loss,val_binary_accuracy,val_recall_13,val_auc_13,val_precision_13
2023-03-29 01:13:46,876 : [WARNING]  Early stopping conditioned on metric `val_acc` which is not available. Available metrics are: loss,binary_accuracy,recall_13,auc_13,precision_13,val_loss,val_binary_accuracy,val_recall_13,val_auc_13,val_precision_13
2023-03-29 01:13:47,507 : [WARNING]  Early stopping conditioned on metric `val_acc` which is not available. Available metrics are: loss,binary_accuracy,recall_13,auc_13,precision_13,val_loss,val_binary_accuracy,val_recall_13,val_auc_13,val_precision_13
2023-03-29 01:13:48,235 : [WARNING]  Early stopping conditioned on metric `val_acc` which is not available. Available metrics are: loss,binary_accuracy,recall_13,auc_13,precision_13,val_loss,val_binary_accuracy,val_recall_13,val_auc_13,val_precision_13
2023-03-29 01:13:48,242 : [INFO]  ------------------------- Batch round 2, loss: 0.4744 -------------------------
2023-03-29 01:13:48,243 : [INFO]  ------------------------- Batch 13, round 2: Sent local model to the server -------------------------
2023-03-29 01:13:48,254 : [INFO]  ------------------------- Received aggregated global model from the server -------------------------
2023-03-29 01:13:48,261 : [INFO]  ------------------------- Batch 13 training: round 3 -------------------------
2023-03-29 01:13:49,221 : [WARNING]  Early stopping conditioned on metric `val_acc` which is not available. Available metrics are: loss,binary_accuracy,recall_13,auc_13,precision_13,val_loss,val_binary_accuracy,val_recall_13,val_auc_13,val_precision_13
2023-03-29 01:13:49,793 : [WARNING]  Early stopping conditioned on metric `val_acc` which is not available. Available metrics are: loss,binary_accuracy,recall_13,auc_13,precision_13,val_loss,val_binary_accuracy,val_recall_13,val_auc_13,val_precision_13
2023-03-29 01:13:50,328 : [WARNING]  Early stopping conditioned on metric `val_acc` which is not available. Available metrics are: loss,binary_accuracy,recall_13,auc_13,precision_13,val_loss,val_binary_accuracy,val_recall_13,val_auc_13,val_precision_13
2023-03-29 01:13:51,555 : [WARNING]  Early stopping conditioned on metric `val_acc` which is not available. Available metrics are: loss,binary_accuracy,recall_13,auc_13,precision_13,val_loss,val_binary_accuracy,val_recall_13,val_auc_13,val_precision_13
2023-03-29 01:13:52,580 : [WARNING]  Early stopping conditioned on metric `val_acc` which is not available. Available metrics are: loss,binary_accuracy,recall_13,auc_13,precision_13,val_loss,val_binary_accuracy,val_recall_13,val_auc_13,val_precision_13
2023-03-29 01:13:53,117 : [WARNING]  Early stopping conditioned on metric `val_acc` which is not available. Available metrics are: loss,binary_accuracy,recall_13,auc_13,precision_13,val_loss,val_binary_accuracy,val_recall_13,val_auc_13,val_precision_13
2023-03-29 01:13:53,121 : [INFO]  ------------------------- Batch round 3, loss: 0.4474 -------------------------
2023-03-29 01:13:53,121 : [INFO]  ------------------------- Batch 13, round 3: Sent local model to the server -------------------------
2023-03-29 01:13:53,126 : [INFO]  ------------------------- Received aggregated global model from the server -------------------------
2023-03-29 01:13:53,130 : [INFO]  Batch number 13 model fetched from the server
2023-03-29 01:13:53,131 : [INFO]  ################ Batch 13: final global model evalution after 3 rounds ################
2023-03-29 01:13:58,648 : [INFO]  Batch 13: Training set : loss - 0.693, accuracy - 0.7602, recall - 0.9103, AUC - 0.8573, F1 - 0.7964, precision - 0.7078, training time - -19.0 seconds
2023-03-29 01:13:58,648 : [INFO]  Batch 13: Testing set : loss - 0.7055, accuracy - 0.7721, recall - 0.913, AUC - 0.8545, F1 - 0.8043, precision - 0.7187
2023-03-29 01:13:58,672 : [INFO]  Batch 14 initialized 
2023-03-29 01:13:59,772 : [INFO]  ------------------------- Batch 14 training: round 1 -------------------------
2023-03-29 01:14:04,733 : [WARNING]  Early stopping conditioned on metric `val_acc` which is not available. Available metrics are: loss,binary_accuracy,recall_14,auc_14,precision_14,val_loss,val_binary_accuracy,val_recall_14,val_auc_14,val_precision_14
2023-03-29 01:14:05,300 : [WARNING]  Early stopping conditioned on metric `val_acc` which is not available. Available metrics are: loss,binary_accuracy,recall_14,auc_14,precision_14,val_loss,val_binary_accuracy,val_recall_14,val_auc_14,val_precision_14
2023-03-29 01:14:05,833 : [WARNING]  Early stopping conditioned on metric `val_acc` which is not available. Available metrics are: loss,binary_accuracy,recall_14,auc_14,precision_14,val_loss,val_binary_accuracy,val_recall_14,val_auc_14,val_precision_14
2023-03-29 01:14:09,320 : [WARNING]  Early stopping conditioned on metric `val_acc` which is not available. Available metrics are: loss,binary_accuracy,recall_14,auc_14,precision_14,val_loss,val_binary_accuracy,val_recall_14,val_auc_14,val_precision_14
2023-03-29 01:14:11,086 : [WARNING]  Early stopping conditioned on metric `val_acc` which is not available. Available metrics are: loss,binary_accuracy,recall_14,auc_14,precision_14,val_loss,val_binary_accuracy,val_recall_14,val_auc_14,val_precision_14
2023-03-29 01:14:12,464 : [WARNING]  Early stopping conditioned on metric `val_acc` which is not available. Available metrics are: loss,binary_accuracy,recall_14,auc_14,precision_14,val_loss,val_binary_accuracy,val_recall_14,val_auc_14,val_precision_14
2023-03-29 01:14:12,467 : [INFO]  ------------------------- Batch round 1, loss: 0.345 -------------------------
2023-03-29 01:14:12,467 : [INFO]  ------------------------- Batch 14, round 1: Sent local model to the server -------------------------
2023-03-29 01:14:12,472 : [INFO]  ------------------------- Received aggregated global model from the server -------------------------
2023-03-29 01:14:12,475 : [INFO]  ------------------------- Batch 14 training: round 2 -------------------------
2023-03-29 01:14:13,134 : [WARNING]  Early stopping conditioned on metric `val_acc` which is not available. Available metrics are: loss,binary_accuracy,recall_14,auc_14,precision_14,val_loss,val_binary_accuracy,val_recall_14,val_auc_14,val_precision_14
2023-03-29 01:14:13,609 : [WARNING]  Early stopping conditioned on metric `val_acc` which is not available. Available metrics are: loss,binary_accuracy,recall_14,auc_14,precision_14,val_loss,val_binary_accuracy,val_recall_14,val_auc_14,val_precision_14
2023-03-29 01:14:14,404 : [WARNING]  Early stopping conditioned on metric `val_acc` which is not available. Available metrics are: loss,binary_accuracy,recall_14,auc_14,precision_14,val_loss,val_binary_accuracy,val_recall_14,val_auc_14,val_precision_14
