2023-03-29 15:42:24,883 : [WARNING]  ####################################### New Training Session: Client 0 #######################################
2023-03-29 15:42:24,883 : [INFO]  Client started, graph name wikipedia, graph ID 1, partition ID 0, training epochs 3, epochs 3
2023-03-29 15:42:27,090 : [INFO]  Model initialized for training
2023-03-29 15:42:30,223 : [INFO]  Number of training examples - 1842, Number of testing examples - 2046
2023-03-29 15:42:30,223 : [INFO]  Connected to the server
2023-03-29 15:42:30,303 : [INFO]  Distributed training for streaming graphs started!
2023-03-29 15:42:30,304 : [INFO]  ------------------------- Received aggregated global model from the server -------------------------
2023-03-29 15:42:30,315 : [INFO]  ################################## Initial model training started ##################################
2023-03-29 15:42:30,315 : [INFO]  ------------------------- Initial model training: round 1 -------------------------
2023-03-29 15:42:36,566 : [WARNING]  Early stopping conditioned on metric `val_acc` which is not available. Available metrics are: loss,binary_accuracy,recall,auc,precision,val_loss,val_binary_accuracy,val_recall,val_auc,val_precision
2023-03-29 15:42:40,359 : [WARNING]  Early stopping conditioned on metric `val_acc` which is not available. Available metrics are: loss,binary_accuracy,recall,auc,precision,val_loss,val_binary_accuracy,val_recall,val_auc,val_precision
2023-03-29 15:42:44,186 : [WARNING]  Early stopping conditioned on metric `val_acc` which is not available. Available metrics are: loss,binary_accuracy,recall,auc,precision,val_loss,val_binary_accuracy,val_recall,val_auc,val_precision
2023-03-29 15:42:52,103 : [WARNING]  Early stopping conditioned on metric `val_acc` which is not available. Available metrics are: loss,binary_accuracy,recall,auc,precision,val_loss,val_binary_accuracy,val_recall,val_auc,val_precision
2023-03-29 15:42:57,431 : [WARNING]  Early stopping conditioned on metric `val_acc` which is not available. Available metrics are: loss,binary_accuracy,recall,auc,precision,val_loss,val_binary_accuracy,val_recall,val_auc,val_precision
2023-03-29 15:43:02,587 : [WARNING]  Early stopping conditioned on metric `val_acc` which is not available. Available metrics are: loss,binary_accuracy,recall,auc,precision,val_loss,val_binary_accuracy,val_recall,val_auc,val_precision
2023-03-29 15:43:02,598 : [INFO]  ------------------------- Training round 1, loss: 0.6142 -------------------------
2023-03-29 15:43:02,598 : [INFO]  ------------------------- Training, round 1: Sent local model to the server -------------------------
2023-03-29 15:44:28,585 : [INFO]  ------------------------- Received aggregated global model from the server -------------------------
2023-03-29 15:44:28,589 : [INFO]  ------------------------- Initial model training: round 2 -------------------------
2023-03-29 15:44:33,753 : [WARNING]  Early stopping conditioned on metric `val_acc` which is not available. Available metrics are: loss,binary_accuracy,recall,auc,precision,val_loss,val_binary_accuracy,val_recall,val_auc,val_precision
2023-03-29 15:44:38,879 : [WARNING]  Early stopping conditioned on metric `val_acc` which is not available. Available metrics are: loss,binary_accuracy,recall,auc,precision,val_loss,val_binary_accuracy,val_recall,val_auc,val_precision
2023-03-29 15:44:43,878 : [WARNING]  Early stopping conditioned on metric `val_acc` which is not available. Available metrics are: loss,binary_accuracy,recall,auc,precision,val_loss,val_binary_accuracy,val_recall,val_auc,val_precision
2023-03-29 15:44:49,584 : [WARNING]  Early stopping conditioned on metric `val_acc` which is not available. Available metrics are: loss,binary_accuracy,recall,auc,precision,val_loss,val_binary_accuracy,val_recall,val_auc,val_precision
2023-03-29 15:44:54,677 : [WARNING]  Early stopping conditioned on metric `val_acc` which is not available. Available metrics are: loss,binary_accuracy,recall,auc,precision,val_loss,val_binary_accuracy,val_recall,val_auc,val_precision
2023-03-29 15:44:59,742 : [WARNING]  Early stopping conditioned on metric `val_acc` which is not available. Available metrics are: loss,binary_accuracy,recall,auc,precision,val_loss,val_binary_accuracy,val_recall,val_auc,val_precision
2023-03-29 15:44:59,747 : [INFO]  ------------------------- Training round 2, loss: 0.5418 -------------------------
2023-03-29 15:44:59,748 : [INFO]  ------------------------- Training, round 2: Sent local model to the server -------------------------
2023-03-29 15:45:00,198 : [INFO]  ------------------------- Received aggregated global model from the server -------------------------
2023-03-29 15:45:00,202 : [INFO]  ------------------------- Initial model training: round 3 -------------------------
2023-03-29 15:45:06,342 : [WARNING]  Early stopping conditioned on metric `val_acc` which is not available. Available metrics are: loss,binary_accuracy,recall,auc,precision,val_loss,val_binary_accuracy,val_recall,val_auc,val_precision
2023-03-29 15:45:11,241 : [WARNING]  Early stopping conditioned on metric `val_acc` which is not available. Available metrics are: loss,binary_accuracy,recall,auc,precision,val_loss,val_binary_accuracy,val_recall,val_auc,val_precision
2023-03-29 15:45:16,229 : [WARNING]  Early stopping conditioned on metric `val_acc` which is not available. Available metrics are: loss,binary_accuracy,recall,auc,precision,val_loss,val_binary_accuracy,val_recall,val_auc,val_precision
2023-03-29 15:45:21,884 : [WARNING]  Early stopping conditioned on metric `val_acc` which is not available. Available metrics are: loss,binary_accuracy,recall,auc,precision,val_loss,val_binary_accuracy,val_recall,val_auc,val_precision
2023-03-29 15:45:26,986 : [WARNING]  Early stopping conditioned on metric `val_acc` which is not available. Available metrics are: loss,binary_accuracy,recall,auc,precision,val_loss,val_binary_accuracy,val_recall,val_auc,val_precision
2023-03-29 15:45:32,090 : [WARNING]  Early stopping conditioned on metric `val_acc` which is not available. Available metrics are: loss,binary_accuracy,recall,auc,precision,val_loss,val_binary_accuracy,val_recall,val_auc,val_precision
2023-03-29 15:45:32,094 : [INFO]  ------------------------- Training round 3, loss: 0.4909 -------------------------
2023-03-29 15:45:32,094 : [INFO]  ------------------------- Training, round 3: Sent local model to the server -------------------------
2023-03-29 15:45:32,789 : [INFO]  ------------------------- Received aggregated global model from the server -------------------------
2023-03-29 15:45:32,792 : [INFO]  ------------------------- Initial model training: round 4 -------------------------
2023-03-29 15:45:38,447 : [WARNING]  Early stopping conditioned on metric `val_acc` which is not available. Available metrics are: loss,binary_accuracy,recall,auc,precision,val_loss,val_binary_accuracy,val_recall,val_auc,val_precision
2023-03-29 15:45:43,773 : [WARNING]  Early stopping conditioned on metric `val_acc` which is not available. Available metrics are: loss,binary_accuracy,recall,auc,precision,val_loss,val_binary_accuracy,val_recall,val_auc,val_precision
2023-03-29 15:45:49,836 : [WARNING]  Early stopping conditioned on metric `val_acc` which is not available. Available metrics are: loss,binary_accuracy,recall,auc,precision,val_loss,val_binary_accuracy,val_recall,val_auc,val_precision
2023-03-29 15:45:55,884 : [WARNING]  Early stopping conditioned on metric `val_acc` which is not available. Available metrics are: loss,binary_accuracy,recall,auc,precision,val_loss,val_binary_accuracy,val_recall,val_auc,val_precision
2023-03-29 15:46:01,143 : [WARNING]  Early stopping conditioned on metric `val_acc` which is not available. Available metrics are: loss,binary_accuracy,recall,auc,precision,val_loss,val_binary_accuracy,val_recall,val_auc,val_precision
2023-03-29 15:46:06,107 : [WARNING]  Early stopping conditioned on metric `val_acc` which is not available. Available metrics are: loss,binary_accuracy,recall,auc,precision,val_loss,val_binary_accuracy,val_recall,val_auc,val_precision
2023-03-29 15:46:06,111 : [INFO]  ------------------------- Training round 4, loss: 0.4487 -------------------------
2023-03-29 15:46:06,111 : [INFO]  ------------------------- Training, round 4: Sent local model to the server -------------------------
2023-03-29 15:46:06,709 : [INFO]  ------------------------- Received aggregated global model from the server -------------------------
2023-03-29 15:46:06,714 : [INFO]  ------------------------- Initial model training: round 5 -------------------------
2023-03-29 15:46:19,062 : [WARNING]  Early stopping conditioned on metric `val_acc` which is not available. Available metrics are: loss,binary_accuracy,recall,auc,precision,val_loss,val_binary_accuracy,val_recall,val_auc,val_precision
2023-03-29 15:46:24,057 : [WARNING]  Early stopping conditioned on metric `val_acc` which is not available. Available metrics are: loss,binary_accuracy,recall,auc,precision,val_loss,val_binary_accuracy,val_recall,val_auc,val_precision
2023-03-29 15:46:28,992 : [WARNING]  Early stopping conditioned on metric `val_acc` which is not available. Available metrics are: loss,binary_accuracy,recall,auc,precision,val_loss,val_binary_accuracy,val_recall,val_auc,val_precision
2023-03-29 15:46:34,605 : [WARNING]  Early stopping conditioned on metric `val_acc` which is not available. Available metrics are: loss,binary_accuracy,recall,auc,precision,val_loss,val_binary_accuracy,val_recall,val_auc,val_precision
2023-03-29 15:46:39,095 : [WARNING]  Early stopping conditioned on metric `val_acc` which is not available. Available metrics are: loss,binary_accuracy,recall,auc,precision,val_loss,val_binary_accuracy,val_recall,val_auc,val_precision
2023-03-29 15:46:42,881 : [WARNING]  Early stopping conditioned on metric `val_acc` which is not available. Available metrics are: loss,binary_accuracy,recall,auc,precision,val_loss,val_binary_accuracy,val_recall,val_auc,val_precision
2023-03-29 15:46:42,884 : [INFO]  ------------------------- Training round 5, loss: 0.4405 -------------------------
2023-03-29 15:46:42,884 : [INFO]  ------------------------- Training, round 5: Sent local model to the server -------------------------
2023-03-29 15:46:42,890 : [INFO]  ------------------------- Received aggregated global model from the server -------------------------
2023-03-29 15:46:42,893 : [INFO]  ------------------------- Initial model training: round 6 -------------------------
2023-03-29 15:46:48,482 : [WARNING]  Early stopping conditioned on metric `val_acc` which is not available. Available metrics are: loss,binary_accuracy,recall,auc,precision,val_loss,val_binary_accuracy,val_recall,val_auc,val_precision
2023-03-29 15:46:53,430 : [WARNING]  Early stopping conditioned on metric `val_acc` which is not available. Available metrics are: loss,binary_accuracy,recall,auc,precision,val_loss,val_binary_accuracy,val_recall,val_auc,val_precision
2023-03-29 15:46:58,417 : [WARNING]  Early stopping conditioned on metric `val_acc` which is not available. Available metrics are: loss,binary_accuracy,recall,auc,precision,val_loss,val_binary_accuracy,val_recall,val_auc,val_precision
2023-03-29 15:47:04,011 : [WARNING]  Early stopping conditioned on metric `val_acc` which is not available. Available metrics are: loss,binary_accuracy,recall,auc,precision,val_loss,val_binary_accuracy,val_recall,val_auc,val_precision
2023-03-29 15:47:08,955 : [WARNING]  Early stopping conditioned on metric `val_acc` which is not available. Available metrics are: loss,binary_accuracy,recall,auc,precision,val_loss,val_binary_accuracy,val_recall,val_auc,val_precision
2023-03-29 15:47:13,775 : [WARNING]  Early stopping conditioned on metric `val_acc` which is not available. Available metrics are: loss,binary_accuracy,recall,auc,precision,val_loss,val_binary_accuracy,val_recall,val_auc,val_precision
2023-03-29 15:47:13,778 : [INFO]  ------------------------- Training round 6, loss: 0.4001 -------------------------
2023-03-29 15:47:13,778 : [INFO]  ------------------------- Training, round 6: Sent local model to the server -------------------------
2023-03-29 15:47:14,292 : [INFO]  ------------------------- Received aggregated global model from the server -------------------------
2023-03-29 15:47:14,295 : [INFO]  ################ Initial trained model: Final global model evalution after 6 rounds ################
2023-03-29 15:47:59,239 : [INFO]  Initially trained model: Training set : loss - 0.4, accuracy - 0.83, recall - 0.93, AUC - 0.92, F1 - 0.85, precision - 0.78, training time - -284.0 seconds
2023-03-29 15:47:59,239 : [INFO]  Initially trained model: Testing set : loss - 0.46, accuracy - 0.8, recall - 0.91, AUC - 0.9, F1 - 0.82, precision - 0.75
2023-03-29 15:47:59,261 : [INFO]  Batch 1 initialized 
2023-03-29 15:48:00,846 : [INFO]  ################################## Next batch processing started: transfer learning is ON ##################################
2023-03-29 15:48:00,846 : [INFO]  ------------------------- Batch 1 training: round 1 -------------------------
2023-03-29 15:48:05,203 : [WARNING]  Early stopping conditioned on metric `val_acc` which is not available. Available metrics are: loss,binary_accuracy,recall_1,auc_1,precision_1,val_loss,val_binary_accuracy,val_recall_1,val_auc_1,val_precision_1
2023-03-29 15:48:05,819 : [WARNING]  Early stopping conditioned on metric `val_acc` which is not available. Available metrics are: loss,binary_accuracy,recall_1,auc_1,precision_1,val_loss,val_binary_accuracy,val_recall_1,val_auc_1,val_precision_1
2023-03-29 15:48:06,503 : [WARNING]  Early stopping conditioned on metric `val_acc` which is not available. Available metrics are: loss,binary_accuracy,recall_1,auc_1,precision_1,val_loss,val_binary_accuracy,val_recall_1,val_auc_1,val_precision_1
2023-03-29 15:48:09,850 : [WARNING]  Early stopping conditioned on metric `val_acc` which is not available. Available metrics are: loss,binary_accuracy,recall_1,auc_1,precision_1,val_loss,val_binary_accuracy,val_recall_1,val_auc_1,val_precision_1
2023-03-29 15:48:10,464 : [WARNING]  Early stopping conditioned on metric `val_acc` which is not available. Available metrics are: loss,binary_accuracy,recall_1,auc_1,precision_1,val_loss,val_binary_accuracy,val_recall_1,val_auc_1,val_precision_1
2023-03-29 15:48:11,134 : [WARNING]  Early stopping conditioned on metric `val_acc` which is not available. Available metrics are: loss,binary_accuracy,recall_1,auc_1,precision_1,val_loss,val_binary_accuracy,val_recall_1,val_auc_1,val_precision_1
2023-03-29 15:48:11,153 : [INFO]  ------------------------- Batch round 1, loss: 0.519 -------------------------
2023-03-29 15:48:11,153 : [INFO]  ------------------------- Batch 1, round 1: Sent local model to the server -------------------------
2023-03-29 15:48:11,317 : [INFO]  ------------------------- Received aggregated global model from the server -------------------------
2023-03-29 15:48:11,321 : [INFO]  ------------------------- Batch 1 training: round 2 -------------------------
2023-03-29 15:48:12,171 : [WARNING]  Early stopping conditioned on metric `val_acc` which is not available. Available metrics are: loss,binary_accuracy,recall_1,auc_1,precision_1,val_loss,val_binary_accuracy,val_recall_1,val_auc_1,val_precision_1
2023-03-29 15:48:12,771 : [WARNING]  Early stopping conditioned on metric `val_acc` which is not available. Available metrics are: loss,binary_accuracy,recall_1,auc_1,precision_1,val_loss,val_binary_accuracy,val_recall_1,val_auc_1,val_precision_1
2023-03-29 15:48:13,434 : [WARNING]  Early stopping conditioned on metric `val_acc` which is not available. Available metrics are: loss,binary_accuracy,recall_1,auc_1,precision_1,val_loss,val_binary_accuracy,val_recall_1,val_auc_1,val_precision_1
2023-03-29 15:48:14,615 : [WARNING]  Early stopping conditioned on metric `val_acc` which is not available. Available metrics are: loss,binary_accuracy,recall_1,auc_1,precision_1,val_loss,val_binary_accuracy,val_recall_1,val_auc_1,val_precision_1
2023-03-29 15:48:15,355 : [WARNING]  Early stopping conditioned on metric `val_acc` which is not available. Available metrics are: loss,binary_accuracy,recall_1,auc_1,precision_1,val_loss,val_binary_accuracy,val_recall_1,val_auc_1,val_precision_1
2023-03-29 15:48:16,205 : [WARNING]  Early stopping conditioned on metric `val_acc` which is not available. Available metrics are: loss,binary_accuracy,recall_1,auc_1,precision_1,val_loss,val_binary_accuracy,val_recall_1,val_auc_1,val_precision_1
2023-03-29 15:48:16,210 : [INFO]  ------------------------- Batch round 2, loss: 0.337 -------------------------
2023-03-29 15:48:16,210 : [INFO]  ------------------------- Batch 1, round 2: Sent local model to the server -------------------------
2023-03-29 15:48:16,485 : [INFO]  ------------------------- Received aggregated global model from the server -------------------------
2023-03-29 15:48:16,504 : [INFO]  ------------------------- Batch 1 training: round 3 -------------------------
2023-03-29 15:48:17,395 : [WARNING]  Early stopping conditioned on metric `val_acc` which is not available. Available metrics are: loss,binary_accuracy,recall_1,auc_1,precision_1,val_loss,val_binary_accuracy,val_recall_1,val_auc_1,val_precision_1
2023-03-29 15:48:17,941 : [WARNING]  Early stopping conditioned on metric `val_acc` which is not available. Available metrics are: loss,binary_accuracy,recall_1,auc_1,precision_1,val_loss,val_binary_accuracy,val_recall_1,val_auc_1,val_precision_1
2023-03-29 15:48:18,532 : [WARNING]  Early stopping conditioned on metric `val_acc` which is not available. Available metrics are: loss,binary_accuracy,recall_1,auc_1,precision_1,val_loss,val_binary_accuracy,val_recall_1,val_auc_1,val_precision_1
2023-03-29 15:48:19,367 : [WARNING]  Early stopping conditioned on metric `val_acc` which is not available. Available metrics are: loss,binary_accuracy,recall_1,auc_1,precision_1,val_loss,val_binary_accuracy,val_recall_1,val_auc_1,val_precision_1
2023-03-29 15:48:20,073 : [WARNING]  Early stopping conditioned on metric `val_acc` which is not available. Available metrics are: loss,binary_accuracy,recall_1,auc_1,precision_1,val_loss,val_binary_accuracy,val_recall_1,val_auc_1,val_precision_1
2023-03-29 15:48:20,704 : [WARNING]  Early stopping conditioned on metric `val_acc` which is not available. Available metrics are: loss,binary_accuracy,recall_1,auc_1,precision_1,val_loss,val_binary_accuracy,val_recall_1,val_auc_1,val_precision_1
2023-03-29 15:48:20,707 : [INFO]  ------------------------- Batch round 3, loss: 0.3685 -------------------------
2023-03-29 15:48:20,708 : [INFO]  ------------------------- Batch 1, round 3: Sent local model to the server -------------------------
2023-03-29 15:48:20,737 : [INFO]  ------------------------- Received aggregated global model from the server -------------------------
2023-03-29 15:48:20,740 : [INFO]  Batch number 1 model fetched from the server
2023-03-29 15:48:20,740 : [INFO]  ################ Batch 1: final global model evalution after 3 rounds ################
2023-03-29 15:48:30,790 : [INFO]  Batch 1: Training set : loss - 0.4991, accuracy - 0.8397, recall - 0.9008, AUC - 0.9066, F1 - 0.849, precision - 0.8029, training time - -20.0 seconds
2023-03-29 15:48:30,790 : [INFO]  Batch 1: Testing set : loss - 0.4881, accuracy - 0.8254, recall - 0.94, AUC - 0.8894, F1 - 0.8433, precision - 0.7646
2023-03-29 15:48:30,811 : [INFO]  Batch 2 initialized 
2023-03-29 15:48:31,885 : [INFO]  ------------------------- Batch 2 training: round 1 -------------------------
2023-03-29 15:48:34,799 : [WARNING]  Early stopping conditioned on metric `val_acc` which is not available. Available metrics are: loss,binary_accuracy,recall_2,auc_2,precision_2,val_loss,val_binary_accuracy,val_recall_2,val_auc_2,val_precision_2
2023-03-29 15:48:35,367 : [WARNING]  Early stopping conditioned on metric `val_acc` which is not available. Available metrics are: loss,binary_accuracy,recall_2,auc_2,precision_2,val_loss,val_binary_accuracy,val_recall_2,val_auc_2,val_precision_2
2023-03-29 15:48:35,916 : [WARNING]  Early stopping conditioned on metric `val_acc` which is not available. Available metrics are: loss,binary_accuracy,recall_2,auc_2,precision_2,val_loss,val_binary_accuracy,val_recall_2,val_auc_2,val_precision_2
2023-03-29 15:48:39,218 : [WARNING]  Early stopping conditioned on metric `val_acc` which is not available. Available metrics are: loss,binary_accuracy,recall_2,auc_2,precision_2,val_loss,val_binary_accuracy,val_recall_2,val_auc_2,val_precision_2
2023-03-29 15:48:40,200 : [WARNING]  Early stopping conditioned on metric `val_acc` which is not available. Available metrics are: loss,binary_accuracy,recall_2,auc_2,precision_2,val_loss,val_binary_accuracy,val_recall_2,val_auc_2,val_precision_2
2023-03-29 15:48:40,824 : [WARNING]  Early stopping conditioned on metric `val_acc` which is not available. Available metrics are: loss,binary_accuracy,recall_2,auc_2,precision_2,val_loss,val_binary_accuracy,val_recall_2,val_auc_2,val_precision_2
2023-03-29 15:48:40,832 : [INFO]  ------------------------- Batch round 1, loss: 0.5623 -------------------------
2023-03-29 15:48:40,832 : [INFO]  ------------------------- Batch 2, round 1: Sent local model to the server -------------------------
2023-03-29 15:48:40,964 : [INFO]  ------------------------- Received aggregated global model from the server -------------------------
2023-03-29 15:48:40,967 : [INFO]  ------------------------- Batch 2 training: round 2 -------------------------
2023-03-29 15:48:41,853 : [WARNING]  Early stopping conditioned on metric `val_acc` which is not available. Available metrics are: loss,binary_accuracy,recall_2,auc_2,precision_2,val_loss,val_binary_accuracy,val_recall_2,val_auc_2,val_precision_2
2023-03-29 15:48:42,488 : [WARNING]  Early stopping conditioned on metric `val_acc` which is not available. Available metrics are: loss,binary_accuracy,recall_2,auc_2,precision_2,val_loss,val_binary_accuracy,val_recall_2,val_auc_2,val_precision_2
2023-03-29 15:48:43,423 : [WARNING]  Early stopping conditioned on metric `val_acc` which is not available. Available metrics are: loss,binary_accuracy,recall_2,auc_2,precision_2,val_loss,val_binary_accuracy,val_recall_2,val_auc_2,val_precision_2
2023-03-29 15:48:44,542 : [WARNING]  Early stopping conditioned on metric `val_acc` which is not available. Available metrics are: loss,binary_accuracy,recall_2,auc_2,precision_2,val_loss,val_binary_accuracy,val_recall_2,val_auc_2,val_precision_2
2023-03-29 15:48:45,165 : [WARNING]  Early stopping conditioned on metric `val_acc` which is not available. Available metrics are: loss,binary_accuracy,recall_2,auc_2,precision_2,val_loss,val_binary_accuracy,val_recall_2,val_auc_2,val_precision_2
2023-03-29 15:48:45,761 : [WARNING]  Early stopping conditioned on metric `val_acc` which is not available. Available metrics are: loss,binary_accuracy,recall_2,auc_2,precision_2,val_loss,val_binary_accuracy,val_recall_2,val_auc_2,val_precision_2
2023-03-29 15:48:45,765 : [INFO]  ------------------------- Batch round 2, loss: 0.4905 -------------------------
2023-03-29 15:48:45,765 : [INFO]  ------------------------- Batch 2, round 2: Sent local model to the server -------------------------
2023-03-29 15:48:46,083 : [INFO]  ------------------------- Received aggregated global model from the server -------------------------
2023-03-29 15:48:46,088 : [INFO]  ------------------------- Batch 2 training: round 3 -------------------------
2023-03-29 15:48:46,985 : [WARNING]  Early stopping conditioned on metric `val_acc` which is not available. Available metrics are: loss,binary_accuracy,recall_2,auc_2,precision_2,val_loss,val_binary_accuracy,val_recall_2,val_auc_2,val_precision_2
2023-03-29 15:48:47,517 : [WARNING]  Early stopping conditioned on metric `val_acc` which is not available. Available metrics are: loss,binary_accuracy,recall_2,auc_2,precision_2,val_loss,val_binary_accuracy,val_recall_2,val_auc_2,val_precision_2
2023-03-29 15:48:48,062 : [WARNING]  Early stopping conditioned on metric `val_acc` which is not available. Available metrics are: loss,binary_accuracy,recall_2,auc_2,precision_2,val_loss,val_binary_accuracy,val_recall_2,val_auc_2,val_precision_2
2023-03-29 15:48:48,819 : [WARNING]  Early stopping conditioned on metric `val_acc` which is not available. Available metrics are: loss,binary_accuracy,recall_2,auc_2,precision_2,val_loss,val_binary_accuracy,val_recall_2,val_auc_2,val_precision_2
2023-03-29 15:48:49,348 : [WARNING]  Early stopping conditioned on metric `val_acc` which is not available. Available metrics are: loss,binary_accuracy,recall_2,auc_2,precision_2,val_loss,val_binary_accuracy,val_recall_2,val_auc_2,val_precision_2
2023-03-29 15:48:49,883 : [WARNING]  Early stopping conditioned on metric `val_acc` which is not available. Available metrics are: loss,binary_accuracy,recall_2,auc_2,precision_2,val_loss,val_binary_accuracy,val_recall_2,val_auc_2,val_precision_2
2023-03-29 15:48:49,887 : [INFO]  ------------------------- Batch round 3, loss: 0.3392 -------------------------
2023-03-29 15:48:49,887 : [INFO]  ------------------------- Batch 2, round 3: Sent local model to the server -------------------------
2023-03-29 15:48:50,028 : [INFO]  ------------------------- Received aggregated global model from the server -------------------------
2023-03-29 15:48:50,031 : [INFO]  Batch number 2 model fetched from the server
2023-03-29 15:48:50,031 : [INFO]  ################ Batch 2: final global model evalution after 3 rounds ################
2023-03-29 15:48:55,955 : [INFO]  Batch 2: Training set : loss - 0.3813, accuracy - 0.8227, recall - 0.8587, AUC - 0.9147, F1 - 0.8294, precision - 0.8021, training time - -18.0 seconds
2023-03-29 15:48:55,955 : [INFO]  Batch 2: Testing set : loss - 0.5766, accuracy - 0.8229, recall - 0.8934, AUC - 0.8669, F1 - 0.8346, precision - 0.783
2023-03-29 15:48:56,039 : [INFO]  Batch 3 initialized 
2023-03-29 15:48:57,437 : [INFO]  ------------------------- Batch 3 training: round 1 -------------------------
2023-03-29 15:49:00,480 : [WARNING]  Early stopping conditioned on metric `val_acc` which is not available. Available metrics are: loss,binary_accuracy,recall_3,auc_3,precision_3,val_loss,val_binary_accuracy,val_recall_3,val_auc_3,val_precision_3
2023-03-29 15:49:01,104 : [WARNING]  Early stopping conditioned on metric `val_acc` which is not available. Available metrics are: loss,binary_accuracy,recall_3,auc_3,precision_3,val_loss,val_binary_accuracy,val_recall_3,val_auc_3,val_precision_3
2023-03-29 15:49:02,000 : [WARNING]  Early stopping conditioned on metric `val_acc` which is not available. Available metrics are: loss,binary_accuracy,recall_3,auc_3,precision_3,val_loss,val_binary_accuracy,val_recall_3,val_auc_3,val_precision_3
2023-03-29 15:49:05,738 : [WARNING]  Early stopping conditioned on metric `val_acc` which is not available. Available metrics are: loss,binary_accuracy,recall_3,auc_3,precision_3,val_loss,val_binary_accuracy,val_recall_3,val_auc_3,val_precision_3
2023-03-29 15:49:06,354 : [WARNING]  Early stopping conditioned on metric `val_acc` which is not available. Available metrics are: loss,binary_accuracy,recall_3,auc_3,precision_3,val_loss,val_binary_accuracy,val_recall_3,val_auc_3,val_precision_3
2023-03-29 15:49:07,012 : [WARNING]  Early stopping conditioned on metric `val_acc` which is not available. Available metrics are: loss,binary_accuracy,recall_3,auc_3,precision_3,val_loss,val_binary_accuracy,val_recall_3,val_auc_3,val_precision_3
2023-03-29 15:49:07,016 : [INFO]  ------------------------- Batch round 1, loss: 0.4431 -------------------------
2023-03-29 15:49:07,016 : [INFO]  ------------------------- Batch 3, round 1: Sent local model to the server -------------------------
2023-03-29 15:49:07,022 : [INFO]  ------------------------- Received aggregated global model from the server -------------------------
2023-03-29 15:49:07,026 : [INFO]  ------------------------- Batch 3 training: round 2 -------------------------
2023-03-29 15:49:07,810 : [WARNING]  Early stopping conditioned on metric `val_acc` which is not available. Available metrics are: loss,binary_accuracy,recall_3,auc_3,precision_3,val_loss,val_binary_accuracy,val_recall_3,val_auc_3,val_precision_3
2023-03-29 15:49:08,385 : [WARNING]  Early stopping conditioned on metric `val_acc` which is not available. Available metrics are: loss,binary_accuracy,recall_3,auc_3,precision_3,val_loss,val_binary_accuracy,val_recall_3,val_auc_3,val_precision_3
2023-03-29 15:49:08,975 : [WARNING]  Early stopping conditioned on metric `val_acc` which is not available. Available metrics are: loss,binary_accuracy,recall_3,auc_3,precision_3,val_loss,val_binary_accuracy,val_recall_3,val_auc_3,val_precision_3
