2023-03-29 15:26:23,701 : [WARNING]  ####################################### New Training Session: Client 0 #######################################
2023-03-29 15:26:23,701 : [INFO]  Client started, graph name wikipedia, graph ID 1, partition ID 0, training epochs 3, epochs 3
2023-03-29 15:26:26,919 : [INFO]  Model initialized for training
2023-03-29 15:26:32,146 : [INFO]  Number of training examples - 1842, Number of testing examples - 2046
2023-03-29 15:26:32,147 : [INFO]  Connected to the server
2023-03-29 15:26:32,352 : [INFO]  Distributed training for streaming graphs started!
2023-03-29 15:26:32,353 : [INFO]  ------------------------- Received aggregated global model from the server -------------------------
2023-03-29 15:26:32,372 : [INFO]  ################################## Initial model training started ##################################
2023-03-29 15:26:32,372 : [INFO]  ------------------------- Initial model training: round 1 -------------------------
2023-03-29 15:26:40,344 : [WARNING]  Early stopping conditioned on metric `val_acc` which is not available. Available metrics are: loss,binary_accuracy,recall,auc,precision,val_loss,val_binary_accuracy,val_recall,val_auc,val_precision
2023-03-29 15:26:44,747 : [WARNING]  Early stopping conditioned on metric `val_acc` which is not available. Available metrics are: loss,binary_accuracy,recall,auc,precision,val_loss,val_binary_accuracy,val_recall,val_auc,val_precision
2023-03-29 15:26:49,025 : [WARNING]  Early stopping conditioned on metric `val_acc` which is not available. Available metrics are: loss,binary_accuracy,recall,auc,precision,val_loss,val_binary_accuracy,val_recall,val_auc,val_precision
2023-03-29 15:26:57,656 : [WARNING]  Early stopping conditioned on metric `val_acc` which is not available. Available metrics are: loss,binary_accuracy,recall,auc,precision,val_loss,val_binary_accuracy,val_recall,val_auc,val_precision
2023-03-29 15:27:02,341 : [WARNING]  Early stopping conditioned on metric `val_acc` which is not available. Available metrics are: loss,binary_accuracy,recall,auc,precision,val_loss,val_binary_accuracy,val_recall,val_auc,val_precision
2023-03-29 15:27:07,095 : [WARNING]  Early stopping conditioned on metric `val_acc` which is not available. Available metrics are: loss,binary_accuracy,recall,auc,precision,val_loss,val_binary_accuracy,val_recall,val_auc,val_precision
2023-03-29 15:27:07,108 : [INFO]  ------------------------- Training round 1, loss: 0.594 -------------------------
2023-03-29 15:27:07,108 : [INFO]  ------------------------- Training, round 1: Sent local model to the server -------------------------
2023-03-29 15:27:07,848 : [INFO]  ------------------------- Received aggregated global model from the server -------------------------
2023-03-29 15:27:07,852 : [INFO]  ------------------------- Initial model training: round 2 -------------------------
2023-03-29 15:27:13,717 : [WARNING]  Early stopping conditioned on metric `val_acc` which is not available. Available metrics are: loss,binary_accuracy,recall,auc,precision,val_loss,val_binary_accuracy,val_recall,val_auc,val_precision
2023-03-29 15:27:18,264 : [WARNING]  Early stopping conditioned on metric `val_acc` which is not available. Available metrics are: loss,binary_accuracy,recall,auc,precision,val_loss,val_binary_accuracy,val_recall,val_auc,val_precision
2023-03-29 15:27:22,820 : [WARNING]  Early stopping conditioned on metric `val_acc` which is not available. Available metrics are: loss,binary_accuracy,recall,auc,precision,val_loss,val_binary_accuracy,val_recall,val_auc,val_precision
2023-03-29 15:27:28,089 : [WARNING]  Early stopping conditioned on metric `val_acc` which is not available. Available metrics are: loss,binary_accuracy,recall,auc,precision,val_loss,val_binary_accuracy,val_recall,val_auc,val_precision
2023-03-29 15:27:32,958 : [WARNING]  Early stopping conditioned on metric `val_acc` which is not available. Available metrics are: loss,binary_accuracy,recall,auc,precision,val_loss,val_binary_accuracy,val_recall,val_auc,val_precision
2023-03-29 15:27:39,149 : [WARNING]  Early stopping conditioned on metric `val_acc` which is not available. Available metrics are: loss,binary_accuracy,recall,auc,precision,val_loss,val_binary_accuracy,val_recall,val_auc,val_precision
2023-03-29 15:27:39,155 : [INFO]  ------------------------- Training round 2, loss: 0.4911 -------------------------
2023-03-29 15:27:39,156 : [INFO]  ------------------------- Training, round 2: Sent local model to the server -------------------------
2023-03-29 15:27:39,165 : [INFO]  ------------------------- Received aggregated global model from the server -------------------------
2023-03-29 15:27:39,171 : [INFO]  ------------------------- Initial model training: round 3 -------------------------
2023-03-29 15:27:44,472 : [WARNING]  Early stopping conditioned on metric `val_acc` which is not available. Available metrics are: loss,binary_accuracy,recall,auc,precision,val_loss,val_binary_accuracy,val_recall,val_auc,val_precision
2023-03-29 15:27:49,076 : [WARNING]  Early stopping conditioned on metric `val_acc` which is not available. Available metrics are: loss,binary_accuracy,recall,auc,precision,val_loss,val_binary_accuracy,val_recall,val_auc,val_precision
2023-03-29 15:27:53,652 : [WARNING]  Early stopping conditioned on metric `val_acc` which is not available. Available metrics are: loss,binary_accuracy,recall,auc,precision,val_loss,val_binary_accuracy,val_recall,val_auc,val_precision
2023-03-29 15:27:58,983 : [WARNING]  Early stopping conditioned on metric `val_acc` which is not available. Available metrics are: loss,binary_accuracy,recall,auc,precision,val_loss,val_binary_accuracy,val_recall,val_auc,val_precision
2023-03-29 15:28:03,641 : [WARNING]  Early stopping conditioned on metric `val_acc` which is not available. Available metrics are: loss,binary_accuracy,recall,auc,precision,val_loss,val_binary_accuracy,val_recall,val_auc,val_precision
2023-03-29 15:28:08,193 : [WARNING]  Early stopping conditioned on metric `val_acc` which is not available. Available metrics are: loss,binary_accuracy,recall,auc,precision,val_loss,val_binary_accuracy,val_recall,val_auc,val_precision
2023-03-29 15:28:08,199 : [INFO]  ------------------------- Training round 3, loss: 0.4251 -------------------------
2023-03-29 15:28:08,199 : [INFO]  ------------------------- Training, round 3: Sent local model to the server -------------------------
2023-03-29 15:28:08,436 : [INFO]  ------------------------- Received aggregated global model from the server -------------------------
2023-03-29 15:28:08,440 : [INFO]  ------------------------- Initial model training: round 4 -------------------------
2023-03-29 15:28:13,696 : [WARNING]  Early stopping conditioned on metric `val_acc` which is not available. Available metrics are: loss,binary_accuracy,recall,auc,precision,val_loss,val_binary_accuracy,val_recall,val_auc,val_precision
2023-03-29 15:28:18,342 : [WARNING]  Early stopping conditioned on metric `val_acc` which is not available. Available metrics are: loss,binary_accuracy,recall,auc,precision,val_loss,val_binary_accuracy,val_recall,val_auc,val_precision
2023-03-29 15:28:23,511 : [WARNING]  Early stopping conditioned on metric `val_acc` which is not available. Available metrics are: loss,binary_accuracy,recall,auc,precision,val_loss,val_binary_accuracy,val_recall,val_auc,val_precision
2023-03-29 15:28:29,330 : [WARNING]  Early stopping conditioned on metric `val_acc` which is not available. Available metrics are: loss,binary_accuracy,recall,auc,precision,val_loss,val_binary_accuracy,val_recall,val_auc,val_precision
2023-03-29 15:28:34,156 : [WARNING]  Early stopping conditioned on metric `val_acc` which is not available. Available metrics are: loss,binary_accuracy,recall,auc,precision,val_loss,val_binary_accuracy,val_recall,val_auc,val_precision
2023-03-29 15:28:39,363 : [WARNING]  Early stopping conditioned on metric `val_acc` which is not available. Available metrics are: loss,binary_accuracy,recall,auc,precision,val_loss,val_binary_accuracy,val_recall,val_auc,val_precision
2023-03-29 15:28:39,367 : [INFO]  ------------------------- Training round 4, loss: 0.4288 -------------------------
2023-03-29 15:28:39,367 : [INFO]  ------------------------- Training, round 4: Sent local model to the server -------------------------
2023-03-29 15:28:39,451 : [INFO]  ------------------------- Received aggregated global model from the server -------------------------
2023-03-29 15:28:39,454 : [INFO]  ------------------------- Initial model training: round 5 -------------------------
2023-03-29 15:28:44,715 : [WARNING]  Early stopping conditioned on metric `val_acc` which is not available. Available metrics are: loss,binary_accuracy,recall,auc,precision,val_loss,val_binary_accuracy,val_recall,val_auc,val_precision
2023-03-29 15:28:50,557 : [WARNING]  Early stopping conditioned on metric `val_acc` which is not available. Available metrics are: loss,binary_accuracy,recall,auc,precision,val_loss,val_binary_accuracy,val_recall,val_auc,val_precision
2023-03-29 15:28:56,198 : [WARNING]  Early stopping conditioned on metric `val_acc` which is not available. Available metrics are: loss,binary_accuracy,recall,auc,precision,val_loss,val_binary_accuracy,val_recall,val_auc,val_precision
2023-03-29 15:29:02,339 : [WARNING]  Early stopping conditioned on metric `val_acc` which is not available. Available metrics are: loss,binary_accuracy,recall,auc,precision,val_loss,val_binary_accuracy,val_recall,val_auc,val_precision
2023-03-29 15:29:08,263 : [WARNING]  Early stopping conditioned on metric `val_acc` which is not available. Available metrics are: loss,binary_accuracy,recall,auc,precision,val_loss,val_binary_accuracy,val_recall,val_auc,val_precision
2023-03-29 15:29:13,766 : [WARNING]  Early stopping conditioned on metric `val_acc` which is not available. Available metrics are: loss,binary_accuracy,recall,auc,precision,val_loss,val_binary_accuracy,val_recall,val_auc,val_precision
2023-03-29 15:29:13,772 : [INFO]  ------------------------- Training round 5, loss: 0.438 -------------------------
2023-03-29 15:29:13,772 : [INFO]  ------------------------- Training, round 5: Sent local model to the server -------------------------
2023-03-29 15:29:17,816 : [INFO]  ------------------------- Received aggregated global model from the server -------------------------
2023-03-29 15:29:17,820 : [INFO]  ------------------------- Initial model training: round 6 -------------------------
2023-03-29 15:29:26,494 : [WARNING]  Early stopping conditioned on metric `val_acc` which is not available. Available metrics are: loss,binary_accuracy,recall,auc,precision,val_loss,val_binary_accuracy,val_recall,val_auc,val_precision
2023-03-29 15:29:31,402 : [WARNING]  Early stopping conditioned on metric `val_acc` which is not available. Available metrics are: loss,binary_accuracy,recall,auc,precision,val_loss,val_binary_accuracy,val_recall,val_auc,val_precision
2023-03-29 15:29:35,960 : [WARNING]  Early stopping conditioned on metric `val_acc` which is not available. Available metrics are: loss,binary_accuracy,recall,auc,precision,val_loss,val_binary_accuracy,val_recall,val_auc,val_precision
2023-03-29 15:29:41,254 : [WARNING]  Early stopping conditioned on metric `val_acc` which is not available. Available metrics are: loss,binary_accuracy,recall,auc,precision,val_loss,val_binary_accuracy,val_recall,val_auc,val_precision
2023-03-29 15:29:45,790 : [WARNING]  Early stopping conditioned on metric `val_acc` which is not available. Available metrics are: loss,binary_accuracy,recall,auc,precision,val_loss,val_binary_accuracy,val_recall,val_auc,val_precision
2023-03-29 15:29:50,325 : [WARNING]  Early stopping conditioned on metric `val_acc` which is not available. Available metrics are: loss,binary_accuracy,recall,auc,precision,val_loss,val_binary_accuracy,val_recall,val_auc,val_precision
2023-03-29 15:29:50,330 : [INFO]  ------------------------- Training round 6, loss: 0.4233 -------------------------
2023-03-29 15:29:50,330 : [INFO]  ------------------------- Training, round 6: Sent local model to the server -------------------------
2023-03-29 15:29:50,337 : [INFO]  ------------------------- Received aggregated global model from the server -------------------------
2023-03-29 15:29:50,341 : [INFO]  ################ Initial trained model: Final global model evalution after 6 rounds ################
2023-03-29 15:34:05,902 : [INFO]  Initially trained model: Training set : loss - 0.44, accuracy - 0.79, recall - 0.94, AUC - 0.92, F1 - 0.83, precision - 0.74, training time - -198.0 seconds
2023-03-29 15:34:05,908 : [INFO]  Initially trained model: Testing set : loss - 0.5, accuracy - 0.77, recall - 0.93, AUC - 0.9, F1 - 0.81, precision - 0.72
2023-03-29 15:34:05,952 : [INFO]  Batch 1 initialized 
2023-03-29 15:34:07,721 : [INFO]  ################################## Next batch processing started: transfer learning is ON ##################################
2023-03-29 15:34:07,721 : [INFO]  ------------------------- Batch 1 training: round 1 -------------------------
2023-03-29 15:34:10,679 : [WARNING]  Early stopping conditioned on metric `val_acc` which is not available. Available metrics are: loss,binary_accuracy,recall_1,auc_1,precision_1,val_loss,val_binary_accuracy,val_recall_1,val_auc_1,val_precision_1
2023-03-29 15:34:11,227 : [WARNING]  Early stopping conditioned on metric `val_acc` which is not available. Available metrics are: loss,binary_accuracy,recall_1,auc_1,precision_1,val_loss,val_binary_accuracy,val_recall_1,val_auc_1,val_precision_1
2023-03-29 15:34:11,792 : [WARNING]  Early stopping conditioned on metric `val_acc` which is not available. Available metrics are: loss,binary_accuracy,recall_1,auc_1,precision_1,val_loss,val_binary_accuracy,val_recall_1,val_auc_1,val_precision_1
2023-03-29 15:34:14,890 : [WARNING]  Early stopping conditioned on metric `val_acc` which is not available. Available metrics are: loss,binary_accuracy,recall_1,auc_1,precision_1,val_loss,val_binary_accuracy,val_recall_1,val_auc_1,val_precision_1
2023-03-29 15:34:15,407 : [WARNING]  Early stopping conditioned on metric `val_acc` which is not available. Available metrics are: loss,binary_accuracy,recall_1,auc_1,precision_1,val_loss,val_binary_accuracy,val_recall_1,val_auc_1,val_precision_1
2023-03-29 15:34:15,958 : [WARNING]  Early stopping conditioned on metric `val_acc` which is not available. Available metrics are: loss,binary_accuracy,recall_1,auc_1,precision_1,val_loss,val_binary_accuracy,val_recall_1,val_auc_1,val_precision_1
2023-03-29 15:34:15,962 : [INFO]  ------------------------- Batch round 1, loss: 0.4853 -------------------------
2023-03-29 15:34:15,962 : [INFO]  ------------------------- Batch 1, round 1: Sent local model to the server -------------------------
2023-03-29 15:34:16,074 : [INFO]  ------------------------- Received aggregated global model from the server -------------------------
2023-03-29 15:34:16,083 : [INFO]  ------------------------- Batch 1 training: round 2 -------------------------
2023-03-29 15:34:16,944 : [WARNING]  Early stopping conditioned on metric `val_acc` which is not available. Available metrics are: loss,binary_accuracy,recall_1,auc_1,precision_1,val_loss,val_binary_accuracy,val_recall_1,val_auc_1,val_precision_1
2023-03-29 15:34:17,481 : [WARNING]  Early stopping conditioned on metric `val_acc` which is not available. Available metrics are: loss,binary_accuracy,recall_1,auc_1,precision_1,val_loss,val_binary_accuracy,val_recall_1,val_auc_1,val_precision_1
2023-03-29 15:34:17,997 : [WARNING]  Early stopping conditioned on metric `val_acc` which is not available. Available metrics are: loss,binary_accuracy,recall_1,auc_1,precision_1,val_loss,val_binary_accuracy,val_recall_1,val_auc_1,val_precision_1
2023-03-29 15:34:18,800 : [WARNING]  Early stopping conditioned on metric `val_acc` which is not available. Available metrics are: loss,binary_accuracy,recall_1,auc_1,precision_1,val_loss,val_binary_accuracy,val_recall_1,val_auc_1,val_precision_1
2023-03-29 15:34:19,351 : [WARNING]  Early stopping conditioned on metric `val_acc` which is not available. Available metrics are: loss,binary_accuracy,recall_1,auc_1,precision_1,val_loss,val_binary_accuracy,val_recall_1,val_auc_1,val_precision_1
2023-03-29 15:34:19,888 : [WARNING]  Early stopping conditioned on metric `val_acc` which is not available. Available metrics are: loss,binary_accuracy,recall_1,auc_1,precision_1,val_loss,val_binary_accuracy,val_recall_1,val_auc_1,val_precision_1
2023-03-29 15:34:19,893 : [INFO]  ------------------------- Batch round 2, loss: 0.3756 -------------------------
2023-03-29 15:34:19,893 : [INFO]  ------------------------- Batch 1, round 2: Sent local model to the server -------------------------
2023-03-29 15:34:19,910 : [INFO]  ------------------------- Received aggregated global model from the server -------------------------
2023-03-29 15:34:19,918 : [INFO]  ------------------------- Batch 1 training: round 3 -------------------------
2023-03-29 15:34:20,706 : [WARNING]  Early stopping conditioned on metric `val_acc` which is not available. Available metrics are: loss,binary_accuracy,recall_1,auc_1,precision_1,val_loss,val_binary_accuracy,val_recall_1,val_auc_1,val_precision_1
2023-03-29 15:34:21,220 : [WARNING]  Early stopping conditioned on metric `val_acc` which is not available. Available metrics are: loss,binary_accuracy,recall_1,auc_1,precision_1,val_loss,val_binary_accuracy,val_recall_1,val_auc_1,val_precision_1
2023-03-29 15:34:21,760 : [WARNING]  Early stopping conditioned on metric `val_acc` which is not available. Available metrics are: loss,binary_accuracy,recall_1,auc_1,precision_1,val_loss,val_binary_accuracy,val_recall_1,val_auc_1,val_precision_1
2023-03-29 15:34:22,559 : [WARNING]  Early stopping conditioned on metric `val_acc` which is not available. Available metrics are: loss,binary_accuracy,recall_1,auc_1,precision_1,val_loss,val_binary_accuracy,val_recall_1,val_auc_1,val_precision_1
2023-03-29 15:34:23,075 : [WARNING]  Early stopping conditioned on metric `val_acc` which is not available. Available metrics are: loss,binary_accuracy,recall_1,auc_1,precision_1,val_loss,val_binary_accuracy,val_recall_1,val_auc_1,val_precision_1
2023-03-29 15:34:23,617 : [WARNING]  Early stopping conditioned on metric `val_acc` which is not available. Available metrics are: loss,binary_accuracy,recall_1,auc_1,precision_1,val_loss,val_binary_accuracy,val_recall_1,val_auc_1,val_precision_1
2023-03-29 15:34:23,622 : [INFO]  ------------------------- Batch round 3, loss: 0.3163 -------------------------
2023-03-29 15:34:23,623 : [INFO]  ------------------------- Batch 1, round 3: Sent local model to the server -------------------------
2023-03-29 15:34:23,646 : [INFO]  ------------------------- Received aggregated global model from the server -------------------------
2023-03-29 15:34:23,652 : [INFO]  Batch number 1 model fetched from the server
2023-03-29 15:34:23,652 : [INFO]  ################ Batch 1: final global model evalution after 3 rounds ################
2023-03-29 15:34:57,345 : [INFO]  Batch 1: Training set : loss - 0.433, accuracy - 0.861, recall - 0.9246, AUC - 0.9039, F1 - 0.8693, precision - 0.8203, training time - -16.0 seconds
2023-03-29 15:34:57,345 : [INFO]  Batch 1: Testing set : loss - 0.4632, accuracy - 0.8438, recall - 0.9442, AUC - 0.886, F1 - 0.8581, precision - 0.7863
2023-03-29 15:34:57,356 : [INFO]  Batch 2 initialized 
2023-03-29 15:34:58,289 : [INFO]  ------------------------- Batch 2 training: round 1 -------------------------
2023-03-29 15:35:01,548 : [WARNING]  Early stopping conditioned on metric `val_acc` which is not available. Available metrics are: loss,binary_accuracy,recall_2,auc_2,precision_2,val_loss,val_binary_accuracy,val_recall_2,val_auc_2,val_precision_2
2023-03-29 15:35:02,141 : [WARNING]  Early stopping conditioned on metric `val_acc` which is not available. Available metrics are: loss,binary_accuracy,recall_2,auc_2,precision_2,val_loss,val_binary_accuracy,val_recall_2,val_auc_2,val_precision_2
2023-03-29 15:35:02,705 : [WARNING]  Early stopping conditioned on metric `val_acc` which is not available. Available metrics are: loss,binary_accuracy,recall_2,auc_2,precision_2,val_loss,val_binary_accuracy,val_recall_2,val_auc_2,val_precision_2
2023-03-29 15:35:06,356 : [WARNING]  Early stopping conditioned on metric `val_acc` which is not available. Available metrics are: loss,binary_accuracy,recall_2,auc_2,precision_2,val_loss,val_binary_accuracy,val_recall_2,val_auc_2,val_precision_2
2023-03-29 15:35:06,899 : [WARNING]  Early stopping conditioned on metric `val_acc` which is not available. Available metrics are: loss,binary_accuracy,recall_2,auc_2,precision_2,val_loss,val_binary_accuracy,val_recall_2,val_auc_2,val_precision_2
2023-03-29 15:35:07,515 : [WARNING]  Early stopping conditioned on metric `val_acc` which is not available. Available metrics are: loss,binary_accuracy,recall_2,auc_2,precision_2,val_loss,val_binary_accuracy,val_recall_2,val_auc_2,val_precision_2
2023-03-29 15:35:07,519 : [INFO]  ------------------------- Batch round 1, loss: 0.5019 -------------------------
2023-03-29 15:35:07,520 : [INFO]  ------------------------- Batch 2, round 1: Sent local model to the server -------------------------
2023-03-29 15:35:07,930 : [INFO]  ------------------------- Received aggregated global model from the server -------------------------
2023-03-29 15:35:07,936 : [INFO]  ------------------------- Batch 2 training: round 2 -------------------------
2023-03-29 15:35:08,735 : [WARNING]  Early stopping conditioned on metric `val_acc` which is not available. Available metrics are: loss,binary_accuracy,recall_2,auc_2,precision_2,val_loss,val_binary_accuracy,val_recall_2,val_auc_2,val_precision_2
2023-03-29 15:35:09,279 : [WARNING]  Early stopping conditioned on metric `val_acc` which is not available. Available metrics are: loss,binary_accuracy,recall_2,auc_2,precision_2,val_loss,val_binary_accuracy,val_recall_2,val_auc_2,val_precision_2
2023-03-29 15:35:09,776 : [WARNING]  Early stopping conditioned on metric `val_acc` which is not available. Available metrics are: loss,binary_accuracy,recall_2,auc_2,precision_2,val_loss,val_binary_accuracy,val_recall_2,val_auc_2,val_precision_2
2023-03-29 15:35:10,453 : [WARNING]  Early stopping conditioned on metric `val_acc` which is not available. Available metrics are: loss,binary_accuracy,recall_2,auc_2,precision_2,val_loss,val_binary_accuracy,val_recall_2,val_auc_2,val_precision_2
2023-03-29 15:35:10,910 : [WARNING]  Early stopping conditioned on metric `val_acc` which is not available. Available metrics are: loss,binary_accuracy,recall_2,auc_2,precision_2,val_loss,val_binary_accuracy,val_recall_2,val_auc_2,val_precision_2
2023-03-29 15:35:11,394 : [WARNING]  Early stopping conditioned on metric `val_acc` which is not available. Available metrics are: loss,binary_accuracy,recall_2,auc_2,precision_2,val_loss,val_binary_accuracy,val_recall_2,val_auc_2,val_precision_2
2023-03-29 15:35:11,401 : [INFO]  ------------------------- Batch round 2, loss: 0.4424 -------------------------
2023-03-29 15:35:11,401 : [INFO]  ------------------------- Batch 2, round 2: Sent local model to the server -------------------------
2023-03-29 15:35:11,484 : [INFO]  ------------------------- Received aggregated global model from the server -------------------------
2023-03-29 15:35:11,488 : [INFO]  ------------------------- Batch 2 training: round 3 -------------------------
2023-03-29 15:35:12,180 : [WARNING]  Early stopping conditioned on metric `val_acc` which is not available. Available metrics are: loss,binary_accuracy,recall_2,auc_2,precision_2,val_loss,val_binary_accuracy,val_recall_2,val_auc_2,val_precision_2
2023-03-29 15:35:12,723 : [WARNING]  Early stopping conditioned on metric `val_acc` which is not available. Available metrics are: loss,binary_accuracy,recall_2,auc_2,precision_2,val_loss,val_binary_accuracy,val_recall_2,val_auc_2,val_precision_2
2023-03-29 15:35:13,281 : [WARNING]  Early stopping conditioned on metric `val_acc` which is not available. Available metrics are: loss,binary_accuracy,recall_2,auc_2,precision_2,val_loss,val_binary_accuracy,val_recall_2,val_auc_2,val_precision_2
2023-03-29 15:35:14,099 : [WARNING]  Early stopping conditioned on metric `val_acc` which is not available. Available metrics are: loss,binary_accuracy,recall_2,auc_2,precision_2,val_loss,val_binary_accuracy,val_recall_2,val_auc_2,val_precision_2
2023-03-29 15:35:14,692 : [WARNING]  Early stopping conditioned on metric `val_acc` which is not available. Available metrics are: loss,binary_accuracy,recall_2,auc_2,precision_2,val_loss,val_binary_accuracy,val_recall_2,val_auc_2,val_precision_2
2023-03-29 15:35:15,283 : [WARNING]  Early stopping conditioned on metric `val_acc` which is not available. Available metrics are: loss,binary_accuracy,recall_2,auc_2,precision_2,val_loss,val_binary_accuracy,val_recall_2,val_auc_2,val_precision_2
2023-03-29 15:35:15,287 : [INFO]  ------------------------- Batch round 3, loss: 0.3589 -------------------------
2023-03-29 15:35:15,288 : [INFO]  ------------------------- Batch 2, round 3: Sent local model to the server -------------------------
2023-03-29 15:35:15,392 : [INFO]  ------------------------- Received aggregated global model from the server -------------------------
2023-03-29 15:35:15,397 : [INFO]  Batch number 2 model fetched from the server
2023-03-29 15:35:15,397 : [INFO]  ################ Batch 2: final global model evalution after 3 rounds ################
2023-03-29 15:35:47,716 : [INFO]  Batch 2: Training set : loss - 0.4923, accuracy - 0.8169, recall - 0.8761, AUC - 0.8984, F1 - 0.8272, precision - 0.7834, training time - -17.0 seconds
2023-03-29 15:35:47,716 : [INFO]  Batch 2: Testing set : loss - 0.5985, accuracy - 0.8181, recall - 0.8734, AUC - 0.8604, F1 - 0.8277, precision - 0.7865
2023-03-29 15:35:47,725 : [INFO]  Batch 3 initialized 
2023-03-29 15:35:48,784 : [INFO]  ------------------------- Batch 3 training: round 1 -------------------------
2023-03-29 15:35:51,513 : [WARNING]  Early stopping conditioned on metric `val_acc` which is not available. Available metrics are: loss,binary_accuracy,recall_3,auc_3,precision_3,val_loss,val_binary_accuracy,val_recall_3,val_auc_3,val_precision_3
2023-03-29 15:35:51,963 : [WARNING]  Early stopping conditioned on metric `val_acc` which is not available. Available metrics are: loss,binary_accuracy,recall_3,auc_3,precision_3,val_loss,val_binary_accuracy,val_recall_3,val_auc_3,val_precision_3
2023-03-29 15:35:52,490 : [WARNING]  Early stopping conditioned on metric `val_acc` which is not available. Available metrics are: loss,binary_accuracy,recall_3,auc_3,precision_3,val_loss,val_binary_accuracy,val_recall_3,val_auc_3,val_precision_3
2023-03-29 15:35:55,481 : [WARNING]  Early stopping conditioned on metric `val_acc` which is not available. Available metrics are: loss,binary_accuracy,recall_3,auc_3,precision_3,val_loss,val_binary_accuracy,val_recall_3,val_auc_3,val_precision_3
2023-03-29 15:35:55,998 : [WARNING]  Early stopping conditioned on metric `val_acc` which is not available. Available metrics are: loss,binary_accuracy,recall_3,auc_3,precision_3,val_loss,val_binary_accuracy,val_recall_3,val_auc_3,val_precision_3
