2023-03-29 16:40:43,302 : [WARNING]  ####################################### New Training Session: Client 1 #######################################
2023-03-29 16:40:43,302 : [INFO]  Client started, graph name wikipedia, graph ID 1, partition ID 1, training epochs 3, epochs 3
2023-03-29 16:40:45,529 : [INFO]  Model initialized for training
2023-03-29 16:40:48,816 : [INFO]  Number of training examples - 1842, Number of testing examples - 2046
2023-03-29 16:40:48,817 : [INFO]  Connected to the server
2023-03-29 16:40:48,901 : [INFO]  Distributed training for streaming graphs started!
2023-03-29 16:40:48,901 : [INFO]  ------------------------- Received aggregated global model from the server -------------------------
2023-03-29 16:40:48,914 : [INFO]  ################################## Initial model training started ##################################
2023-03-29 16:40:48,914 : [INFO]  ------------------------- Initial model training: round 1 -------------------------
2023-03-29 16:40:58,422 : [WARNING]  Early stopping conditioned on metric `val_acc` which is not available. Available metrics are: loss,binary_accuracy,recall,auc,precision,val_loss,val_binary_accuracy,val_recall,val_auc,val_precision
2023-03-29 16:41:05,630 : [WARNING]  Early stopping conditioned on metric `val_acc` which is not available. Available metrics are: loss,binary_accuracy,recall,auc,precision,val_loss,val_binary_accuracy,val_recall,val_auc,val_precision
2023-03-29 16:41:16,854 : [WARNING]  Early stopping conditioned on metric `val_acc` which is not available. Available metrics are: loss,binary_accuracy,recall,auc,precision,val_loss,val_binary_accuracy,val_recall,val_auc,val_precision
2023-03-29 16:41:28,547 : [WARNING]  Early stopping conditioned on metric `val_acc` which is not available. Available metrics are: loss,binary_accuracy,recall,auc,precision,val_loss,val_binary_accuracy,val_recall,val_auc,val_precision
2023-03-29 16:41:36,545 : [WARNING]  Early stopping conditioned on metric `val_acc` which is not available. Available metrics are: loss,binary_accuracy,recall,auc,precision,val_loss,val_binary_accuracy,val_recall,val_auc,val_precision
2023-03-29 16:41:43,907 : [WARNING]  Early stopping conditioned on metric `val_acc` which is not available. Available metrics are: loss,binary_accuracy,recall,auc,precision,val_loss,val_binary_accuracy,val_recall,val_auc,val_precision
2023-03-29 16:41:56,222 : [WARNING]  Early stopping conditioned on metric `val_acc` which is not available. Available metrics are: loss,binary_accuracy,recall,auc,precision,val_loss,val_binary_accuracy,val_recall,val_auc,val_precision
2023-03-29 16:42:03,674 : [WARNING]  Early stopping conditioned on metric `val_acc` which is not available. Available metrics are: loss,binary_accuracy,recall,auc,precision,val_loss,val_binary_accuracy,val_recall,val_auc,val_precision
2023-03-29 16:42:10,938 : [WARNING]  Early stopping conditioned on metric `val_acc` which is not available. Available metrics are: loss,binary_accuracy,recall,auc,precision,val_loss,val_binary_accuracy,val_recall,val_auc,val_precision
2023-03-29 16:42:10,960 : [INFO]  ------------------------- Training round 1, loss: 0.619 -------------------------
2023-03-29 16:42:10,960 : [INFO]  ------------------------- Training, round 1: Sent local model to the server -------------------------
2023-03-29 16:42:10,970 : [INFO]  ------------------------- Received aggregated global model from the server -------------------------
2023-03-29 16:42:10,976 : [INFO]  ------------------------- Initial model training: round 2 -------------------------
2023-03-29 16:42:20,112 : [WARNING]  Early stopping conditioned on metric `val_acc` which is not available. Available metrics are: loss,binary_accuracy,recall,auc,precision,val_loss,val_binary_accuracy,val_recall,val_auc,val_precision
2023-03-29 16:42:28,606 : [WARNING]  Early stopping conditioned on metric `val_acc` which is not available. Available metrics are: loss,binary_accuracy,recall,auc,precision,val_loss,val_binary_accuracy,val_recall,val_auc,val_precision
2023-03-29 16:42:37,045 : [WARNING]  Early stopping conditioned on metric `val_acc` which is not available. Available metrics are: loss,binary_accuracy,recall,auc,precision,val_loss,val_binary_accuracy,val_recall,val_auc,val_precision
2023-03-29 16:42:45,835 : [WARNING]  Early stopping conditioned on metric `val_acc` which is not available. Available metrics are: loss,binary_accuracy,recall,auc,precision,val_loss,val_binary_accuracy,val_recall,val_auc,val_precision
2023-03-29 16:42:54,295 : [WARNING]  Early stopping conditioned on metric `val_acc` which is not available. Available metrics are: loss,binary_accuracy,recall,auc,precision,val_loss,val_binary_accuracy,val_recall,val_auc,val_precision
2023-03-29 16:43:02,555 : [WARNING]  Early stopping conditioned on metric `val_acc` which is not available. Available metrics are: loss,binary_accuracy,recall,auc,precision,val_loss,val_binary_accuracy,val_recall,val_auc,val_precision
2023-03-29 16:43:11,369 : [WARNING]  Early stopping conditioned on metric `val_acc` which is not available. Available metrics are: loss,binary_accuracy,recall,auc,precision,val_loss,val_binary_accuracy,val_recall,val_auc,val_precision
2023-03-29 16:43:19,124 : [WARNING]  Early stopping conditioned on metric `val_acc` which is not available. Available metrics are: loss,binary_accuracy,recall,auc,precision,val_loss,val_binary_accuracy,val_recall,val_auc,val_precision
2023-03-29 16:43:26,732 : [WARNING]  Early stopping conditioned on metric `val_acc` which is not available. Available metrics are: loss,binary_accuracy,recall,auc,precision,val_loss,val_binary_accuracy,val_recall,val_auc,val_precision
2023-03-29 16:43:26,760 : [INFO]  ------------------------- Training round 2, loss: 0.5178 -------------------------
2023-03-29 16:43:26,761 : [INFO]  ------------------------- Training, round 2: Sent local model to the server -------------------------
2023-03-29 16:43:28,618 : [INFO]  ------------------------- Received aggregated global model from the server -------------------------
2023-03-29 16:43:28,626 : [INFO]  ------------------------- Initial model training: round 3 -------------------------
2023-03-29 16:43:37,574 : [WARNING]  Early stopping conditioned on metric `val_acc` which is not available. Available metrics are: loss,binary_accuracy,recall,auc,precision,val_loss,val_binary_accuracy,val_recall,val_auc,val_precision
2023-03-29 16:43:46,116 : [WARNING]  Early stopping conditioned on metric `val_acc` which is not available. Available metrics are: loss,binary_accuracy,recall,auc,precision,val_loss,val_binary_accuracy,val_recall,val_auc,val_precision
2023-03-29 16:43:54,609 : [WARNING]  Early stopping conditioned on metric `val_acc` which is not available. Available metrics are: loss,binary_accuracy,recall,auc,precision,val_loss,val_binary_accuracy,val_recall,val_auc,val_precision
2023-03-29 16:44:03,655 : [WARNING]  Early stopping conditioned on metric `val_acc` which is not available. Available metrics are: loss,binary_accuracy,recall,auc,precision,val_loss,val_binary_accuracy,val_recall,val_auc,val_precision
2023-03-29 16:44:12,348 : [WARNING]  Early stopping conditioned on metric `val_acc` which is not available. Available metrics are: loss,binary_accuracy,recall,auc,precision,val_loss,val_binary_accuracy,val_recall,val_auc,val_precision
2023-03-29 16:44:21,130 : [WARNING]  Early stopping conditioned on metric `val_acc` which is not available. Available metrics are: loss,binary_accuracy,recall,auc,precision,val_loss,val_binary_accuracy,val_recall,val_auc,val_precision
2023-03-29 16:44:30,404 : [WARNING]  Early stopping conditioned on metric `val_acc` which is not available. Available metrics are: loss,binary_accuracy,recall,auc,precision,val_loss,val_binary_accuracy,val_recall,val_auc,val_precision
2023-03-29 16:44:38,803 : [WARNING]  Early stopping conditioned on metric `val_acc` which is not available. Available metrics are: loss,binary_accuracy,recall,auc,precision,val_loss,val_binary_accuracy,val_recall,val_auc,val_precision
2023-03-29 16:44:47,175 : [WARNING]  Early stopping conditioned on metric `val_acc` which is not available. Available metrics are: loss,binary_accuracy,recall,auc,precision,val_loss,val_binary_accuracy,val_recall,val_auc,val_precision
2023-03-29 16:44:47,207 : [INFO]  ------------------------- Training round 3, loss: 0.4365 -------------------------
2023-03-29 16:44:47,208 : [INFO]  ------------------------- Training, round 3: Sent local model to the server -------------------------
2023-03-29 16:44:47,222 : [INFO]  ------------------------- Received aggregated global model from the server -------------------------
2023-03-29 16:44:47,231 : [INFO]  ################ Initial trained model: Final global model evalution after 3 rounds ################
2023-03-29 16:46:22,303 : [INFO]  Initially trained model: Training set : loss - 0.47, accuracy - 0.8, recall - 0.9, AUC - 0.9, F1 - 0.82, precision - 0.76, training time - -238.0 seconds
2023-03-29 16:46:22,303 : [INFO]  Initially trained model: Testing set : loss - 0.46, accuracy - 0.81, recall - 0.91, AUC - 0.91, F1 - 0.83, precision - 0.76
2023-03-29 16:46:22,312 : [INFO]  Batch 1 initialized 
2023-03-29 16:46:23,918 : [INFO]  ################################## Next batch processing started: transfer learning is ON ##################################
2023-03-29 16:46:23,918 : [INFO]  ------------------------- Batch 1 training: round 1 -------------------------
2023-03-29 16:46:32,369 : [WARNING]  Early stopping conditioned on metric `val_acc` which is not available. Available metrics are: loss,binary_accuracy,recall_1,auc_1,precision_1,val_loss,val_binary_accuracy,val_recall_1,val_auc_1,val_precision_1
2023-03-29 16:46:37,945 : [WARNING]  Early stopping conditioned on metric `val_acc` which is not available. Available metrics are: loss,binary_accuracy,recall_1,auc_1,precision_1,val_loss,val_binary_accuracy,val_recall_1,val_auc_1,val_precision_1
2023-03-29 16:46:48,022 : [WARNING]  Early stopping conditioned on metric `val_acc` which is not available. Available metrics are: loss,binary_accuracy,recall_1,auc_1,precision_1,val_loss,val_binary_accuracy,val_recall_1,val_auc_1,val_precision_1
2023-03-29 16:46:55,797 : [WARNING]  Early stopping conditioned on metric `val_acc` which is not available. Available metrics are: loss,binary_accuracy,recall_1,auc_1,precision_1,val_loss,val_binary_accuracy,val_recall_1,val_auc_1,val_precision_1
2023-03-29 16:47:01,378 : [WARNING]  Early stopping conditioned on metric `val_acc` which is not available. Available metrics are: loss,binary_accuracy,recall_1,auc_1,precision_1,val_loss,val_binary_accuracy,val_recall_1,val_auc_1,val_precision_1
2023-03-29 16:47:06,982 : [WARNING]  Early stopping conditioned on metric `val_acc` which is not available. Available metrics are: loss,binary_accuracy,recall_1,auc_1,precision_1,val_loss,val_binary_accuracy,val_recall_1,val_auc_1,val_precision_1
2023-03-29 16:47:14,985 : [WARNING]  Early stopping conditioned on metric `val_acc` which is not available. Available metrics are: loss,binary_accuracy,recall_1,auc_1,precision_1,val_loss,val_binary_accuracy,val_recall_1,val_auc_1,val_precision_1
2023-03-29 16:47:20,524 : [WARNING]  Early stopping conditioned on metric `val_acc` which is not available. Available metrics are: loss,binary_accuracy,recall_1,auc_1,precision_1,val_loss,val_binary_accuracy,val_recall_1,val_auc_1,val_precision_1
2023-03-29 16:47:26,181 : [WARNING]  Early stopping conditioned on metric `val_acc` which is not available. Available metrics are: loss,binary_accuracy,recall_1,auc_1,precision_1,val_loss,val_binary_accuracy,val_recall_1,val_auc_1,val_precision_1
2023-03-29 16:47:26,196 : [INFO]  ------------------------- Batch round 1, loss: 0.5142 -------------------------
2023-03-29 16:47:26,197 : [INFO]  ------------------------- Batch 1, round 1: Sent local model to the server -------------------------
2023-03-29 16:47:26,213 : [INFO]  ------------------------- Received aggregated global model from the server -------------------------
