2023-03-29 16:59:02,640 : [WARNING]  ####################################### New Training Session: Client 0 #######################################
2023-03-29 16:59:02,641 : [INFO]  Client started, graph name facebook, graph ID 1, partition ID 0, training epochs 3, epochs 3
2023-03-29 16:59:05,835 : [INFO]  Model initialized for training
2023-03-29 16:59:27,453 : [INFO]  Number of training examples - 11796, Number of testing examples - 13106
2023-03-29 16:59:27,458 : [INFO]  Connected to the server
2023-03-29 16:59:27,537 : [INFO]  Distributed training for streaming graphs started!
2023-03-29 16:59:27,537 : [INFO]  ------------------------- Received aggregated global model from the server -------------------------
2023-03-29 16:59:27,547 : [INFO]  ################################## Initial model training started ##################################
2023-03-29 16:59:27,547 : [INFO]  ------------------------- Initial model training: round 1 -------------------------
2023-03-29 17:00:07,230 : [WARNING]  Early stopping conditioned on metric `val_acc` which is not available. Available metrics are: loss,binary_accuracy,recall,auc,precision,val_loss,val_binary_accuracy,val_recall,val_auc,val_precision
2023-03-29 17:00:29,562 : [WARNING]  Early stopping conditioned on metric `val_acc` which is not available. Available metrics are: loss,binary_accuracy,recall,auc,precision,val_loss,val_binary_accuracy,val_recall,val_auc,val_precision
2023-03-29 17:00:56,317 : [WARNING]  Early stopping conditioned on metric `val_acc` which is not available. Available metrics are: loss,binary_accuracy,recall,auc,precision,val_loss,val_binary_accuracy,val_recall,val_auc,val_precision
2023-03-29 17:01:35,438 : [WARNING]  Early stopping conditioned on metric `val_acc` which is not available. Available metrics are: loss,binary_accuracy,recall,auc,precision,val_loss,val_binary_accuracy,val_recall,val_auc,val_precision
2023-03-29 17:02:06,145 : [WARNING]  Early stopping conditioned on metric `val_acc` which is not available. Available metrics are: loss,binary_accuracy,recall,auc,precision,val_loss,val_binary_accuracy,val_recall,val_auc,val_precision
2023-03-29 17:02:36,256 : [WARNING]  Early stopping conditioned on metric `val_acc` which is not available. Available metrics are: loss,binary_accuracy,recall,auc,precision,val_loss,val_binary_accuracy,val_recall,val_auc,val_precision
2023-03-29 17:03:14,446 : [WARNING]  Early stopping conditioned on metric `val_acc` which is not available. Available metrics are: loss,binary_accuracy,recall,auc,precision,val_loss,val_binary_accuracy,val_recall,val_auc,val_precision
2023-03-29 17:03:46,897 : [WARNING]  Early stopping conditioned on metric `val_acc` which is not available. Available metrics are: loss,binary_accuracy,recall,auc,precision,val_loss,val_binary_accuracy,val_recall,val_auc,val_precision
2023-03-29 17:04:20,560 : [WARNING]  Early stopping conditioned on metric `val_acc` which is not available. Available metrics are: loss,binary_accuracy,recall,auc,precision,val_loss,val_binary_accuracy,val_recall,val_auc,val_precision
2023-03-29 17:04:20,625 : [INFO]  ------------------------- Training round 1, loss: 0.6271 -------------------------
2023-03-29 17:04:20,625 : [INFO]  ------------------------- Training, round 1: Sent local model to the server -------------------------
2023-03-29 17:04:39,394 : [INFO]  ------------------------- Received aggregated global model from the server -------------------------
2023-03-29 17:04:39,419 : [INFO]  ------------------------- Initial model training: round 2 -------------------------
2023-03-29 17:05:14,085 : [WARNING]  Early stopping conditioned on metric `val_acc` which is not available. Available metrics are: loss,binary_accuracy,recall,auc,precision,val_loss,val_binary_accuracy,val_recall,val_auc,val_precision
2023-03-29 17:05:41,435 : [WARNING]  Early stopping conditioned on metric `val_acc` which is not available. Available metrics are: loss,binary_accuracy,recall,auc,precision,val_loss,val_binary_accuracy,val_recall,val_auc,val_precision
2023-03-29 17:06:12,620 : [WARNING]  Early stopping conditioned on metric `val_acc` which is not available. Available metrics are: loss,binary_accuracy,recall,auc,precision,val_loss,val_binary_accuracy,val_recall,val_auc,val_precision
2023-03-29 17:06:44,863 : [WARNING]  Early stopping conditioned on metric `val_acc` which is not available. Available metrics are: loss,binary_accuracy,recall,auc,precision,val_loss,val_binary_accuracy,val_recall,val_auc,val_precision
2023-03-29 17:07:14,059 : [WARNING]  Early stopping conditioned on metric `val_acc` which is not available. Available metrics are: loss,binary_accuracy,recall,auc,precision,val_loss,val_binary_accuracy,val_recall,val_auc,val_precision
2023-03-29 17:07:43,216 : [WARNING]  Early stopping conditioned on metric `val_acc` which is not available. Available metrics are: loss,binary_accuracy,recall,auc,precision,val_loss,val_binary_accuracy,val_recall,val_auc,val_precision
2023-03-29 17:08:05,988 : [WARNING]  Early stopping conditioned on metric `val_acc` which is not available. Available metrics are: loss,binary_accuracy,recall,auc,precision,val_loss,val_binary_accuracy,val_recall,val_auc,val_precision
2023-03-29 17:08:35,745 : [WARNING]  Early stopping conditioned on metric `val_acc` which is not available. Available metrics are: loss,binary_accuracy,recall,auc,precision,val_loss,val_binary_accuracy,val_recall,val_auc,val_precision
2023-03-29 17:09:14,897 : [WARNING]  Early stopping conditioned on metric `val_acc` which is not available. Available metrics are: loss,binary_accuracy,recall,auc,precision,val_loss,val_binary_accuracy,val_recall,val_auc,val_precision
2023-03-29 17:09:14,909 : [INFO]  ------------------------- Training round 2, loss: 0.5302 -------------------------
2023-03-29 17:09:14,910 : [INFO]  ------------------------- Training, round 2: Sent local model to the server -------------------------
2023-03-29 17:09:20,181 : [INFO]  ------------------------- Received aggregated global model from the server -------------------------
2023-03-29 17:09:20,187 : [INFO]  ------------------------- Initial model training: round 3 -------------------------
2023-03-29 17:09:54,558 : [WARNING]  Early stopping conditioned on metric `val_acc` which is not available. Available metrics are: loss,binary_accuracy,recall,auc,precision,val_loss,val_binary_accuracy,val_recall,val_auc,val_precision
2023-03-29 17:10:27,361 : [WARNING]  Early stopping conditioned on metric `val_acc` which is not available. Available metrics are: loss,binary_accuracy,recall,auc,precision,val_loss,val_binary_accuracy,val_recall,val_auc,val_precision
2023-03-29 17:10:53,216 : [WARNING]  Early stopping conditioned on metric `val_acc` which is not available. Available metrics are: loss,binary_accuracy,recall,auc,precision,val_loss,val_binary_accuracy,val_recall,val_auc,val_precision
2023-03-29 17:11:26,778 : [WARNING]  Early stopping conditioned on metric `val_acc` which is not available. Available metrics are: loss,binary_accuracy,recall,auc,precision,val_loss,val_binary_accuracy,val_recall,val_auc,val_precision
2023-03-29 17:11:46,633 : [WARNING]  Early stopping conditioned on metric `val_acc` which is not available. Available metrics are: loss,binary_accuracy,recall,auc,precision,val_loss,val_binary_accuracy,val_recall,val_auc,val_precision
2023-03-29 17:12:17,177 : [WARNING]  Early stopping conditioned on metric `val_acc` which is not available. Available metrics are: loss,binary_accuracy,recall,auc,precision,val_loss,val_binary_accuracy,val_recall,val_auc,val_precision
2023-03-29 17:12:50,792 : [WARNING]  Early stopping conditioned on metric `val_acc` which is not available. Available metrics are: loss,binary_accuracy,recall,auc,precision,val_loss,val_binary_accuracy,val_recall,val_auc,val_precision
2023-03-29 17:13:21,523 : [WARNING]  Early stopping conditioned on metric `val_acc` which is not available. Available metrics are: loss,binary_accuracy,recall,auc,precision,val_loss,val_binary_accuracy,val_recall,val_auc,val_precision
2023-03-29 17:13:52,003 : [WARNING]  Early stopping conditioned on metric `val_acc` which is not available. Available metrics are: loss,binary_accuracy,recall,auc,precision,val_loss,val_binary_accuracy,val_recall,val_auc,val_precision
2023-03-29 17:13:52,029 : [INFO]  ------------------------- Training round 3, loss: 0.4764 -------------------------
2023-03-29 17:13:52,029 : [INFO]  ------------------------- Training, round 3: Sent local model to the server -------------------------
2023-03-29 17:14:12,871 : [INFO]  ------------------------- Received aggregated global model from the server -------------------------
2023-03-29 17:14:12,897 : [INFO]  ################ Initial trained model: Final global model evalution after 3 rounds ################
2023-03-29 17:24:36,427 : [INFO]  Initially trained model: Training set : loss - 0.48, accuracy - 0.78, recall - 0.88, AUC - 0.87, F1 - 0.8, precision - 0.74, training time - -885.0 seconds
2023-03-29 17:24:36,427 : [INFO]  Initially trained model: Testing set : loss - 0.47, accuracy - 0.78, recall - 0.88, AUC - 0.87, F1 - 0.8, precision - 0.74
2023-03-29 17:24:36,453 : [INFO]  Batch 1 initialized 
2023-03-29 17:24:38,009 : [INFO]  ################################## Next batch processing started: transfer learning is ON ##################################
2023-03-29 17:24:38,009 : [INFO]  ------------------------- Batch 1 training: round 1 -------------------------
2023-03-29 17:24:47,149 : [WARNING]  Early stopping conditioned on metric `val_acc` which is not available. Available metrics are: loss,binary_accuracy,recall_1,auc_1,precision_1,val_loss,val_binary_accuracy,val_recall_1,val_auc_1,val_precision_1
2023-03-29 17:24:56,479 : [WARNING]  Early stopping conditioned on metric `val_acc` which is not available. Available metrics are: loss,binary_accuracy,recall_1,auc_1,precision_1,val_loss,val_binary_accuracy,val_recall_1,val_auc_1,val_precision_1
2023-03-29 17:25:02,837 : [WARNING]  Early stopping conditioned on metric `val_acc` which is not available. Available metrics are: loss,binary_accuracy,recall_1,auc_1,precision_1,val_loss,val_binary_accuracy,val_recall_1,val_auc_1,val_precision_1
2023-03-29 17:25:12,006 : [WARNING]  Early stopping conditioned on metric `val_acc` which is not available. Available metrics are: loss,binary_accuracy,recall_1,auc_1,precision_1,val_loss,val_binary_accuracy,val_recall_1,val_auc_1,val_precision_1
2023-03-29 17:25:21,410 : [WARNING]  Early stopping conditioned on metric `val_acc` which is not available. Available metrics are: loss,binary_accuracy,recall_1,auc_1,precision_1,val_loss,val_binary_accuracy,val_recall_1,val_auc_1,val_precision_1
2023-03-29 17:25:27,376 : [WARNING]  Early stopping conditioned on metric `val_acc` which is not available. Available metrics are: loss,binary_accuracy,recall_1,auc_1,precision_1,val_loss,val_binary_accuracy,val_recall_1,val_auc_1,val_precision_1
2023-03-29 17:25:35,929 : [WARNING]  Early stopping conditioned on metric `val_acc` which is not available. Available metrics are: loss,binary_accuracy,recall_1,auc_1,precision_1,val_loss,val_binary_accuracy,val_recall_1,val_auc_1,val_precision_1
2023-03-29 17:25:41,824 : [WARNING]  Early stopping conditioned on metric `val_acc` which is not available. Available metrics are: loss,binary_accuracy,recall_1,auc_1,precision_1,val_loss,val_binary_accuracy,val_recall_1,val_auc_1,val_precision_1
2023-03-29 17:25:47,722 : [WARNING]  Early stopping conditioned on metric `val_acc` which is not available. Available metrics are: loss,binary_accuracy,recall_1,auc_1,precision_1,val_loss,val_binary_accuracy,val_recall_1,val_auc_1,val_precision_1
2023-03-29 17:25:47,784 : [INFO]  ------------------------- Batch round 1, loss: 0.4767 -------------------------
2023-03-29 17:25:47,784 : [INFO]  ------------------------- Batch 1, round 1: Sent local model to the server -------------------------
2023-03-29 17:25:47,818 : [INFO]  ------------------------- Received aggregated global model from the server -------------------------
2023-03-29 17:25:47,845 : [INFO]  ------------------------- Batch 1 training: round 2 -------------------------
2023-03-29 17:25:54,605 : [WARNING]  Early stopping conditioned on metric `val_acc` which is not available. Available metrics are: loss,binary_accuracy,recall_1,auc_1,precision_1,val_loss,val_binary_accuracy,val_recall_1,val_auc_1,val_precision_1
2023-03-29 17:26:04,139 : [WARNING]  Early stopping conditioned on metric `val_acc` which is not available. Available metrics are: loss,binary_accuracy,recall_1,auc_1,precision_1,val_loss,val_binary_accuracy,val_recall_1,val_auc_1,val_precision_1
2023-03-29 17:26:10,681 : [WARNING]  Early stopping conditioned on metric `val_acc` which is not available. Available metrics are: loss,binary_accuracy,recall_1,auc_1,precision_1,val_loss,val_binary_accuracy,val_recall_1,val_auc_1,val_precision_1
2023-03-29 17:26:16,734 : [WARNING]  Early stopping conditioned on metric `val_acc` which is not available. Available metrics are: loss,binary_accuracy,recall_1,auc_1,precision_1,val_loss,val_binary_accuracy,val_recall_1,val_auc_1,val_precision_1
2023-03-29 17:26:23,431 : [WARNING]  Early stopping conditioned on metric `val_acc` which is not available. Available metrics are: loss,binary_accuracy,recall_1,auc_1,precision_1,val_loss,val_binary_accuracy,val_recall_1,val_auc_1,val_precision_1
2023-03-29 17:26:29,354 : [WARNING]  Early stopping conditioned on metric `val_acc` which is not available. Available metrics are: loss,binary_accuracy,recall_1,auc_1,precision_1,val_loss,val_binary_accuracy,val_recall_1,val_auc_1,val_precision_1
2023-03-29 17:26:35,335 : [WARNING]  Early stopping conditioned on metric `val_acc` which is not available. Available metrics are: loss,binary_accuracy,recall_1,auc_1,precision_1,val_loss,val_binary_accuracy,val_recall_1,val_auc_1,val_precision_1
2023-03-29 17:26:41,209 : [WARNING]  Early stopping conditioned on metric `val_acc` which is not available. Available metrics are: loss,binary_accuracy,recall_1,auc_1,precision_1,val_loss,val_binary_accuracy,val_recall_1,val_auc_1,val_precision_1
2023-03-29 17:26:47,124 : [WARNING]  Early stopping conditioned on metric `val_acc` which is not available. Available metrics are: loss,binary_accuracy,recall_1,auc_1,precision_1,val_loss,val_binary_accuracy,val_recall_1,val_auc_1,val_precision_1
2023-03-29 17:26:47,162 : [INFO]  ------------------------- Batch round 2, loss: 0.3981 -------------------------
2023-03-29 17:26:47,162 : [INFO]  ------------------------- Batch 1, round 2: Sent local model to the server -------------------------
2023-03-29 17:26:47,187 : [INFO]  ------------------------- Received aggregated global model from the server -------------------------
2023-03-29 17:26:47,193 : [INFO]  ------------------------- Batch 1 training: round 3 -------------------------
2023-03-29 17:26:53,544 : [WARNING]  Early stopping conditioned on metric `val_acc` which is not available. Available metrics are: loss,binary_accuracy,recall_1,auc_1,precision_1,val_loss,val_binary_accuracy,val_recall_1,val_auc_1,val_precision_1
2023-03-29 17:27:03,372 : [WARNING]  Early stopping conditioned on metric `val_acc` which is not available. Available metrics are: loss,binary_accuracy,recall_1,auc_1,precision_1,val_loss,val_binary_accuracy,val_recall_1,val_auc_1,val_precision_1
2023-03-29 17:27:09,175 : [WARNING]  Early stopping conditioned on metric `val_acc` which is not available. Available metrics are: loss,binary_accuracy,recall_1,auc_1,precision_1,val_loss,val_binary_accuracy,val_recall_1,val_auc_1,val_precision_1
2023-03-29 17:27:15,212 : [WARNING]  Early stopping conditioned on metric `val_acc` which is not available. Available metrics are: loss,binary_accuracy,recall_1,auc_1,precision_1,val_loss,val_binary_accuracy,val_recall_1,val_auc_1,val_precision_1
2023-03-29 17:27:20,992 : [WARNING]  Early stopping conditioned on metric `val_acc` which is not available. Available metrics are: loss,binary_accuracy,recall_1,auc_1,precision_1,val_loss,val_binary_accuracy,val_recall_1,val_auc_1,val_precision_1
2023-03-29 17:27:26,822 : [WARNING]  Early stopping conditioned on metric `val_acc` which is not available. Available metrics are: loss,binary_accuracy,recall_1,auc_1,precision_1,val_loss,val_binary_accuracy,val_recall_1,val_auc_1,val_precision_1
2023-03-29 17:27:32,840 : [WARNING]  Early stopping conditioned on metric `val_acc` which is not available. Available metrics are: loss,binary_accuracy,recall_1,auc_1,precision_1,val_loss,val_binary_accuracy,val_recall_1,val_auc_1,val_precision_1
2023-03-29 17:27:38,701 : [WARNING]  Early stopping conditioned on metric `val_acc` which is not available. Available metrics are: loss,binary_accuracy,recall_1,auc_1,precision_1,val_loss,val_binary_accuracy,val_recall_1,val_auc_1,val_precision_1
2023-03-29 17:27:45,106 : [WARNING]  Early stopping conditioned on metric `val_acc` which is not available. Available metrics are: loss,binary_accuracy,recall_1,auc_1,precision_1,val_loss,val_binary_accuracy,val_recall_1,val_auc_1,val_precision_1
2023-03-29 17:27:45,162 : [INFO]  ------------------------- Batch round 3, loss: 0.3826 -------------------------
2023-03-29 17:27:45,162 : [INFO]  ------------------------- Batch 1, round 3: Sent local model to the server -------------------------
2023-03-29 17:27:45,177 : [INFO]  ------------------------- Received aggregated global model from the server -------------------------
2023-03-29 17:27:45,185 : [INFO]  Batch number 1 model fetched from the server
2023-03-29 17:27:45,185 : [INFO]  ################ Batch 1: final global model evalution after 3 rounds ################
2023-03-29 17:27:58,359 : [INFO]  Batch 1: Training set : loss - 0.4437, accuracy - 0.8397, recall - 0.8593, AUC - 0.8917, F1 - 0.8428, precision - 0.8269, training time - -187.0 seconds
2023-03-29 17:27:58,360 : [INFO]  Batch 1: Testing set : loss - 0.5115, accuracy - 0.8469, recall - 0.7979, AUC - 0.897, F1 - 0.8392, precision - 0.8851
2023-03-29 17:27:58,378 : [INFO]  Batch 2 initialized 
2023-03-29 17:28:00,071 : [INFO]  ------------------------- Batch 2 training: round 1 -------------------------
2023-03-29 17:28:09,166 : [WARNING]  Early stopping conditioned on metric `val_acc` which is not available. Available metrics are: loss,binary_accuracy,recall_2,auc_2,precision_2,val_loss,val_binary_accuracy,val_recall_2,val_auc_2,val_precision_2
2023-03-29 17:28:16,450 : [WARNING]  Early stopping conditioned on metric `val_acc` which is not available. Available metrics are: loss,binary_accuracy,recall_2,auc_2,precision_2,val_loss,val_binary_accuracy,val_recall_2,val_auc_2,val_precision_2
2023-03-29 17:28:22,649 : [WARNING]  Early stopping conditioned on metric `val_acc` which is not available. Available metrics are: loss,binary_accuracy,recall_2,auc_2,precision_2,val_loss,val_binary_accuracy,val_recall_2,val_auc_2,val_precision_2
2023-03-29 17:28:31,009 : [WARNING]  Early stopping conditioned on metric `val_acc` which is not available. Available metrics are: loss,binary_accuracy,recall_2,auc_2,precision_2,val_loss,val_binary_accuracy,val_recall_2,val_auc_2,val_precision_2
