2023-03-29 01:22:31,132 : [WARNING]  ####################################### New Training Session: Client 0 #######################################
2023-03-29 01:22:31,132 : [INFO]  Client started, graph name wikipedia, graph ID 1, partition ID 0, training epochs 3, epochs 3
2023-03-29 01:22:35,003 : [INFO]  Model initialized for training
2023-03-29 01:22:38,254 : [INFO]  Number of training examples - 1842, Number of testing examples - 2046
2023-03-29 01:22:38,254 : [INFO]  Connected to the server
2023-03-29 01:22:38,340 : [INFO]  Distributed training for streaming graphs started!
2023-03-29 01:22:38,341 : [INFO]  ------------------------- Received aggregated global model from the server -------------------------
2023-03-29 01:22:38,353 : [INFO]  ################################## Initial model training started ##################################
2023-03-29 01:22:38,353 : [INFO]  ------------------------- Initial model training: round 1 -------------------------
2023-03-29 01:22:46,673 : [WARNING]  Early stopping conditioned on metric `val_acc` which is not available. Available metrics are: loss,binary_accuracy,recall,auc,precision,val_loss,val_binary_accuracy,val_recall,val_auc,val_precision
2023-03-29 01:22:54,098 : [WARNING]  Early stopping conditioned on metric `val_acc` which is not available. Available metrics are: loss,binary_accuracy,recall,auc,precision,val_loss,val_binary_accuracy,val_recall,val_auc,val_precision
2023-03-29 01:23:01,318 : [WARNING]  Early stopping conditioned on metric `val_acc` which is not available. Available metrics are: loss,binary_accuracy,recall,auc,precision,val_loss,val_binary_accuracy,val_recall,val_auc,val_precision
2023-03-29 01:23:13,685 : [WARNING]  Early stopping conditioned on metric `val_acc` which is not available. Available metrics are: loss,binary_accuracy,recall,auc,precision,val_loss,val_binary_accuracy,val_recall,val_auc,val_precision
2023-03-29 01:23:21,050 : [WARNING]  Early stopping conditioned on metric `val_acc` which is not available. Available metrics are: loss,binary_accuracy,recall,auc,precision,val_loss,val_binary_accuracy,val_recall,val_auc,val_precision
2023-03-29 01:23:28,506 : [WARNING]  Early stopping conditioned on metric `val_acc` which is not available. Available metrics are: loss,binary_accuracy,recall,auc,precision,val_loss,val_binary_accuracy,val_recall,val_auc,val_precision
2023-03-29 01:23:28,516 : [INFO]  ------------------------- Training round 1, loss: 0.607 -------------------------
2023-03-29 01:23:28,516 : [INFO]  ------------------------- Training, round 1: Sent local model to the server -------------------------
2023-03-29 01:23:44,921 : [INFO]  ------------------------- Received aggregated global model from the server -------------------------
2023-03-29 01:23:44,926 : [INFO]  ------------------------- Initial model training: round 2 -------------------------
2023-03-29 01:23:53,356 : [WARNING]  Early stopping conditioned on metric `val_acc` which is not available. Available metrics are: loss,binary_accuracy,recall,auc,precision,val_loss,val_binary_accuracy,val_recall,val_auc,val_precision
2023-03-29 01:24:00,234 : [WARNING]  Early stopping conditioned on metric `val_acc` which is not available. Available metrics are: loss,binary_accuracy,recall,auc,precision,val_loss,val_binary_accuracy,val_recall,val_auc,val_precision
2023-03-29 01:24:07,693 : [WARNING]  Early stopping conditioned on metric `val_acc` which is not available. Available metrics are: loss,binary_accuracy,recall,auc,precision,val_loss,val_binary_accuracy,val_recall,val_auc,val_precision
2023-03-29 01:24:15,975 : [WARNING]  Early stopping conditioned on metric `val_acc` which is not available. Available metrics are: loss,binary_accuracy,recall,auc,precision,val_loss,val_binary_accuracy,val_recall,val_auc,val_precision
2023-03-29 01:24:23,399 : [WARNING]  Early stopping conditioned on metric `val_acc` which is not available. Available metrics are: loss,binary_accuracy,recall,auc,precision,val_loss,val_binary_accuracy,val_recall,val_auc,val_precision
2023-03-29 01:24:30,673 : [WARNING]  Early stopping conditioned on metric `val_acc` which is not available. Available metrics are: loss,binary_accuracy,recall,auc,precision,val_loss,val_binary_accuracy,val_recall,val_auc,val_precision
2023-03-29 01:24:30,680 : [INFO]  ------------------------- Training round 2, loss: 0.4821 -------------------------
2023-03-29 01:24:30,680 : [INFO]  ------------------------- Training, round 2: Sent local model to the server -------------------------
2023-03-29 01:24:32,966 : [INFO]  ------------------------- Received aggregated global model from the server -------------------------
2023-03-29 01:24:32,969 : [INFO]  ------------------------- Initial model training: round 3 -------------------------
2023-03-29 01:24:48,144 : [WARNING]  Early stopping conditioned on metric `val_acc` which is not available. Available metrics are: loss,binary_accuracy,recall,auc,precision,val_loss,val_binary_accuracy,val_recall,val_auc,val_precision
2023-03-29 01:24:56,456 : [WARNING]  Early stopping conditioned on metric `val_acc` which is not available. Available metrics are: loss,binary_accuracy,recall,auc,precision,val_loss,val_binary_accuracy,val_recall,val_auc,val_precision
2023-03-29 01:25:04,340 : [WARNING]  Early stopping conditioned on metric `val_acc` which is not available. Available metrics are: loss,binary_accuracy,recall,auc,precision,val_loss,val_binary_accuracy,val_recall,val_auc,val_precision
2023-03-29 01:25:13,058 : [WARNING]  Early stopping conditioned on metric `val_acc` which is not available. Available metrics are: loss,binary_accuracy,recall,auc,precision,val_loss,val_binary_accuracy,val_recall,val_auc,val_precision
2023-03-29 01:25:20,619 : [WARNING]  Early stopping conditioned on metric `val_acc` which is not available. Available metrics are: loss,binary_accuracy,recall,auc,precision,val_loss,val_binary_accuracy,val_recall,val_auc,val_precision
2023-03-29 01:25:27,275 : [WARNING]  Early stopping conditioned on metric `val_acc` which is not available. Available metrics are: loss,binary_accuracy,recall,auc,precision,val_loss,val_binary_accuracy,val_recall,val_auc,val_precision
2023-03-29 01:25:27,278 : [INFO]  ------------------------- Training round 3, loss: 0.4768 -------------------------
2023-03-29 01:25:27,278 : [INFO]  ------------------------- Training, round 3: Sent local model to the server -------------------------
2023-03-29 01:25:27,867 : [INFO]  ------------------------- Received aggregated global model from the server -------------------------
2023-03-29 01:25:27,872 : [INFO]  ------------------------- Initial model training: round 4 -------------------------
2023-03-29 01:25:36,167 : [WARNING]  Early stopping conditioned on metric `val_acc` which is not available. Available metrics are: loss,binary_accuracy,recall,auc,precision,val_loss,val_binary_accuracy,val_recall,val_auc,val_precision
2023-03-29 01:25:43,741 : [WARNING]  Early stopping conditioned on metric `val_acc` which is not available. Available metrics are: loss,binary_accuracy,recall,auc,precision,val_loss,val_binary_accuracy,val_recall,val_auc,val_precision
2023-03-29 01:25:51,518 : [WARNING]  Early stopping conditioned on metric `val_acc` which is not available. Available metrics are: loss,binary_accuracy,recall,auc,precision,val_loss,val_binary_accuracy,val_recall,val_auc,val_precision
2023-03-29 01:25:59,863 : [WARNING]  Early stopping conditioned on metric `val_acc` which is not available. Available metrics are: loss,binary_accuracy,recall,auc,precision,val_loss,val_binary_accuracy,val_recall,val_auc,val_precision
2023-03-29 01:26:06,997 : [WARNING]  Early stopping conditioned on metric `val_acc` which is not available. Available metrics are: loss,binary_accuracy,recall,auc,precision,val_loss,val_binary_accuracy,val_recall,val_auc,val_precision
2023-03-29 01:26:14,725 : [WARNING]  Early stopping conditioned on metric `val_acc` which is not available. Available metrics are: loss,binary_accuracy,recall,auc,precision,val_loss,val_binary_accuracy,val_recall,val_auc,val_precision
2023-03-29 01:26:14,730 : [INFO]  ------------------------- Training round 4, loss: 0.4347 -------------------------
2023-03-29 01:26:14,730 : [INFO]  ------------------------- Training, round 4: Sent local model to the server -------------------------
2023-03-29 01:26:16,777 : [INFO]  ------------------------- Received aggregated global model from the server -------------------------
2023-03-29 01:26:16,782 : [INFO]  ------------------------- Initial model training: round 5 -------------------------
2023-03-29 01:26:30,147 : [WARNING]  Early stopping conditioned on metric `val_acc` which is not available. Available metrics are: loss,binary_accuracy,recall,auc,precision,val_loss,val_binary_accuracy,val_recall,val_auc,val_precision
2023-03-29 01:26:48,257 : [WARNING]  Early stopping conditioned on metric `val_acc` which is not available. Available metrics are: loss,binary_accuracy,recall,auc,precision,val_loss,val_binary_accuracy,val_recall,val_auc,val_precision
2023-03-29 01:26:57,004 : [WARNING]  Early stopping conditioned on metric `val_acc` which is not available. Available metrics are: loss,binary_accuracy,recall,auc,precision,val_loss,val_binary_accuracy,val_recall,val_auc,val_precision
2023-03-29 01:27:06,032 : [WARNING]  Early stopping conditioned on metric `val_acc` which is not available. Available metrics are: loss,binary_accuracy,recall,auc,precision,val_loss,val_binary_accuracy,val_recall,val_auc,val_precision
2023-03-29 01:27:14,405 : [WARNING]  Early stopping conditioned on metric `val_acc` which is not available. Available metrics are: loss,binary_accuracy,recall,auc,precision,val_loss,val_binary_accuracy,val_recall,val_auc,val_precision
2023-03-29 01:27:20,541 : [WARNING]  Early stopping conditioned on metric `val_acc` which is not available. Available metrics are: loss,binary_accuracy,recall,auc,precision,val_loss,val_binary_accuracy,val_recall,val_auc,val_precision
2023-03-29 01:27:20,546 : [INFO]  ------------------------- Training round 5, loss: 0.6238 -------------------------
2023-03-29 01:27:20,546 : [INFO]  ------------------------- Training, round 5: Sent local model to the server -------------------------
2023-03-29 01:27:21,399 : [INFO]  ------------------------- Received aggregated global model from the server -------------------------
2023-03-29 01:27:21,404 : [INFO]  ------------------------- Initial model training: round 6 -------------------------
2023-03-29 01:27:30,011 : [WARNING]  Early stopping conditioned on metric `val_acc` which is not available. Available metrics are: loss,binary_accuracy,recall,auc,precision,val_loss,val_binary_accuracy,val_recall,val_auc,val_precision
2023-03-29 01:27:37,497 : [WARNING]  Early stopping conditioned on metric `val_acc` which is not available. Available metrics are: loss,binary_accuracy,recall,auc,precision,val_loss,val_binary_accuracy,val_recall,val_auc,val_precision
2023-03-29 01:27:45,333 : [WARNING]  Early stopping conditioned on metric `val_acc` which is not available. Available metrics are: loss,binary_accuracy,recall,auc,precision,val_loss,val_binary_accuracy,val_recall,val_auc,val_precision
2023-03-29 01:27:54,004 : [WARNING]  Early stopping conditioned on metric `val_acc` which is not available. Available metrics are: loss,binary_accuracy,recall,auc,precision,val_loss,val_binary_accuracy,val_recall,val_auc,val_precision
2023-03-29 01:28:00,836 : [WARNING]  Early stopping conditioned on metric `val_acc` which is not available. Available metrics are: loss,binary_accuracy,recall,auc,precision,val_loss,val_binary_accuracy,val_recall,val_auc,val_precision
2023-03-29 01:28:08,034 : [WARNING]  Early stopping conditioned on metric `val_acc` which is not available. Available metrics are: loss,binary_accuracy,recall,auc,precision,val_loss,val_binary_accuracy,val_recall,val_auc,val_precision
2023-03-29 01:28:08,039 : [INFO]  ------------------------- Training round 6, loss: 0.4679 -------------------------
2023-03-29 01:28:08,039 : [INFO]  ------------------------- Training, round 6: Sent local model to the server -------------------------
2023-03-29 01:28:11,068 : [INFO]  ------------------------- Received aggregated global model from the server -------------------------
2023-03-29 01:28:11,071 : [INFO]  ################ Initial trained model: Final global model evalution after 6 rounds ################
2023-03-29 01:29:15,393 : [INFO]  Initially trained model: Training set : loss - 0.44, accuracy - 0.82, recall - 0.93, AUC - 0.91, F1 - 0.84, precision - 0.77, training time - -333.0 seconds
2023-03-29 01:29:15,393 : [INFO]  Initially trained model: Testing set : loss - 0.4, accuracy - 0.83, recall - 0.92, AUC - 0.92, F1 - 0.85, precision - 0.78
2023-03-29 01:29:15,462 : [INFO]  Batch 1 initialized 
2023-03-29 01:29:16,837 : [INFO]  ################################## Next batch processing started: transfer learning is ON ##################################
2023-03-29 01:29:16,837 : [INFO]  ------------------------- Batch 1 training: round 1 -------------------------
2023-03-29 01:29:20,959 : [WARNING]  Early stopping conditioned on metric `val_acc` which is not available. Available metrics are: loss,binary_accuracy,recall_1,auc_1,precision_1,val_loss,val_binary_accuracy,val_recall_1,val_auc_1,val_precision_1
2023-03-29 01:29:21,659 : [WARNING]  Early stopping conditioned on metric `val_acc` which is not available. Available metrics are: loss,binary_accuracy,recall_1,auc_1,precision_1,val_loss,val_binary_accuracy,val_recall_1,val_auc_1,val_precision_1
2023-03-29 01:29:22,438 : [WARNING]  Early stopping conditioned on metric `val_acc` which is not available. Available metrics are: loss,binary_accuracy,recall_1,auc_1,precision_1,val_loss,val_binary_accuracy,val_recall_1,val_auc_1,val_precision_1
2023-03-29 01:29:26,906 : [WARNING]  Early stopping conditioned on metric `val_acc` which is not available. Available metrics are: loss,binary_accuracy,recall_1,auc_1,precision_1,val_loss,val_binary_accuracy,val_recall_1,val_auc_1,val_precision_1
2023-03-29 01:29:27,667 : [WARNING]  Early stopping conditioned on metric `val_acc` which is not available. Available metrics are: loss,binary_accuracy,recall_1,auc_1,precision_1,val_loss,val_binary_accuracy,val_recall_1,val_auc_1,val_precision_1
2023-03-29 01:29:28,513 : [WARNING]  Early stopping conditioned on metric `val_acc` which is not available. Available metrics are: loss,binary_accuracy,recall_1,auc_1,precision_1,val_loss,val_binary_accuracy,val_recall_1,val_auc_1,val_precision_1
2023-03-29 01:29:28,519 : [INFO]  ------------------------- Batch round 1, loss: 0.3072 -------------------------
2023-03-29 01:29:28,519 : [INFO]  ------------------------- Batch 1, round 1: Sent local model to the server -------------------------
2023-03-29 01:29:30,821 : [INFO]  ------------------------- Received aggregated global model from the server -------------------------
2023-03-29 01:29:30,828 : [INFO]  ------------------------- Batch 1 training: round 2 -------------------------
2023-03-29 01:29:31,850 : [WARNING]  Early stopping conditioned on metric `val_acc` which is not available. Available metrics are: loss,binary_accuracy,recall_1,auc_1,precision_1,val_loss,val_binary_accuracy,val_recall_1,val_auc_1,val_precision_1
2023-03-29 01:29:32,632 : [WARNING]  Early stopping conditioned on metric `val_acc` which is not available. Available metrics are: loss,binary_accuracy,recall_1,auc_1,precision_1,val_loss,val_binary_accuracy,val_recall_1,val_auc_1,val_precision_1
2023-03-29 01:29:33,439 : [WARNING]  Early stopping conditioned on metric `val_acc` which is not available. Available metrics are: loss,binary_accuracy,recall_1,auc_1,precision_1,val_loss,val_binary_accuracy,val_recall_1,val_auc_1,val_precision_1
2023-03-29 01:29:34,735 : [WARNING]  Early stopping conditioned on metric `val_acc` which is not available. Available metrics are: loss,binary_accuracy,recall_1,auc_1,precision_1,val_loss,val_binary_accuracy,val_recall_1,val_auc_1,val_precision_1
2023-03-29 01:29:35,548 : [WARNING]  Early stopping conditioned on metric `val_acc` which is not available. Available metrics are: loss,binary_accuracy,recall_1,auc_1,precision_1,val_loss,val_binary_accuracy,val_recall_1,val_auc_1,val_precision_1
2023-03-29 01:29:36,422 : [WARNING]  Early stopping conditioned on metric `val_acc` which is not available. Available metrics are: loss,binary_accuracy,recall_1,auc_1,precision_1,val_loss,val_binary_accuracy,val_recall_1,val_auc_1,val_precision_1
2023-03-29 01:29:36,427 : [INFO]  ------------------------- Batch round 2, loss: 0.2766 -------------------------
2023-03-29 01:29:36,427 : [INFO]  ------------------------- Batch 1, round 2: Sent local model to the server -------------------------
2023-03-29 01:29:36,969 : [INFO]  ------------------------- Received aggregated global model from the server -------------------------
2023-03-29 01:29:36,975 : [INFO]  ------------------------- Batch 1 training: round 3 -------------------------
2023-03-29 01:29:38,105 : [WARNING]  Early stopping conditioned on metric `val_acc` which is not available. Available metrics are: loss,binary_accuracy,recall_1,auc_1,precision_1,val_loss,val_binary_accuracy,val_recall_1,val_auc_1,val_precision_1
2023-03-29 01:29:39,082 : [WARNING]  Early stopping conditioned on metric `val_acc` which is not available. Available metrics are: loss,binary_accuracy,recall_1,auc_1,precision_1,val_loss,val_binary_accuracy,val_recall_1,val_auc_1,val_precision_1
2023-03-29 01:29:40,021 : [WARNING]  Early stopping conditioned on metric `val_acc` which is not available. Available metrics are: loss,binary_accuracy,recall_1,auc_1,precision_1,val_loss,val_binary_accuracy,val_recall_1,val_auc_1,val_precision_1
2023-03-29 01:29:41,224 : [WARNING]  Early stopping conditioned on metric `val_acc` which is not available. Available metrics are: loss,binary_accuracy,recall_1,auc_1,precision_1,val_loss,val_binary_accuracy,val_recall_1,val_auc_1,val_precision_1
2023-03-29 01:29:42,082 : [WARNING]  Early stopping conditioned on metric `val_acc` which is not available. Available metrics are: loss,binary_accuracy,recall_1,auc_1,precision_1,val_loss,val_binary_accuracy,val_recall_1,val_auc_1,val_precision_1
2023-03-29 01:29:42,810 : [WARNING]  Early stopping conditioned on metric `val_acc` which is not available. Available metrics are: loss,binary_accuracy,recall_1,auc_1,precision_1,val_loss,val_binary_accuracy,val_recall_1,val_auc_1,val_precision_1
2023-03-29 01:29:43,370 : [INFO]  ------------------------- Batch round 3, loss: 0.2573 -------------------------
2023-03-29 01:29:43,371 : [INFO]  ------------------------- Batch 1, round 3: Sent local model to the server -------------------------
2023-03-29 01:29:43,390 : [INFO]  ------------------------- Received aggregated global model from the server -------------------------
2023-03-29 01:29:43,400 : [INFO]  Batch number 1 model fetched from the server
2023-03-29 01:29:43,401 : [INFO]  ################ Batch 1: final global model evalution after 3 rounds ################
2023-03-29 01:29:52,155 : [INFO]  Batch 1: Training set : loss - 0.3216, accuracy - 0.8777, recall - 0.966, AUC - 0.9395, F1 - 0.8877, precision - 0.8211, training time - -27.0 seconds
2023-03-29 01:29:52,155 : [INFO]  Batch 1: Testing set : loss - 0.4923, accuracy - 0.829, recall - 0.9081, AUC - 0.891, F1 - 0.842, precision - 0.7849
2023-03-29 01:29:52,185 : [INFO]  Batch 2 initialized 
2023-03-29 01:29:53,551 : [INFO]  ------------------------- Batch 2 training: round 1 -------------------------
2023-03-29 01:29:57,866 : [WARNING]  Early stopping conditioned on metric `val_acc` which is not available. Available metrics are: loss,binary_accuracy,recall_2,auc_2,precision_2,val_loss,val_binary_accuracy,val_recall_2,val_auc_2,val_precision_2
2023-03-29 01:29:58,637 : [WARNING]  Early stopping conditioned on metric `val_acc` which is not available. Available metrics are: loss,binary_accuracy,recall_2,auc_2,precision_2,val_loss,val_binary_accuracy,val_recall_2,val_auc_2,val_precision_2
2023-03-29 01:29:59,391 : [WARNING]  Early stopping conditioned on metric `val_acc` which is not available. Available metrics are: loss,binary_accuracy,recall_2,auc_2,precision_2,val_loss,val_binary_accuracy,val_recall_2,val_auc_2,val_precision_2
2023-03-29 01:30:04,046 : [WARNING]  Early stopping conditioned on metric `val_acc` which is not available. Available metrics are: loss,binary_accuracy,recall_2,auc_2,precision_2,val_loss,val_binary_accuracy,val_recall_2,val_auc_2,val_precision_2
2023-03-29 01:30:04,919 : [WARNING]  Early stopping conditioned on metric `val_acc` which is not available. Available metrics are: loss,binary_accuracy,recall_2,auc_2,precision_2,val_loss,val_binary_accuracy,val_recall_2,val_auc_2,val_precision_2
2023-03-29 01:30:05,739 : [WARNING]  Early stopping conditioned on metric `val_acc` which is not available. Available metrics are: loss,binary_accuracy,recall_2,auc_2,precision_2,val_loss,val_binary_accuracy,val_recall_2,val_auc_2,val_precision_2
2023-03-29 01:30:05,744 : [INFO]  ------------------------- Batch round 1, loss: 0.3186 -------------------------
2023-03-29 01:30:05,745 : [INFO]  ------------------------- Batch 2, round 1: Sent local model to the server -------------------------
2023-03-29 01:30:06,332 : [INFO]  ------------------------- Received aggregated global model from the server -------------------------
2023-03-29 01:30:06,337 : [INFO]  ------------------------- Batch 2 training: round 2 -------------------------
2023-03-29 01:30:07,408 : [WARNING]  Early stopping conditioned on metric `val_acc` which is not available. Available metrics are: loss,binary_accuracy,recall_2,auc_2,precision_2,val_loss,val_binary_accuracy,val_recall_2,val_auc_2,val_precision_2
2023-03-29 01:30:08,163 : [WARNING]  Early stopping conditioned on metric `val_acc` which is not available. Available metrics are: loss,binary_accuracy,recall_2,auc_2,precision_2,val_loss,val_binary_accuracy,val_recall_2,val_auc_2,val_precision_2
2023-03-29 01:30:09,119 : [WARNING]  Early stopping conditioned on metric `val_acc` which is not available. Available metrics are: loss,binary_accuracy,recall_2,auc_2,precision_2,val_loss,val_binary_accuracy,val_recall_2,val_auc_2,val_precision_2
2023-03-29 01:30:10,238 : [WARNING]  Early stopping conditioned on metric `val_acc` which is not available. Available metrics are: loss,binary_accuracy,recall_2,auc_2,precision_2,val_loss,val_binary_accuracy,val_recall_2,val_auc_2,val_precision_2
2023-03-29 01:30:11,048 : [WARNING]  Early stopping conditioned on metric `val_acc` which is not available. Available metrics are: loss,binary_accuracy,recall_2,auc_2,precision_2,val_loss,val_binary_accuracy,val_recall_2,val_auc_2,val_precision_2
2023-03-29 01:30:11,841 : [WARNING]  Early stopping conditioned on metric `val_acc` which is not available. Available metrics are: loss,binary_accuracy,recall_2,auc_2,precision_2,val_loss,val_binary_accuracy,val_recall_2,val_auc_2,val_precision_2
2023-03-29 01:30:11,845 : [INFO]  ------------------------- Batch round 2, loss: 0.2271 -------------------------
2023-03-29 01:30:11,845 : [INFO]  ------------------------- Batch 2, round 2: Sent local model to the server -------------------------
2023-03-29 01:30:12,102 : [INFO]  ------------------------- Received aggregated global model from the server -------------------------
2023-03-29 01:30:12,107 : [INFO]  ------------------------- Batch 2 training: round 3 -------------------------
2023-03-29 01:30:13,248 : [WARNING]  Early stopping conditioned on metric `val_acc` which is not available. Available metrics are: loss,binary_accuracy,recall_2,auc_2,precision_2,val_loss,val_binary_accuracy,val_recall_2,val_auc_2,val_precision_2
2023-03-29 01:30:14,121 : [WARNING]  Early stopping conditioned on metric `val_acc` which is not available. Available metrics are: loss,binary_accuracy,recall_2,auc_2,precision_2,val_loss,val_binary_accuracy,val_recall_2,val_auc_2,val_precision_2
2023-03-29 01:30:14,942 : [WARNING]  Early stopping conditioned on metric `val_acc` which is not available. Available metrics are: loss,binary_accuracy,recall_2,auc_2,precision_2,val_loss,val_binary_accuracy,val_recall_2,val_auc_2,val_precision_2
2023-03-29 01:30:16,005 : [WARNING]  Early stopping conditioned on metric `val_acc` which is not available. Available metrics are: loss,binary_accuracy,recall_2,auc_2,precision_2,val_loss,val_binary_accuracy,val_recall_2,val_auc_2,val_precision_2
2023-03-29 01:30:16,959 : [WARNING]  Early stopping conditioned on metric `val_acc` which is not available. Available metrics are: loss,binary_accuracy,recall_2,auc_2,precision_2,val_loss,val_binary_accuracy,val_recall_2,val_auc_2,val_precision_2
2023-03-29 01:30:17,927 : [WARNING]  Early stopping conditioned on metric `val_acc` which is not available. Available metrics are: loss,binary_accuracy,recall_2,auc_2,precision_2,val_loss,val_binary_accuracy,val_recall_2,val_auc_2,val_precision_2
2023-03-29 01:30:17,932 : [INFO]  ------------------------- Batch round 3, loss: 0.3579 -------------------------
2023-03-29 01:30:17,932 : [INFO]  ------------------------- Batch 2, round 3: Sent local model to the server -------------------------
2023-03-29 01:30:17,998 : [INFO]  ------------------------- Received aggregated global model from the server -------------------------
2023-03-29 01:30:18,006 : [INFO]  Batch number 2 model fetched from the server
2023-03-29 01:30:18,006 : [INFO]  ################ Batch 2: final global model evalution after 3 rounds ################
2023-03-29 01:30:27,020 : [INFO]  Batch 2: Training set : loss - 0.2937, accuracy - 0.8974, recall - 0.9443, AUC - 0.9563, F1 - 0.9021, precision - 0.8636, training time - -24.0 seconds
2023-03-29 01:30:27,020 : [INFO]  Batch 2: Testing set : loss - 0.5765, accuracy - 0.8284, recall - 0.8578, AUC - 0.8983, F1 - 0.8334, precision - 0.8102
2023-03-29 01:30:27,026 : [INFO]  Batch 3 initialized 
2023-03-29 01:30:28,430 : [INFO]  ------------------------- Batch 3 training: round 1 -------------------------
2023-03-29 01:30:32,293 : [WARNING]  Early stopping conditioned on metric `val_acc` which is not available. Available metrics are: loss,binary_accuracy,recall_3,auc_3,precision_3,val_loss,val_binary_accuracy,val_recall_3,val_auc_3,val_precision_3
2023-03-29 01:30:33,121 : [WARNING]  Early stopping conditioned on metric `val_acc` which is not available. Available metrics are: loss,binary_accuracy,recall_3,auc_3,precision_3,val_loss,val_binary_accuracy,val_recall_3,val_auc_3,val_precision_3
2023-03-29 01:30:33,841 : [WARNING]  Early stopping conditioned on metric `val_acc` which is not available. Available metrics are: loss,binary_accuracy,recall_3,auc_3,precision_3,val_loss,val_binary_accuracy,val_recall_3,val_auc_3,val_precision_3
2023-03-29 01:30:37,897 : [WARNING]  Early stopping conditioned on metric `val_acc` which is not available. Available metrics are: loss,binary_accuracy,recall_3,auc_3,precision_3,val_loss,val_binary_accuracy,val_recall_3,val_auc_3,val_precision_3
2023-03-29 01:30:38,654 : [WARNING]  Early stopping conditioned on metric `val_acc` which is not available. Available metrics are: loss,binary_accuracy,recall_3,auc_3,precision_3,val_loss,val_binary_accuracy,val_recall_3,val_auc_3,val_precision_3
2023-03-29 01:30:39,463 : [WARNING]  Early stopping conditioned on metric `val_acc` which is not available. Available metrics are: loss,binary_accuracy,recall_3,auc_3,precision_3,val_loss,val_binary_accuracy,val_recall_3,val_auc_3,val_precision_3
2023-03-29 01:30:39,468 : [INFO]  ------------------------- Batch round 1, loss: 0.422 -------------------------
2023-03-29 01:30:39,468 : [INFO]  ------------------------- Batch 3, round 1: Sent local model to the server -------------------------
2023-03-29 01:30:40,085 : [INFO]  ------------------------- Received aggregated global model from the server -------------------------
2023-03-29 01:30:40,088 : [INFO]  ------------------------- Batch 3 training: round 2 -------------------------
2023-03-29 01:30:41,108 : [WARNING]  Early stopping conditioned on metric `val_acc` which is not available. Available metrics are: loss,binary_accuracy,recall_3,auc_3,precision_3,val_loss,val_binary_accuracy,val_recall_3,val_auc_3,val_precision_3
2023-03-29 01:30:42,148 : [WARNING]  Early stopping conditioned on metric `val_acc` which is not available. Available metrics are: loss,binary_accuracy,recall_3,auc_3,precision_3,val_loss,val_binary_accuracy,val_recall_3,val_auc_3,val_precision_3
2023-03-29 01:30:43,002 : [WARNING]  Early stopping conditioned on metric `val_acc` which is not available. Available metrics are: loss,binary_accuracy,recall_3,auc_3,precision_3,val_loss,val_binary_accuracy,val_recall_3,val_auc_3,val_precision_3
2023-03-29 01:30:44,254 : [WARNING]  Early stopping conditioned on metric `val_acc` which is not available. Available metrics are: loss,binary_accuracy,recall_3,auc_3,precision_3,val_loss,val_binary_accuracy,val_recall_3,val_auc_3,val_precision_3
2023-03-29 01:30:45,154 : [WARNING]  Early stopping conditioned on metric `val_acc` which is not available. Available metrics are: loss,binary_accuracy,recall_3,auc_3,precision_3,val_loss,val_binary_accuracy,val_recall_3,val_auc_3,val_precision_3
2023-03-29 01:30:46,016 : [WARNING]  Early stopping conditioned on metric `val_acc` which is not available. Available metrics are: loss,binary_accuracy,recall_3,auc_3,precision_3,val_loss,val_binary_accuracy,val_recall_3,val_auc_3,val_precision_3
2023-03-29 01:30:46,020 : [INFO]  ------------------------- Batch round 2, loss: 0.5883 -------------------------
2023-03-29 01:30:46,020 : [INFO]  ------------------------- Batch 3, round 2: Sent local model to the server -------------------------
2023-03-29 01:30:46,064 : [INFO]  ------------------------- Received aggregated global model from the server -------------------------
2023-03-29 01:30:46,080 : [INFO]  ------------------------- Batch 3 training: round 3 -------------------------
2023-03-29 01:30:47,298 : [WARNING]  Early stopping conditioned on metric `val_acc` which is not available. Available metrics are: loss,binary_accuracy,recall_3,auc_3,precision_3,val_loss,val_binary_accuracy,val_recall_3,val_auc_3,val_precision_3
2023-03-29 01:30:48,086 : [WARNING]  Early stopping conditioned on metric `val_acc` which is not available. Available metrics are: loss,binary_accuracy,recall_3,auc_3,precision_3,val_loss,val_binary_accuracy,val_recall_3,val_auc_3,val_precision_3
2023-03-29 01:30:48,949 : [WARNING]  Early stopping conditioned on metric `val_acc` which is not available. Available metrics are: loss,binary_accuracy,recall_3,auc_3,precision_3,val_loss,val_binary_accuracy,val_recall_3,val_auc_3,val_precision_3
2023-03-29 01:30:50,150 : [WARNING]  Early stopping conditioned on metric `val_acc` which is not available. Available metrics are: loss,binary_accuracy,recall_3,auc_3,precision_3,val_loss,val_binary_accuracy,val_recall_3,val_auc_3,val_precision_3
2023-03-29 01:30:51,195 : [WARNING]  Early stopping conditioned on metric `val_acc` which is not available. Available metrics are: loss,binary_accuracy,recall_3,auc_3,precision_3,val_loss,val_binary_accuracy,val_recall_3,val_auc_3,val_precision_3
2023-03-29 01:30:51,922 : [WARNING]  Early stopping conditioned on metric `val_acc` which is not available. Available metrics are: loss,binary_accuracy,recall_3,auc_3,precision_3,val_loss,val_binary_accuracy,val_recall_3,val_auc_3,val_precision_3
2023-03-29 01:30:51,926 : [INFO]  ------------------------- Batch round 3, loss: 0.4416 -------------------------
2023-03-29 01:30:51,926 : [INFO]  ------------------------- Batch 3, round 3: Sent local model to the server -------------------------
2023-03-29 01:30:51,931 : [INFO]  ------------------------- Received aggregated global model from the server -------------------------
2023-03-29 01:30:51,936 : [INFO]  Batch number 3 model fetched from the server
2023-03-29 01:30:51,936 : [INFO]  ################ Batch 3: final global model evalution after 3 rounds ################
2023-03-29 01:31:00,771 : [INFO]  Batch 3: Training set : loss - 0.501, accuracy - 0.8546, recall - 0.8899, AUC - 0.9142, F1 - 0.8597, precision - 0.8314, training time - -24.0 seconds
2023-03-29 01:31:00,772 : [INFO]  Batch 3: Testing set : loss - 0.3485, accuracy - 0.8756, recall - 0.9069, AUC - 0.9488, F1 - 0.8794, precision - 0.8536
2023-03-29 01:31:00,779 : [INFO]  Batch 4 initialized 
2023-03-29 01:31:02,193 : [INFO]  ------------------------- Batch 4 training: round 1 -------------------------
2023-03-29 01:31:06,280 : [WARNING]  Early stopping conditioned on metric `val_acc` which is not available. Available metrics are: loss,binary_accuracy,recall_4,auc_4,precision_4,val_loss,val_binary_accuracy,val_recall_4,val_auc_4,val_precision_4
2023-03-29 01:31:07,079 : [WARNING]  Early stopping conditioned on metric `val_acc` which is not available. Available metrics are: loss,binary_accuracy,recall_4,auc_4,precision_4,val_loss,val_binary_accuracy,val_recall_4,val_auc_4,val_precision_4
2023-03-29 01:31:07,996 : [WARNING]  Early stopping conditioned on metric `val_acc` which is not available. Available metrics are: loss,binary_accuracy,recall_4,auc_4,precision_4,val_loss,val_binary_accuracy,val_recall_4,val_auc_4,val_precision_4
2023-03-29 01:31:12,298 : [WARNING]  Early stopping conditioned on metric `val_acc` which is not available. Available metrics are: loss,binary_accuracy,recall_4,auc_4,precision_4,val_loss,val_binary_accuracy,val_recall_4,val_auc_4,val_precision_4
2023-03-29 01:31:13,191 : [WARNING]  Early stopping conditioned on metric `val_acc` which is not available. Available metrics are: loss,binary_accuracy,recall_4,auc_4,precision_4,val_loss,val_binary_accuracy,val_recall_4,val_auc_4,val_precision_4
2023-03-29 01:31:14,380 : [WARNING]  Early stopping conditioned on metric `val_acc` which is not available. Available metrics are: loss,binary_accuracy,recall_4,auc_4,precision_4,val_loss,val_binary_accuracy,val_recall_4,val_auc_4,val_precision_4
2023-03-29 01:31:14,385 : [INFO]  ------------------------- Batch round 1, loss: 0.2331 -------------------------
2023-03-29 01:31:14,385 : [INFO]  ------------------------- Batch 4, round 1: Sent local model to the server -------------------------
2023-03-29 01:31:14,691 : [INFO]  ------------------------- Received aggregated global model from the server -------------------------
2023-03-29 01:31:14,694 : [INFO]  ------------------------- Batch 4 training: round 2 -------------------------
2023-03-29 01:31:15,647 : [WARNING]  Early stopping conditioned on metric `val_acc` which is not available. Available metrics are: loss,binary_accuracy,recall_4,auc_4,precision_4,val_loss,val_binary_accuracy,val_recall_4,val_auc_4,val_precision_4
2023-03-29 01:31:16,387 : [WARNING]  Early stopping conditioned on metric `val_acc` which is not available. Available metrics are: loss,binary_accuracy,recall_4,auc_4,precision_4,val_loss,val_binary_accuracy,val_recall_4,val_auc_4,val_precision_4
2023-03-29 01:31:17,178 : [WARNING]  Early stopping conditioned on metric `val_acc` which is not available. Available metrics are: loss,binary_accuracy,recall_4,auc_4,precision_4,val_loss,val_binary_accuracy,val_recall_4,val_auc_4,val_precision_4
2023-03-29 01:31:18,339 : [WARNING]  Early stopping conditioned on metric `val_acc` which is not available. Available metrics are: loss,binary_accuracy,recall_4,auc_4,precision_4,val_loss,val_binary_accuracy,val_recall_4,val_auc_4,val_precision_4
2023-03-29 01:31:19,176 : [WARNING]  Early stopping conditioned on metric `val_acc` which is not available. Available metrics are: loss,binary_accuracy,recall_4,auc_4,precision_4,val_loss,val_binary_accuracy,val_recall_4,val_auc_4,val_precision_4
2023-03-29 01:31:20,003 : [WARNING]  Early stopping conditioned on metric `val_acc` which is not available. Available metrics are: loss,binary_accuracy,recall_4,auc_4,precision_4,val_loss,val_binary_accuracy,val_recall_4,val_auc_4,val_precision_4
2023-03-29 01:31:20,008 : [INFO]  ------------------------- Batch round 2, loss: 0.2099 -------------------------
2023-03-29 01:31:20,009 : [INFO]  ------------------------- Batch 4, round 2: Sent local model to the server -------------------------
2023-03-29 01:31:20,499 : [INFO]  ------------------------- Received aggregated global model from the server -------------------------
2023-03-29 01:31:20,503 : [INFO]  ------------------------- Batch 4 training: round 3 -------------------------
2023-03-29 01:31:21,694 : [WARNING]  Early stopping conditioned on metric `val_acc` which is not available. Available metrics are: loss,binary_accuracy,recall_4,auc_4,precision_4,val_loss,val_binary_accuracy,val_recall_4,val_auc_4,val_precision_4
2023-03-29 01:31:22,480 : [WARNING]  Early stopping conditioned on metric `val_acc` which is not available. Available metrics are: loss,binary_accuracy,recall_4,auc_4,precision_4,val_loss,val_binary_accuracy,val_recall_4,val_auc_4,val_precision_4
2023-03-29 01:31:23,276 : [WARNING]  Early stopping conditioned on metric `val_acc` which is not available. Available metrics are: loss,binary_accuracy,recall_4,auc_4,precision_4,val_loss,val_binary_accuracy,val_recall_4,val_auc_4,val_precision_4
2023-03-29 01:31:24,479 : [WARNING]  Early stopping conditioned on metric `val_acc` which is not available. Available metrics are: loss,binary_accuracy,recall_4,auc_4,precision_4,val_loss,val_binary_accuracy,val_recall_4,val_auc_4,val_precision_4
2023-03-29 01:31:25,763 : [WARNING]  Early stopping conditioned on metric `val_acc` which is not available. Available metrics are: loss,binary_accuracy,recall_4,auc_4,precision_4,val_loss,val_binary_accuracy,val_recall_4,val_auc_4,val_precision_4
2023-03-29 01:31:26,671 : [WARNING]  Early stopping conditioned on metric `val_acc` which is not available. Available metrics are: loss,binary_accuracy,recall_4,auc_4,precision_4,val_loss,val_binary_accuracy,val_recall_4,val_auc_4,val_precision_4
2023-03-29 01:31:26,677 : [INFO]  ------------------------- Batch round 3, loss: 0.2662 -------------------------
2023-03-29 01:31:26,677 : [INFO]  ------------------------- Batch 4, round 3: Sent local model to the server -------------------------
2023-03-29 01:31:26,684 : [INFO]  ------------------------- Received aggregated global model from the server -------------------------
2023-03-29 01:31:26,689 : [INFO]  Batch number 4 model fetched from the server
2023-03-29 01:31:26,689 : [INFO]  ################ Batch 4: final global model evalution after 3 rounds ################
2023-03-29 01:31:36,244 : [INFO]  Batch 4: Training set : loss - 0.2324, accuracy - 0.9083, recall - 0.9348, AUC - 0.9646, F1 - 0.9109, precision - 0.8882, training time - -24.0 seconds
2023-03-29 01:31:36,245 : [INFO]  Batch 4: Testing set : loss - 0.5252, accuracy - 0.8352, recall - 0.8799, AUC - 0.9161, F1 - 0.8423, precision - 0.8078
2023-03-29 01:31:36,252 : [INFO]  Batch 5 initialized 
2023-03-29 01:31:37,813 : [INFO]  ------------------------- Batch 5 training: round 1 -------------------------
2023-03-29 01:31:42,328 : [WARNING]  Early stopping conditioned on metric `val_acc` which is not available. Available metrics are: loss,binary_accuracy,recall_5,auc_5,precision_5,val_loss,val_binary_accuracy,val_recall_5,val_auc_5,val_precision_5
2023-03-29 01:31:43,015 : [WARNING]  Early stopping conditioned on metric `val_acc` which is not available. Available metrics are: loss,binary_accuracy,recall_5,auc_5,precision_5,val_loss,val_binary_accuracy,val_recall_5,val_auc_5,val_precision_5
2023-03-29 01:31:43,845 : [WARNING]  Early stopping conditioned on metric `val_acc` which is not available. Available metrics are: loss,binary_accuracy,recall_5,auc_5,precision_5,val_loss,val_binary_accuracy,val_recall_5,val_auc_5,val_precision_5
2023-03-29 01:31:48,947 : [WARNING]  Early stopping conditioned on metric `val_acc` which is not available. Available metrics are: loss,binary_accuracy,recall_5,auc_5,precision_5,val_loss,val_binary_accuracy,val_recall_5,val_auc_5,val_precision_5
2023-03-29 01:31:49,890 : [WARNING]  Early stopping conditioned on metric `val_acc` which is not available. Available metrics are: loss,binary_accuracy,recall_5,auc_5,precision_5,val_loss,val_binary_accuracy,val_recall_5,val_auc_5,val_precision_5
2023-03-29 01:31:50,828 : [WARNING]  Early stopping conditioned on metric `val_acc` which is not available. Available metrics are: loss,binary_accuracy,recall_5,auc_5,precision_5,val_loss,val_binary_accuracy,val_recall_5,val_auc_5,val_precision_5
2023-03-29 01:31:50,835 : [INFO]  ------------------------- Batch round 1, loss: 0.4387 -------------------------
2023-03-29 01:31:50,835 : [INFO]  ------------------------- Batch 5, round 1: Sent local model to the server -------------------------
2023-03-29 01:31:52,031 : [INFO]  ------------------------- Received aggregated global model from the server -------------------------
2023-03-29 01:31:52,034 : [INFO]  ------------------------- Batch 5 training: round 2 -------------------------
2023-03-29 01:31:53,082 : [WARNING]  Early stopping conditioned on metric `val_acc` which is not available. Available metrics are: loss,binary_accuracy,recall_5,auc_5,precision_5,val_loss,val_binary_accuracy,val_recall_5,val_auc_5,val_precision_5
2023-03-29 01:31:54,264 : [WARNING]  Early stopping conditioned on metric `val_acc` which is not available. Available metrics are: loss,binary_accuracy,recall_5,auc_5,precision_5,val_loss,val_binary_accuracy,val_recall_5,val_auc_5,val_precision_5
2023-03-29 01:31:55,070 : [WARNING]  Early stopping conditioned on metric `val_acc` which is not available. Available metrics are: loss,binary_accuracy,recall_5,auc_5,precision_5,val_loss,val_binary_accuracy,val_recall_5,val_auc_5,val_precision_5
2023-03-29 01:31:56,333 : [WARNING]  Early stopping conditioned on metric `val_acc` which is not available. Available metrics are: loss,binary_accuracy,recall_5,auc_5,precision_5,val_loss,val_binary_accuracy,val_recall_5,val_auc_5,val_precision_5
2023-03-29 01:31:57,222 : [WARNING]  Early stopping conditioned on metric `val_acc` which is not available. Available metrics are: loss,binary_accuracy,recall_5,auc_5,precision_5,val_loss,val_binary_accuracy,val_recall_5,val_auc_5,val_precision_5
2023-03-29 01:31:58,057 : [WARNING]  Early stopping conditioned on metric `val_acc` which is not available. Available metrics are: loss,binary_accuracy,recall_5,auc_5,precision_5,val_loss,val_binary_accuracy,val_recall_5,val_auc_5,val_precision_5
2023-03-29 01:31:58,062 : [INFO]  ------------------------- Batch round 2, loss: 0.5546 -------------------------
2023-03-29 01:31:58,062 : [INFO]  ------------------------- Batch 5, round 2: Sent local model to the server -------------------------
2023-03-29 01:31:58,130 : [INFO]  ------------------------- Received aggregated global model from the server -------------------------
2023-03-29 01:31:58,138 : [INFO]  ------------------------- Batch 5 training: round 3 -------------------------
2023-03-29 01:31:59,276 : [WARNING]  Early stopping conditioned on metric `val_acc` which is not available. Available metrics are: loss,binary_accuracy,recall_5,auc_5,precision_5,val_loss,val_binary_accuracy,val_recall_5,val_auc_5,val_precision_5
2023-03-29 01:32:00,125 : [WARNING]  Early stopping conditioned on metric `val_acc` which is not available. Available metrics are: loss,binary_accuracy,recall_5,auc_5,precision_5,val_loss,val_binary_accuracy,val_recall_5,val_auc_5,val_precision_5
2023-03-29 01:32:00,974 : [WARNING]  Early stopping conditioned on metric `val_acc` which is not available. Available metrics are: loss,binary_accuracy,recall_5,auc_5,precision_5,val_loss,val_binary_accuracy,val_recall_5,val_auc_5,val_precision_5
2023-03-29 01:32:02,122 : [WARNING]  Early stopping conditioned on metric `val_acc` which is not available. Available metrics are: loss,binary_accuracy,recall_5,auc_5,precision_5,val_loss,val_binary_accuracy,val_recall_5,val_auc_5,val_precision_5
2023-03-29 01:32:02,964 : [WARNING]  Early stopping conditioned on metric `val_acc` which is not available. Available metrics are: loss,binary_accuracy,recall_5,auc_5,precision_5,val_loss,val_binary_accuracy,val_recall_5,val_auc_5,val_precision_5
2023-03-29 01:32:03,750 : [WARNING]  Early stopping conditioned on metric `val_acc` which is not available. Available metrics are: loss,binary_accuracy,recall_5,auc_5,precision_5,val_loss,val_binary_accuracy,val_recall_5,val_auc_5,val_precision_5
2023-03-29 01:32:03,754 : [INFO]  ------------------------- Batch round 3, loss: 0.8288 -------------------------
2023-03-29 01:32:03,754 : [INFO]  ------------------------- Batch 5, round 3: Sent local model to the server -------------------------
2023-03-29 01:32:03,947 : [INFO]  ------------------------- Received aggregated global model from the server -------------------------
2023-03-29 01:32:03,963 : [INFO]  Batch number 5 model fetched from the server
2023-03-29 01:32:03,963 : [INFO]  ################ Batch 5: final global model evalution after 3 rounds ################
2023-03-29 01:32:13,591 : [INFO]  Batch 5: Training set : loss - 0.4344, accuracy - 0.8417, recall - 0.8913, AUC - 0.9113, F1 - 0.8502, precision - 0.8128, training time - -26.0 seconds
2023-03-29 01:32:13,592 : [INFO]  Batch 5: Testing set : loss - 0.3487, accuracy - 0.8333, recall - 0.8897, AUC - 0.9286, F1 - 0.8424, precision - 0.7998
2023-03-29 01:32:13,599 : [INFO]  Batch 6 initialized 
2023-03-29 01:32:15,232 : [INFO]  ------------------------- Batch 6 training: round 1 -------------------------
2023-03-29 01:32:19,541 : [WARNING]  Early stopping conditioned on metric `val_acc` which is not available. Available metrics are: loss,binary_accuracy,recall_6,auc_6,precision_6,val_loss,val_binary_accuracy,val_recall_6,val_auc_6,val_precision_6
2023-03-29 01:32:20,440 : [WARNING]  Early stopping conditioned on metric `val_acc` which is not available. Available metrics are: loss,binary_accuracy,recall_6,auc_6,precision_6,val_loss,val_binary_accuracy,val_recall_6,val_auc_6,val_precision_6
2023-03-29 01:32:21,395 : [WARNING]  Early stopping conditioned on metric `val_acc` which is not available. Available metrics are: loss,binary_accuracy,recall_6,auc_6,precision_6,val_loss,val_binary_accuracy,val_recall_6,val_auc_6,val_precision_6
2023-03-29 01:32:25,960 : [WARNING]  Early stopping conditioned on metric `val_acc` which is not available. Available metrics are: loss,binary_accuracy,recall_6,auc_6,precision_6,val_loss,val_binary_accuracy,val_recall_6,val_auc_6,val_precision_6
2023-03-29 01:32:26,932 : [WARNING]  Early stopping conditioned on metric `val_acc` which is not available. Available metrics are: loss,binary_accuracy,recall_6,auc_6,precision_6,val_loss,val_binary_accuracy,val_recall_6,val_auc_6,val_precision_6
2023-03-29 01:32:27,759 : [WARNING]  Early stopping conditioned on metric `val_acc` which is not available. Available metrics are: loss,binary_accuracy,recall_6,auc_6,precision_6,val_loss,val_binary_accuracy,val_recall_6,val_auc_6,val_precision_6
2023-03-29 01:32:27,763 : [INFO]  ------------------------- Batch round 1, loss: 0.3453 -------------------------
2023-03-29 01:32:27,763 : [INFO]  ------------------------- Batch 6, round 1: Sent local model to the server -------------------------
2023-03-29 01:32:28,219 : [INFO]  ------------------------- Received aggregated global model from the server -------------------------
2023-03-29 01:32:28,225 : [INFO]  ------------------------- Batch 6 training: round 2 -------------------------
2023-03-29 01:32:29,265 : [WARNING]  Early stopping conditioned on metric `val_acc` which is not available. Available metrics are: loss,binary_accuracy,recall_6,auc_6,precision_6,val_loss,val_binary_accuracy,val_recall_6,val_auc_6,val_precision_6
2023-03-29 01:32:30,055 : [WARNING]  Early stopping conditioned on metric `val_acc` which is not available. Available metrics are: loss,binary_accuracy,recall_6,auc_6,precision_6,val_loss,val_binary_accuracy,val_recall_6,val_auc_6,val_precision_6
2023-03-29 01:32:30,846 : [WARNING]  Early stopping conditioned on metric `val_acc` which is not available. Available metrics are: loss,binary_accuracy,recall_6,auc_6,precision_6,val_loss,val_binary_accuracy,val_recall_6,val_auc_6,val_precision_6
2023-03-29 01:32:32,083 : [WARNING]  Early stopping conditioned on metric `val_acc` which is not available. Available metrics are: loss,binary_accuracy,recall_6,auc_6,precision_6,val_loss,val_binary_accuracy,val_recall_6,val_auc_6,val_precision_6
2023-03-29 01:32:32,861 : [WARNING]  Early stopping conditioned on metric `val_acc` which is not available. Available metrics are: loss,binary_accuracy,recall_6,auc_6,precision_6,val_loss,val_binary_accuracy,val_recall_6,val_auc_6,val_precision_6
2023-03-29 01:32:33,538 : [WARNING]  Early stopping conditioned on metric `val_acc` which is not available. Available metrics are: loss,binary_accuracy,recall_6,auc_6,precision_6,val_loss,val_binary_accuracy,val_recall_6,val_auc_6,val_precision_6
2023-03-29 01:32:33,542 : [INFO]  ------------------------- Batch round 2, loss: 0.3662 -------------------------
2023-03-29 01:32:33,543 : [INFO]  ------------------------- Batch 6, round 2: Sent local model to the server -------------------------
