2023-03-29 23:49:33,886 : [INFO]  _____________________________________________________ dblp: Pre-processing started _____________________________________________________
2023-03-29 23:49:33,901 : [INFO]  Folder path "data/dblp_4_0" exists
2023-03-29 23:49:33,902 : [INFO]  _____________________________________________________ Batch 0: started _____________________________________________________
2023-03-29 23:49:34,784 : [INFO]  Training batch created
2023-03-29 23:49:35,650 : [INFO]  _____________________________________________________ Batch 0: finished _____________________________________________________
2023-03-29 23:49:35,651 : [INFO]  _____________________________________________________ Batch 1: started _____________________________________________________
2023-03-29 23:49:35,678 : [INFO]  Test batch 1 created
2023-03-29 23:49:35,816 : [INFO]  _____________________________________________________ Batch 1: finished _____________________________________________________
2023-03-29 23:49:35,816 : [INFO]  _____________________________________________________ Batch 2: started _____________________________________________________
2023-03-29 23:49:35,845 : [INFO]  Test batch 2 created
2023-03-29 23:49:36,017 : [INFO]  _____________________________________________________ Batch 2: finished _____________________________________________________
2023-03-29 23:49:36,017 : [INFO]  _____________________________________________________ Batch 3: started _____________________________________________________
2023-03-29 23:49:36,046 : [INFO]  Test batch 3 created
2023-03-29 23:49:36,256 : [INFO]  _____________________________________________________ Batch 3: finished _____________________________________________________
2023-03-29 23:49:36,256 : [INFO]  _____________________________________________________ Batch 4: started _____________________________________________________
2023-03-29 23:49:36,289 : [INFO]  Test batch 4 created
2023-03-29 23:49:36,643 : [INFO]  _____________________________________________________ Batch 4: finished _____________________________________________________
2023-03-29 23:49:36,644 : [INFO]  _____________________________________________________ Batch 5: started _____________________________________________________
2023-03-29 23:49:36,678 : [INFO]  Test batch 5 created
2023-03-29 23:49:37,292 : [INFO]  _____________________________________________________ Batch 5: finished _____________________________________________________
2023-03-29 23:49:37,292 : [INFO]  _____________________________________________________ Batch 6: started _____________________________________________________
2023-03-29 23:49:37,355 : [INFO]  Test batch 6 created
2023-03-29 23:49:38,420 : [INFO]  _____________________________________________________ Batch 6: finished _____________________________________________________
2023-03-29 23:49:38,421 : [INFO]  _____________________________________________________ Batch 7: started _____________________________________________________
2023-03-29 23:49:38,487 : [INFO]  Test batch 7 created
2023-03-29 23:49:40,247 : [INFO]  _____________________________________________________ Batch 7: finished _____________________________________________________
2023-03-29 23:49:40,247 : [INFO]  _____________________________________________________ Batch 8: started _____________________________________________________
2023-03-29 23:49:40,473 : [INFO]  Test batch 8 created
2023-03-29 23:49:43,379 : [INFO]  _____________________________________________________ Batch 8: finished _____________________________________________________
2023-03-29 23:49:43,379 : [INFO]  _____________________________________________________ Batch 9: started _____________________________________________________
2023-03-29 23:49:43,512 : [INFO]  Test batch 9 created
2023-03-29 23:49:48,896 : [INFO]  _____________________________________________________ Batch 9: finished _____________________________________________________
2023-03-29 23:49:48,896 : [INFO]  _____________________________________________________ Batch 10: started _____________________________________________________
2023-03-29 23:49:49,192 : [INFO]  Test batch 10 created
2023-03-29 23:49:56,632 : [INFO]  _____________________________________________________ Batch 10: finished _____________________________________________________
2023-03-29 23:49:56,632 : [INFO]  _____________________________________________________ Batch 11: started _____________________________________________________
2023-03-29 23:49:57,069 : [INFO]  Test batch 11 created
2023-03-29 23:50:07,145 : [INFO]  _____________________________________________________ Batch 11: finished _____________________________________________________
2023-03-29 23:50:07,145 : [INFO]  _____________________________________________________ Batch 12: started _____________________________________________________
2023-03-29 23:50:07,963 : [INFO]  Test batch 12 created
2023-03-29 23:50:20,035 : [INFO]  _____________________________________________________ Batch 12: finished _____________________________________________________
2023-03-29 23:50:20,035 : [INFO]  _____________ dblp: Pre-processing finished, training batch size 16, testing batch size 4 _____________
