2023-03-30 15:10:47,970 : [INFO]  _____________________________________________________ facebook: Pre-processing started _____________________________________________________
2023-03-30 15:10:47,973 : [INFO]  Folder path "data/facebook_8_7" exists
2023-03-30 15:10:47,978 : [INFO]  Training batch created
2023-03-30 15:10:48,356 : [INFO]  Test batch 1 created
2023-03-30 15:10:48,391 : [INFO]  Test batch 2 created
2023-03-30 15:10:48,425 : [INFO]  Test batch 3 created
2023-03-30 15:10:48,463 : [INFO]  Test batch 4 created
2023-03-30 15:10:48,500 : [INFO]  Test batch 5 created
2023-03-30 15:10:48,539 : [INFO]  Test batch 6 created
2023-03-30 15:10:48,582 : [INFO]  Test batch 7 created
2023-03-30 15:10:48,624 : [INFO]  Test batch 8 created
2023-03-30 15:10:48,670 : [INFO]  Test batch 9 created
2023-03-30 15:10:48,719 : [INFO]  Test batch 10 created
2023-03-30 15:10:48,770 : [INFO]  Test batch 11 created
2023-03-30 15:10:48,823 : [INFO]  Test batch 12 created
2023-03-30 15:10:48,873 : [INFO]  Test batch 13 created
2023-03-30 15:10:48,922 : [INFO]  Test batch 14 created
2023-03-30 15:10:48,978 : [INFO]  Test batch 15 created
2023-03-30 15:10:49,050 : [INFO]  Test batch 16 created
2023-03-30 15:10:49,126 : [INFO]  Test batch 17 created
2023-03-30 15:10:49,199 : [INFO]  Test batch 18 created
2023-03-30 15:10:49,283 : [INFO]  Test batch 19 created
2023-03-30 15:10:49,380 : [INFO]  Test batch 20 created
2023-03-30 15:10:49,477 : [INFO]  _____________ facebook: Pre-processing finished, training batch size 20, testing batch size 1 _____________
