2023-03-30 15:25:00,176 : [INFO]  _____________________________________________________ facebook: Pre-processing started _____________________________________________________
2023-03-30 15:25:00,176 : [INFO]  Folder path "data/facebook_2_1" exists
2023-03-30 15:25:00,191 : [INFO]  Training batch created
2023-03-30 15:25:01,318 : [INFO]  Test batch 1 created
2023-03-30 15:25:01,433 : [INFO]  Test batch 2 created
2023-03-30 15:25:01,560 : [INFO]  Test batch 3 created
2023-03-30 15:25:01,694 : [INFO]  Test batch 4 created
2023-03-30 15:25:01,814 : [INFO]  Test batch 5 created
2023-03-30 15:25:01,935 : [INFO]  Test batch 6 created
2023-03-30 15:25:02,049 : [INFO]  Test batch 7 created
2023-03-30 15:25:02,133 : [INFO]  Test batch 8 created
2023-03-30 15:25:02,211 : [INFO]  Test batch 9 created
2023-03-30 15:25:02,299 : [INFO]  Test batch 10 created
2023-03-30 15:25:02,393 : [INFO]  Test batch 11 created
2023-03-30 15:25:02,484 : [INFO]  Test batch 12 created
2023-03-30 15:25:02,604 : [INFO]  Test batch 13 created
2023-03-30 15:25:02,725 : [INFO]  Test batch 14 created
2023-03-30 15:25:02,844 : [INFO]  Test batch 15 created
2023-03-30 15:25:02,979 : [INFO]  Test batch 16 created
2023-03-30 15:25:03,122 : [INFO]  Test batch 17 created
2023-03-30 15:25:03,279 : [INFO]  Test batch 18 created
2023-03-30 15:25:03,463 : [INFO]  Test batch 19 created
2023-03-30 15:25:03,661 : [INFO]  Test batch 20 created
2023-03-30 15:25:03,896 : [INFO]  _____________ facebook: Pre-processing finished, training batch size 20, testing batch size 1 _____________
