2023-03-30 15:24:51,776 : [INFO]  _____________________________________________________ facebook: Pre-processing started _____________________________________________________
2023-03-30 15:24:51,787 : [INFO]  Folder path "data/facebook_2_0" exists
2023-03-30 15:24:51,800 : [INFO]  Training batch created
2023-03-30 15:24:52,734 : [INFO]  Test batch 1 created
2023-03-30 15:24:52,790 : [INFO]  Test batch 2 created
2023-03-30 15:24:52,893 : [INFO]  Test batch 3 created
2023-03-30 15:24:53,018 : [INFO]  Test batch 4 created
2023-03-30 15:24:53,145 : [INFO]  Test batch 5 created
2023-03-30 15:24:53,267 : [INFO]  Test batch 6 created
2023-03-30 15:24:53,392 : [INFO]  Test batch 7 created
2023-03-30 15:24:53,541 : [INFO]  Test batch 8 created
2023-03-30 15:24:53,630 : [INFO]  Test batch 9 created
2023-03-30 15:24:53,732 : [INFO]  Test batch 10 created
2023-03-30 15:24:53,840 : [INFO]  Test batch 11 created
2023-03-30 15:24:53,939 : [INFO]  Test batch 12 created
2023-03-30 15:24:54,030 : [INFO]  Test batch 13 created
2023-03-30 15:24:54,133 : [INFO]  Test batch 14 created
2023-03-30 15:24:54,259 : [INFO]  Test batch 15 created
2023-03-30 15:24:54,400 : [INFO]  Test batch 16 created
2023-03-30 15:24:54,548 : [INFO]  Test batch 17 created
2023-03-30 15:24:54,722 : [INFO]  Test batch 18 created
2023-03-30 15:24:54,912 : [INFO]  Test batch 19 created
2023-03-30 15:24:55,144 : [INFO]  Test batch 20 created
2023-03-30 15:24:55,372 : [INFO]  _____________ facebook: Pre-processing finished, training batch size 20, testing batch size 1 _____________
