2023-03-30 16:35:23,835 : [INFO]  _____________________________________________________ flights: Pre-processing started _____________________________________________________
2023-03-30 16:35:23,838 : [INFO]  Folder path "data/flights_8_1" exists
2023-03-30 16:35:23,882 : [INFO]  Training batch created
2023-03-30 16:35:24,065 : [INFO]  Test batch 1 created
2023-03-30 16:35:24,117 : [INFO]  Test batch 2 created
2023-03-30 16:35:24,164 : [INFO]  Test batch 3 created
2023-03-30 16:35:24,218 : [INFO]  Test batch 4 created
2023-03-30 16:35:24,271 : [INFO]  Test batch 5 created
2023-03-30 16:35:24,322 : [INFO]  Test batch 6 created
2023-03-30 16:35:24,377 : [INFO]  Test batch 7 created
2023-03-30 16:35:24,434 : [INFO]  Test batch 8 created
2023-03-30 16:35:24,489 : [INFO]  Test batch 9 created
2023-03-30 16:35:24,551 : [INFO]  Test batch 10 created
2023-03-30 16:35:24,605 : [INFO]  Test batch 11 created
2023-03-30 16:35:24,658 : [INFO]  Test batch 12 created
2023-03-30 16:35:24,709 : [INFO]  Test batch 13 created
2023-03-30 16:35:24,777 : [INFO]  Test batch 14 created
2023-03-30 16:35:24,835 : [INFO]  Test batch 15 created
2023-03-30 16:35:24,888 : [INFO]  Test batch 16 created
2023-03-30 16:35:24,949 : [INFO]  Test batch 17 created
2023-03-30 16:35:25,011 : [INFO]  Test batch 18 created
2023-03-30 16:35:25,075 : [INFO]  Test batch 19 created
2023-03-30 16:35:25,137 : [INFO]  Test batch 20 created
2023-03-30 16:35:25,217 : [INFO]  Test batch 21 created
2023-03-30 16:35:25,288 : [INFO]  Test batch 22 created
2023-03-30 16:35:25,353 : [INFO]  Test batch 23 created
2023-03-30 16:35:25,415 : [INFO]  Test batch 24 created
2023-03-30 16:35:25,487 : [INFO]  Test batch 25 created
2023-03-30 16:35:25,604 : [INFO]  Test batch 26 created
2023-03-30 16:35:25,729 : [INFO]  Test batch 27 created
2023-03-30 16:35:25,804 : [INFO]  Test batch 28 created
2023-03-30 16:35:25,868 : [INFO]  Test batch 29 created
2023-03-30 16:35:25,933 : [INFO]  Test batch 30 created
2023-03-30 16:35:26,007 : [INFO]  Test batch 31 created
2023-03-30 16:35:26,079 : [INFO]  Test batch 32 created
2023-03-30 16:35:26,146 : [INFO]  Test batch 33 created
2023-03-30 16:35:26,219 : [INFO]  Test batch 34 created
2023-03-30 16:35:26,289 : [INFO]  Test batch 35 created
2023-03-30 16:35:26,358 : [INFO]  Test batch 36 created
2023-03-30 16:35:26,438 : [INFO]  Test batch 37 created
2023-03-30 16:35:26,509 : [INFO]  Test batch 38 created
2023-03-30 16:35:26,586 : [INFO]  Test batch 39 created
2023-03-30 16:35:26,661 : [INFO]  Test batch 40 created
2023-03-30 16:35:26,728 : [INFO]  Test batch 41 created
2023-03-30 16:35:26,795 : [INFO]  Test batch 42 created
2023-03-30 16:35:26,878 : [INFO]  Test batch 43 created
2023-03-30 16:35:26,947 : [INFO]  Test batch 44 created
2023-03-30 16:35:27,023 : [INFO]  Test batch 45 created
2023-03-30 16:35:27,104 : [INFO]  Test batch 46 created
2023-03-30 16:35:27,179 : [INFO]  Test batch 47 created
2023-03-30 16:35:27,255 : [INFO]  Test batch 48 created
2023-03-30 16:35:27,335 : [INFO]  Test batch 49 created
2023-03-30 16:35:27,411 : [INFO]  Test batch 50 created
2023-03-30 16:35:27,476 : [INFO]  Test batch 51 created
2023-03-30 16:35:27,537 : [INFO]  _____________ flights: Pre-processing finished, training batch size 20, testing batch size 2 _____________
