2023-03-30 15:21:50,668 : [INFO]  _____________________________________________________ facebook: Pre-processing started _____________________________________________________
2023-03-30 15:21:50,676 : [INFO]  Folder path "data/facebook_8_7" exists
2023-03-30 15:21:50,681 : [INFO]  Training batch created
2023-03-30 15:21:51,046 : [INFO]  Test batch 1 created
2023-03-30 15:21:51,073 : [INFO]  Test batch 2 created
2023-03-30 15:21:51,107 : [INFO]  Test batch 3 created
2023-03-30 15:21:51,143 : [INFO]  Test batch 4 created
2023-03-30 15:21:51,179 : [INFO]  Test batch 5 created
2023-03-30 15:21:51,227 : [INFO]  Test batch 6 created
2023-03-30 15:21:51,270 : [INFO]  Test batch 7 created
2023-03-30 15:21:51,312 : [INFO]  Test batch 8 created
2023-03-30 15:21:51,356 : [INFO]  Test batch 9 created
2023-03-30 15:21:51,402 : [INFO]  Test batch 10 created
2023-03-30 15:21:51,451 : [INFO]  Test batch 11 created
2023-03-30 15:21:51,500 : [INFO]  Test batch 12 created
2023-03-30 15:21:51,549 : [INFO]  Test batch 13 created
2023-03-30 15:21:51,598 : [INFO]  Test batch 14 created
2023-03-30 15:21:51,655 : [INFO]  Test batch 15 created
2023-03-30 15:21:51,718 : [INFO]  Test batch 16 created
2023-03-30 15:21:51,793 : [INFO]  Test batch 17 created
2023-03-30 15:21:51,866 : [INFO]  Test batch 18 created
2023-03-30 15:21:51,946 : [INFO]  Test batch 19 created
2023-03-30 15:21:52,040 : [INFO]  Test batch 20 created
2023-03-30 15:21:52,136 : [INFO]  _____________ facebook: Pre-processing finished, training batch size 20, testing batch size 1 _____________
