2023-03-30 12:27:01,027 : [INFO]  _____________________________________________________ flights: Pre-processing started _____________________________________________________
2023-03-30 12:27:01,028 : [INFO]  Folder path "data/flights_8_0" exists
2023-03-30 12:27:01,092 : [INFO]  Training batch created
2023-03-30 12:27:01,352 : [INFO]  Test batch 1 created
2023-03-30 12:27:01,422 : [INFO]  Test batch 2 created
2023-03-30 12:27:01,477 : [INFO]  Test batch 3 created
2023-03-30 12:27:01,557 : [INFO]  Test batch 4 created
2023-03-30 12:27:01,643 : [INFO]  Test batch 5 created
2023-03-30 12:27:01,714 : [INFO]  Test batch 6 created
2023-03-30 12:27:01,775 : [INFO]  Test batch 7 created
2023-03-30 12:27:01,841 : [INFO]  Test batch 8 created
2023-03-30 12:27:01,918 : [INFO]  Test batch 9 created
2023-03-30 12:27:02,004 : [INFO]  Test batch 10 created
2023-03-30 12:27:02,071 : [INFO]  Test batch 11 created
2023-03-30 12:27:02,128 : [INFO]  Test batch 12 created
2023-03-30 12:27:02,174 : [INFO]  Test batch 13 created
2023-03-30 12:27:02,235 : [INFO]  Test batch 14 created
2023-03-30 12:27:02,310 : [INFO]  Test batch 15 created
2023-03-30 12:27:02,362 : [INFO]  Test batch 16 created
2023-03-30 12:27:02,415 : [INFO]  Test batch 17 created
2023-03-30 12:27:02,503 : [INFO]  Test batch 18 created
2023-03-30 12:27:02,605 : [INFO]  Test batch 19 created
2023-03-30 12:27:02,702 : [INFO]  Test batch 20 created
2023-03-30 12:27:02,779 : [INFO]  Test batch 21 created
2023-03-30 12:27:02,839 : [INFO]  Test batch 22 created
2023-03-30 12:27:02,898 : [INFO]  Test batch 23 created
2023-03-30 12:27:02,954 : [INFO]  Test batch 24 created
2023-03-30 12:27:03,022 : [INFO]  Test batch 25 created
2023-03-30 12:27:03,088 : [INFO]  Test batch 26 created
2023-03-30 12:27:03,143 : [INFO]  Test batch 27 created
2023-03-30 12:27:03,204 : [INFO]  Test batch 28 created
2023-03-30 12:27:03,304 : [INFO]  Test batch 29 created
2023-03-30 12:27:03,408 : [INFO]  Test batch 30 created
2023-03-30 12:27:03,494 : [INFO]  Test batch 31 created
2023-03-30 12:27:03,574 : [INFO]  Test batch 32 created
2023-03-30 12:27:03,639 : [INFO]  Test batch 33 created
2023-03-30 12:27:03,700 : [INFO]  Test batch 34 created
2023-03-30 12:27:03,766 : [INFO]  Test batch 35 created
2023-03-30 12:27:03,844 : [INFO]  Test batch 36 created
2023-03-30 12:27:03,917 : [INFO]  Test batch 37 created
2023-03-30 12:27:03,986 : [INFO]  Test batch 38 created
2023-03-30 12:27:04,103 : [INFO]  Test batch 39 created
2023-03-30 12:27:04,221 : [INFO]  Test batch 40 created
2023-03-30 12:27:04,314 : [INFO]  Test batch 41 created
2023-03-30 12:27:04,394 : [INFO]  Test batch 42 created
2023-03-30 12:27:04,491 : [INFO]  Test batch 43 created
2023-03-30 12:27:04,606 : [INFO]  Test batch 44 created
2023-03-30 12:27:04,720 : [INFO]  Test batch 45 created
2023-03-30 12:27:04,808 : [INFO]  Test batch 46 created
2023-03-30 12:27:04,891 : [INFO]  Test batch 47 created
2023-03-30 12:27:04,998 : [INFO]  Test batch 48 created
2023-03-30 12:27:05,120 : [INFO]  Test batch 49 created
2023-03-30 12:27:05,215 : [INFO]  Test batch 50 created
2023-03-30 12:27:05,283 : [INFO]  Test batch 51 created
2023-03-30 12:27:05,344 : [INFO]  _____________ flights: Pre-processing finished, training batch size 20, testing batch size 2 _____________
