2023-03-30 00:02:10,862 : [INFO]  _____________________________________________________ dblp: Pre-processing started _____________________________________________________
2023-03-30 00:02:10,903 : [INFO]  Folder path "data/dblp_4_0" exists
2023-03-30 00:02:11,680 : [INFO]  Training batch created
2023-03-30 00:02:12,227 : [INFO]  Test batch 1 created
2023-03-30 00:02:12,415 : [INFO]  Test batch 2 created
2023-03-30 00:02:12,561 : [INFO]  Test batch 3 created
2023-03-30 00:02:12,708 : [INFO]  Test batch 4 created
2023-03-30 00:02:12,856 : [INFO]  Test batch 5 created
2023-03-30 00:02:13,038 : [INFO]  Test batch 6 created
2023-03-30 00:02:13,209 : [INFO]  Test batch 7 created
2023-03-30 00:02:13,381 : [INFO]  Test batch 8 created
2023-03-30 00:02:13,571 : [INFO]  Test batch 9 created
2023-03-30 00:02:13,775 : [INFO]  Test batch 10 created
2023-03-30 00:02:13,989 : [INFO]  Test batch 11 created
2023-03-30 00:02:14,240 : [INFO]  Test batch 12 created
2023-03-30 00:02:14,505 : [INFO]  Test batch 13 created
2023-03-30 00:02:14,832 : [INFO]  Test batch 14 created
2023-03-30 00:02:15,169 : [INFO]  Test batch 15 created
2023-03-30 00:02:15,601 : [INFO]  Test batch 16 created
2023-03-30 00:02:16,042 : [INFO]  Test batch 17 created
2023-03-30 00:02:16,557 : [INFO]  Test batch 18 created
2023-03-30 00:02:17,147 : [INFO]  Test batch 19 created
2023-03-30 00:02:17,801 : [INFO]  Test batch 20 created
2023-03-30 00:02:18,545 : [INFO]  Test batch 21 created
2023-03-30 00:02:19,352 : [INFO]  Test batch 22 created
2023-03-30 00:02:20,268 : [INFO]  Test batch 23 created
2023-03-30 00:02:21,366 : [INFO]  Test batch 24 created
2023-03-30 00:02:22,520 : [INFO]  Test batch 25 created
2023-03-30 00:02:23,852 : [INFO]  Test batch 26 created
2023-03-30 00:02:25,321 : [INFO]  Test batch 27 created
2023-03-30 00:02:27,043 : [INFO]  Test batch 28 created
2023-03-30 00:02:29,124 : [INFO]  Test batch 29 created
2023-03-30 00:02:31,458 : [INFO]  Test batch 30 created
2023-03-30 00:02:34,271 : [INFO]  Test batch 31 created
2023-03-30 00:02:37,524 : [INFO]  Test batch 32 created
2023-03-30 00:02:40,959 : [INFO]  Test batch 33 created
2023-03-30 00:02:44,748 : [INFO]  Test batch 34 created
2023-03-30 00:02:48,883 : [INFO]  Test batch 35 created
2023-03-30 00:02:53,308 : [INFO]  Test batch 36 created
2023-03-30 00:02:58,208 : [INFO]  Test batch 37 created
2023-03-30 00:03:03,430 : [INFO]  Test batch 38 created
2023-03-30 00:03:08,976 : [INFO]  Test batch 39 created
2023-03-30 00:03:15,516 : [INFO]  Test batch 40 created
2023-03-30 00:03:23,130 : [INFO]  Test batch 41 created
2023-03-30 00:03:30,070 : [INFO]  Test batch 42 created
2023-03-30 00:03:37,055 : [INFO]  Test batch 43 created
2023-03-30 00:03:45,089 : [INFO]  Test batch 44 created
2023-03-30 00:03:54,693 : [INFO]  Test batch 45 created
2023-03-30 00:04:05,401 : [INFO]  Test batch 46 created
2023-03-30 00:04:16,136 : [INFO]  Test batch 47 created
2023-03-30 00:04:24,812 : [INFO]  _____________ dblp: Pre-processing finished, training batch size 20, testing batch size 1 _____________
