2023-03-30 16:35:29,475 : [INFO]  _____________________________________________________ flights: Pre-processing started _____________________________________________________
2023-03-30 16:35:29,478 : [INFO]  Folder path "data/flights_8_2" exists
2023-03-30 16:35:29,497 : [INFO]  Training batch created
2023-03-30 16:35:29,663 : [INFO]  Test batch 1 created
2023-03-30 16:35:29,715 : [INFO]  Test batch 2 created
2023-03-30 16:35:29,764 : [INFO]  Test batch 3 created
2023-03-30 16:35:29,814 : [INFO]  Test batch 4 created
2023-03-30 16:35:29,860 : [INFO]  Test batch 5 created
2023-03-30 16:35:29,904 : [INFO]  Test batch 6 created
2023-03-30 16:35:29,955 : [INFO]  Test batch 7 created
2023-03-30 16:35:30,003 : [INFO]  Test batch 8 created
2023-03-30 16:35:30,050 : [INFO]  Test batch 9 created
2023-03-30 16:35:30,097 : [INFO]  Test batch 10 created
2023-03-30 16:35:30,143 : [INFO]  Test batch 11 created
2023-03-30 16:35:30,201 : [INFO]  Test batch 12 created
2023-03-30 16:35:30,257 : [INFO]  Test batch 13 created
2023-03-30 16:35:30,319 : [INFO]  Test batch 14 created
2023-03-30 16:35:30,382 : [INFO]  Test batch 15 created
2023-03-30 16:35:30,450 : [INFO]  Test batch 16 created
2023-03-30 16:35:30,513 : [INFO]  Test batch 17 created
2023-03-30 16:35:30,571 : [INFO]  Test batch 18 created
2023-03-30 16:35:30,624 : [INFO]  Test batch 19 created
2023-03-30 16:35:30,708 : [INFO]  Test batch 20 created
2023-03-30 16:35:30,812 : [INFO]  Test batch 21 created
2023-03-30 16:35:30,919 : [INFO]  Test batch 22 created
2023-03-30 16:35:31,026 : [INFO]  Test batch 23 created
2023-03-30 16:35:31,093 : [INFO]  Test batch 24 created
2023-03-30 16:35:31,179 : [INFO]  Test batch 25 created
2023-03-30 16:35:31,260 : [INFO]  Test batch 26 created
2023-03-30 16:35:31,321 : [INFO]  Test batch 27 created
2023-03-30 16:35:31,386 : [INFO]  Test batch 28 created
2023-03-30 16:35:31,456 : [INFO]  Test batch 29 created
2023-03-30 16:35:31,520 : [INFO]  Test batch 30 created
2023-03-30 16:35:31,580 : [INFO]  Test batch 31 created
2023-03-30 16:35:31,650 : [INFO]  Test batch 32 created
2023-03-30 16:35:31,712 : [INFO]  Test batch 33 created
2023-03-30 16:35:31,777 : [INFO]  Test batch 34 created
2023-03-30 16:35:31,841 : [INFO]  Test batch 35 created
2023-03-30 16:35:31,912 : [INFO]  Test batch 36 created
2023-03-30 16:35:31,982 : [INFO]  Test batch 37 created
2023-03-30 16:35:32,047 : [INFO]  Test batch 38 created
2023-03-30 16:35:32,109 : [INFO]  Test batch 39 created
2023-03-30 16:35:32,182 : [INFO]  Test batch 40 created
2023-03-30 16:35:32,249 : [INFO]  Test batch 41 created
2023-03-30 16:35:32,313 : [INFO]  Test batch 42 created
2023-03-30 16:35:32,382 : [INFO]  Test batch 43 created
2023-03-30 16:35:32,464 : [INFO]  Test batch 44 created
2023-03-30 16:35:32,535 : [INFO]  Test batch 45 created
2023-03-30 16:35:32,614 : [INFO]  Test batch 46 created
2023-03-30 16:35:32,689 : [INFO]  Test batch 47 created
2023-03-30 16:35:32,760 : [INFO]  Test batch 48 created
2023-03-30 16:35:32,834 : [INFO]  Test batch 49 created
2023-03-30 16:35:32,918 : [INFO]  Test batch 50 created
2023-03-30 16:35:32,983 : [INFO]  Test batch 51 created
2023-03-30 16:35:33,039 : [INFO]  _____________ flights: Pre-processing finished, training batch size 20, testing batch size 2 _____________
