2023-03-30 15:09:59,407 : [INFO]  _____________________________________________________ facebook: Pre-processing started _____________________________________________________
2023-03-30 15:09:59,410 : [INFO]  Folder path "data/facebook_8_0" exists
2023-03-30 15:09:59,414 : [INFO]  Training batch created
2023-03-30 15:09:59,804 : [INFO]  Test batch 1 created
2023-03-30 15:09:59,835 : [INFO]  Test batch 2 created
2023-03-30 15:09:59,873 : [INFO]  Test batch 3 created
2023-03-30 15:09:59,911 : [INFO]  Test batch 4 created
2023-03-30 15:09:59,954 : [INFO]  Test batch 5 created
2023-03-30 15:09:59,994 : [INFO]  Test batch 6 created
2023-03-30 15:10:00,038 : [INFO]  Test batch 7 created
2023-03-30 15:10:00,082 : [INFO]  Test batch 8 created
2023-03-30 15:10:00,129 : [INFO]  Test batch 9 created
2023-03-30 15:10:00,178 : [INFO]  Test batch 10 created
2023-03-30 15:10:00,230 : [INFO]  Test batch 11 created
2023-03-30 15:10:00,286 : [INFO]  Test batch 12 created
2023-03-30 15:10:00,339 : [INFO]  Test batch 13 created
2023-03-30 15:10:00,392 : [INFO]  Test batch 14 created
2023-03-30 15:10:00,455 : [INFO]  Test batch 15 created
2023-03-30 15:10:00,528 : [INFO]  Test batch 16 created
2023-03-30 15:10:00,603 : [INFO]  Test batch 17 created
2023-03-30 15:10:00,678 : [INFO]  Test batch 18 created
2023-03-30 15:10:00,765 : [INFO]  Test batch 19 created
2023-03-30 15:10:00,863 : [INFO]  Test batch 20 created
2023-03-30 15:10:00,967 : [INFO]  _____________ facebook: Pre-processing finished, training batch size 20, testing batch size 1 _____________
