2023-03-30 16:34:07,026 : [INFO]  _____________________________________________________ flights: Pre-processing started _____________________________________________________
2023-03-30 16:34:07,068 : [INFO]  Folder path "data/flights_8_0" exists
2023-03-30 16:34:07,124 : [INFO]  Training batch created
2023-03-30 16:34:07,312 : [INFO]  Test batch 1 created
2023-03-30 16:34:07,361 : [INFO]  Test batch 2 created
2023-03-30 16:34:07,410 : [INFO]  Test batch 3 created
2023-03-30 16:34:07,466 : [INFO]  Test batch 4 created
2023-03-30 16:34:07,514 : [INFO]  Test batch 5 created
2023-03-30 16:34:07,565 : [INFO]  Test batch 6 created
2023-03-30 16:34:07,618 : [INFO]  Test batch 7 created
2023-03-30 16:34:07,669 : [INFO]  Test batch 8 created
2023-03-30 16:34:07,720 : [INFO]  Test batch 9 created
2023-03-30 16:34:07,783 : [INFO]  Test batch 10 created
2023-03-30 16:34:07,836 : [INFO]  Test batch 11 created
2023-03-30 16:34:07,890 : [INFO]  Test batch 12 created
2023-03-30 16:34:07,939 : [INFO]  Test batch 13 created
2023-03-30 16:34:08,005 : [INFO]  Test batch 14 created
2023-03-30 16:34:08,068 : [INFO]  Test batch 15 created
2023-03-30 16:34:08,123 : [INFO]  Test batch 16 created
2023-03-30 16:34:08,183 : [INFO]  Test batch 17 created
2023-03-30 16:34:08,243 : [INFO]  Test batch 18 created
2023-03-30 16:34:08,299 : [INFO]  Test batch 19 created
2023-03-30 16:34:08,355 : [INFO]  Test batch 20 created
2023-03-30 16:34:08,418 : [INFO]  Test batch 21 created
2023-03-30 16:34:08,482 : [INFO]  Test batch 22 created
2023-03-30 16:34:08,542 : [INFO]  Test batch 23 created
2023-03-30 16:34:08,599 : [INFO]  Test batch 24 created
2023-03-30 16:34:08,664 : [INFO]  Test batch 25 created
2023-03-30 16:34:08,731 : [INFO]  Test batch 26 created
2023-03-30 16:34:08,790 : [INFO]  Test batch 27 created
2023-03-30 16:34:08,851 : [INFO]  Test batch 28 created
2023-03-30 16:34:08,927 : [INFO]  Test batch 29 created
2023-03-30 16:34:08,990 : [INFO]  Test batch 30 created
2023-03-30 16:34:09,047 : [INFO]  Test batch 31 created
2023-03-30 16:34:09,110 : [INFO]  Test batch 32 created
2023-03-30 16:34:09,177 : [INFO]  Test batch 33 created
2023-03-30 16:34:09,242 : [INFO]  Test batch 34 created
2023-03-30 16:34:09,310 : [INFO]  Test batch 35 created
2023-03-30 16:34:09,379 : [INFO]  Test batch 36 created
2023-03-30 16:34:09,461 : [INFO]  Test batch 37 created
2023-03-30 16:34:09,532 : [INFO]  Test batch 38 created
2023-03-30 16:34:09,609 : [INFO]  Test batch 39 created
2023-03-30 16:34:09,685 : [INFO]  Test batch 40 created
2023-03-30 16:34:09,757 : [INFO]  Test batch 41 created
2023-03-30 16:34:09,836 : [INFO]  Test batch 42 created
2023-03-30 16:34:09,921 : [INFO]  Test batch 43 created
2023-03-30 16:34:09,995 : [INFO]  Test batch 44 created
2023-03-30 16:34:10,076 : [INFO]  Test batch 45 created
2023-03-30 16:34:10,158 : [INFO]  Test batch 46 created
2023-03-30 16:34:10,229 : [INFO]  Test batch 47 created
2023-03-30 16:34:10,305 : [INFO]  Test batch 48 created
2023-03-30 16:34:10,387 : [INFO]  Test batch 49 created
2023-03-30 16:34:10,464 : [INFO]  Test batch 50 created
2023-03-30 16:34:10,533 : [INFO]  Test batch 51 created
2023-03-30 16:34:10,595 : [INFO]  _____________ flights: Pre-processing finished, training batch size 20, testing batch size 2 _____________
